[0.000000] (-) TimerEvent: {}
[0.000143] (-) JobUnselected: {'identifier': 'tensorrt_detect_msgs'}
[0.000338] (tensorrt_detect) JobQueued: {'identifier': 'tensorrt_detect', 'dependencies': OrderedDict({'tensorrt_detect_msgs': '/home/delphine/rm/tensorrt10_detect/install/tensorrt_detect_msgs'})}
[0.000460] (tensorrt_detect) JobStarted: {'identifier': 'tensorrt_detect'}
[0.008796] (tensorrt_detect) JobProgress: {'identifier': 'tensorrt_detect', 'progress': 'cmake'}
[0.009507] (tensorrt_detect) JobProgress: {'identifier': 'tensorrt_detect', 'progress': 'build'}
[0.010310] (tensorrt_detect) Command: {'cmd': ['/usr/bin/cmake', '--build', '/home/delphine/rm/tensorrt10_detect/build/tensorrt_detect', '--', '-j20', '-l20'], 'cwd': '/home/delphine/rm/tensorrt10_detect/build/tensorrt_detect', 'env': OrderedDict({'GJS_DEBUG_TOPICS': 'JS ERROR;JS LOG', 'LESSOPEN': '| /usr/bin/lesspipe %s', 'VSCODE_CWD': '/home/delphine', 'VSCODE_ESM_ENTRYPOINT': 'vs/workbench/api/node/extensionHostProcess', 'CONDA_PROMPT_MODIFIER': '(base)', 'TENSORRT_PATH': '/opt/TensorRT/TensorRT-10.2.0.19', '_PYI_ARCHIVE_FILE': '/home/delphine/.config/Code/User/globalStorage/moonshot-ai.kimi-code/bin/kimi/kimi', 'USER': 'delphine', 'SNAP_COMMON': '/var/snap/code/common', 'VSCODE_NLS_CONFIG': '{"userLocale":"zh-cn","osLocale":"zh-cn","resolvedLanguage":"zh-cn","defaultMessagesFile":"/snap/code/235/usr/share/code/resources/app/out/nls.messages.json","languagePack":{"translationsConfigFile":"/home/delphine/.config/Code/clp/d0651a1affd1762543293c9208481d53.zh-cn/tcf.json","messagesFile":"/home/delphine/.config/Code/clp/d0651a1affd1762543293c9208481d53.zh-cn/10c8e557c8b9f9ed0a87f61f1c9a44bde731c409/nls.messages.json","corruptMarkerFile":"/home/delphine/.config/Code/clp/d0651a1affd1762543293c9208481d53.zh-cn/corrupted.info"},"locale":"zh-cn","availableLanguages":{"*":"zh-cn"},"_languagePackId":"d0651a1affd1762543293c9208481d53.zh-cn","_languagePackSupport":true,"_translationsConfigFile":"/home/delphine/.config/Code/clp/d0651a1affd1762543293c9208481d53.zh-cn/tcf.json","_cacheRoot":"/home/delphine/.config/Code/clp/d0651a1affd1762543293c9208481d53.zh-cn","_resolvedLanguagePackCoreLocation":"/home/delphine/.config/Code/clp/d0651a1affd1762543293c9208481d53.zh-cn/10c8e557c8b9f9ed0a87f61f1c9a44bde731c409","_corruptedFile":"/home/delphine/.config/Code/clp/d0651a1affd1762543293c9208481d53.zh-cn/corrupted.info"}', 'FONTCONFIG_PATH': '/etc/fonts', 'GIO_MODULE_DIR': '/home/delphine/snap/code/common/.cache/gio-modules', 'VSCODE_HANDLES_UNCAUGHT_ERRORS': 'true', 'XDG_SESSION_TYPE': 'x11', 'ALLUSERSPROFILE': '/opt/MVS/MVFG', 'SNAP_UID': '1000', 'CLUTTER_DISABLE_MIPMAPPED_TEXT': '1', 'SHLVL': '1', 'LD_LIBRARY_PATH': '/home/delphine/rm/tensorrt10_detect/install/tensorrt_detect_msgs/lib:/opt/MVS/lib/64:/opt/MVS/lib/32:/opt/ros/jazzy/opt/rviz_ogre_vendor/lib:/opt/ros/jazzy/lib/x86_64-linux-gnu:/opt/ros/jazzy/opt/gz_math_vendor/lib:/opt/ros/jazzy/opt/gz_utils_vendor/lib:/opt/ros/jazzy/opt/gz_cmake_vendor/lib:/opt/ros/jazzy/lib:/opt/MVS/lib/64:/opt/MVS/lib/32:/opt/TensorRT/TensorRT-10.2.0.19/lib:/opt/TensorRT/TensorRT-10.2.0/lib:/usr/local/cuda-12.6/lib64:/opt/MVS/lib/64:/opt/MVS/lib/32:/opt/MVS/lib/64:/opt/MVS/lib/32:/opt/MVS/lib/64:/opt/MVS/lib/32', 'HOME': '/home/delphine', 'CHROME_DESKTOP': 'code.desktop', 'CONDA_SHLVL': '1', 'SNAP_LIBRARY_PATH': '/var/lib/snapd/lib/gl:/var/lib/snapd/lib/gl32', 'OLDPWD': '/home/delphine/rm/tensorrt10_detect', 'DESKTOP_SESSION': 'ubuntu', 'SNAP_USER_DATA': '/home/delphine/snap/code/235', 'GTK_PATH': '/snap/code/235/usr/lib/x86_64-linux-gnu/gtk-3.0', 'VSCODE_IPC_HOOK': '/run/user/1000/vscode-93a8e15f-1.11-main.sock', 'GTK_IM_MODULE_FILE': '/home/delphine/snap/code/common/.cache/immodules/immodules.cache', 'GIO_LAUNCHED_DESKTOP_FILE': '/var/lib/snapd/desktop/applications/code_code.desktop', 'ROS_PYTHON_VERSION': '3', 'GNOME_SHELL_SESSION_MODE': 'ubuntu', 'GTK_MODULES': 'gail:atk-bridge', 'SDL_IM_MODULE': 'fcitx', '_PYI_PARENT_PROCESS_LEVEL': '1', 'COPILOT_OTEL_FILE_EXPORTER_PATH': '/dev/null', 'MANAGERPID': '4504', 'LC_CTYPE': 'C.UTF-8', 'SYSTEMD_EXEC_PID': '5004', 'GSM_SKIP_SSH_AGENT_WORKAROUND': 'true', 'DBUS_SESSION_BUS_ADDRESS': 'unix:path=/run/user/1000/bus', 'SNAP_REVISION': '235', '_CONDA_ROOT': '/home/delphine/miniconda3', 'GIO_LAUNCHED_DESKTOP_FILE_PID': '7028', 'VSCODE_CRASH_REPORTER_PROCESS_TYPE': 'extensionHost', 'DEBUGINFOD_URLS': 'https://debuginfod.ubuntu.com', 'IM_CONFIG_PHASE': '1', 'VSCODE_L10N_BUNDLE_LOCATION': 'file:///home/delphine/.vscode/extensions/ms-ceintl.vscode-language-pack-zh-hans-1.110.2026050117/translations/extensions/vscode.json-language-features.i18n.json', 'COLCON_PREFIX_PATH': '/home/delphine/rm/tensorrt10_detect/install', 'APPLICATION_INSIGHTS_NO_STATSBEAT': 'true', 'ROS_DISTRO': 'jazzy', 'GTK_IM_MODULE': 'fcitx', 'LOGNAME': 'delphine', 'LD_LIBRARY_PATH_ORIG': '/opt/MVS/lib/64:/opt/MVS/lib/32:/home/delphine/rm/tensorrt10_detect/install/tensorrt_detect_msgs/lib:/opt/ros/jazzy/opt/rviz_ogre_vendor/lib:/opt/ros/jazzy/lib/x86_64-linux-gnu:/opt/ros/jazzy/opt/gz_math_vendor/lib:/opt/ros/jazzy/opt/gz_utils_vendor/lib:/opt/ros/jazzy/opt/gz_cmake_vendor/lib:/opt/ros/jazzy/lib:/opt/MVS/lib/64:/opt/MVS/lib/32:/opt/TensorRT/TensorRT-10.2.0.19/lib:/opt/TensorRT/TensorRT-10.2.0/lib:/usr/local/cuda-12.6/lib64:/opt/MVS/lib/64:/opt/MVS/lib/32:/opt/MVS/lib/64:/opt/MVS/lib/32:/opt/MVS/lib/64:/opt/MVS/lib/32:', 'OTEL_INSTRUMENTATION_GENAI_CAPTURE_MESSAGE_CONTENT': 'true', 'SNAP_CONTEXT': '4hthZVkfk3FmjmWELQ5WWj5SvvO2JkVAfH3laZGolRSGZZBDstYm', 'JOURNAL_STREAM': '9:29836', '_': '/usr/bin/colcon', 'ROS_VERSION': '2', 'XDG_CONFIG_DIRS_VSCODE_SNAP_ORIG': '/etc/xdg/xdg-ubuntu:/etc/xdg', 'MEMORY_PRESSURE_WATCH': '/sys/fs/cgroup/user.slice/user-1000.slice/user@1000.service/session.slice/org.gnome.Shell@x11.service/memory.pressure', 'XDG_SESSION_CLASS': 'user', 'SNAP_VERSION': '10c8e557', 'XDG_DATA_DIRS_VSCODE_SNAP_ORIG': '/usr/share/ubuntu:/usr/share/gnome:/usr/local/share/:/usr/share/:/var/lib/snapd/desktop', 'USERNAME': 'delphine', 'GNOME_DESKTOP_SESSION_ID': 'this-is-deprecated', 'SNAP_INSTANCE_NAME': 'code', 'FC_FONTATIONS': '1', 'WINDOWPATH': '2', '_PYI_LINUX_PROCESS_NAME': 'kimi', 'MVCAM_SDK_PATH': '/opt/MVS', 'PATH': '/home/delphine/.local/bin:/opt/ros/jazzy/bin:/home/delphine/.npm-global/bin:/home/delphine/miniconda3/bin:/home/delphine/miniconda3/condabin:/opt/TensorRT/TensorRT-10.2.0.19/bin:/opt/TensorRT/TensorRT-10.2.0/bin:/usr/local/cuda-12.6/bin:/usr/bin:/home/delphine/.local/bin:/usr/local/sbin:/usr/local/bin:/usr/sbin:/usr/bin:/sbin:/bin:/usr/games:/usr/local/games:/snap/bin:/snap/bin:/opt/MVS/bin', 'SESSION_MANAGER': 'local/delphine-ASUS-TUF-Gaming-F16-FX607JV-FX607JV:@/tmp/.ICE-unix/4960,unix/delphine-ASUS-TUF-Gaming-F16-FX607JV-FX607JV:/tmp/.ICE-unix/4960', 'GTK_EXE_PREFIX': '/snap/code/235/usr', 'INVOCATION_ID': '51b8b0eb9c2f4e379f5d678ce9e614cd', 'MVCAM_GENICAM_CLPROTOCOL': '/opt/MVS/lib/CLProtocol', 'XDG_MENU_PREFIX': 'gnome-', 'SNAP_DATA': '/var/snap/code/235', 'XDG_RUNTIME_DIR': '/run/user/1000', 'GDK_BACKEND': 'x11', 'DISPLAY': ':1', 'LOCPATH': '/snap/code/235/usr/lib/locale', 'LANG': 'C', 'XDG_CURRENT_DESKTOP': 'ubuntu:GNOME', 'XDG_DATA_HOME': '/home/delphine/snap/code/235/.local/share', 'XMODIFIERS': '@im=fcitx', 'XDG_SESSION_DESKTOP': 'ubuntu', 'XAUTHORITY': '/run/user/1000/gdm/Xauthority', 'COPILOT_OTEL_ENABLED': 'true', 'SNAP_USER_COMMON': '/home/delphine/snap/code/common', 'SSH_AUTH_SOCK': '/run/user/1000/keyring/ssh', 'GSETTINGS_SCHEMA_DIR': '/home/delphine/snap/code/235/.local/share/glib-2.0/schemas', 'SNAP_ARCH': 'amd64', 'AMENT_PREFIX_PATH': '/home/delphine/rm/tensorrt10_detect/install/tensorrt_detect:/home/delphine/rm/tensorrt10_detect/install/tensorrt_detect_msgs:/opt/ros/jazzy', 'SNAP_COOKIE': '4hthZVkfk3FmjmWELQ5WWj5SvvO2JkVAfH3laZGolRSGZZBDstYm', 'CONDA_PYTHON_EXE': '/home/delphine/miniconda3/bin/python', 'SHELL': '/bin/bash', 'GDK_PIXBUF_MODULEDIR': '/snap/code/235/usr/lib/x86_64-linux-gnu/gdk-pixbuf-2.0/2.10.0/loaders', 'GIT_TERMINAL_PROMPT': '0', 'QT_ACCESSIBILITY': '1', 'ELECTRON_RUN_AS_NODE': '1', 'GDMSESSION': 'ubuntu', 'LESSCLOSE': '/usr/bin/lesspipe %s %s', 'CONDA_DEFAULT_ENV': 'base', 'SNAP_NAME': 'code', 'FONTCONFIG_FILE': '/etc/fonts/fonts.conf', 'GDK_PIXBUF_MODULE_FILE': '/home/delphine/snap/code/common/.cache/gdk-pixbuf-loaders.cache', 'GPG_AGENT_INFO': '/run/user/1000/gnupg/S.gpg-agent:0:1', 'GJS_DEBUG_OUTPUT': 'stderr', '_CONDA_EXE': '/home/delphine/miniconda3/bin/conda', 'ROS_AUTOMATIC_DISCOVERY_RANGE': 'SUBNET', 'SNAP_LAUNCHER_ARCH_TRIPLET': 'x86_64-linux-gnu', 'QT_IM_MODULE': 'fcitx', 'PWD': '/home/delphine/rm/tensorrt10_detect/build/tensorrt_detect', 'VSCODE_CLI': '1', 'XDG_CONFIG_DIRS': '/etc/xdg/xdg-ubuntu:/etc/xdg', 'CONDA_EXE': '/home/delphine/miniconda3/bin/conda', 'SNAP_REAL_HOME': '/home/delphine', 'VSCODE_CODE_CACHE_PATH': '/home/delphine/.config/Code/CachedData/10c8e557c8b9f9ed0a87f61f1c9a44bde731c409', 'CLUTTER_IM_MODULE': 'fcitx', 'XDG_DATA_DIRS': '/home/delphine/snap/code/235/.local/share:/home/delphine/snap/code/235:/snap/code/235/usr/share:/usr/share/ubuntu:/usr/share/gnome:/usr/local/share/:/usr/share/:/var/lib/snapd/desktop', 'SNAP_EUID': '1000', 'PYTHONPATH': '/home/delphine/rm/tensorrt10_detect/install/tensorrt_detect_msgs/lib/python3.13/site-packages:/opt/ros/jazzy/lib/python3.12/site-packages', 'SNAP': '/snap/code/235', 'CONDA_PREFIX': '/home/delphine/miniconda3', 'COLCON': '1', 'MEMORY_PRESSURE_WRITE': 'c29tZSAyMDAwMDAgMjAwMDAwMAA=', 'ELECTRON_NO_ATTACH_CONSOLE': '1', 'CMAKE_PREFIX_PATH': '/home/delphine/rm/tensorrt10_detect/install/tensorrt_detect_msgs:/home/delphine/rm/tensorrt10_detect/install/tensorrt_detect:/opt/ros/jazzy/opt/gz_math_vendor:/opt/ros/jazzy/opt/gz_utils_vendor:/opt/ros/jazzy/opt/gz_cmake_vendor:/opt/ros/jazzy', 'VSCODE_PID': '7081', 'MVCAM_COMMON_RUNENV': '/opt/MVS/lib', 'COPILOT_OTEL_EXPORTER_TYPE': 'file'}), 'shell': False}
[0.065769] (tensorrt_detect) StdoutLine: {'line': b'[  7%] Built target video_node\n'}
[0.067891] (tensorrt_detect) StdoutLine: {'line': b'[ 14%] Built target display_node\n'}
[0.072653] (tensorrt_detect) StdoutLine: {'line': b'[ 50%] Built target tensorrt_detect_core\n'}
[0.095570] (tensorrt_detect) StdoutLine: {'line': b'[ 57%] Built target standard\n'}
[0.099786] (-) TimerEvent: {}
[0.100661] (tensorrt_detect) StdoutLine: {'line': b'[ 85%] Built target pose_node\n'}
[0.100861] (tensorrt_detect) StdoutLine: {'line': b'[ 85%] Built target map_node\n'}
[0.100981] (tensorrt_detect) StdoutLine: {'line': b'[ 85%] Built target calibrate_node\n'}
[0.101092] (tensorrt_detect) StdoutLine: {'line': b'[ 85%] Built target qt_display_node\n'}
[0.101200] (tensorrt_detect) StdoutLine: {'line': b'[ 92%] Built target roi_set_node\n'}
[0.112609] (tensorrt_detect) StdoutLine: {'line': b'[ 96%] Building CXX object CMakeFiles/detect_node.dir/src/nodes/detect_node.cpp.o\n'}
[0.199932] (-) TimerEvent: {}
[0.300140] (-) TimerEvent: {}
[0.400311] (-) TimerEvent: {}
[0.500464] (-) TimerEvent: {}
[0.600626] (-) TimerEvent: {}
[0.700791] (-) TimerEvent: {}
[0.800952] (-) TimerEvent: {}
[0.901153] (-) TimerEvent: {}
[1.001367] (-) TimerEvent: {}
[1.101556] (-) TimerEvent: {}
[1.201732] (-) TimerEvent: {}
[1.301900] (-) TimerEvent: {}
[1.402065] (-) TimerEvent: {}
[1.502229] (-) TimerEvent: {}
[1.602469] (-) TimerEvent: {}
[1.702636] (-) TimerEvent: {}
[1.802817] (-) TimerEvent: {}
[1.903007] (-) TimerEvent: {}
[2.003210] (-) TimerEvent: {}
[2.103418] (-) TimerEvent: {}
[2.203607] (-) TimerEvent: {}
[2.303810] (-) TimerEvent: {}
[2.404039] (-) TimerEvent: {}
[2.504266] (-) TimerEvent: {}
[2.604466] (-) TimerEvent: {}
[2.704654] (-) TimerEvent: {}
[2.804811] (-) TimerEvent: {}
[2.905010] (-) TimerEvent: {}
[3.005329] (-) TimerEvent: {}
[3.105511] (-) TimerEvent: {}
[3.205682] (-) TimerEvent: {}
[3.305883] (-) TimerEvent: {}
[3.406077] (-) TimerEvent: {}
[3.506310] (-) TimerEvent: {}
[3.606648] (-) TimerEvent: {}
[3.706888] (-) TimerEvent: {}
[3.807100] (-) TimerEvent: {}
[3.907344] (-) TimerEvent: {}
[4.007631] (-) TimerEvent: {}
[4.107895] (-) TimerEvent: {}
[4.208111] (-) TimerEvent: {}
[4.308374] (-) TimerEvent: {}
[4.408613] (-) TimerEvent: {}
[4.508829] (-) TimerEvent: {}
[4.609202] (-) TimerEvent: {}
[4.709422] (-) TimerEvent: {}
[4.809635] (-) TimerEvent: {}
[4.909860] (-) TimerEvent: {}
[5.010050] (-) TimerEvent: {}
[5.110236] (-) TimerEvent: {}
[5.210483] (-) TimerEvent: {}
[5.310806] (-) TimerEvent: {}
[5.411033] (-) TimerEvent: {}
[5.511255] (-) TimerEvent: {}
[5.611566] (-) TimerEvent: {}
[5.711761] (-) TimerEvent: {}
[5.811970] (-) TimerEvent: {}
[5.912218] (-) TimerEvent: {}
[6.012474] (-) TimerEvent: {}
[6.112662] (-) TimerEvent: {}
[6.212863] (-) TimerEvent: {}
[6.313139] (-) TimerEvent: {}
[6.413331] (-) TimerEvent: {}
[6.513571] (-) TimerEvent: {}
[6.613801] (-) TimerEvent: {}
[6.714048] (-) TimerEvent: {}
[6.814257] (-) TimerEvent: {}
[6.914450] (-) TimerEvent: {}
[7.014668] (-) TimerEvent: {}
[7.114868] (-) TimerEvent: {}
[7.215112] (-) TimerEvent: {}
[7.315310] (-) TimerEvent: {}
[7.415633] (-) TimerEvent: {}
[7.515880] (-) TimerEvent: {}
[7.616083] (-) TimerEvent: {}
[7.716367] (-) TimerEvent: {}
[7.816578] (-) TimerEvent: {}
[7.916838] (-) TimerEvent: {}
[8.017088] (-) TimerEvent: {}
[8.117304] (-) TimerEvent: {}
[8.217456] (-) TimerEvent: {}
[8.317660] (-) TimerEvent: {}
[8.417856] (-) TimerEvent: {}
[8.518067] (-) TimerEvent: {}
[8.618293] (-) TimerEvent: {}
[8.718431] (-) TimerEvent: {}
[8.818588] (-) TimerEvent: {}
[8.918810] (-) TimerEvent: {}
[9.018990] (-) TimerEvent: {}
[9.119170] (-) TimerEvent: {}
[9.219331] (-) TimerEvent: {}
[9.319450] (-) TimerEvent: {}
[9.419598] (-) TimerEvent: {}
[9.519756] (-) TimerEvent: {}
[9.619979] (-) TimerEvent: {}
[9.720165] (-) TimerEvent: {}
[9.820364] (-) TimerEvent: {}
[9.920545] (-) TimerEvent: {}
[10.020699] (-) TimerEvent: {}
[10.120921] (-) TimerEvent: {}
[10.221126] (-) TimerEvent: {}
[10.321320] (-) TimerEvent: {}
[10.421537] (-) TimerEvent: {}
[10.521751] (-) TimerEvent: {}
[10.621945] (-) TimerEvent: {}
[10.722165] (-) TimerEvent: {}
[10.822376] (-) TimerEvent: {}
[10.922592] (-) TimerEvent: {}
[11.022779] (-) TimerEvent: {}
[11.122972] (-) TimerEvent: {}
[11.223173] (-) TimerEvent: {}
[11.323526] (-) TimerEvent: {}
[11.423739] (-) TimerEvent: {}
[11.523950] (-) TimerEvent: {}
[11.624174] (-) TimerEvent: {}
[11.724400] (-) TimerEvent: {}
[11.824596] (-) TimerEvent: {}
[11.924912] (-) TimerEvent: {}
[12.025230] (-) TimerEvent: {}
[12.125517] (-) TimerEvent: {}
[12.225722] (-) TimerEvent: {}
[12.325912] (-) TimerEvent: {}
[12.426098] (-) TimerEvent: {}
[12.526275] (-) TimerEvent: {}
[12.626537] (-) TimerEvent: {}
[12.726738] (-) TimerEvent: {}
[12.827013] (-) TimerEvent: {}
[12.927215] (-) TimerEvent: {}
[13.027431] (-) TimerEvent: {}
[13.127637] (-) TimerEvent: {}
[13.227848] (-) TimerEvent: {}
[13.328042] (-) TimerEvent: {}
[13.428220] (-) TimerEvent: {}
[13.528467] (-) TimerEvent: {}
[13.628656] (-) TimerEvent: {}
[13.728885] (-) TimerEvent: {}
[13.829211] (-) TimerEvent: {}
[13.929543] (-) TimerEvent: {}
[14.029764] (-) TimerEvent: {}
[14.129952] (-) TimerEvent: {}
[14.230175] (-) TimerEvent: {}
[14.330372] (-) TimerEvent: {}
[14.430591] (-) TimerEvent: {}
[14.530787] (-) TimerEvent: {}
[14.631020] (-) TimerEvent: {}
[14.731337] (-) TimerEvent: {}
[14.831527] (-) TimerEvent: {}
[14.931714] (-) TimerEvent: {}
[15.031938] (-) TimerEvent: {}
[15.132135] (-) TimerEvent: {}
[15.232331] (-) TimerEvent: {}
[15.332551] (-) TimerEvent: {}
[15.432738] (-) TimerEvent: {}
[15.533020] (-) TimerEvent: {}
[15.633209] (-) TimerEvent: {}
[15.733390] (-) TimerEvent: {}
[15.833627] (-) TimerEvent: {}
[15.933832] (-) TimerEvent: {}
[16.033995] (-) TimerEvent: {}
[16.134246] (-) TimerEvent: {}
[16.234583] (-) TimerEvent: {}
[16.334756] (-) TimerEvent: {}
[16.434967] (-) TimerEvent: {}
[16.535118] (-) TimerEvent: {}
[16.635301] (-) TimerEvent: {}
[16.735423] (-) TimerEvent: {}
[16.835606] (-) TimerEvent: {}
[16.935775] (-) TimerEvent: {}
[17.035980] (-) TimerEvent: {}
[17.136147] (-) TimerEvent: {}
[17.236359] (-) TimerEvent: {}
[17.336560] (-) TimerEvent: {}
[17.436728] (-) TimerEvent: {}
[17.536910] (-) TimerEvent: {}
[17.637101] (-) TimerEvent: {}
[17.737261] (-) TimerEvent: {}
[17.837492] (-) TimerEvent: {}
[17.937666] (-) TimerEvent: {}
[18.037893] (-) TimerEvent: {}
[18.138054] (-) TimerEvent: {}
[18.217079] (tensorrt_detect) StdoutLine: {'line': b'[100%] Linking CXX executable detect_node\n'}
[18.238163] (-) TimerEvent: {}
[18.338395] (-) TimerEvent: {}
[18.438574] (-) TimerEvent: {}
[18.538789] (-) TimerEvent: {}
[18.638969] (-) TimerEvent: {}
[18.731560] (tensorrt_detect) StdoutLine: {'line': b'[100%] Built target detect_node\n'}
[18.739091] (-) TimerEvent: {}
[18.744432] (tensorrt_detect) CommandEnded: {'returncode': 0}
[18.745065] (tensorrt_detect) JobProgress: {'identifier': 'tensorrt_detect', 'progress': 'install'}
[18.753534] (tensorrt_detect) Command: {'cmd': ['/usr/bin/cmake', '--install', '/home/delphine/rm/tensorrt10_detect/build/tensorrt_detect'], 'cwd': '/home/delphine/rm/tensorrt10_detect/build/tensorrt_detect', 'env': OrderedDict({'GJS_DEBUG_TOPICS': 'JS ERROR;JS LOG', 'LESSOPEN': '| /usr/bin/lesspipe %s', 'VSCODE_CWD': '/home/delphine', 'VSCODE_ESM_ENTRYPOINT': 'vs/workbench/api/node/extensionHostProcess', 'CONDA_PROMPT_MODIFIER': '(base)', 'TENSORRT_PATH': '/opt/TensorRT/TensorRT-10.2.0.19', '_PYI_ARCHIVE_FILE': '/home/delphine/.config/Code/User/globalStorage/moonshot-ai.kimi-code/bin/kimi/kimi', 'USER': 'delphine', 'SNAP_COMMON': '/var/snap/code/common', 'VSCODE_NLS_CONFIG': '{"userLocale":"zh-cn","osLocale":"zh-cn","resolvedLanguage":"zh-cn","defaultMessagesFile":"/snap/code/235/usr/share/code/resources/app/out/nls.messages.json","languagePack":{"translationsConfigFile":"/home/delphine/.config/Code/clp/d0651a1affd1762543293c9208481d53.zh-cn/tcf.json","messagesFile":"/home/delphine/.config/Code/clp/d0651a1affd1762543293c9208481d53.zh-cn/10c8e557c8b9f9ed0a87f61f1c9a44bde731c409/nls.messages.json","corruptMarkerFile":"/home/delphine/.config/Code/clp/d0651a1affd1762543293c9208481d53.zh-cn/corrupted.info"},"locale":"zh-cn","availableLanguages":{"*":"zh-cn"},"_languagePackId":"d0651a1affd1762543293c9208481d53.zh-cn","_languagePackSupport":true,"_translationsConfigFile":"/home/delphine/.config/Code/clp/d0651a1affd1762543293c9208481d53.zh-cn/tcf.json","_cacheRoot":"/home/delphine/.config/Code/clp/d0651a1affd1762543293c9208481d53.zh-cn","_resolvedLanguagePackCoreLocation":"/home/delphine/.config/Code/clp/d0651a1affd1762543293c9208481d53.zh-cn/10c8e557c8b9f9ed0a87f61f1c9a44bde731c409","_corruptedFile":"/home/delphine/.config/Code/clp/d0651a1affd1762543293c9208481d53.zh-cn/corrupted.info"}', 'FONTCONFIG_PATH': '/etc/fonts', 'GIO_MODULE_DIR': '/home/delphine/snap/code/common/.cache/gio-modules', 'VSCODE_HANDLES_UNCAUGHT_ERRORS': 'true', 'XDG_SESSION_TYPE': 'x11', 'ALLUSERSPROFILE': '/opt/MVS/MVFG', 'SNAP_UID': '1000', 'CLUTTER_DISABLE_MIPMAPPED_TEXT': '1', 'SHLVL': '1', 'LD_LIBRARY_PATH': '/home/delphine/rm/tensorrt10_detect/install/tensorrt_detect_msgs/lib:/opt/MVS/lib/64:/opt/MVS/lib/32:/opt/ros/jazzy/opt/rviz_ogre_vendor/lib:/opt/ros/jazzy/lib/x86_64-linux-gnu:/opt/ros/jazzy/opt/gz_math_vendor/lib:/opt/ros/jazzy/opt/gz_utils_vendor/lib:/opt/ros/jazzy/opt/gz_cmake_vendor/lib:/opt/ros/jazzy/lib:/opt/MVS/lib/64:/opt/MVS/lib/32:/opt/TensorRT/TensorRT-10.2.0.19/lib:/opt/TensorRT/TensorRT-10.2.0/lib:/usr/local/cuda-12.6/lib64:/opt/MVS/lib/64:/opt/MVS/lib/32:/opt/MVS/lib/64:/opt/MVS/lib/32:/opt/MVS/lib/64:/opt/MVS/lib/32', 'HOME': '/home/delphine', 'CHROME_DESKTOP': 'code.desktop', 'CONDA_SHLVL': '1', 'SNAP_LIBRARY_PATH': '/var/lib/snapd/lib/gl:/var/lib/snapd/lib/gl32', 'OLDPWD': '/home/delphine/rm/tensorrt10_detect', 'DESKTOP_SESSION': 'ubuntu', 'SNAP_USER_DATA': '/home/delphine/snap/code/235', 'GTK_PATH': '/snap/code/235/usr/lib/x86_64-linux-gnu/gtk-3.0', 'VSCODE_IPC_HOOK': '/run/user/1000/vscode-93a8e15f-1.11-main.sock', 'GTK_IM_MODULE_FILE': '/home/delphine/snap/code/common/.cache/immodules/immodules.cache', 'GIO_LAUNCHED_DESKTOP_FILE': '/var/lib/snapd/desktop/applications/code_code.desktop', 'ROS_PYTHON_VERSION': '3', 'GNOME_SHELL_SESSION_MODE': 'ubuntu', 'GTK_MODULES': 'gail:atk-bridge', 'SDL_IM_MODULE': 'fcitx', '_PYI_PARENT_PROCESS_LEVEL': '1', 'COPILOT_OTEL_FILE_EXPORTER_PATH': '/dev/null', 'MANAGERPID': '4504', 'LC_CTYPE': 'C.UTF-8', 'SYSTEMD_EXEC_PID': '5004', 'GSM_SKIP_SSH_AGENT_WORKAROUND': 'true', 'DBUS_SESSION_BUS_ADDRESS': 'unix:path=/run/user/1000/bus', 'SNAP_REVISION': '235', '_CONDA_ROOT': '/home/delphine/miniconda3', 'GIO_LAUNCHED_DESKTOP_FILE_PID': '7028', 'VSCODE_CRASH_REPORTER_PROCESS_TYPE': 'extensionHost', 'DEBUGINFOD_URLS': 'https://debuginfod.ubuntu.com', 'IM_CONFIG_PHASE': '1', 'VSCODE_L10N_BUNDLE_LOCATION': 'file:///home/delphine/.vscode/extensions/ms-ceintl.vscode-language-pack-zh-hans-1.110.2026050117/translations/extensions/vscode.json-language-features.i18n.json', 'COLCON_PREFIX_PATH': '/home/delphine/rm/tensorrt10_detect/install', 'APPLICATION_INSIGHTS_NO_STATSBEAT': 'true', 'ROS_DISTRO': 'jazzy', 'GTK_IM_MODULE': 'fcitx', 'LOGNAME': 'delphine', 'LD_LIBRARY_PATH_ORIG': '/opt/MVS/lib/64:/opt/MVS/lib/32:/home/delphine/rm/tensorrt10_detect/install/tensorrt_detect_msgs/lib:/opt/ros/jazzy/opt/rviz_ogre_vendor/lib:/opt/ros/jazzy/lib/x86_64-linux-gnu:/opt/ros/jazzy/opt/gz_math_vendor/lib:/opt/ros/jazzy/opt/gz_utils_vendor/lib:/opt/ros/jazzy/opt/gz_cmake_vendor/lib:/opt/ros/jazzy/lib:/opt/MVS/lib/64:/opt/MVS/lib/32:/opt/TensorRT/TensorRT-10.2.0.19/lib:/opt/TensorRT/TensorRT-10.2.0/lib:/usr/local/cuda-12.6/lib64:/opt/MVS/lib/64:/opt/MVS/lib/32:/opt/MVS/lib/64:/opt/MVS/lib/32:/opt/MVS/lib/64:/opt/MVS/lib/32:', 'OTEL_INSTRUMENTATION_GENAI_CAPTURE_MESSAGE_CONTENT': 'true', 'SNAP_CONTEXT': '4hthZVkfk3FmjmWELQ5WWj5SvvO2JkVAfH3laZGolRSGZZBDstYm', 'JOURNAL_STREAM': '9:29836', '_': '/usr/bin/colcon', 'ROS_VERSION': '2', 'XDG_CONFIG_DIRS_VSCODE_SNAP_ORIG': '/etc/xdg/xdg-ubuntu:/etc/xdg', 'MEMORY_PRESSURE_WATCH': '/sys/fs/cgroup/user.slice/user-1000.slice/user@1000.service/session.slice/org.gnome.Shell@x11.service/memory.pressure', 'XDG_SESSION_CLASS': 'user', 'SNAP_VERSION': '10c8e557', 'XDG_DATA_DIRS_VSCODE_SNAP_ORIG': '/usr/share/ubuntu:/usr/share/gnome:/usr/local/share/:/usr/share/:/var/lib/snapd/desktop', 'USERNAME': 'delphine', 'GNOME_DESKTOP_SESSION_ID': 'this-is-deprecated', 'SNAP_INSTANCE_NAME': 'code', 'FC_FONTATIONS': '1', 'WINDOWPATH': '2', '_PYI_LINUX_PROCESS_NAME': 'kimi', 'MVCAM_SDK_PATH': '/opt/MVS', 'PATH': '/home/delphine/.local/bin:/opt/ros/jazzy/bin:/home/delphine/.npm-global/bin:/home/delphine/miniconda3/bin:/home/delphine/miniconda3/condabin:/opt/TensorRT/TensorRT-10.2.0.19/bin:/opt/TensorRT/TensorRT-10.2.0/bin:/usr/local/cuda-12.6/bin:/usr/bin:/home/delphine/.local/bin:/usr/local/sbin:/usr/local/bin:/usr/sbin:/usr/bin:/sbin:/bin:/usr/games:/usr/local/games:/snap/bin:/snap/bin:/opt/MVS/bin', 'SESSION_MANAGER': 'local/delphine-ASUS-TUF-Gaming-F16-FX607JV-FX607JV:@/tmp/.ICE-unix/4960,unix/delphine-ASUS-TUF-Gaming-F16-FX607JV-FX607JV:/tmp/.ICE-unix/4960', 'GTK_EXE_PREFIX': '/snap/code/235/usr', 'INVOCATION_ID': '51b8b0eb9c2f4e379f5d678ce9e614cd', 'MVCAM_GENICAM_CLPROTOCOL': '/opt/MVS/lib/CLProtocol', 'XDG_MENU_PREFIX': 'gnome-', 'SNAP_DATA': '/var/snap/code/235', 'XDG_RUNTIME_DIR': '/run/user/1000', 'GDK_BACKEND': 'x11', 'DISPLAY': ':1', 'LOCPATH': '/snap/code/235/usr/lib/locale', 'LANG': 'C', 'XDG_CURRENT_DESKTOP': 'ubuntu:GNOME', 'XDG_DATA_HOME': '/home/delphine/snap/code/235/.local/share', 'XMODIFIERS': '@im=fcitx', 'XDG_SESSION_DESKTOP': 'ubuntu', 'XAUTHORITY': '/run/user/1000/gdm/Xauthority', 'COPILOT_OTEL_ENABLED': 'true', 'SNAP_USER_COMMON': '/home/delphine/snap/code/common', 'SSH_AUTH_SOCK': '/run/user/1000/keyring/ssh', 'GSETTINGS_SCHEMA_DIR': '/home/delphine/snap/code/235/.local/share/glib-2.0/schemas', 'SNAP_ARCH': 'amd64', 'AMENT_PREFIX_PATH': '/home/delphine/rm/tensorrt10_detect/install/tensorrt_detect:/home/delphine/rm/tensorrt10_detect/install/tensorrt_detect_msgs:/opt/ros/jazzy', 'SNAP_COOKIE': '4hthZVkfk3FmjmWELQ5WWj5SvvO2JkVAfH3laZGolRSGZZBDstYm', 'CONDA_PYTHON_EXE': '/home/delphine/miniconda3/bin/python', 'SHELL': '/bin/bash', 'GDK_PIXBUF_MODULEDIR': '/snap/code/235/usr/lib/x86_64-linux-gnu/gdk-pixbuf-2.0/2.10.0/loaders', 'GIT_TERMINAL_PROMPT': '0', 'QT_ACCESSIBILITY': '1', 'ELECTRON_RUN_AS_NODE': '1', 'GDMSESSION': 'ubuntu', 'LESSCLOSE': '/usr/bin/lesspipe %s %s', 'CONDA_DEFAULT_ENV': 'base', 'SNAP_NAME': 'code', 'FONTCONFIG_FILE': '/etc/fonts/fonts.conf', 'GDK_PIXBUF_MODULE_FILE': '/home/delphine/snap/code/common/.cache/gdk-pixbuf-loaders.cache', 'GPG_AGENT_INFO': '/run/user/1000/gnupg/S.gpg-agent:0:1', 'GJS_DEBUG_OUTPUT': 'stderr', '_CONDA_EXE': '/home/delphine/miniconda3/bin/conda', 'ROS_AUTOMATIC_DISCOVERY_RANGE': 'SUBNET', 'SNAP_LAUNCHER_ARCH_TRIPLET': 'x86_64-linux-gnu', 'QT_IM_MODULE': 'fcitx', 'PWD': '/home/delphine/rm/tensorrt10_detect/build/tensorrt_detect', 'VSCODE_CLI': '1', 'XDG_CONFIG_DIRS': '/etc/xdg/xdg-ubuntu:/etc/xdg', 'CONDA_EXE': '/home/delphine/miniconda3/bin/conda', 'SNAP_REAL_HOME': '/home/delphine', 'VSCODE_CODE_CACHE_PATH': '/home/delphine/.config/Code/CachedData/10c8e557c8b9f9ed0a87f61f1c9a44bde731c409', 'CLUTTER_IM_MODULE': 'fcitx', 'XDG_DATA_DIRS': '/home/delphine/snap/code/235/.local/share:/home/delphine/snap/code/235:/snap/code/235/usr/share:/usr/share/ubuntu:/usr/share/gnome:/usr/local/share/:/usr/share/:/var/lib/snapd/desktop', 'SNAP_EUID': '1000', 'PYTHONPATH': '/home/delphine/rm/tensorrt10_detect/install/tensorrt_detect_msgs/lib/python3.13/site-packages:/opt/ros/jazzy/lib/python3.12/site-packages', 'SNAP': '/snap/code/235', 'CONDA_PREFIX': '/home/delphine/miniconda3', 'COLCON': '1', 'MEMORY_PRESSURE_WRITE': 'c29tZSAyMDAwMDAgMjAwMDAwMAA=', 'ELECTRON_NO_ATTACH_CONSOLE': '1', 'CMAKE_PREFIX_PATH': '/home/delphine/rm/tensorrt10_detect/install/tensorrt_detect_msgs:/home/delphine/rm/tensorrt10_detect/install/tensorrt_detect:/opt/ros/jazzy/opt/gz_math_vendor:/opt/ros/jazzy/opt/gz_utils_vendor:/opt/ros/jazzy/opt/gz_cmake_vendor:/opt/ros/jazzy', 'VSCODE_PID': '7081', 'MVCAM_COMMON_RUNENV': '/opt/MVS/lib', 'COPILOT_OTEL_EXPORTER_TYPE': 'file'}), 'shell': False}
[18.762949] (tensorrt_detect) StdoutLine: {'line': b'-- Install configuration: "RelWithDebInfo"\n'}
[18.763136] (tensorrt_detect) StdoutLine: {'line': b'-- Execute custom install script\n'}
[18.763388] (tensorrt_detect) StdoutLine: {'line': b'-- Up-to-date symlink: /home/delphine/rm/tensorrt10_detect/install/tensorrt_detect/lib/tensorrt_detect/standard\n'}
[18.763622] (tensorrt_detect) StdoutLine: {'line': b'-- Up-to-date symlink: /home/delphine/rm/tensorrt10_detect/install/tensorrt_detect/lib/tensorrt_detect/detect_node\n'}
[18.763768] (tensorrt_detect) StdoutLine: {'line': b'-- Up-to-date symlink: /home/delphine/rm/tensorrt10_detect/install/tensorrt_detect/lib/tensorrt_detect/display_node\n'}
[18.763822] (tensorrt_detect) StdoutLine: {'line': b'-- Up-to-date symlink: /home/delphine/rm/tensorrt10_detect/install/tensorrt_detect/lib/tensorrt_detect/video_node\n'}
[18.763899] (tensorrt_detect) StdoutLine: {'line': b'-- Up-to-date symlink: /home/delphine/rm/tensorrt10_detect/install/tensorrt_detect/lib/tensorrt_detect/pose_node\n'}
[18.763946] (tensorrt_detect) StdoutLine: {'line': b'-- Up-to-date symlink: /home/delphine/rm/tensorrt10_detect/install/tensorrt_detect/lib/tensorrt_detect/map_node\n'}
[18.764027] (tensorrt_detect) StdoutLine: {'line': b'-- Up-to-date symlink: /home/delphine/rm/tensorrt10_detect/install/tensorrt_detect/lib/tensorrt_detect/calibrate_node\n'}
[18.764070] (tensorrt_detect) StdoutLine: {'line': b'-- Symlinking: /home/delphine/rm/tensorrt10_detect/install/tensorrt_detect/lib/tensorrt_detect/roi_set_node\n'}
[18.772110] (tensorrt_detect) StdoutLine: {'line': b'-- Up-to-date symlink: /home/delphine/rm/tensorrt10_detect/install/tensorrt_detect/lib/tensorrt_detect/qt_display_node\n'}
[18.772258] (tensorrt_detect) StdoutLine: {'line': b'-- Up-to-date symlink: /home/delphine/rm/tensorrt10_detect/install/tensorrt_detect/share/tensorrt_detect/launch/detect_pipeline.launch.py\n'}
[18.772338] (tensorrt_detect) StdoutLine: {'line': b'-- Up-to-date symlink: /home/delphine/rm/tensorrt10_detect/install/tensorrt_detect/share/tensorrt_detect/config/ros2_params.yaml\n'}
[18.772447] (tensorrt_detect) StdoutLine: {'line': b'-- Up-to-date symlink: /home/delphine/rm/tensorrt10_detect/install/tensorrt_detect/share/ament_index/resource_index/package_run_dependencies/tensorrt_detect\n'}
[18.772579] (tensorrt_detect) StdoutLine: {'line': b'-- Up-to-date symlink: /home/delphine/rm/tensorrt10_detect/install/tensorrt_detect/share/ament_index/resource_index/parent_prefix_path/tensorrt_detect\n'}
[18.772682] (tensorrt_detect) StdoutLine: {'line': b'-- Up-to-date symlink: /home/delphine/rm/tensorrt10_detect/install/tensorrt_detect/share/tensorrt_detect/environment/ament_prefix_path.sh\n'}
[18.772785] (tensorrt_detect) StdoutLine: {'line': b'-- Up-to-date symlink: /home/delphine/rm/tensorrt10_detect/install/tensorrt_detect/share/tensorrt_detect/environment/ament_prefix_path.dsv\n'}
[18.772878] (tensorrt_detect) StdoutLine: {'line': b'-- Up-to-date symlink: /home/delphine/rm/tensorrt10_detect/install/tensorrt_detect/share/tensorrt_detect/environment/path.sh\n'}
[18.772973] (tensorrt_detect) StdoutLine: {'line': b'-- Up-to-date symlink: /home/delphine/rm/tensorrt10_detect/install/tensorrt_detect/share/tensorrt_detect/environment/path.dsv\n'}
[18.773062] (tensorrt_detect) StdoutLine: {'line': b'-- Up-to-date symlink: /home/delphine/rm/tensorrt10_detect/install/tensorrt_detect/share/tensorrt_detect/local_setup.bash\n'}
[18.773158] (tensorrt_detect) StdoutLine: {'line': b'-- Up-to-date symlink: /home/delphine/rm/tensorrt10_detect/install/tensorrt_detect/share/tensorrt_detect/local_setup.sh\n'}
[18.773247] (tensorrt_detect) StdoutLine: {'line': b'-- Up-to-date symlink: /home/delphine/rm/tensorrt10_detect/install/tensorrt_detect/share/tensorrt_detect/local_setup.zsh\n'}
[18.773334] (tensorrt_detect) StdoutLine: {'line': b'-- Up-to-date symlink: /home/delphine/rm/tensorrt10_detect/install/tensorrt_detect/share/tensorrt_detect/local_setup.dsv\n'}
[18.773499] (tensorrt_detect) StdoutLine: {'line': b'-- Symlinking: /home/delphine/rm/tensorrt10_detect/install/tensorrt_detect/share/tensorrt_detect/package.dsv\n'}
[18.781281] (tensorrt_detect) StdoutLine: {'line': b'-- Up-to-date symlink: /home/delphine/rm/tensorrt10_detect/install/tensorrt_detect/share/ament_index/resource_index/packages/tensorrt_detect\n'}
[18.781470] (tensorrt_detect) StdoutLine: {'line': b'-- Up-to-date symlink: /home/delphine/rm/tensorrt10_detect/install/tensorrt_detect/share/tensorrt_detect/cmake/tensorrt_detectConfig.cmake\n'}
[18.781528] (tensorrt_detect) StdoutLine: {'line': b'-- Up-to-date symlink: /home/delphine/rm/tensorrt10_detect/install/tensorrt_detect/share/tensorrt_detect/cmake/tensorrt_detectConfig-version.cmake\n'}
[18.781579] (tensorrt_detect) StdoutLine: {'line': b'-- Up-to-date symlink: /home/delphine/rm/tensorrt10_detect/install/tensorrt_detect/share/tensorrt_detect/package.xml\n'}
[18.782822] (tensorrt_detect) CommandEnded: {'returncode': 0}
[18.794887] (tensorrt_detect) JobEnded: {'identifier': 'tensorrt_detect', 'rc': 0}
[18.795264] (-) EventReactorShutdown: {}
