-- The C compiler identification is GNU 13.3.0
-- The CXX compiler identification is GNU 13.3.0
-- Detecting C compiler ABI info
-- Detecting C compiler ABI info - done
-- Check for working C compiler: /usr/bin/cc - skipped
-- Detecting C compile features
-- Detecting C compile features - done
-- Detecting CXX compiler ABI info
-- Detecting CXX compiler ABI info - done
-- Check for working CXX compiler: /usr/bin/c++ - skipped
-- Detecting CXX compile features
-- Detecting CXX compile features - done
-- Found ament_cmake: 2.5.6 (/opt/ros/jazzy/share/ament_cmake/cmake)
-- Found Python3: /home/delphine/miniconda3/bin/python3 (found version "3.13.12") found components: Interpreter 
-- Found rclcpp: 28.1.18 (/opt/ros/jazzy/share/rclcpp/cmake)
-- Found rosidl_generator_c: 4.6.7 (/opt/ros/jazzy/share/rosidl_generator_c/cmake)
-- Found rosidl_generator_cpp: 4.6.7 (/opt/ros/jazzy/share/rosidl_generator_cpp/cmake)
-- Using all available rosidl_typesupport_c: rosidl_typesupport_fastrtps_c;rosidl_typesupport_introspection_c
-- Using all available rosidl_typesupport_cpp: rosidl_typesupport_fastrtps_cpp;rosidl_typesupport_introspection_cpp
-- Found rmw_implementation_cmake: 7.3.3 (/opt/ros/jazzy/share/rmw_implementation_cmake/cmake)
-- Found rmw_fastrtps_cpp: 8.4.3 (/opt/ros/jazzy/share/rmw_fastrtps_cpp/cmake)
-- Found OpenSSL: /usr/lib/x86_64-linux-gnu/libcrypto.so (found version "3.0.13")  
-- Found FastRTPS: /opt/ros/jazzy/include (Required is at least version "2.13") 
-- Using RMW implementation 'rmw_fastrtps_cpp' as default
-- Found sensor_msgs: 5.3.7 (/opt/ros/jazzy/share/sensor_msgs/cmake)
-- Found cv_bridge: 4.1.0 (/opt/ros/jazzy/share/cv_bridge/cmake)
-- Found tensorrt_detect_msgs: 0.0.1 (/home/delphine/rm/tensorrt10_detect/install/tensorrt_detect_msgs/share/tensorrt_detect_msgs/cmake)
-- Found OpenCV: /usr (found version "4.6.0") 
-- Found CUDAToolkit: /usr/include (found version "12.0.140") 
-- Performing Test CMAKE_HAVE_LIBC_PTHREAD
-- Performing Test CMAKE_HAVE_LIBC_PTHREAD - Success
-- Found Threads: TRUE  
CMake Deprecation Warning at /home/delphine/open3d-devel-linux-x86_64-cxx11-abi-cuda-0.19.0/lib/cmake/Open3D/Open3DConfig.cmake:18 (cmake_policy):
  The OLD behavior for policy CMP0072 will be removed from a future version
  of CMake.

  The cmake-policies(7) manual explains that the OLD behaviors of all
  policies are deprecated and that a policy should be set to OLD only under
  specific short-term circumstances.  Projects should be ported to the NEW
  behavior and not rely on setting a policy to OLD.
Call Stack (most recent call first):
  CMakeLists.txt:28 (find_package)


-- Found Open3D: /home/delphine/open3d-devel-linux-x86_64-cxx11-abi-cuda-0.19.0/lib/cmake/Open3D/Open3DConfig.cmake (found version "0.19.0") 
-- Configuring done (1.1s)
-- Generating done (0.0s)
-- Build files have been written to: /home/delphine/rm/tensorrt10_detect/build/tensorrt_detect
[ 18%] Built target video_node
[ 54%] Built target tensorrt_detect_core
[ 63%] Built target display_node
[ 68%] Building CXX object CMakeFiles/map_node.dir/src/nodes/map_node.cpp.o
[ 77%] Built target standard
[ 86%] Built target pose_node
[ 95%] Built target detect_node
/home/delphine/rm/tensorrt10_detect/src/tensorrt_detect/src/nodes/map_node.cpp:9:10: fatal error: tensorrt_detect_msgs/msg/radar_map.hpp: 没有那个文件或目录
    9 | #include "tensorrt_detect_msgs/msg/radar_map.hpp"
      |          ^~~~~~~~~~~~~~~~~~~~~~~~~~~~~~~~~~~~~~~~
compilation terminated.
gmake[2]: *** [CMakeFiles/map_node.dir/build.make:76：CMakeFiles/map_node.dir/src/nodes/map_node.cpp.o] 错误 1
gmake[1]: *** [CMakeFiles/Makefile2:305：CMakeFiles/map_node.dir/all] 错误 2
gmake: *** [Makefile:146：all] 错误 2
