-- Found ament_cmake: 2.5.6 (/opt/ros/jazzy/share/ament_cmake/cmake)
-- Found rclcpp: 28.1.18 (/opt/ros/jazzy/share/rclcpp/cmake)
-- Found rosidl_generator_c: 4.6.7 (/opt/ros/jazzy/share/rosidl_generator_c/cmake)
-- Found rosidl_generator_cpp: 4.6.7 (/opt/ros/jazzy/share/rosidl_generator_cpp/cmake)
-- Using all available rosidl_typesupport_c: rosidl_typesupport_fastrtps_c;rosidl_typesupport_introspection_c
-- Using all available rosidl_typesupport_cpp: rosidl_typesupport_fastrtps_cpp;rosidl_typesupport_introspection_cpp
-- Found rmw_implementation_cmake: 7.3.3 (/opt/ros/jazzy/share/rmw_implementation_cmake/cmake)
-- Found rmw_fastrtps_cpp: 8.4.3 (/opt/ros/jazzy/share/rmw_fastrtps_cpp/cmake)
-- Using RMW implementation 'rmw_fastrtps_cpp' as default
-- Found sensor_msgs: 5.3.7 (/opt/ros/jazzy/share/sensor_msgs/cmake)
-- Found cv_bridge: 4.1.0 (/opt/ros/jazzy/share/cv_bridge/cmake)
-- Found tensorrt_detect_msgs: 0.0.1 (/home/delphine/rm/tensorrt10_detect/install/tensorrt_detect_msgs/share/tensorrt_detect_msgs/cmake)
-- Configuring done (0.7s)
-- Generating done (0.1s)
-- Build files have been written to: /home/delphine/rm/tensorrt10_detect/build/tensorrt_detect
[  0%] Built target video_node_autogen_timestamp_deps
[  0%] Built target display_node_autogen_timestamp_deps
[  0%] Built target tensorrt_detect_core_autogen_timestamp_deps
[  5%] Automatic MOC and UIC for target tensorrt_detect_core
[  5%] Automatic MOC and UIC for target display_node
[  7%] Automatic MOC and UIC for target video_node
[  7%] Built target video_node_autogen
[  7%] Built target display_node_autogen
[  7%] Built target tensorrt_detect_core_autogen
[ 15%] Built target display_node
[ 22%] Built target video_node
[ 25%] Building CXX object CMakeFiles/tensorrt_detect_core.dir/src/visualization/ui.cpp.o
[ 27%] Building CXX object CMakeFiles/tensorrt_detect_core.dir/src/core/radarmap.cpp.o
[ 30%] Linking CXX static library libtensorrt_detect_core.a
[ 50%] Built target tensorrt_detect_core
[ 50%] Built target standard_autogen_timestamp_deps
[ 50%] Built target detect_node_autogen_timestamp_deps
[ 50%] Built target pose_node_autogen_timestamp_deps
[ 50%] Built target map_node_autogen_timestamp_deps
[ 50%] Built target qt_display_node_autogen_timestamp_deps
[ 52%] Automatic MOC and UIC for target qt_display_node
[ 55%] Automatic MOC and UIC for target pose_node
[ 57%] Automatic MOC and UIC for target detect_node
[ 60%] Automatic MOC and UIC for target standard
[ 62%] Automatic MOC and UIC for target map_node
[ 62%] Built target qt_display_node_autogen
[ 62%] Built target detect_node_autogen
[ 62%] Built target standard_autogen
[ 62%] Built target pose_node_autogen
[ 62%] Built target map_node_autogen
[ 65%] Building CXX object CMakeFiles/qt_display_node.dir/src/nodes/qt_display_node.cpp.o
[ 67%] Building CXX object CMakeFiles/qt_display_node.dir/qt_display_node_autogen/mocs_compilation.cpp.o
[ 70%] Building CXX object CMakeFiles/standard.dir/apps/standalone_main.cpp.o
[ 72%] Linking CXX executable detect_node
[ 75%] Linking CXX executable pose_node
[ 77%] Building CXX object CMakeFiles/map_node.dir/src/nodes/map_node.cpp.o
[ 82%] Built target pose_node
[ 87%] Built target detect_node
[ 90%] Linking CXX executable standard
[ 92%] Built target standard
[ 95%] Linking CXX executable map_node
[ 97%] Built target map_node
[100%] Linking CXX executable qt_display_node
[100%] Built target qt_display_node
-- Install configuration: "RelWithDebInfo"
-- Installing: /home/delphine/rm/tensorrt10_detect/install/tensorrt_detect/lib/tensorrt_detect/standard
-- Set non-toolchain portion of runtime path of "/home/delphine/rm/tensorrt10_detect/install/tensorrt_detect/lib/tensorrt_detect/standard" to "/home/delphine/open3d-devel-linux-x86_64-cxx11-abi-cuda-0.19.0/lib:/opt/TensorRT/TensorRT-10.2.0.19/lib:/home/delphine/miniconda3/lib"
-- Installing: /home/delphine/rm/tensorrt10_detect/install/tensorrt_detect/lib/tensorrt_detect/detect_node
-- Set non-toolchain portion of runtime path of "/home/delphine/rm/tensorrt10_detect/install/tensorrt_detect/lib/tensorrt_detect/detect_node" to "/home/delphine/open3d-devel-linux-x86_64-cxx11-abi-cuda-0.19.0/lib:/opt/TensorRT/TensorRT-10.2.0.19/lib:/opt/ros/jazzy/lib:/home/delphine/rm/tensorrt10_detect/install/tensorrt_detect_msgs/lib:/home/delphine/miniconda3/lib"
-- Up-to-date: /home/delphine/rm/tensorrt10_detect/install/tensorrt_detect/lib/tensorrt_detect/display_node
-- Up-to-date: /home/delphine/rm/tensorrt10_detect/install/tensorrt_detect/lib/tensorrt_detect/video_node
-- Installing: /home/delphine/rm/tensorrt10_detect/install/tensorrt_detect/lib/tensorrt_detect/pose_node
-- Set non-toolchain portion of runtime path of "/home/delphine/rm/tensorrt10_detect/install/tensorrt_detect/lib/tensorrt_detect/pose_node" to "/home/delphine/open3d-devel-linux-x86_64-cxx11-abi-cuda-0.19.0/lib:/opt/TensorRT/TensorRT-10.2.0.19/lib:/opt/ros/jazzy/lib:/home/delphine/rm/tensorrt10_detect/install/tensorrt_detect_msgs/lib:/home/delphine/miniconda3/lib"
-- Installing: /home/delphine/rm/tensorrt10_detect/install/tensorrt_detect/lib/tensorrt_detect/map_node
-- Set non-toolchain portion of runtime path of "/home/delphine/rm/tensorrt10_detect/install/tensorrt_detect/lib/tensorrt_detect/map_node" to "/home/delphine/open3d-devel-linux-x86_64-cxx11-abi-cuda-0.19.0/lib:/opt/TensorRT/TensorRT-10.2.0.19/lib:/opt/ros/jazzy/lib:/home/delphine/rm/tensorrt10_detect/install/tensorrt_detect_msgs/lib:/home/delphine/miniconda3/lib"
-- Installing: /home/delphine/rm/tensorrt10_detect/install/tensorrt_detect/lib/tensorrt_detect/qt_display_node
-- Set non-toolchain portion of runtime path of "/home/delphine/rm/tensorrt10_detect/install/tensorrt_detect/lib/tensorrt_detect/qt_display_node" to "/home/delphine/open3d-devel-linux-x86_64-cxx11-abi-cuda-0.19.0/lib:/opt/TensorRT/TensorRT-10.2.0.19/lib:/opt/ros/jazzy/lib:/home/delphine/rm/tensorrt10_detect/install/tensorrt_detect_msgs/lib:/home/delphine/miniconda3/lib"
-- Up-to-date: /home/delphine/rm/tensorrt10_detect/install/tensorrt_detect/share/tensorrt_detect/launch
-- Up-to-date: /home/delphine/rm/tensorrt10_detect/install/tensorrt_detect/share/tensorrt_detect/launch/detect_pipeline.launch.py
-- Up-to-date: /home/delphine/rm/tensorrt10_detect/install/tensorrt_detect/share/tensorrt_detect/config
-- Up-to-date: /home/delphine/rm/tensorrt10_detect/install/tensorrt_detect/share/tensorrt_detect/config/ros2_params.yaml
-- Up-to-date: /home/delphine/rm/tensorrt10_detect/install/tensorrt_detect/share/ament_index/resource_index/package_run_dependencies/tensorrt_detect
-- Up-to-date: /home/delphine/rm/tensorrt10_detect/install/tensorrt_detect/share/ament_index/resource_index/parent_prefix_path/tensorrt_detect
-- Up-to-date: /home/delphine/rm/tensorrt10_detect/install/tensorrt_detect/share/tensorrt_detect/environment/ament_prefix_path.sh
-- Up-to-date: /home/delphine/rm/tensorrt10_detect/install/tensorrt_detect/share/tensorrt_detect/environment/ament_prefix_path.dsv
-- Up-to-date: /home/delphine/rm/tensorrt10_detect/install/tensorrt_detect/share/tensorrt_detect/environment/path.sh
-- Up-to-date: /home/delphine/rm/tensorrt10_detect/install/tensorrt_detect/share/tensorrt_detect/environment/path.dsv
-- Up-to-date: /home/delphine/rm/tensorrt10_detect/install/tensorrt_detect/share/tensorrt_detect/local_setup.bash
-- Up-to-date: /home/delphine/rm/tensorrt10_detect/install/tensorrt_detect/share/tensorrt_detect/local_setup.sh
-- Up-to-date: /home/delphine/rm/tensorrt10_detect/install/tensorrt_detect/share/tensorrt_detect/local_setup.zsh
-- Up-to-date: /home/delphine/rm/tensorrt10_detect/install/tensorrt_detect/share/tensorrt_detect/local_setup.dsv
-- Installing: /home/delphine/rm/tensorrt10_detect/install/tensorrt_detect/share/tensorrt_detect/package.dsv
-- Up-to-date: /home/delphine/rm/tensorrt10_detect/install/tensorrt_detect/share/ament_index/resource_index/packages/tensorrt_detect
-- Up-to-date: /home/delphine/rm/tensorrt10_detect/install/tensorrt_detect/share/tensorrt_detect/cmake/tensorrt_detectConfig.cmake
-- Up-to-date: /home/delphine/rm/tensorrt10_detect/install/tensorrt_detect/share/tensorrt_detect/cmake/tensorrt_detectConfig-version.cmake
-- Up-to-date: /home/delphine/rm/tensorrt10_detect/install/tensorrt_detect/share/tensorrt_detect/package.xml
