[0.010s] Invoking command in '/home/delphine/rm/tensorrt10_detect/build/tensorrt_detect': CMAKE_PREFIX_PATH=/home/delphine/rm/tensorrt10_detect/install/tensorrt_detect_msgs:/home/delphine/rm/tensorrt10_detect/install/tensorrt_detect:/opt/ros/jazzy/opt/gz_math_vendor:/opt/ros/jazzy/opt/gz_utils_vendor:/opt/ros/jazzy/opt/gz_cmake_vendor:/opt/ros/jazzy CONDA_PROMPT_MODIFIER=(base) DEBUGINFOD_URLS=https://debuginfod.ubuntu.com LD_LIBRARY_PATH=/home/delphine/rm/tensorrt10_detect/install/tensorrt_detect_msgs/lib:/opt/MVS/lib/64:/opt/MVS/lib/32:/opt/ros/jazzy/opt/rviz_ogre_vendor/lib:/opt/ros/jazzy/lib/x86_64-linux-gnu:/opt/ros/jazzy/opt/gz_math_vendor/lib:/opt/ros/jazzy/opt/gz_utils_vendor/lib:/opt/ros/jazzy/opt/gz_cmake_vendor/lib:/opt/ros/jazzy/lib:/opt/MVS/lib/64:/opt/MVS/lib/32:/opt/TensorRT/TensorRT-10.2.0.19/lib:/opt/TensorRT/TensorRT-10.2.0/lib:/usr/local/cuda-12.6/lib64:/opt/MVS/lib/64:/opt/MVS/lib/32:/opt/MVS/lib/64:/opt/MVS/lib/32:/opt/MVS/lib/64:/opt/MVS/lib/32 PYTHONPATH=/home/delphine/rm/tensorrt10_detect/install/tensorrt_detect_msgs/lib/python3.13/site-packages:${PYTHONPATH} /usr/bin/cmake --build /home/delphine/rm/tensorrt10_detect/build/tensorrt_detect -- -j20 -l20
[0.038s] -- Found ament_cmake: 2.5.6 (/opt/ros/jazzy/share/ament_cmake/cmake)
[0.226s] -- Found rclcpp: 28.1.18 (/opt/ros/jazzy/share/rclcpp/cmake)
[0.261s] -- Found rosidl_generator_c: 4.6.7 (/opt/ros/jazzy/share/rosidl_generator_c/cmake)
[0.272s] -- Found rosidl_generator_cpp: 4.6.7 (/opt/ros/jazzy/share/rosidl_generator_cpp/cmake)
[0.285s] -- Using all available rosidl_typesupport_c: rosidl_typesupport_fastrtps_c;rosidl_typesupport_introspection_c
[0.298s] -- Using all available rosidl_typesupport_cpp: rosidl_typesupport_fastrtps_cpp;rosidl_typesupport_introspection_cpp
[0.366s] -- Found rmw_implementation_cmake: 7.3.3 (/opt/ros/jazzy/share/rmw_implementation_cmake/cmake)
[0.368s] -- Found rmw_fastrtps_cpp: 8.4.3 (/opt/ros/jazzy/share/rmw_fastrtps_cpp/cmake)
[0.437s] -- Using RMW implementation 'rmw_fastrtps_cpp' as default
[0.502s] -- Found sensor_msgs: 5.3.7 (/opt/ros/jazzy/share/sensor_msgs/cmake)
[0.555s] -- Found cv_bridge: 4.1.0 (/opt/ros/jazzy/share/cv_bridge/cmake)
[0.564s] -- Found tensorrt_detect_msgs: 0.0.1 (/home/delphine/rm/tensorrt10_detect/install/tensorrt_detect_msgs/share/tensorrt_detect_msgs/cmake)
[0.635s] CMake Deprecation Warning at /home/delphine/open3d-devel-linux-x86_64-cxx11-abi-cuda-0.19.0/lib/cmake/Open3D/Open3DConfig.cmake:18 (cmake_policy):
[0.635s]   The OLD behavior for policy CMP0072 will be removed from a future version
[0.635s]   of CMake.
[0.635s] 
[0.635s]   The cmake-policies(7) manual explains that the OLD behaviors of all
[0.636s]   policies are deprecated and that a policy should be set to OLD only under
[0.636s]   specific short-term circumstances.  Projects should be ported to the NEW
[0.636s]   behavior and not rely on setting a policy to OLD.
[0.636s] Call Stack (most recent call first):
[0.636s]   CMakeLists.txt:28 (find_package)
[0.636s] 
[0.636s] 
[0.754s] -- Configuring done (0.7s)
[0.863s] -- Generating done (0.1s)
[0.881s] -- Build files have been written to: /home/delphine/rm/tensorrt10_detect/build/tensorrt_detect
[0.924s] [  0%] Built target video_node_autogen_timestamp_deps
[0.925s] [  0%] Built target display_node_autogen_timestamp_deps
[0.925s] [  0%] Built target tensorrt_detect_core_autogen_timestamp_deps
[0.966s] [  5%] Automatic MOC and UIC for target tensorrt_detect_core
[0.967s] [  5%] Automatic MOC and UIC for target display_node
[0.967s] [  7%] Automatic MOC and UIC for target video_node
[0.993s] [  7%] Built target video_node_autogen
[0.994s] [  7%] Built target display_node_autogen
[0.996s] [  7%] Built target tensorrt_detect_core_autogen
[1.027s] [ 15%] Built target display_node
[1.028s] [ 22%] Built target video_node
[1.040s] [ 25%] Building CXX object CMakeFiles/tensorrt_detect_core.dir/src/visualization/ui.cpp.o
[1.042s] [ 27%] Building CXX object CMakeFiles/tensorrt_detect_core.dir/src/core/radarmap.cpp.o
[2.570s] [ 30%] Linking CXX static library libtensorrt_detect_core.a
[2.692s] [ 50%] Built target tensorrt_detect_core
[2.713s] [ 50%] Built target standard_autogen_timestamp_deps
[2.716s] [ 50%] Built target detect_node_autogen_timestamp_deps
[2.717s] [ 50%] Built target pose_node_autogen_timestamp_deps
[2.718s] [ 50%] Built target map_node_autogen_timestamp_deps
[2.718s] [ 50%] Built target qt_display_node_autogen_timestamp_deps
[2.742s] [ 52%] Automatic MOC and UIC for target qt_display_node
[2.756s] [ 55%] Automatic MOC and UIC for target pose_node
[2.760s] [ 57%] Automatic MOC and UIC for target detect_node
[2.760s] [ 60%] Automatic MOC and UIC for target standard
[2.766s] [ 62%] Automatic MOC and UIC for target map_node
[2.781s] [ 62%] Built target qt_display_node_autogen
[2.786s] [ 62%] Built target detect_node_autogen
[2.786s] [ 62%] Built target standard_autogen
[2.787s] [ 62%] Built target pose_node_autogen
[2.793s] [ 62%] Built target map_node_autogen
[2.802s] [ 65%] Building CXX object CMakeFiles/qt_display_node.dir/src/nodes/qt_display_node.cpp.o
[2.804s] [ 67%] Building CXX object CMakeFiles/qt_display_node.dir/qt_display_node_autogen/mocs_compilation.cpp.o
[2.812s] [ 70%] Building CXX object CMakeFiles/standard.dir/apps/standalone_main.cpp.o
[2.818s] [ 72%] Linking CXX executable detect_node
[2.820s] [ 75%] Linking CXX executable pose_node
[2.828s] [ 77%] Building CXX object CMakeFiles/map_node.dir/src/nodes/map_node.cpp.o
[3.430s] [ 82%] Built target pose_node
[3.523s] [ 87%] Built target detect_node
[6.669s] [ 90%] Linking CXX executable standard
[7.403s] [ 92%] Built target standard
[22.614s] [ 95%] Linking CXX executable map_node
[23.228s] [ 97%] Built target map_node
[24.131s] [100%] Linking CXX executable qt_display_node
[24.983s] [100%] Built target qt_display_node
[24.998s] Invoked command in '/home/delphine/rm/tensorrt10_detect/build/tensorrt_detect' returned '0': CMAKE_PREFIX_PATH=/home/delphine/rm/tensorrt10_detect/install/tensorrt_detect_msgs:/home/delphine/rm/tensorrt10_detect/install/tensorrt_detect:/opt/ros/jazzy/opt/gz_math_vendor:/opt/ros/jazzy/opt/gz_utils_vendor:/opt/ros/jazzy/opt/gz_cmake_vendor:/opt/ros/jazzy CONDA_PROMPT_MODIFIER=(base) DEBUGINFOD_URLS=https://debuginfod.ubuntu.com LD_LIBRARY_PATH=/home/delphine/rm/tensorrt10_detect/install/tensorrt_detect_msgs/lib:/opt/MVS/lib/64:/opt/MVS/lib/32:/opt/ros/jazzy/opt/rviz_ogre_vendor/lib:/opt/ros/jazzy/lib/x86_64-linux-gnu:/opt/ros/jazzy/opt/gz_math_vendor/lib:/opt/ros/jazzy/opt/gz_utils_vendor/lib:/opt/ros/jazzy/opt/gz_cmake_vendor/lib:/opt/ros/jazzy/lib:/opt/MVS/lib/64:/opt/MVS/lib/32:/opt/TensorRT/TensorRT-10.2.0.19/lib:/opt/TensorRT/TensorRT-10.2.0/lib:/usr/local/cuda-12.6/lib64:/opt/MVS/lib/64:/opt/MVS/lib/32:/opt/MVS/lib/64:/opt/MVS/lib/32:/opt/MVS/lib/64:/opt/MVS/lib/32 PYTHONPATH=/home/delphine/rm/tensorrt10_detect/install/tensorrt_detect_msgs/lib/python3.13/site-packages:${PYTHONPATH} /usr/bin/cmake --build /home/delphine/rm/tensorrt10_detect/build/tensorrt_detect -- -j20 -l20
[24.999s] Invoking command in '/home/delphine/rm/tensorrt10_detect/build/tensorrt_detect': CMAKE_PREFIX_PATH=/home/delphine/rm/tensorrt10_detect/install/tensorrt_detect_msgs:/home/delphine/rm/tensorrt10_detect/install/tensorrt_detect:/opt/ros/jazzy/opt/gz_math_vendor:/opt/ros/jazzy/opt/gz_utils_vendor:/opt/ros/jazzy/opt/gz_cmake_vendor:/opt/ros/jazzy CONDA_PROMPT_MODIFIER=(base) DEBUGINFOD_URLS=https://debuginfod.ubuntu.com LD_LIBRARY_PATH=/home/delphine/rm/tensorrt10_detect/install/tensorrt_detect_msgs/lib:/opt/MVS/lib/64:/opt/MVS/lib/32:/opt/ros/jazzy/opt/rviz_ogre_vendor/lib:/opt/ros/jazzy/lib/x86_64-linux-gnu:/opt/ros/jazzy/opt/gz_math_vendor/lib:/opt/ros/jazzy/opt/gz_utils_vendor/lib:/opt/ros/jazzy/opt/gz_cmake_vendor/lib:/opt/ros/jazzy/lib:/opt/MVS/lib/64:/opt/MVS/lib/32:/opt/TensorRT/TensorRT-10.2.0.19/lib:/opt/TensorRT/TensorRT-10.2.0/lib:/usr/local/cuda-12.6/lib64:/opt/MVS/lib/64:/opt/MVS/lib/32:/opt/MVS/lib/64:/opt/MVS/lib/32:/opt/MVS/lib/64:/opt/MVS/lib/32 PYTHONPATH=/home/delphine/rm/tensorrt10_detect/install/tensorrt_detect_msgs/lib/python3.13/site-packages:${PYTHONPATH} /usr/bin/cmake --install /home/delphine/rm/tensorrt10_detect/build/tensorrt_detect
[25.042s] -- Install configuration: "RelWithDebInfo"
[25.043s] -- Installing: /home/delphine/rm/tensorrt10_detect/install/tensorrt_detect/lib/tensorrt_detect/standard
[25.052s] -- Set non-toolchain portion of runtime path of "/home/delphine/rm/tensorrt10_detect/install/tensorrt_detect/lib/tensorrt_detect/standard" to "/home/delphine/open3d-devel-linux-x86_64-cxx11-abi-cuda-0.19.0/lib:/opt/TensorRT/TensorRT-10.2.0.19/lib:/home/delphine/miniconda3/lib"
[25.053s] -- Installing: /home/delphine/rm/tensorrt10_detect/install/tensorrt_detect/lib/tensorrt_detect/detect_node
[25.061s] -- Set non-toolchain portion of runtime path of "/home/delphine/rm/tensorrt10_detect/install/tensorrt_detect/lib/tensorrt_detect/detect_node" to "/home/delphine/open3d-devel-linux-x86_64-cxx11-abi-cuda-0.19.0/lib:/opt/TensorRT/TensorRT-10.2.0.19/lib:/opt/ros/jazzy/lib:/home/delphine/rm/tensorrt10_detect/install/tensorrt_detect_msgs/lib:/home/delphine/miniconda3/lib"
[25.061s] -- Up-to-date: /home/delphine/rm/tensorrt10_detect/install/tensorrt_detect/lib/tensorrt_detect/display_node
[25.062s] -- Up-to-date: /home/delphine/rm/tensorrt10_detect/install/tensorrt_detect/lib/tensorrt_detect/video_node
[25.062s] -- Installing: /home/delphine/rm/tensorrt10_detect/install/tensorrt_detect/lib/tensorrt_detect/pose_node
[25.074s] -- Set non-toolchain portion of runtime path of "/home/delphine/rm/tensorrt10_detect/install/tensorrt_detect/lib/tensorrt_detect/pose_node" to "/home/delphine/open3d-devel-linux-x86_64-cxx11-abi-cuda-0.19.0/lib:/opt/TensorRT/TensorRT-10.2.0.19/lib:/opt/ros/jazzy/lib:/home/delphine/rm/tensorrt10_detect/install/tensorrt_detect_msgs/lib:/home/delphine/miniconda3/lib"
[25.074s] -- Installing: /home/delphine/rm/tensorrt10_detect/install/tensorrt_detect/lib/tensorrt_detect/map_node
[25.084s] -- Set non-toolchain portion of runtime path of "/home/delphine/rm/tensorrt10_detect/install/tensorrt_detect/lib/tensorrt_detect/map_node" to "/home/delphine/open3d-devel-linux-x86_64-cxx11-abi-cuda-0.19.0/lib:/opt/TensorRT/TensorRT-10.2.0.19/lib:/opt/ros/jazzy/lib:/home/delphine/rm/tensorrt10_detect/install/tensorrt_detect_msgs/lib:/home/delphine/miniconda3/lib"
[25.084s] -- Installing: /home/delphine/rm/tensorrt10_detect/install/tensorrt_detect/lib/tensorrt_detect/qt_display_node
[25.094s] -- Set non-toolchain portion of runtime path of "/home/delphine/rm/tensorrt10_detect/install/tensorrt_detect/lib/tensorrt_detect/qt_display_node" to "/home/delphine/open3d-devel-linux-x86_64-cxx11-abi-cuda-0.19.0/lib:/opt/TensorRT/TensorRT-10.2.0.19/lib:/opt/ros/jazzy/lib:/home/delphine/rm/tensorrt10_detect/install/tensorrt_detect_msgs/lib:/home/delphine/miniconda3/lib"
[25.094s] -- Up-to-date: /home/delphine/rm/tensorrt10_detect/install/tensorrt_detect/share/tensorrt_detect/launch
[25.094s] -- Up-to-date: /home/delphine/rm/tensorrt10_detect/install/tensorrt_detect/share/tensorrt_detect/launch/detect_pipeline.launch.py
[25.094s] -- Up-to-date: /home/delphine/rm/tensorrt10_detect/install/tensorrt_detect/share/tensorrt_detect/config
[25.094s] -- Up-to-date: /home/delphine/rm/tensorrt10_detect/install/tensorrt_detect/share/tensorrt_detect/config/ros2_params.yaml
[25.095s] -- Up-to-date: /home/delphine/rm/tensorrt10_detect/install/tensorrt_detect/share/ament_index/resource_index/package_run_dependencies/tensorrt_detect
[25.095s] -- Up-to-date: /home/delphine/rm/tensorrt10_detect/install/tensorrt_detect/share/ament_index/resource_index/parent_prefix_path/tensorrt_detect
[25.095s] -- Up-to-date: /home/delphine/rm/tensorrt10_detect/install/tensorrt_detect/share/tensorrt_detect/environment/ament_prefix_path.sh
[25.095s] -- Up-to-date: /home/delphine/rm/tensorrt10_detect/install/tensorrt_detect/share/tensorrt_detect/environment/ament_prefix_path.dsv
[25.095s] -- Up-to-date: /home/delphine/rm/tensorrt10_detect/install/tensorrt_detect/share/tensorrt_detect/environment/path.sh
[25.095s] -- Up-to-date: /home/delphine/rm/tensorrt10_detect/install/tensorrt_detect/share/tensorrt_detect/environment/path.dsv
[25.095s] -- Up-to-date: /home/delphine/rm/tensorrt10_detect/install/tensorrt_detect/share/tensorrt_detect/local_setup.bash
[25.095s] -- Up-to-date: /home/delphine/rm/tensorrt10_detect/install/tensorrt_detect/share/tensorrt_detect/local_setup.sh
[25.095s] -- Up-to-date: /home/delphine/rm/tensorrt10_detect/install/tensorrt_detect/share/tensorrt_detect/local_setup.zsh
[25.095s] -- Up-to-date: /home/delphine/rm/tensorrt10_detect/install/tensorrt_detect/share/tensorrt_detect/local_setup.dsv
[25.095s] -- Installing: /home/delphine/rm/tensorrt10_detect/install/tensorrt_detect/share/tensorrt_detect/package.dsv
[25.095s] -- Up-to-date: /home/delphine/rm/tensorrt10_detect/install/tensorrt_detect/share/ament_index/resource_index/packages/tensorrt_detect
[25.095s] -- Up-to-date: /home/delphine/rm/tensorrt10_detect/install/tensorrt_detect/share/tensorrt_detect/cmake/tensorrt_detectConfig.cmake
[25.095s] -- Up-to-date: /home/delphine/rm/tensorrt10_detect/install/tensorrt_detect/share/tensorrt_detect/cmake/tensorrt_detectConfig-version.cmake
[25.095s] -- Up-to-date: /home/delphine/rm/tensorrt10_detect/install/tensorrt_detect/share/tensorrt_detect/package.xml
[25.097s] Invoked command in '/home/delphine/rm/tensorrt10_detect/build/tensorrt_detect' returned '0': CMAKE_PREFIX_PATH=/home/delphine/rm/tensorrt10_detect/install/tensorrt_detect_msgs:/home/delphine/rm/tensorrt10_detect/install/tensorrt_detect:/opt/ros/jazzy/opt/gz_math_vendor:/opt/ros/jazzy/opt/gz_utils_vendor:/opt/ros/jazzy/opt/gz_cmake_vendor:/opt/ros/jazzy CONDA_PROMPT_MODIFIER=(base) DEBUGINFOD_URLS=https://debuginfod.ubuntu.com LD_LIBRARY_PATH=/home/delphine/rm/tensorrt10_detect/install/tensorrt_detect_msgs/lib:/opt/MVS/lib/64:/opt/MVS/lib/32:/opt/ros/jazzy/opt/rviz_ogre_vendor/lib:/opt/ros/jazzy/lib/x86_64-linux-gnu:/opt/ros/jazzy/opt/gz_math_vendor/lib:/opt/ros/jazzy/opt/gz_utils_vendor/lib:/opt/ros/jazzy/opt/gz_cmake_vendor/lib:/opt/ros/jazzy/lib:/opt/MVS/lib/64:/opt/MVS/lib/32:/opt/TensorRT/TensorRT-10.2.0.19/lib:/opt/TensorRT/TensorRT-10.2.0/lib:/usr/local/cuda-12.6/lib64:/opt/MVS/lib/64:/opt/MVS/lib/32:/opt/MVS/lib/64:/opt/MVS/lib/32:/opt/MVS/lib/64:/opt/MVS/lib/32 PYTHONPATH=/home/delphine/rm/tensorrt10_detect/install/tensorrt_detect_msgs/lib/python3.13/site-packages:${PYTHONPATH} /usr/bin/cmake --install /home/delphine/rm/tensorrt10_detect/build/tensorrt_detect
