[0.014s] Invoking command in '/home/delphine/rm/tensorrt10_detect/build/tensorrt_detect': CMAKE_PREFIX_PATH=/home/delphine/rm/tensorrt10_detect/install/tensorrt_detect_msgs:/home/delphine/rm/tensorrt10_detect/install/tensorrt_detect:/opt/ros/jazzy/opt/gz_math_vendor:/opt/ros/jazzy/opt/gz_utils_vendor:/opt/ros/jazzy/opt/gz_cmake_vendor:/opt/ros/jazzy CONDA_PROMPT_MODIFIER=(base) DEBUGINFOD_URLS=https://debuginfod.ubuntu.com LD_LIBRARY_PATH=/home/delphine/rm/tensorrt10_detect/install/tensorrt_detect_msgs/lib:/opt/MVS/lib/64:/opt/MVS/lib/32:/opt/ros/jazzy/opt/rviz_ogre_vendor/lib:/opt/ros/jazzy/lib/x86_64-linux-gnu:/opt/ros/jazzy/opt/gz_math_vendor/lib:/opt/ros/jazzy/opt/gz_utils_vendor/lib:/opt/ros/jazzy/opt/gz_cmake_vendor/lib:/opt/ros/jazzy/lib:/opt/MVS/lib/64:/opt/MVS/lib/32:/opt/TensorRT/TensorRT-10.2.0.19/lib:/opt/TensorRT/TensorRT-10.2.0/lib:/usr/local/cuda-12.6/lib64:/opt/MVS/lib/64:/opt/MVS/lib/32:/opt/MVS/lib/64:/opt/MVS/lib/32:/opt/MVS/lib/64:/opt/MVS/lib/32 /usr/bin/cmake --build /home/delphine/rm/tensorrt10_detect/build/tensorrt_detect -- -j20 -l20
[0.044s] -- Found ament_cmake: 2.5.6 (/opt/ros/jazzy/share/ament_cmake/cmake)
[0.221s] -- Override CMake install command with custom implementation using symlinks instead of copying resources
[0.238s] -- Found rclcpp: 28.1.18 (/opt/ros/jazzy/share/rclcpp/cmake)
[0.274s] -- Found rosidl_generator_c: 4.6.7 (/opt/ros/jazzy/share/rosidl_generator_c/cmake)
[0.283s] -- Found rosidl_generator_cpp: 4.6.7 (/opt/ros/jazzy/share/rosidl_generator_cpp/cmake)
[0.297s] -- Using all available rosidl_typesupport_c: rosidl_typesupport_fastrtps_c;rosidl_typesupport_introspection_c
[0.316s] -- Using all available rosidl_typesupport_cpp: rosidl_typesupport_fastrtps_cpp;rosidl_typesupport_introspection_cpp
[0.388s] -- Found rmw_implementation_cmake: 7.3.3 (/opt/ros/jazzy/share/rmw_implementation_cmake/cmake)
[0.391s] -- Found rmw_fastrtps_cpp: 8.4.3 (/opt/ros/jazzy/share/rmw_fastrtps_cpp/cmake)
[0.462s] -- Using RMW implementation 'rmw_fastrtps_cpp' as default
[0.539s] -- Found sensor_msgs: 5.3.7 (/opt/ros/jazzy/share/sensor_msgs/cmake)
[0.599s] -- Found cv_bridge: 4.1.0 (/opt/ros/jazzy/share/cv_bridge/cmake)
[0.610s] -- Found std_srvs: 5.3.7 (/opt/ros/jazzy/share/std_srvs/cmake)
[0.629s] -- Found tensorrt_detect_msgs: 0.0.1 (/home/delphine/rm/tensorrt10_detect/install/tensorrt_detect_msgs/share/tensorrt_detect_msgs/cmake)
[0.695s] CMake Deprecation Warning at /home/delphine/open3d-devel-linux-x86_64-cxx11-abi-cuda-0.19.0/lib/cmake/Open3D/Open3DConfig.cmake:18 (cmake_policy):
[0.695s]   The OLD behavior for policy CMP0072 will be removed from a future version
[0.695s]   of CMake.
[0.696s] 
[0.696s]   The cmake-policies(7) manual explains that the OLD behaviors of all
[0.696s]   policies are deprecated and that a policy should be set to OLD only under
[0.696s]   specific short-term circumstances.  Projects should be ported to the NEW
[0.696s]   behavior and not rely on setting a policy to OLD.
[0.696s] Call Stack (most recent call first):
[0.696s]   CMakeLists.txt:29 (find_package)
[0.696s] 
[0.696s] 
[0.824s] -- Configuring done (0.8s)
[0.893s] -- Generating done (0.1s)
[0.909s] -- Build files have been written to: /home/delphine/rm/tensorrt10_detect/build/tensorrt_detect
[0.966s] [  3%] Building CXX object CMakeFiles/tensorrt_detect_core.dir/src/core/pipeline.cpp.o
[0.968s] [ 10%] Built target display_node
[0.969s] [ 14%] Building CXX object CMakeFiles/tensorrt_detect_core.dir/src/core/mouseback.cpp.o
[0.969s] [ 17%] Building CXX object CMakeFiles/tensorrt_detect_core.dir/src/core/radarmap.cpp.o
[0.971s] [ 21%] Building CXX object CMakeFiles/tensorrt_detect_core.dir/src/config/ConfigManager.cpp.o
[0.971s] [ 28%] Built target video_node
[5.539s] [ 32%] Linking CXX static library libtensorrt_detect_core.a
[5.632s] [ 50%] Built target tensorrt_detect_core
[5.655s] [ 53%] Building CXX object CMakeFiles/standard.dir/apps/standalone_main.cpp.o
[5.657s] [ 57%] Building CXX object CMakeFiles/roi_set_node.dir/src/nodes/roi_set_node.cpp.o
[5.662s] [ 64%] Building CXX object CMakeFiles/pose_node.dir/src/nodes/pose_node.cpp.o
[5.662s] [ 64%] Linking CXX executable calibrate_node
[5.665s] [ 67%] Building CXX object CMakeFiles/map_node.dir/src/nodes/map_node.cpp.o
[5.668s] [ 71%] Building CXX object CMakeFiles/detect_node.dir/src/nodes/detect_node.cpp.o
[5.676s] [ 75%] Linking CXX executable qt_display_node
[6.040s] /home/delphine/rm/tensorrt10_detect/src/tensorrt_detect/src/nodes/detect_node.cpp:5:10: fatal error: std_srvs/srv/trigger.hpp: No such file or directory
[6.040s]     5 | #include <std_srvs/srv/trigger.hpp>
[6.040s]       |          ^~~~~~~~~~~~~~~~~~~~~~~~~~
[6.040s] compilation terminated.
[6.044s] gmake[2]: *** [CMakeFiles/detect_node.dir/build.make:76: CMakeFiles/detect_node.dir/src/nodes/detect_node.cpp.o] Error 1
[6.044s] gmake[1]: *** [CMakeFiles/Makefile2:207: CMakeFiles/detect_node.dir/all] Error 2
[6.044s] gmake[1]: *** Waiting for unfinished jobs....
[6.836s] [ 78%] Built target calibrate_node
[7.001s] [ 82%] Built target qt_display_node
[9.567s] [ 85%] Linking CXX executable standard
[10.364s] [ 85%] Built target standard
[22.610s] [ 89%] Linking CXX executable pose_node
[23.082s] [ 89%] Built target pose_node
[26.265s] [ 92%] Linking CXX executable roi_set_node
[26.938s] [ 92%] Built target roi_set_node
[28.584s] [ 96%] Linking CXX executable map_node
[29.094s] [ 96%] Built target map_node
[29.095s] gmake: *** [Makefile:146: all] Error 2
[29.102s] Invoked command in '/home/delphine/rm/tensorrt10_detect/build/tensorrt_detect' returned '2': CMAKE_PREFIX_PATH=/home/delphine/rm/tensorrt10_detect/install/tensorrt_detect_msgs:/home/delphine/rm/tensorrt10_detect/install/tensorrt_detect:/opt/ros/jazzy/opt/gz_math_vendor:/opt/ros/jazzy/opt/gz_utils_vendor:/opt/ros/jazzy/opt/gz_cmake_vendor:/opt/ros/jazzy CONDA_PROMPT_MODIFIER=(base) DEBUGINFOD_URLS=https://debuginfod.ubuntu.com LD_LIBRARY_PATH=/home/delphine/rm/tensorrt10_detect/install/tensorrt_detect_msgs/lib:/opt/MVS/lib/64:/opt/MVS/lib/32:/opt/ros/jazzy/opt/rviz_ogre_vendor/lib:/opt/ros/jazzy/lib/x86_64-linux-gnu:/opt/ros/jazzy/opt/gz_math_vendor/lib:/opt/ros/jazzy/opt/gz_utils_vendor/lib:/opt/ros/jazzy/opt/gz_cmake_vendor/lib:/opt/ros/jazzy/lib:/opt/MVS/lib/64:/opt/MVS/lib/32:/opt/TensorRT/TensorRT-10.2.0.19/lib:/opt/TensorRT/TensorRT-10.2.0/lib:/usr/local/cuda-12.6/lib64:/opt/MVS/lib/64:/opt/MVS/lib/32:/opt/MVS/lib/64:/opt/MVS/lib/32:/opt/MVS/lib/64:/opt/MVS/lib/32 /usr/bin/cmake --build /home/delphine/rm/tensorrt10_detect/build/tensorrt_detect -- -j20 -l20
