[0.005s] Invoking command in '/home/delphine/rm/tensorrt10_detect/build/tensorrt_detect_msgs': CMAKE_PREFIX_PATH=${CMAKE_PREFIX_PATH}:/opt/ros/jazzy CONDA_PROMPT_MODIFIER=(base) DEBUGINFOD_URLS=https://debuginfod.ubuntu.com /usr/bin/cmake /home/delphine/rm/tensorrt10_detect/src/tensorrt_detect_msgs -DCMAKE_INSTALL_PREFIX=/home/delphine/rm/tensorrt10_detect/install/tensorrt_detect_msgs
[0.048s] -- The C compiler identification is GNU 13.3.0
[0.096s] -- The CXX compiler identification is GNU 13.3.0
[0.111s] -- Detecting C compiler ABI info
[0.192s] -- Detecting C compiler ABI info - done
[0.197s] -- Check for working C compiler: /usr/bin/cc - skipped
[0.197s] -- Detecting C compile features
[0.197s] -- Detecting C compile features - done
[0.207s] -- Detecting CXX compiler ABI info
[0.292s] -- Detecting CXX compiler ABI info - done
[0.299s] -- Check for working CXX compiler: /usr/bin/c++ - skipped
[0.299s] -- Detecting CXX compile features
[0.299s] -- Detecting CXX compile features - done
[0.301s] -- Found ament_cmake: 2.5.6 (/opt/ros/jazzy/share/ament_cmake/cmake)
[0.397s] -- Found Python3: /home/delphine/miniconda3/bin/python3 (found version "3.13.12") found components: Interpreter 
[0.473s] -- Found rosidl_default_generators: 1.6.0 (/opt/ros/jazzy/share/rosidl_default_generators/cmake)
[0.475s] -- Using all available rosidl_typesupport_c: rosidl_typesupport_fastrtps_c;rosidl_typesupport_introspection_c
[0.504s] -- Using all available rosidl_typesupport_cpp: rosidl_typesupport_fastrtps_cpp;rosidl_typesupport_introspection_cpp
[0.530s] -- Found rosidl_adapter: 4.6.7 (/opt/ros/jazzy/share/rosidl_adapter/cmake)
[0.532s] -- Found std_msgs: 5.3.7 (/opt/ros/jazzy/share/std_msgs/cmake)
[0.952s] -- Found ament_cmake_ros: 0.12.0 (/opt/ros/jazzy/share/ament_cmake_ros/cmake)
[1.251s] -- Using all available rosidl_typesupport_c: rosidl_typesupport_fastrtps_c;rosidl_typesupport_introspection_c
[1.649s] -- Using all available rosidl_typesupport_cpp: rosidl_typesupport_fastrtps_cpp;rosidl_typesupport_introspection_cpp
[1.650s] -- Found python_cmake_module: 0.11.1 (/opt/ros/jazzy/share/python_cmake_module/cmake)
[1.746s] -- Found PythonExtra: /home/delphine/miniconda3/bin/python3  
[2.141s] -- Found Python3: /home/delphine/miniconda3/bin/python3 (found version "3.13.12") found components: Interpreter Development NumPy Development.Module Development.Embed 
[2.196s] -- Found Python3: /home/delphine/miniconda3/bin/python3 (found version "3.13.12") found components: Interpreter 
[2.201s] -- Configuring done (2.2s)
[2.226s] -- Generating done (0.0s)
[2.233s] -- Build files have been written to: /home/delphine/rm/tensorrt10_detect/build/tensorrt_detect_msgs
[2.240s] Invoked command in '/home/delphine/rm/tensorrt10_detect/build/tensorrt_detect_msgs' returned '0': CMAKE_PREFIX_PATH=${CMAKE_PREFIX_PATH}:/opt/ros/jazzy CONDA_PROMPT_MODIFIER=(base) DEBUGINFOD_URLS=https://debuginfod.ubuntu.com /usr/bin/cmake /home/delphine/rm/tensorrt10_detect/src/tensorrt_detect_msgs -DCMAKE_INSTALL_PREFIX=/home/delphine/rm/tensorrt10_detect/install/tensorrt_detect_msgs
[2.241s] Invoking command in '/home/delphine/rm/tensorrt10_detect/build/tensorrt_detect_msgs': CMAKE_PREFIX_PATH=${CMAKE_PREFIX_PATH}:/opt/ros/jazzy CONDA_PROMPT_MODIFIER=(base) DEBUGINFOD_URLS=https://debuginfod.ubuntu.com /usr/bin/cmake --build /home/delphine/rm/tensorrt10_detect/build/tensorrt_detect_msgs -- -j20 -l20
[2.287s] [  3%] Generating type hashes for ROS interfaces
[2.287s] [  3%] Generating Rust code for ROS interfaces
[2.299s] [  3%] Built target ament_cmake_python_copy_tensorrt_detect_msgs
[2.450s] running egg_info
[2.453s] [  3%] Built target tensorrt_detect_msgs__rosidl_generator_type_description
[2.459s] creating tensorrt_detect_msgs.egg-info
[2.460s] writing tensorrt_detect_msgs.egg-info/PKG-INFO
[2.460s] writing dependency_links to tensorrt_detect_msgs.egg-info/dependency_links.txt
[2.460s] writing top-level names to tensorrt_detect_msgs.egg-info/top_level.txt
[2.460s] writing manifest file 'tensorrt_detect_msgs.egg-info/SOURCES.txt'
[2.461s] [  4%] Generating C code for ROS interfaces
[2.472s] [  6%] Generating C++ code for ROS interfaces
[2.476s] [  6%] Built target tensorrt_detect_msgs__rs
[2.489s] reading manifest file 'tensorrt_detect_msgs.egg-info/SOURCES.txt'
[2.489s] writing manifest file 'tensorrt_detect_msgs.egg-info/SOURCES.txt'
[2.523s] [  6%] Built target ament_cmake_python_build_tensorrt_detect_msgs_egg
[2.694s] [  6%] Built target tensorrt_detect_msgs__cpp
[2.729s] [ 12%] Building C object CMakeFiles/tensorrt_detect_msgs__rosidl_generator_c.dir/rosidl_generator_c/tensorrt_detect_msgs/msg/detail/world_target__type_support.c.o
[2.729s] [ 12%] Building C object CMakeFiles/tensorrt_detect_msgs__rosidl_generator_c.dir/rosidl_generator_c/tensorrt_detect_msgs/msg/detail/world_target__description.c.o
[2.729s] [ 12%] Building C object CMakeFiles/tensorrt_detect_msgs__rosidl_generator_c.dir/rosidl_generator_c/tensorrt_detect_msgs/msg/detail/detection_array__type_support.c.o
[2.729s] [  9%] Building C object CMakeFiles/tensorrt_detect_msgs__rosidl_generator_c.dir/rosidl_generator_c/tensorrt_detect_msgs/msg/detail/detection_box__description.c.o
[2.729s] [ 13%] Building C object CMakeFiles/tensorrt_detect_msgs__rosidl_generator_c.dir/rosidl_generator_c/tensorrt_detect_msgs/msg/detail/world_target_array__description.c.o
[2.731s] [ 15%] Building C object CMakeFiles/tensorrt_detect_msgs__rosidl_generator_c.dir/rosidl_generator_c/tensorrt_detect_msgs/msg/detail/detection_array__description.c.o
[2.731s] [ 16%] Building C object CMakeFiles/tensorrt_detect_msgs__rosidl_generator_c.dir/rosidl_generator_c/tensorrt_detect_msgs/msg/detail/world_target_array__type_support.c.o
[2.731s] [ 21%] Building C object CMakeFiles/tensorrt_detect_msgs__rosidl_generator_c.dir/rosidl_generator_c/tensorrt_detect_msgs/msg/detail/detection_box__type_support.c.o
[2.731s] [ 21%] Building C object CMakeFiles/tensorrt_detect_msgs__rosidl_generator_c.dir/rosidl_generator_c/tensorrt_detect_msgs/msg/detail/detection_box__functions.c.o
[2.733s] [ 21%] Building C object CMakeFiles/tensorrt_detect_msgs__rosidl_generator_c.dir/rosidl_generator_c/tensorrt_detect_msgs/msg/detail/detection_array__functions.c.o
[2.733s] [ 24%] Building C object CMakeFiles/tensorrt_detect_msgs__rosidl_generator_c.dir/rosidl_generator_c/tensorrt_detect_msgs/msg/detail/world_target__functions.c.o
[2.733s] [ 24%] Building C object CMakeFiles/tensorrt_detect_msgs__rosidl_generator_c.dir/rosidl_generator_c/tensorrt_detect_msgs/msg/detail/world_target_array__functions.c.o
[2.799s] [ 26%] Linking C shared library libtensorrt_detect_msgs__rosidl_generator_c.so
[2.828s] [ 26%] Built target tensorrt_detect_msgs__rosidl_generator_c
[2.837s] [ 30%] Generating C++ type support for eProsima Fast-RTPS
[2.837s] [ 30%] Generating C++ type support dispatch for ROS interfaces
[2.837s] [ 30%] Generating C type support for eProsima Fast-RTPS
[2.838s] [ 35%] Generating C introspection for ROS interfaces
[2.838s] [ 35%] Generating C++ introspection for ROS interfaces
[2.838s] [ 35%] Generating C type support dispatch for ROS interfaces
[3.035s] [ 38%] Building CXX object CMakeFiles/tensorrt_detect_msgs__rosidl_typesupport_c.dir/rosidl_typesupport_c/tensorrt_detect_msgs/msg/world_target__type_support.cpp.o
[3.035s] [ 38%] Building CXX object CMakeFiles/tensorrt_detect_msgs__rosidl_typesupport_c.dir/rosidl_typesupport_c/tensorrt_detect_msgs/msg/detection_array__type_support.cpp.o
[3.035s] [ 40%] Building CXX object CMakeFiles/tensorrt_detect_msgs__rosidl_typesupport_c.dir/rosidl_typesupport_c/tensorrt_detect_msgs/msg/world_target_array__type_support.cpp.o
[3.035s] [ 41%] Building CXX object CMakeFiles/tensorrt_detect_msgs__rosidl_typesupport_c.dir/rosidl_typesupport_c/tensorrt_detect_msgs/msg/detection_box__type_support.cpp.o
[3.046s] [ 43%] Building CXX object CMakeFiles/tensorrt_detect_msgs__rosidl_typesupport_cpp.dir/rosidl_typesupport_cpp/tensorrt_detect_msgs/msg/world_target_array__type_support.cpp.o
[3.047s] [ 44%] Building CXX object CMakeFiles/tensorrt_detect_msgs__rosidl_typesupport_cpp.dir/rosidl_typesupport_cpp/tensorrt_detect_msgs/msg/detection_array__type_support.cpp.o
[3.047s] [ 47%] Building CXX object CMakeFiles/tensorrt_detect_msgs__rosidl_typesupport_cpp.dir/rosidl_typesupport_cpp/tensorrt_detect_msgs/msg/detection_box__type_support.cpp.o
[3.048s] [ 46%] Building CXX object CMakeFiles/tensorrt_detect_msgs__rosidl_typesupport_cpp.dir/rosidl_typesupport_cpp/tensorrt_detect_msgs/msg/world_target__type_support.cpp.o
[3.072s] [ 53%] Building C object CMakeFiles/tensorrt_detect_msgs__rosidl_typesupport_introspection_c.dir/rosidl_typesupport_introspection_c/tensorrt_detect_msgs/msg/detail/detection_array__type_support.c.o
[3.072s] [ 53%] Building C object CMakeFiles/tensorrt_detect_msgs__rosidl_typesupport_introspection_c.dir/rosidl_typesupport_introspection_c/tensorrt_detect_msgs/msg/detail/detection_box__type_support.c.o
[3.072s] [ 53%] Building C object CMakeFiles/tensorrt_detect_msgs__rosidl_typesupport_introspection_c.dir/rosidl_typesupport_introspection_c/tensorrt_detect_msgs/msg/detail/world_target_array__type_support.c.o
[3.073s] [ 53%] Building C object CMakeFiles/tensorrt_detect_msgs__rosidl_typesupport_introspection_c.dir/rosidl_typesupport_introspection_c/tensorrt_detect_msgs/msg/detail/world_target__type_support.c.o
[3.081s] [ 55%] Linking CXX shared library libtensorrt_detect_msgs__rosidl_typesupport_c.so
[3.109s] [ 56%] Linking C shared library libtensorrt_detect_msgs__rosidl_typesupport_introspection_c.so
[3.121s] [ 61%] Building CXX object CMakeFiles/tensorrt_detect_msgs__rosidl_typesupport_fastrtps_c.dir/rosidl_typesupport_fastrtps_c/tensorrt_detect_msgs/msg/detail/world_target__type_support_c.cpp.o
[3.121s] [ 61%] Building CXX object CMakeFiles/tensorrt_detect_msgs__rosidl_typesupport_fastrtps_c.dir/rosidl_typesupport_fastrtps_c/tensorrt_detect_msgs/msg/detail/detection_box__type_support_c.cpp.o
[3.121s] [ 66%] Building CXX object CMakeFiles/tensorrt_detect_msgs__rosidl_typesupport_fastrtps_cpp.dir/rosidl_typesupport_fastrtps_cpp/tensorrt_detect_msgs/msg/detail/dds_fastrtps/detection_array__type_support.cpp.o
[3.121s] [ 66%] Building CXX object CMakeFiles/tensorrt_detect_msgs__rosidl_typesupport_fastrtps_cpp.dir/rosidl_typesupport_fastrtps_cpp/tensorrt_detect_msgs/msg/detail/dds_fastrtps/detection_box__type_support.cpp.o
[3.121s] [ 66%] Building CXX object CMakeFiles/tensorrt_detect_msgs__rosidl_typesupport_fastrtps_cpp.dir/rosidl_typesupport_fastrtps_cpp/tensorrt_detect_msgs/msg/detail/dds_fastrtps/world_target_array__type_support.cpp.o
[3.121s] [ 66%] Built target tensorrt_detect_msgs__rosidl_typesupport_c
[3.121s] [ 64%] Building CXX object CMakeFiles/tensorrt_detect_msgs__rosidl_typesupport_fastrtps_cpp.dir/rosidl_typesupport_fastrtps_cpp/tensorrt_detect_msgs/msg/detail/dds_fastrtps/world_target__type_support.cpp.o
[3.121s] [ 69%] Building CXX object CMakeFiles/tensorrt_detect_msgs__rosidl_typesupport_fastrtps_c.dir/rosidl_typesupport_fastrtps_c/tensorrt_detect_msgs/msg/detail/detection_array__type_support_c.cpp.o
[3.121s] [ 69%] Building CXX object CMakeFiles/tensorrt_detect_msgs__rosidl_typesupport_fastrtps_c.dir/rosidl_typesupport_fastrtps_c/tensorrt_detect_msgs/msg/detail/world_target_array__type_support_c.cpp.o
[3.139s] [ 69%] Built target tensorrt_detect_msgs__rosidl_typesupport_introspection_c
[3.237s] [ 73%] Building CXX object CMakeFiles/tensorrt_detect_msgs__rosidl_typesupport_introspection_cpp.dir/rosidl_typesupport_introspection_cpp/tensorrt_detect_msgs/msg/detail/world_target_array__type_support.cpp.o
[3.237s] [ 73%] Building CXX object CMakeFiles/tensorrt_detect_msgs__rosidl_typesupport_introspection_cpp.dir/rosidl_typesupport_introspection_cpp/tensorrt_detect_msgs/msg/detail/detection_box__type_support.cpp.o
[3.238s] [ 73%] Building CXX object CMakeFiles/tensorrt_detect_msgs__rosidl_typesupport_introspection_cpp.dir/rosidl_typesupport_introspection_cpp/tensorrt_detect_msgs/msg/detail/world_target__type_support.cpp.o
[3.240s] [ 75%] Building CXX object CMakeFiles/tensorrt_detect_msgs__rosidl_typesupport_introspection_cpp.dir/rosidl_typesupport_introspection_cpp/tensorrt_detect_msgs/msg/detail/detection_array__type_support.cpp.o
[3.429s] [ 76%] Linking CXX shared library libtensorrt_detect_msgs__rosidl_typesupport_cpp.so
[3.487s] [ 76%] Built target tensorrt_detect_msgs__rosidl_typesupport_cpp
[3.629s] [ 78%] Linking CXX shared library libtensorrt_detect_msgs__rosidl_typesupport_introspection_cpp.so
[3.654s] [ 80%] Linking CXX shared library libtensorrt_detect_msgs__rosidl_typesupport_fastrtps_cpp.so
[3.668s] [ 81%] Linking CXX shared library libtensorrt_detect_msgs__rosidl_typesupport_fastrtps_c.so
[3.713s] [ 81%] Built target tensorrt_detect_msgs__rosidl_typesupport_fastrtps_c
[3.724s] [ 81%] Built target tensorrt_detect_msgs__rosidl_typesupport_introspection_cpp
[3.727s] [ 81%] Built target tensorrt_detect_msgs__rosidl_typesupport_fastrtps_cpp
[3.745s] [ 81%] Built target tensorrt_detect_msgs
[3.764s] [ 83%] Generating Python code for ROS interfaces
[4.051s] [ 83%] Built target tensorrt_detect_msgs__py
[4.069s] [ 89%] Building C object CMakeFiles/tensorrt_detect_msgs__rosidl_generator_py.dir/rosidl_generator_py/tensorrt_detect_msgs/msg/_detection_array_s.c.o
[4.069s] [ 89%] Building C object CMakeFiles/tensorrt_detect_msgs__rosidl_generator_py.dir/rosidl_generator_py/tensorrt_detect_msgs/msg/_detection_box_s.c.o
[4.069s] [ 89%] Building C object CMakeFiles/tensorrt_detect_msgs__rosidl_generator_py.dir/rosidl_generator_py/tensorrt_detect_msgs/msg/_world_target_array_s.c.o
[4.069s] [ 89%] Building C object CMakeFiles/tensorrt_detect_msgs__rosidl_generator_py.dir/rosidl_generator_py/tensorrt_detect_msgs/msg/_world_target_s.c.o
[4.164s] [ 90%] Linking C shared library libtensorrt_detect_msgs__rosidl_generator_py.so
[4.201s] [ 90%] Built target tensorrt_detect_msgs__rosidl_generator_py
[4.218s] [ 92%] Building C object CMakeFiles/tensorrt_detect_msgs_s__rosidl_typesupport_fastrtps_c.dir/rosidl_generator_py/tensorrt_detect_msgs/_tensorrt_detect_msgs_s.ep.rosidl_typesupport_fastrtps_c.c.o
[4.218s] [ 93%] Building C object CMakeFiles/tensorrt_detect_msgs_s__rosidl_typesupport_introspection_c.dir/rosidl_generator_py/tensorrt_detect_msgs/_tensorrt_detect_msgs_s.ep.rosidl_typesupport_introspection_c.c.o
[4.219s] [ 95%] Building C object CMakeFiles/tensorrt_detect_msgs_s__rosidl_typesupport_c.dir/rosidl_generator_py/tensorrt_detect_msgs/_tensorrt_detect_msgs_s.ep.rosidl_typesupport_c.c.o
[4.287s] [100%] Linking C shared module rosidl_generator_py/tensorrt_detect_msgs/tensorrt_detect_msgs_s__rosidl_typesupport_fastrtps_c.so
[4.287s] [100%] Linking C shared module rosidl_generator_py/tensorrt_detect_msgs/tensorrt_detect_msgs_s__rosidl_typesupport_introspection_c.so
[4.287s] [100%] Linking C shared module rosidl_generator_py/tensorrt_detect_msgs/tensorrt_detect_msgs_s__rosidl_typesupport_c.so
[4.315s] [100%] Built target tensorrt_detect_msgs_s__rosidl_typesupport_c
[4.315s] [100%] Built target tensorrt_detect_msgs_s__rosidl_typesupport_introspection_c
[4.315s] [100%] Built target tensorrt_detect_msgs_s__rosidl_typesupport_fastrtps_c
[4.324s] Invoked command in '/home/delphine/rm/tensorrt10_detect/build/tensorrt_detect_msgs' returned '0': CMAKE_PREFIX_PATH=${CMAKE_PREFIX_PATH}:/opt/ros/jazzy CONDA_PROMPT_MODIFIER=(base) DEBUGINFOD_URLS=https://debuginfod.ubuntu.com /usr/bin/cmake --build /home/delphine/rm/tensorrt10_detect/build/tensorrt_detect_msgs -- -j20 -l20
[4.333s] Invoking command in '/home/delphine/rm/tensorrt10_detect/build/tensorrt_detect_msgs': CMAKE_PREFIX_PATH=${CMAKE_PREFIX_PATH}:/opt/ros/jazzy CONDA_PROMPT_MODIFIER=(base) DEBUGINFOD_URLS=https://debuginfod.ubuntu.com /usr/bin/cmake --install /home/delphine/rm/tensorrt10_detect/build/tensorrt_detect_msgs
[4.341s] -- Install configuration: ""
[4.341s] -- Installing: /home/delphine/rm/tensorrt10_detect/install/tensorrt_detect_msgs/share/ament_index/resource_index/rosidl_interfaces/tensorrt_detect_msgs
[4.342s] -- Installing: /home/delphine/rm/tensorrt10_detect/install/tensorrt_detect_msgs/share/tensorrt_detect_msgs/msg/DetectionBox.json
[4.342s] -- Installing: /home/delphine/rm/tensorrt10_detect/install/tensorrt_detect_msgs/share/tensorrt_detect_msgs/msg/DetectionArray.json
[4.342s] -- Installing: /home/delphine/rm/tensorrt10_detect/install/tensorrt_detect_msgs/share/tensorrt_detect_msgs/msg/WorldTarget.json
[4.342s] -- Installing: /home/delphine/rm/tensorrt10_detect/install/tensorrt_detect_msgs/share/tensorrt_detect_msgs/msg/WorldTargetArray.json
[4.342s] -- Installing: /home/delphine/rm/tensorrt10_detect/install/tensorrt_detect_msgs/include/tensorrt_detect_msgs/tensorrt_detect_msgs
[4.342s] -- Installing: /home/delphine/rm/tensorrt10_detect/install/tensorrt_detect_msgs/include/tensorrt_detect_msgs/tensorrt_detect_msgs/msg
[4.342s] -- Installing: /home/delphine/rm/tensorrt10_detect/install/tensorrt_detect_msgs/include/tensorrt_detect_msgs/tensorrt_detect_msgs/msg/world_target_array.h
[4.342s] -- Installing: /home/delphine/rm/tensorrt10_detect/install/tensorrt_detect_msgs/include/tensorrt_detect_msgs/tensorrt_detect_msgs/msg/detection_box.h
[4.342s] -- Installing: /home/delphine/rm/tensorrt10_detect/install/tensorrt_detect_msgs/include/tensorrt_detect_msgs/tensorrt_detect_msgs/msg/world_target.h
[4.343s] -- Installing: /home/delphine/rm/tensorrt10_detect/install/tensorrt_detect_msgs/include/tensorrt_detect_msgs/tensorrt_detect_msgs/msg/rosidl_generator_c__visibility_control.h
[4.343s] -- Installing: /home/delphine/rm/tensorrt10_detect/install/tensorrt_detect_msgs/include/tensorrt_detect_msgs/tensorrt_detect_msgs/msg/detection_array.h
[4.343s] -- Installing: /home/delphine/rm/tensorrt10_detect/install/tensorrt_detect_msgs/include/tensorrt_detect_msgs/tensorrt_detect_msgs/msg/detail
[4.343s] -- Installing: /home/delphine/rm/tensorrt10_detect/install/tensorrt_detect_msgs/include/tensorrt_detect_msgs/tensorrt_detect_msgs/msg/detail/detection_box__description.c
[4.343s] -- Installing: /home/delphine/rm/tensorrt10_detect/install/tensorrt_detect_msgs/include/tensorrt_detect_msgs/tensorrt_detect_msgs/msg/detail/detection_box__struct.h
[4.343s] -- Installing: /home/delphine/rm/tensorrt10_detect/install/tensorrt_detect_msgs/include/tensorrt_detect_msgs/tensorrt_detect_msgs/msg/detail/world_target__type_support.c
[4.343s] -- Installing: /home/delphine/rm/tensorrt10_detect/install/tensorrt_detect_msgs/include/tensorrt_detect_msgs/tensorrt_detect_msgs/msg/detail/detection_array__type_support.c
[4.343s] -- Installing: /home/delphine/rm/tensorrt10_detect/install/tensorrt_detect_msgs/include/tensorrt_detect_msgs/tensorrt_detect_msgs/msg/detail/world_target_array__type_support.h
[4.343s] -- Installing: /home/delphine/rm/tensorrt10_detect/install/tensorrt_detect_msgs/include/tensorrt_detect_msgs/tensorrt_detect_msgs/msg/detail/world_target__functions.h
[4.344s] -- Installing: /home/delphine/rm/tensorrt10_detect/install/tensorrt_detect_msgs/include/tensorrt_detect_msgs/tensorrt_detect_msgs/msg/detail/detection_box__functions.c
[4.344s] -- Installing: /home/delphine/rm/tensorrt10_detect/install/tensorrt_detect_msgs/include/tensorrt_detect_msgs/tensorrt_detect_msgs/msg/detail/world_target_array__type_support.c
[4.344s] -- Installing: /home/delphine/rm/tensorrt10_detect/install/tensorrt_detect_msgs/include/tensorrt_detect_msgs/tensorrt_detect_msgs/msg/detail/detection_box__type_support.c
[4.344s] -- Installing: /home/delphine/rm/tensorrt10_detect/install/tensorrt_detect_msgs/include/tensorrt_detect_msgs/tensorrt_detect_msgs/msg/detail/world_target__type_support.h
[4.344s] -- Installing: /home/delphine/rm/tensorrt10_detect/install/tensorrt_detect_msgs/include/tensorrt_detect_msgs/tensorrt_detect_msgs/msg/detail/detection_array__functions.h
[4.344s] -- Installing: /home/delphine/rm/tensorrt10_detect/install/tensorrt_detect_msgs/include/tensorrt_detect_msgs/tensorrt_detect_msgs/msg/detail/detection_box__type_support.h
[4.344s] -- Installing: /home/delphine/rm/tensorrt10_detect/install/tensorrt_detect_msgs/include/tensorrt_detect_msgs/tensorrt_detect_msgs/msg/detail/detection_array__struct.h
[4.345s] -- Installing: /home/delphine/rm/tensorrt10_detect/install/tensorrt_detect_msgs/include/tensorrt_detect_msgs/tensorrt_detect_msgs/msg/detail/world_target__functions.c
[4.345s] -- Installing: /home/delphine/rm/tensorrt10_detect/install/tensorrt_detect_msgs/include/tensorrt_detect_msgs/tensorrt_detect_msgs/msg/detail/world_target__description.c
[4.345s] -- Installing: /home/delphine/rm/tensorrt10_detect/install/tensorrt_detect_msgs/include/tensorrt_detect_msgs/tensorrt_detect_msgs/msg/detail/detection_array__functions.c
[4.345s] -- Installing: /home/delphine/rm/tensorrt10_detect/install/tensorrt_detect_msgs/include/tensorrt_detect_msgs/tensorrt_detect_msgs/msg/detail/detection_array__description.c
[4.345s] -- Installing: /home/delphine/rm/tensorrt10_detect/install/tensorrt_detect_msgs/include/tensorrt_detect_msgs/tensorrt_detect_msgs/msg/detail/world_target_array__description.c
[4.345s] -- Installing: /home/delphine/rm/tensorrt10_detect/install/tensorrt_detect_msgs/include/tensorrt_detect_msgs/tensorrt_detect_msgs/msg/detail/detection_array__type_support.h
[4.345s] -- Installing: /home/delphine/rm/tensorrt10_detect/install/tensorrt_detect_msgs/include/tensorrt_detect_msgs/tensorrt_detect_msgs/msg/detail/detection_box__functions.h
[4.345s] -- Installing: /home/delphine/rm/tensorrt10_detect/install/tensorrt_detect_msgs/include/tensorrt_detect_msgs/tensorrt_detect_msgs/msg/detail/world_target_array__functions.c
[4.345s] -- Installing: /home/delphine/rm/tensorrt10_detect/install/tensorrt_detect_msgs/include/tensorrt_detect_msgs/tensorrt_detect_msgs/msg/detail/world_target_array__functions.h
[4.345s] -- Installing: /home/delphine/rm/tensorrt10_detect/install/tensorrt_detect_msgs/include/tensorrt_detect_msgs/tensorrt_detect_msgs/msg/detail/world_target_array__struct.h
[4.345s] -- Installing: /home/delphine/rm/tensorrt10_detect/install/tensorrt_detect_msgs/include/tensorrt_detect_msgs/tensorrt_detect_msgs/msg/detail/world_target__struct.h
[4.345s] -- Installing: /home/delphine/rm/tensorrt10_detect/install/tensorrt_detect_msgs/share/tensorrt_detect_msgs/environment/library_path.sh
[4.345s] -- Installing: /home/delphine/rm/tensorrt10_detect/install/tensorrt_detect_msgs/share/tensorrt_detect_msgs/environment/library_path.dsv
[4.345s] -- Installing: /home/delphine/rm/tensorrt10_detect/install/tensorrt_detect_msgs/lib/libtensorrt_detect_msgs__rosidl_generator_c.so
[4.345s] -- Set non-toolchain portion of runtime path of "/home/delphine/rm/tensorrt10_detect/install/tensorrt_detect_msgs/lib/libtensorrt_detect_msgs__rosidl_generator_c.so" to ""
[4.345s] -- Up-to-date: /home/delphine/rm/tensorrt10_detect/install/tensorrt_detect_msgs/include/tensorrt_detect_msgs/tensorrt_detect_msgs
[4.346s] -- Up-to-date: /home/delphine/rm/tensorrt10_detect/install/tensorrt_detect_msgs/include/tensorrt_detect_msgs/tensorrt_detect_msgs/msg
[4.346s] -- Installing: /home/delphine/rm/tensorrt10_detect/install/tensorrt_detect_msgs/include/tensorrt_detect_msgs/tensorrt_detect_msgs/msg/rosidl_typesupport_fastrtps_c__visibility_control.h
[4.346s] -- Up-to-date: /home/delphine/rm/tensorrt10_detect/install/tensorrt_detect_msgs/include/tensorrt_detect_msgs/tensorrt_detect_msgs/msg/detail
[4.346s] -- Installing: /home/delphine/rm/tensorrt10_detect/install/tensorrt_detect_msgs/include/tensorrt_detect_msgs/tensorrt_detect_msgs/msg/detail/detection_array__rosidl_typesupport_fastrtps_c.h
[4.346s] -- Installing: /home/delphine/rm/tensorrt10_detect/install/tensorrt_detect_msgs/include/tensorrt_detect_msgs/tensorrt_detect_msgs/msg/detail/world_target_array__rosidl_typesupport_fastrtps_c.h
[4.346s] -- Installing: /home/delphine/rm/tensorrt10_detect/install/tensorrt_detect_msgs/include/tensorrt_detect_msgs/tensorrt_detect_msgs/msg/detail/detection_box__rosidl_typesupport_fastrtps_c.h
[4.346s] -- Installing: /home/delphine/rm/tensorrt10_detect/install/tensorrt_detect_msgs/include/tensorrt_detect_msgs/tensorrt_detect_msgs/msg/detail/world_target__rosidl_typesupport_fastrtps_c.h
[4.346s] -- Installing: /home/delphine/rm/tensorrt10_detect/install/tensorrt_detect_msgs/lib/libtensorrt_detect_msgs__rosidl_typesupport_fastrtps_c.so
[4.346s] -- Set non-toolchain portion of runtime path of "/home/delphine/rm/tensorrt10_detect/install/tensorrt_detect_msgs/lib/libtensorrt_detect_msgs__rosidl_typesupport_fastrtps_c.so" to ""
[4.346s] -- Up-to-date: /home/delphine/rm/tensorrt10_detect/install/tensorrt_detect_msgs/include/tensorrt_detect_msgs/tensorrt_detect_msgs
[4.346s] -- Up-to-date: /home/delphine/rm/tensorrt10_detect/install/tensorrt_detect_msgs/include/tensorrt_detect_msgs/tensorrt_detect_msgs/msg
[4.347s] -- Installing: /home/delphine/rm/tensorrt10_detect/install/tensorrt_detect_msgs/include/tensorrt_detect_msgs/tensorrt_detect_msgs/msg/rosidl_typesupport_introspection_c__visibility_control.h
[4.347s] -- Up-to-date: /home/delphine/rm/tensorrt10_detect/install/tensorrt_detect_msgs/include/tensorrt_detect_msgs/tensorrt_detect_msgs/msg/detail
[4.347s] -- Installing: /home/delphine/rm/tensorrt10_detect/install/tensorrt_detect_msgs/include/tensorrt_detect_msgs/tensorrt_detect_msgs/msg/detail/world_target__rosidl_typesupport_introspection_c.h
[4.347s] -- Installing: /home/delphine/rm/tensorrt10_detect/install/tensorrt_detect_msgs/include/tensorrt_detect_msgs/tensorrt_detect_msgs/msg/detail/detection_box__rosidl_typesupport_introspection_c.h
[4.347s] -- Up-to-date: /home/delphine/rm/tensorrt10_detect/install/tensorrt_detect_msgs/include/tensorrt_detect_msgs/tensorrt_detect_msgs/msg/detail/world_target__type_support.c
[4.347s] -- Up-to-date: /home/delphine/rm/tensorrt10_detect/install/tensorrt_detect_msgs/include/tensorrt_detect_msgs/tensorrt_detect_msgs/msg/detail/detection_array__type_support.c
[4.347s] -- Up-to-date: /home/delphine/rm/tensorrt10_detect/install/tensorrt_detect_msgs/include/tensorrt_detect_msgs/tensorrt_detect_msgs/msg/detail/world_target_array__type_support.c
[4.347s] -- Up-to-date: /home/delphine/rm/tensorrt10_detect/install/tensorrt_detect_msgs/include/tensorrt_detect_msgs/tensorrt_detect_msgs/msg/detail/detection_box__type_support.c
[4.348s] -- Installing: /home/delphine/rm/tensorrt10_detect/install/tensorrt_detect_msgs/include/tensorrt_detect_msgs/tensorrt_detect_msgs/msg/detail/world_target_array__rosidl_typesupport_introspection_c.h
[4.348s] -- Installing: /home/delphine/rm/tensorrt10_detect/install/tensorrt_detect_msgs/include/tensorrt_detect_msgs/tensorrt_detect_msgs/msg/detail/detection_array__rosidl_typesupport_introspection_c.h
[4.348s] -- Installing: /home/delphine/rm/tensorrt10_detect/install/tensorrt_detect_msgs/lib/libtensorrt_detect_msgs__rosidl_typesupport_introspection_c.so
[4.348s] -- Set non-toolchain portion of runtime path of "/home/delphine/rm/tensorrt10_detect/install/tensorrt_detect_msgs/lib/libtensorrt_detect_msgs__rosidl_typesupport_introspection_c.so" to ""
[4.348s] -- Installing: /home/delphine/rm/tensorrt10_detect/install/tensorrt_detect_msgs/lib/libtensorrt_detect_msgs__rosidl_typesupport_c.so
[4.348s] -- Set non-toolchain portion of runtime path of "/home/delphine/rm/tensorrt10_detect/install/tensorrt_detect_msgs/lib/libtensorrt_detect_msgs__rosidl_typesupport_c.so" to ""
[4.349s] -- Up-to-date: /home/delphine/rm/tensorrt10_detect/install/tensorrt_detect_msgs/include/tensorrt_detect_msgs/tensorrt_detect_msgs
[4.349s] -- Up-to-date: /home/delphine/rm/tensorrt10_detect/install/tensorrt_detect_msgs/include/tensorrt_detect_msgs/tensorrt_detect_msgs/msg
[4.349s] -- Installing: /home/delphine/rm/tensorrt10_detect/install/tensorrt_detect_msgs/include/tensorrt_detect_msgs/tensorrt_detect_msgs/msg/detection_array.hpp
[4.349s] -- Installing: /home/delphine/rm/tensorrt10_detect/install/tensorrt_detect_msgs/include/tensorrt_detect_msgs/tensorrt_detect_msgs/msg/world_target_array.hpp
[4.349s] -- Up-to-date: /home/delphine/rm/tensorrt10_detect/install/tensorrt_detect_msgs/include/tensorrt_detect_msgs/tensorrt_detect_msgs/msg/detail
[4.349s] -- Installing: /home/delphine/rm/tensorrt10_detect/install/tensorrt_detect_msgs/include/tensorrt_detect_msgs/tensorrt_detect_msgs/msg/detail/detection_box__type_support.hpp
[4.349s] -- Installing: /home/delphine/rm/tensorrt10_detect/install/tensorrt_detect_msgs/include/tensorrt_detect_msgs/tensorrt_detect_msgs/msg/detail/world_target__traits.hpp
[4.349s] -- Installing: /home/delphine/rm/tensorrt10_detect/install/tensorrt_detect_msgs/include/tensorrt_detect_msgs/tensorrt_detect_msgs/msg/detail/world_target__struct.hpp
[4.349s] -- Installing: /home/delphine/rm/tensorrt10_detect/install/tensorrt_detect_msgs/include/tensorrt_detect_msgs/tensorrt_detect_msgs/msg/detail/detection_array__traits.hpp
[4.350s] -- Installing: /home/delphine/rm/tensorrt10_detect/install/tensorrt_detect_msgs/include/tensorrt_detect_msgs/tensorrt_detect_msgs/msg/detail/world_target_array__builder.hpp
[4.350s] -- Installing: /home/delphine/rm/tensorrt10_detect/install/tensorrt_detect_msgs/include/tensorrt_detect_msgs/tensorrt_detect_msgs/msg/detail/detection_box__builder.hpp
[4.350s] -- Installing: /home/delphine/rm/tensorrt10_detect/install/tensorrt_detect_msgs/include/tensorrt_detect_msgs/tensorrt_detect_msgs/msg/detail/detection_array__type_support.hpp
[4.350s] -- Installing: /home/delphine/rm/tensorrt10_detect/install/tensorrt_detect_msgs/include/tensorrt_detect_msgs/tensorrt_detect_msgs/msg/detail/detection_array__struct.hpp
[4.350s] -- Installing: /home/delphine/rm/tensorrt10_detect/install/tensorrt_detect_msgs/include/tensorrt_detect_msgs/tensorrt_detect_msgs/msg/detail/world_target__type_support.hpp
[4.350s] -- Installing: /home/delphine/rm/tensorrt10_detect/install/tensorrt_detect_msgs/include/tensorrt_detect_msgs/tensorrt_detect_msgs/msg/detail/detection_box__traits.hpp
[4.350s] -- Installing: /home/delphine/rm/tensorrt10_detect/install/tensorrt_detect_msgs/include/tensorrt_detect_msgs/tensorrt_detect_msgs/msg/detail/world_target_array__struct.hpp
[4.351s] -- Installing: /home/delphine/rm/tensorrt10_detect/install/tensorrt_detect_msgs/include/tensorrt_detect_msgs/tensorrt_detect_msgs/msg/detail/world_target_array__type_support.hpp
[4.351s] -- Installing: /home/delphine/rm/tensorrt10_detect/install/tensorrt_detect_msgs/include/tensorrt_detect_msgs/tensorrt_detect_msgs/msg/detail/world_target__builder.hpp
[4.351s] -- Installing: /home/delphine/rm/tensorrt10_detect/install/tensorrt_detect_msgs/include/tensorrt_detect_msgs/tensorrt_detect_msgs/msg/detail/world_target_array__traits.hpp
[4.351s] -- Installing: /home/delphine/rm/tensorrt10_detect/install/tensorrt_detect_msgs/include/tensorrt_detect_msgs/tensorrt_detect_msgs/msg/detail/detection_box__struct.hpp
[4.351s] -- Installing: /home/delphine/rm/tensorrt10_detect/install/tensorrt_detect_msgs/include/tensorrt_detect_msgs/tensorrt_detect_msgs/msg/detail/detection_array__builder.hpp
[4.351s] -- Installing: /home/delphine/rm/tensorrt10_detect/install/tensorrt_detect_msgs/include/tensorrt_detect_msgs/tensorrt_detect_msgs/msg/detection_box.hpp
[4.352s] -- Installing: /home/delphine/rm/tensorrt10_detect/install/tensorrt_detect_msgs/include/tensorrt_detect_msgs/tensorrt_detect_msgs/msg/rosidl_generator_cpp__visibility_control.hpp
[4.352s] -- Installing: /home/delphine/rm/tensorrt10_detect/install/tensorrt_detect_msgs/include/tensorrt_detect_msgs/tensorrt_detect_msgs/msg/world_target.hpp
[4.352s] -- Up-to-date: /home/delphine/rm/tensorrt10_detect/install/tensorrt_detect_msgs/include/tensorrt_detect_msgs/tensorrt_detect_msgs
[4.352s] -- Up-to-date: /home/delphine/rm/tensorrt10_detect/install/tensorrt_detect_msgs/include/tensorrt_detect_msgs/tensorrt_detect_msgs/msg
[4.352s] -- Installing: /home/delphine/rm/tensorrt10_detect/install/tensorrt_detect_msgs/include/tensorrt_detect_msgs/tensorrt_detect_msgs/msg/rosidl_typesupport_fastrtps_cpp__visibility_control.h
[4.352s] -- Up-to-date: /home/delphine/rm/tensorrt10_detect/install/tensorrt_detect_msgs/include/tensorrt_detect_msgs/tensorrt_detect_msgs/msg/detail
[4.352s] -- Installing: /home/delphine/rm/tensorrt10_detect/install/tensorrt_detect_msgs/include/tensorrt_detect_msgs/tensorrt_detect_msgs/msg/detail/world_target_array__rosidl_typesupport_fastrtps_cpp.hpp
[4.352s] -- Installing: /home/delphine/rm/tensorrt10_detect/install/tensorrt_detect_msgs/include/tensorrt_detect_msgs/tensorrt_detect_msgs/msg/detail/world_target__rosidl_typesupport_fastrtps_cpp.hpp
[4.352s] -- Installing: /home/delphine/rm/tensorrt10_detect/install/tensorrt_detect_msgs/include/tensorrt_detect_msgs/tensorrt_detect_msgs/msg/detail/detection_box__rosidl_typesupport_fastrtps_cpp.hpp
[4.352s] -- Installing: /home/delphine/rm/tensorrt10_detect/install/tensorrt_detect_msgs/include/tensorrt_detect_msgs/tensorrt_detect_msgs/msg/detail/dds_fastrtps
[4.353s] -- Installing: /home/delphine/rm/tensorrt10_detect/install/tensorrt_detect_msgs/include/tensorrt_detect_msgs/tensorrt_detect_msgs/msg/detail/detection_array__rosidl_typesupport_fastrtps_cpp.hpp
[4.353s] -- Installing: /home/delphine/rm/tensorrt10_detect/install/tensorrt_detect_msgs/lib/libtensorrt_detect_msgs__rosidl_typesupport_fastrtps_cpp.so
[4.353s] -- Set non-toolchain portion of runtime path of "/home/delphine/rm/tensorrt10_detect/install/tensorrt_detect_msgs/lib/libtensorrt_detect_msgs__rosidl_typesupport_fastrtps_cpp.so" to ""
[4.353s] -- Up-to-date: /home/delphine/rm/tensorrt10_detect/install/tensorrt_detect_msgs/include/tensorrt_detect_msgs/tensorrt_detect_msgs
[4.353s] -- Up-to-date: /home/delphine/rm/tensorrt10_detect/install/tensorrt_detect_msgs/include/tensorrt_detect_msgs/tensorrt_detect_msgs/msg
[4.353s] -- Up-to-date: /home/delphine/rm/tensorrt10_detect/install/tensorrt_detect_msgs/include/tensorrt_detect_msgs/tensorrt_detect_msgs/msg/detail
[4.353s] -- Installing: /home/delphine/rm/tensorrt10_detect/install/tensorrt_detect_msgs/include/tensorrt_detect_msgs/tensorrt_detect_msgs/msg/detail/world_target_array__rosidl_typesupport_introspection_cpp.hpp
[4.353s] -- Installing: /home/delphine/rm/tensorrt10_detect/install/tensorrt_detect_msgs/include/tensorrt_detect_msgs/tensorrt_detect_msgs/msg/detail/detection_array__type_support.cpp
[4.353s] -- Installing: /home/delphine/rm/tensorrt10_detect/install/tensorrt_detect_msgs/include/tensorrt_detect_msgs/tensorrt_detect_msgs/msg/detail/world_target__rosidl_typesupport_introspection_cpp.hpp
[4.353s] -- Installing: /home/delphine/rm/tensorrt10_detect/install/tensorrt_detect_msgs/include/tensorrt_detect_msgs/tensorrt_detect_msgs/msg/detail/detection_array__rosidl_typesupport_introspection_cpp.hpp
[4.353s] -- Installing: /home/delphine/rm/tensorrt10_detect/install/tensorrt_detect_msgs/include/tensorrt_detect_msgs/tensorrt_detect_msgs/msg/detail/detection_box__rosidl_typesupport_introspection_cpp.hpp
[4.353s] -- Installing: /home/delphine/rm/tensorrt10_detect/install/tensorrt_detect_msgs/include/tensorrt_detect_msgs/tensorrt_detect_msgs/msg/detail/detection_box__type_support.cpp
[4.353s] -- Installing: /home/delphine/rm/tensorrt10_detect/install/tensorrt_detect_msgs/include/tensorrt_detect_msgs/tensorrt_detect_msgs/msg/detail/world_target_array__type_support.cpp
[4.353s] -- Installing: /home/delphine/rm/tensorrt10_detect/install/tensorrt_detect_msgs/include/tensorrt_detect_msgs/tensorrt_detect_msgs/msg/detail/world_target__type_support.cpp
[4.353s] -- Installing: /home/delphine/rm/tensorrt10_detect/install/tensorrt_detect_msgs/lib/libtensorrt_detect_msgs__rosidl_typesupport_introspection_cpp.so
[4.353s] -- Set non-toolchain portion of runtime path of "/home/delphine/rm/tensorrt10_detect/install/tensorrt_detect_msgs/lib/libtensorrt_detect_msgs__rosidl_typesupport_introspection_cpp.so" to ""
[4.353s] -- Installing: /home/delphine/rm/tensorrt10_detect/install/tensorrt_detect_msgs/lib/libtensorrt_detect_msgs__rosidl_typesupport_cpp.so
[4.353s] -- Set non-toolchain portion of runtime path of "/home/delphine/rm/tensorrt10_detect/install/tensorrt_detect_msgs/lib/libtensorrt_detect_msgs__rosidl_typesupport_cpp.so" to ""
[4.353s] -- Installing: /home/delphine/rm/tensorrt10_detect/install/tensorrt_detect_msgs/share/tensorrt_detect_msgs/environment/pythonpath.sh
[4.353s] -- Installing: /home/delphine/rm/tensorrt10_detect/install/tensorrt_detect_msgs/share/tensorrt_detect_msgs/environment/pythonpath.dsv
[4.353s] -- Installing: /home/delphine/rm/tensorrt10_detect/install/tensorrt_detect_msgs/lib/python3.13/site-packages/tensorrt_detect_msgs-0.0.1-py3.13.egg-info
[4.353s] -- Installing: /home/delphine/rm/tensorrt10_detect/install/tensorrt_detect_msgs/lib/python3.13/site-packages/tensorrt_detect_msgs-0.0.1-py3.13.egg-info/SOURCES.txt
[4.353s] -- Installing: /home/delphine/rm/tensorrt10_detect/install/tensorrt_detect_msgs/lib/python3.13/site-packages/tensorrt_detect_msgs-0.0.1-py3.13.egg-info/dependency_links.txt
[4.353s] -- Installing: /home/delphine/rm/tensorrt10_detect/install/tensorrt_detect_msgs/lib/python3.13/site-packages/tensorrt_detect_msgs-0.0.1-py3.13.egg-info/PKG-INFO
[4.353s] -- Installing: /home/delphine/rm/tensorrt10_detect/install/tensorrt_detect_msgs/lib/python3.13/site-packages/tensorrt_detect_msgs-0.0.1-py3.13.egg-info/top_level.txt
[4.353s] -- Installing: /home/delphine/rm/tensorrt10_detect/install/tensorrt_detect_msgs/lib/python3.13/site-packages/tensorrt_detect_msgs
[4.353s] -- Installing: /home/delphine/rm/tensorrt10_detect/install/tensorrt_detect_msgs/lib/python3.13/site-packages/tensorrt_detect_msgs/tensorrt_detect_msgs_s__rosidl_typesupport_introspection_c.so
[4.354s] -- Installing: /home/delphine/rm/tensorrt10_detect/install/tensorrt_detect_msgs/lib/python3.13/site-packages/tensorrt_detect_msgs/_tensorrt_detect_msgs_s.ep.rosidl_typesupport_introspection_c.c
[4.354s] -- Installing: /home/delphine/rm/tensorrt10_detect/install/tensorrt_detect_msgs/lib/python3.13/site-packages/tensorrt_detect_msgs/__init__.py
[4.354s] -- Installing: /home/delphine/rm/tensorrt10_detect/install/tensorrt_detect_msgs/lib/python3.13/site-packages/tensorrt_detect_msgs/tensorrt_detect_msgs_s__rosidl_typesupport_c.so
[4.354s] -- Installing: /home/delphine/rm/tensorrt10_detect/install/tensorrt_detect_msgs/lib/python3.13/site-packages/tensorrt_detect_msgs/msg
[4.354s] -- Installing: /home/delphine/rm/tensorrt10_detect/install/tensorrt_detect_msgs/lib/python3.13/site-packages/tensorrt_detect_msgs/msg/__init__.py
[4.354s] -- Installing: /home/delphine/rm/tensorrt10_detect/install/tensorrt_detect_msgs/lib/python3.13/site-packages/tensorrt_detect_msgs/msg/_detection_box_s.c
[4.354s] -- Installing: /home/delphine/rm/tensorrt10_detect/install/tensorrt_detect_msgs/lib/python3.13/site-packages/tensorrt_detect_msgs/msg/_world_target_s.c
[4.354s] -- Installing: /home/delphine/rm/tensorrt10_detect/install/tensorrt_detect_msgs/lib/python3.13/site-packages/tensorrt_detect_msgs/msg/_world_target_array.py
[4.354s] -- Installing: /home/delphine/rm/tensorrt10_detect/install/tensorrt_detect_msgs/lib/python3.13/site-packages/tensorrt_detect_msgs/msg/_world_target.py
[4.354s] -- Installing: /home/delphine/rm/tensorrt10_detect/install/tensorrt_detect_msgs/lib/python3.13/site-packages/tensorrt_detect_msgs/msg/_detection_box.py
[4.354s] -- Installing: /home/delphine/rm/tensorrt10_detect/install/tensorrt_detect_msgs/lib/python3.13/site-packages/tensorrt_detect_msgs/msg/_detection_array_s.c
[4.354s] -- Installing: /home/delphine/rm/tensorrt10_detect/install/tensorrt_detect_msgs/lib/python3.13/site-packages/tensorrt_detect_msgs/msg/_detection_array.py
[4.354s] -- Installing: /home/delphine/rm/tensorrt10_detect/install/tensorrt_detect_msgs/lib/python3.13/site-packages/tensorrt_detect_msgs/msg/_world_target_array_s.c
[4.354s] -- Installing: /home/delphine/rm/tensorrt10_detect/install/tensorrt_detect_msgs/lib/python3.13/site-packages/tensorrt_detect_msgs/tensorrt_detect_msgs_s__rosidl_typesupport_fastrtps_c.so
[4.354s] -- Installing: /home/delphine/rm/tensorrt10_detect/install/tensorrt_detect_msgs/lib/python3.13/site-packages/tensorrt_detect_msgs/_tensorrt_detect_msgs_s.ep.rosidl_typesupport_fastrtps_c.c
[4.354s] -- Installing: /home/delphine/rm/tensorrt10_detect/install/tensorrt_detect_msgs/lib/python3.13/site-packages/tensorrt_detect_msgs/_tensorrt_detect_msgs_s.ep.rosidl_typesupport_c.c
[4.378s] Listing '/home/delphine/rm/tensorrt10_detect/install/tensorrt_detect_msgs/lib/python3.13/site-packages/tensorrt_detect_msgs'...
[4.378s] Compiling '/home/delphine/rm/tensorrt10_detect/install/tensorrt_detect_msgs/lib/python3.13/site-packages/tensorrt_detect_msgs/__init__.py'...
[4.378s] Listing '/home/delphine/rm/tensorrt10_detect/install/tensorrt_detect_msgs/lib/python3.13/site-packages/tensorrt_detect_msgs/msg'...
[4.378s] Compiling '/home/delphine/rm/tensorrt10_detect/install/tensorrt_detect_msgs/lib/python3.13/site-packages/tensorrt_detect_msgs/msg/__init__.py'...
[4.378s] Compiling '/home/delphine/rm/tensorrt10_detect/install/tensorrt_detect_msgs/lib/python3.13/site-packages/tensorrt_detect_msgs/msg/_detection_array.py'...
[4.378s] Compiling '/home/delphine/rm/tensorrt10_detect/install/tensorrt_detect_msgs/lib/python3.13/site-packages/tensorrt_detect_msgs/msg/_detection_box.py'...
[4.378s] Compiling '/home/delphine/rm/tensorrt10_detect/install/tensorrt_detect_msgs/lib/python3.13/site-packages/tensorrt_detect_msgs/msg/_world_target.py'...
[4.378s] Compiling '/home/delphine/rm/tensorrt10_detect/install/tensorrt_detect_msgs/lib/python3.13/site-packages/tensorrt_detect_msgs/msg/_world_target_array.py'...
[4.382s] -- Installing: /home/delphine/rm/tensorrt10_detect/install/tensorrt_detect_msgs/lib/python3.13/site-packages/tensorrt_detect_msgs/tensorrt_detect_msgs_s__rosidl_typesupport_fastrtps_c.so
[4.382s] -- Set non-toolchain portion of runtime path of "/home/delphine/rm/tensorrt10_detect/install/tensorrt_detect_msgs/lib/python3.13/site-packages/tensorrt_detect_msgs/tensorrt_detect_msgs_s__rosidl_typesupport_fastrtps_c.so" to ""
[4.382s] -- Installing: /home/delphine/rm/tensorrt10_detect/install/tensorrt_detect_msgs/lib/python3.13/site-packages/tensorrt_detect_msgs/tensorrt_detect_msgs_s__rosidl_typesupport_introspection_c.so
[4.382s] -- Set non-toolchain portion of runtime path of "/home/delphine/rm/tensorrt10_detect/install/tensorrt_detect_msgs/lib/python3.13/site-packages/tensorrt_detect_msgs/tensorrt_detect_msgs_s__rosidl_typesupport_introspection_c.so" to ""
[4.382s] -- Installing: /home/delphine/rm/tensorrt10_detect/install/tensorrt_detect_msgs/lib/python3.13/site-packages/tensorrt_detect_msgs/tensorrt_detect_msgs_s__rosidl_typesupport_c.so
[4.383s] -- Set non-toolchain portion of runtime path of "/home/delphine/rm/tensorrt10_detect/install/tensorrt_detect_msgs/lib/python3.13/site-packages/tensorrt_detect_msgs/tensorrt_detect_msgs_s__rosidl_typesupport_c.so" to ""
[4.383s] -- Installing: /home/delphine/rm/tensorrt10_detect/install/tensorrt_detect_msgs/lib/libtensorrt_detect_msgs__rosidl_generator_py.so
[4.383s] -- Set non-toolchain portion of runtime path of "/home/delphine/rm/tensorrt10_detect/install/tensorrt_detect_msgs/lib/libtensorrt_detect_msgs__rosidl_generator_py.so" to ""
[4.383s] -- Installing: /home/delphine/rm/tensorrt10_detect/install/tensorrt_detect_msgs/share/ament_index/resource_index/rust_packages/tensorrt_detect_msgs
[4.383s] -- Installing: /home/delphine/rm/tensorrt10_detect/install/tensorrt_detect_msgs/share/tensorrt_detect_msgs/rust
[4.383s] -- Installing: /home/delphine/rm/tensorrt10_detect/install/tensorrt_detect_msgs/share/tensorrt_detect_msgs/rust/build.rs
[4.383s] -- Installing: /home/delphine/rm/tensorrt10_detect/install/tensorrt_detect_msgs/share/tensorrt_detect_msgs/rust/src
[4.383s] -- Installing: /home/delphine/rm/tensorrt10_detect/install/tensorrt_detect_msgs/share/tensorrt_detect_msgs/rust/src/msg.rs
[4.383s] -- Installing: /home/delphine/rm/tensorrt10_detect/install/tensorrt_detect_msgs/share/tensorrt_detect_msgs/rust/src/msg
[4.383s] -- Installing: /home/delphine/rm/tensorrt10_detect/install/tensorrt_detect_msgs/share/tensorrt_detect_msgs/rust/src/msg/rmw.rs
[4.383s] -- Installing: /home/delphine/rm/tensorrt10_detect/install/tensorrt_detect_msgs/share/tensorrt_detect_msgs/rust/src/lib.rs
[4.383s] -- Installing: /home/delphine/rm/tensorrt10_detect/install/tensorrt_detect_msgs/share/tensorrt_detect_msgs/rust/Cargo.toml
[4.383s] -- Installing: /home/delphine/rm/tensorrt10_detect/install/tensorrt_detect_msgs/share/tensorrt_detect_msgs/msg/DetectionBox.idl
[4.383s] -- Installing: /home/delphine/rm/tensorrt10_detect/install/tensorrt_detect_msgs/share/tensorrt_detect_msgs/msg/DetectionArray.idl
[4.383s] -- Installing: /home/delphine/rm/tensorrt10_detect/install/tensorrt_detect_msgs/share/tensorrt_detect_msgs/msg/WorldTarget.idl
[4.384s] -- Installing: /home/delphine/rm/tensorrt10_detect/install/tensorrt_detect_msgs/share/tensorrt_detect_msgs/msg/WorldTargetArray.idl
[4.384s] -- Installing: /home/delphine/rm/tensorrt10_detect/install/tensorrt_detect_msgs/share/tensorrt_detect_msgs/msg/DetectionBox.msg
[4.384s] -- Installing: /home/delphine/rm/tensorrt10_detect/install/tensorrt_detect_msgs/share/tensorrt_detect_msgs/msg/DetectionArray.msg
[4.384s] -- Installing: /home/delphine/rm/tensorrt10_detect/install/tensorrt_detect_msgs/share/tensorrt_detect_msgs/msg/WorldTarget.msg
[4.384s] -- Installing: /home/delphine/rm/tensorrt10_detect/install/tensorrt_detect_msgs/share/tensorrt_detect_msgs/msg/WorldTargetArray.msg
[4.384s] -- Installing: /home/delphine/rm/tensorrt10_detect/install/tensorrt_detect_msgs/share/ament_index/resource_index/package_run_dependencies/tensorrt_detect_msgs
[4.384s] -- Installing: /home/delphine/rm/tensorrt10_detect/install/tensorrt_detect_msgs/share/ament_index/resource_index/parent_prefix_path/tensorrt_detect_msgs
[4.384s] -- Installing: /home/delphine/rm/tensorrt10_detect/install/tensorrt_detect_msgs/share/tensorrt_detect_msgs/environment/ament_prefix_path.sh
[4.384s] -- Installing: /home/delphine/rm/tensorrt10_detect/install/tensorrt_detect_msgs/share/tensorrt_detect_msgs/environment/ament_prefix_path.dsv
[4.384s] -- Installing: /home/delphine/rm/tensorrt10_detect/install/tensorrt_detect_msgs/share/tensorrt_detect_msgs/environment/path.sh
[4.384s] -- Installing: /home/delphine/rm/tensorrt10_detect/install/tensorrt_detect_msgs/share/tensorrt_detect_msgs/environment/path.dsv
[4.384s] -- Installing: /home/delphine/rm/tensorrt10_detect/install/tensorrt_detect_msgs/share/tensorrt_detect_msgs/local_setup.bash
[4.384s] -- Installing: /home/delphine/rm/tensorrt10_detect/install/tensorrt_detect_msgs/share/tensorrt_detect_msgs/local_setup.sh
[4.384s] -- Installing: /home/delphine/rm/tensorrt10_detect/install/tensorrt_detect_msgs/share/tensorrt_detect_msgs/local_setup.zsh
[4.384s] -- Installing: /home/delphine/rm/tensorrt10_detect/install/tensorrt_detect_msgs/share/tensorrt_detect_msgs/local_setup.dsv
[4.384s] -- Installing: /home/delphine/rm/tensorrt10_detect/install/tensorrt_detect_msgs/share/tensorrt_detect_msgs/package.dsv
[4.384s] -- Installing: /home/delphine/rm/tensorrt10_detect/install/tensorrt_detect_msgs/share/ament_index/resource_index/packages/tensorrt_detect_msgs
[4.385s] -- Installing: /home/delphine/rm/tensorrt10_detect/install/tensorrt_detect_msgs/share/tensorrt_detect_msgs/cmake/export_tensorrt_detect_msgs__rosidl_generator_cExport.cmake
[4.385s] -- Installing: /home/delphine/rm/tensorrt10_detect/install/tensorrt_detect_msgs/share/tensorrt_detect_msgs/cmake/export_tensorrt_detect_msgs__rosidl_generator_cExport-noconfig.cmake
[4.385s] -- Installing: /home/delphine/rm/tensorrt10_detect/install/tensorrt_detect_msgs/share/tensorrt_detect_msgs/cmake/export_tensorrt_detect_msgs__rosidl_typesupport_fastrtps_cExport.cmake
[4.385s] -- Installing: /home/delphine/rm/tensorrt10_detect/install/tensorrt_detect_msgs/share/tensorrt_detect_msgs/cmake/export_tensorrt_detect_msgs__rosidl_typesupport_fastrtps_cExport-noconfig.cmake
[4.385s] -- Installing: /home/delphine/rm/tensorrt10_detect/install/tensorrt_detect_msgs/share/tensorrt_detect_msgs/cmake/tensorrt_detect_msgs__rosidl_typesupport_introspection_cExport.cmake
[4.385s] -- Installing: /home/delphine/rm/tensorrt10_detect/install/tensorrt_detect_msgs/share/tensorrt_detect_msgs/cmake/tensorrt_detect_msgs__rosidl_typesupport_introspection_cExport-noconfig.cmake
[4.385s] -- Installing: /home/delphine/rm/tensorrt10_detect/install/tensorrt_detect_msgs/share/tensorrt_detect_msgs/cmake/tensorrt_detect_msgs__rosidl_typesupport_cExport.cmake
[4.385s] -- Installing: /home/delphine/rm/tensorrt10_detect/install/tensorrt_detect_msgs/share/tensorrt_detect_msgs/cmake/tensorrt_detect_msgs__rosidl_typesupport_cExport-noconfig.cmake
[4.385s] -- Installing: /home/delphine/rm/tensorrt10_detect/install/tensorrt_detect_msgs/share/tensorrt_detect_msgs/cmake/export_tensorrt_detect_msgs__rosidl_generator_cppExport.cmake
[4.385s] -- Installing: /home/delphine/rm/tensorrt10_detect/install/tensorrt_detect_msgs/share/tensorrt_detect_msgs/cmake/export_tensorrt_detect_msgs__rosidl_typesupport_fastrtps_cppExport.cmake
[4.385s] -- Installing: /home/delphine/rm/tensorrt10_detect/install/tensorrt_detect_msgs/share/tensorrt_detect_msgs/cmake/export_tensorrt_detect_msgs__rosidl_typesupport_fastrtps_cppExport-noconfig.cmake
[4.385s] -- Installing: /home/delphine/rm/tensorrt10_detect/install/tensorrt_detect_msgs/share/tensorrt_detect_msgs/cmake/tensorrt_detect_msgs__rosidl_typesupport_introspection_cppExport.cmake
[4.385s] -- Installing: /home/delphine/rm/tensorrt10_detect/install/tensorrt_detect_msgs/share/tensorrt_detect_msgs/cmake/tensorrt_detect_msgs__rosidl_typesupport_introspection_cppExport-noconfig.cmake
[4.385s] -- Installing: /home/delphine/rm/tensorrt10_detect/install/tensorrt_detect_msgs/share/tensorrt_detect_msgs/cmake/tensorrt_detect_msgs__rosidl_typesupport_cppExport.cmake
[4.385s] -- Installing: /home/delphine/rm/tensorrt10_detect/install/tensorrt_detect_msgs/share/tensorrt_detect_msgs/cmake/tensorrt_detect_msgs__rosidl_typesupport_cppExport-noconfig.cmake
[4.386s] -- Installing: /home/delphine/rm/tensorrt10_detect/install/tensorrt_detect_msgs/share/tensorrt_detect_msgs/cmake/export_tensorrt_detect_msgs__rosidl_generator_pyExport.cmake
[4.386s] -- Installing: /home/delphine/rm/tensorrt10_detect/install/tensorrt_detect_msgs/share/tensorrt_detect_msgs/cmake/export_tensorrt_detect_msgs__rosidl_generator_pyExport-noconfig.cmake
[4.386s] -- Installing: /home/delphine/rm/tensorrt10_detect/install/tensorrt_detect_msgs/share/tensorrt_detect_msgs/cmake/rosidl_cmake-extras.cmake
[4.386s] -- Installing: /home/delphine/rm/tensorrt10_detect/install/tensorrt_detect_msgs/share/tensorrt_detect_msgs/cmake/ament_cmake_export_dependencies-extras.cmake
[4.386s] -- Installing: /home/delphine/rm/tensorrt10_detect/install/tensorrt_detect_msgs/share/tensorrt_detect_msgs/cmake/ament_cmake_export_include_directories-extras.cmake
[4.386s] -- Installing: /home/delphine/rm/tensorrt10_detect/install/tensorrt_detect_msgs/share/tensorrt_detect_msgs/cmake/ament_cmake_export_libraries-extras.cmake
[4.386s] -- Installing: /home/delphine/rm/tensorrt10_detect/install/tensorrt_detect_msgs/share/tensorrt_detect_msgs/cmake/ament_cmake_export_targets-extras.cmake
[4.386s] -- Installing: /home/delphine/rm/tensorrt10_detect/install/tensorrt_detect_msgs/share/tensorrt_detect_msgs/cmake/rosidl_cmake_export_typesupport_targets-extras.cmake
[4.386s] -- Installing: /home/delphine/rm/tensorrt10_detect/install/tensorrt_detect_msgs/share/tensorrt_detect_msgs/cmake/rosidl_cmake_export_typesupport_libraries-extras.cmake
[4.386s] -- Installing: /home/delphine/rm/tensorrt10_detect/install/tensorrt_detect_msgs/share/tensorrt_detect_msgs/cmake/tensorrt_detect_msgsConfig.cmake
[4.386s] -- Installing: /home/delphine/rm/tensorrt10_detect/install/tensorrt_detect_msgs/share/tensorrt_detect_msgs/cmake/tensorrt_detect_msgsConfig-version.cmake
[4.386s] -- Installing: /home/delphine/rm/tensorrt10_detect/install/tensorrt_detect_msgs/share/tensorrt_detect_msgs/package.xml
[4.388s] Invoked command in '/home/delphine/rm/tensorrt10_detect/build/tensorrt_detect_msgs' returned '0': CMAKE_PREFIX_PATH=${CMAKE_PREFIX_PATH}:/opt/ros/jazzy CONDA_PROMPT_MODIFIER=(base) DEBUGINFOD_URLS=https://debuginfod.ubuntu.com /usr/bin/cmake --install /home/delphine/rm/tensorrt10_detect/build/tensorrt_detect_msgs
