[0.015s] Invoking command in '/home/delphine/rm/tensorrt10_detect/build/tensorrt_detect_msgs': CMAKE_PREFIX_PATH=${CMAKE_PREFIX_PATH}:/opt/ros/jazzy DEBUGINFOD_URLS=https://debuginfod.ubuntu.com /usr/bin/cmake --build /home/delphine/rm/tensorrt10_detect/build/tensorrt_detect_msgs -- -j20 -l20
[0.064s] [  1%] Built target tensorrt_detect_msgs__rs
[0.065s] [  2%] Built target tensorrt_detect_msgs__rosidl_generator_type_description
[0.079s] [  2%] Built target ament_cmake_python_copy_tensorrt_detect_msgs
[0.090s] [  4%] Built target tensorrt_detect_msgs__cpp
[0.093s] [ 26%] Built target tensorrt_detect_msgs__rosidl_generator_c
[0.121s] [ 36%] Built target tensorrt_detect_msgs__rosidl_typesupport_c
[0.121s] [ 46%] Built target tensorrt_detect_msgs__rosidl_typesupport_cpp
[0.122s] [ 54%] Built target tensorrt_detect_msgs__rosidl_typesupport_fastrtps_c
[0.122s] [ 64%] Built target tensorrt_detect_msgs__rosidl_typesupport_introspection_c
[0.128s] [ 73%] Built target tensorrt_detect_msgs__rosidl_typesupport_introspection_cpp
[0.128s] [ 82%] Built target tensorrt_detect_msgs__rosidl_typesupport_fastrtps_cpp
[0.164s] [ 82%] Built target tensorrt_detect_msgs
[0.205s] [ 84%] Built target tensorrt_detect_msgs__py
[0.246s] [ 92%] Built target tensorrt_detect_msgs__rosidl_generator_py
[0.277s] [100%] Built target tensorrt_detect_msgs_s__rosidl_typesupport_introspection_c
[0.277s] [100%] Built target tensorrt_detect_msgs_s__rosidl_typesupport_fastrtps_c
[0.278s] [100%] Built target tensorrt_detect_msgs_s__rosidl_typesupport_c
[0.311s] running egg_info
[0.326s] writing tensorrt_detect_msgs.egg-info/PKG-INFO
[0.326s] writing dependency_links to tensorrt_detect_msgs.egg-info/dependency_links.txt
[0.326s] writing top-level names to tensorrt_detect_msgs.egg-info/top_level.txt
[0.369s] reading manifest file 'tensorrt_detect_msgs.egg-info/SOURCES.txt'
[0.369s] writing manifest file 'tensorrt_detect_msgs.egg-info/SOURCES.txt'
[0.402s] [100%] Built target ament_cmake_python_build_tensorrt_detect_msgs_egg
[0.419s] Invoked command in '/home/delphine/rm/tensorrt10_detect/build/tensorrt_detect_msgs' returned '0': CMAKE_PREFIX_PATH=${CMAKE_PREFIX_PATH}:/opt/ros/jazzy DEBUGINFOD_URLS=https://debuginfod.ubuntu.com /usr/bin/cmake --build /home/delphine/rm/tensorrt10_detect/build/tensorrt_detect_msgs -- -j20 -l20
[0.434s] Invoking command in '/home/delphine/rm/tensorrt10_detect/build/tensorrt_detect_msgs': CMAKE_PREFIX_PATH=${CMAKE_PREFIX_PATH}:/opt/ros/jazzy DEBUGINFOD_URLS=https://debuginfod.ubuntu.com /usr/bin/cmake --install /home/delphine/rm/tensorrt10_detect/build/tensorrt_detect_msgs
[0.444s] -- Install configuration: ""
[0.445s] -- Up-to-date: /home/delphine/rm/tensorrt10_detect/install/tensorrt_detect_msgs/share/ament_index/resource_index/rosidl_interfaces/tensorrt_detect_msgs
[0.445s] -- Up-to-date: /home/delphine/rm/tensorrt10_detect/install/tensorrt_detect_msgs/share/tensorrt_detect_msgs/msg/DetectionBox.json
[0.445s] -- Up-to-date: /home/delphine/rm/tensorrt10_detect/install/tensorrt_detect_msgs/share/tensorrt_detect_msgs/msg/DetectionArray.json
[0.445s] -- Up-to-date: /home/delphine/rm/tensorrt10_detect/install/tensorrt_detect_msgs/share/tensorrt_detect_msgs/msg/WorldTarget.json
[0.445s] -- Up-to-date: /home/delphine/rm/tensorrt10_detect/install/tensorrt_detect_msgs/share/tensorrt_detect_msgs/msg/WorldTargetArray.json
[0.445s] -- Up-to-date: /home/delphine/rm/tensorrt10_detect/install/tensorrt_detect_msgs/share/tensorrt_detect_msgs/msg/RadarMap.json
[0.445s] -- Up-to-date: /home/delphine/rm/tensorrt10_detect/install/tensorrt_detect_msgs/include/tensorrt_detect_msgs/tensorrt_detect_msgs
[0.445s] -- Up-to-date: /home/delphine/rm/tensorrt10_detect/install/tensorrt_detect_msgs/include/tensorrt_detect_msgs/tensorrt_detect_msgs/msg
[0.445s] -- Up-to-date: /home/delphine/rm/tensorrt10_detect/install/tensorrt_detect_msgs/include/tensorrt_detect_msgs/tensorrt_detect_msgs/msg/world_target_array.h
[0.445s] -- Up-to-date: /home/delphine/rm/tensorrt10_detect/install/tensorrt_detect_msgs/include/tensorrt_detect_msgs/tensorrt_detect_msgs/msg/detection_box.h
[0.445s] -- Up-to-date: /home/delphine/rm/tensorrt10_detect/install/tensorrt_detect_msgs/include/tensorrt_detect_msgs/tensorrt_detect_msgs/msg/world_target.h
[0.446s] -- Up-to-date: /home/delphine/rm/tensorrt10_detect/install/tensorrt_detect_msgs/include/tensorrt_detect_msgs/tensorrt_detect_msgs/msg/rosidl_generator_c__visibility_control.h
[0.446s] -- Up-to-date: /home/delphine/rm/tensorrt10_detect/install/tensorrt_detect_msgs/include/tensorrt_detect_msgs/tensorrt_detect_msgs/msg/radar_map.h
[0.446s] -- Up-to-date: /home/delphine/rm/tensorrt10_detect/install/tensorrt_detect_msgs/include/tensorrt_detect_msgs/tensorrt_detect_msgs/msg/detection_array.h
[0.446s] -- Up-to-date: /home/delphine/rm/tensorrt10_detect/install/tensorrt_detect_msgs/include/tensorrt_detect_msgs/tensorrt_detect_msgs/msg/detail
[0.446s] -- Up-to-date: /home/delphine/rm/tensorrt10_detect/install/tensorrt_detect_msgs/include/tensorrt_detect_msgs/tensorrt_detect_msgs/msg/detail/detection_box__description.c
[0.446s] -- Up-to-date: /home/delphine/rm/tensorrt10_detect/install/tensorrt_detect_msgs/include/tensorrt_detect_msgs/tensorrt_detect_msgs/msg/detail/detection_box__struct.h
[0.446s] -- Up-to-date: /home/delphine/rm/tensorrt10_detect/install/tensorrt_detect_msgs/include/tensorrt_detect_msgs/tensorrt_detect_msgs/msg/detail/radar_map__description.c
[0.446s] -- Up-to-date: /home/delphine/rm/tensorrt10_detect/install/tensorrt_detect_msgs/include/tensorrt_detect_msgs/tensorrt_detect_msgs/msg/detail/radar_map__type_support.c
[0.446s] -- Up-to-date: /home/delphine/rm/tensorrt10_detect/install/tensorrt_detect_msgs/include/tensorrt_detect_msgs/tensorrt_detect_msgs/msg/detail/world_target__type_support.c
[0.446s] -- Up-to-date: /home/delphine/rm/tensorrt10_detect/install/tensorrt_detect_msgs/include/tensorrt_detect_msgs/tensorrt_detect_msgs/msg/detail/detection_array__type_support.c
[0.446s] -- Up-to-date: /home/delphine/rm/tensorrt10_detect/install/tensorrt_detect_msgs/include/tensorrt_detect_msgs/tensorrt_detect_msgs/msg/detail/world_target_array__type_support.h
[0.446s] -- Up-to-date: /home/delphine/rm/tensorrt10_detect/install/tensorrt_detect_msgs/include/tensorrt_detect_msgs/tensorrt_detect_msgs/msg/detail/world_target__functions.h
[0.446s] -- Up-to-date: /home/delphine/rm/tensorrt10_detect/install/tensorrt_detect_msgs/include/tensorrt_detect_msgs/tensorrt_detect_msgs/msg/detail/detection_box__functions.c
[0.446s] -- Up-to-date: /home/delphine/rm/tensorrt10_detect/install/tensorrt_detect_msgs/include/tensorrt_detect_msgs/tensorrt_detect_msgs/msg/detail/world_target_array__type_support.c
[0.446s] -- Up-to-date: /home/delphine/rm/tensorrt10_detect/install/tensorrt_detect_msgs/include/tensorrt_detect_msgs/tensorrt_detect_msgs/msg/detail/detection_box__type_support.c
[0.447s] -- Up-to-date: /home/delphine/rm/tensorrt10_detect/install/tensorrt_detect_msgs/include/tensorrt_detect_msgs/tensorrt_detect_msgs/msg/detail/world_target__type_support.h
[0.447s] -- Up-to-date: /home/delphine/rm/tensorrt10_detect/install/tensorrt_detect_msgs/include/tensorrt_detect_msgs/tensorrt_detect_msgs/msg/detail/detection_array__functions.h
[0.447s] -- Up-to-date: /home/delphine/rm/tensorrt10_detect/install/tensorrt_detect_msgs/include/tensorrt_detect_msgs/tensorrt_detect_msgs/msg/detail/detection_box__type_support.h
[0.447s] -- Up-to-date: /home/delphine/rm/tensorrt10_detect/install/tensorrt_detect_msgs/include/tensorrt_detect_msgs/tensorrt_detect_msgs/msg/detail/detection_array__struct.h
[0.447s] -- Up-to-date: /home/delphine/rm/tensorrt10_detect/install/tensorrt_detect_msgs/include/tensorrt_detect_msgs/tensorrt_detect_msgs/msg/detail/world_target__functions.c
[0.447s] -- Up-to-date: /home/delphine/rm/tensorrt10_detect/install/tensorrt_detect_msgs/include/tensorrt_detect_msgs/tensorrt_detect_msgs/msg/detail/world_target__description.c
[0.447s] -- Up-to-date: /home/delphine/rm/tensorrt10_detect/install/tensorrt_detect_msgs/include/tensorrt_detect_msgs/tensorrt_detect_msgs/msg/detail/detection_array__functions.c
[0.447s] -- Up-to-date: /home/delphine/rm/tensorrt10_detect/install/tensorrt_detect_msgs/include/tensorrt_detect_msgs/tensorrt_detect_msgs/msg/detail/detection_array__description.c
[0.447s] -- Up-to-date: /home/delphine/rm/tensorrt10_detect/install/tensorrt_detect_msgs/include/tensorrt_detect_msgs/tensorrt_detect_msgs/msg/detail/radar_map__functions.h
[0.447s] -- Up-to-date: /home/delphine/rm/tensorrt10_detect/install/tensorrt_detect_msgs/include/tensorrt_detect_msgs/tensorrt_detect_msgs/msg/detail/world_target_array__description.c
[0.447s] -- Up-to-date: /home/delphine/rm/tensorrt10_detect/install/tensorrt_detect_msgs/include/tensorrt_detect_msgs/tensorrt_detect_msgs/msg/detail/detection_array__type_support.h
[0.447s] -- Up-to-date: /home/delphine/rm/tensorrt10_detect/install/tensorrt_detect_msgs/include/tensorrt_detect_msgs/tensorrt_detect_msgs/msg/detail/radar_map__functions.c
[0.447s] -- Up-to-date: /home/delphine/rm/tensorrt10_detect/install/tensorrt_detect_msgs/include/tensorrt_detect_msgs/tensorrt_detect_msgs/msg/detail/radar_map__type_support.h
[0.447s] -- Up-to-date: /home/delphine/rm/tensorrt10_detect/install/tensorrt_detect_msgs/include/tensorrt_detect_msgs/tensorrt_detect_msgs/msg/detail/detection_box__functions.h
[0.447s] -- Up-to-date: /home/delphine/rm/tensorrt10_detect/install/tensorrt_detect_msgs/include/tensorrt_detect_msgs/tensorrt_detect_msgs/msg/detail/world_target_array__functions.c
[0.448s] -- Up-to-date: /home/delphine/rm/tensorrt10_detect/install/tensorrt_detect_msgs/include/tensorrt_detect_msgs/tensorrt_detect_msgs/msg/detail/world_target_array__functions.h
[0.448s] -- Up-to-date: /home/delphine/rm/tensorrt10_detect/install/tensorrt_detect_msgs/include/tensorrt_detect_msgs/tensorrt_detect_msgs/msg/detail/world_target_array__struct.h
[0.448s] -- Up-to-date: /home/delphine/rm/tensorrt10_detect/install/tensorrt_detect_msgs/include/tensorrt_detect_msgs/tensorrt_detect_msgs/msg/detail/world_target__struct.h
[0.448s] -- Up-to-date: /home/delphine/rm/tensorrt10_detect/install/tensorrt_detect_msgs/include/tensorrt_detect_msgs/tensorrt_detect_msgs/msg/detail/radar_map__struct.h
[0.448s] -- Up-to-date: /home/delphine/rm/tensorrt10_detect/install/tensorrt_detect_msgs/share/tensorrt_detect_msgs/environment/library_path.sh
[0.448s] -- Up-to-date: /home/delphine/rm/tensorrt10_detect/install/tensorrt_detect_msgs/share/tensorrt_detect_msgs/environment/library_path.dsv
[0.448s] -- Up-to-date: /home/delphine/rm/tensorrt10_detect/install/tensorrt_detect_msgs/lib/libtensorrt_detect_msgs__rosidl_generator_c.so
[0.448s] -- Up-to-date: /home/delphine/rm/tensorrt10_detect/install/tensorrt_detect_msgs/include/tensorrt_detect_msgs/tensorrt_detect_msgs
[0.448s] -- Up-to-date: /home/delphine/rm/tensorrt10_detect/install/tensorrt_detect_msgs/include/tensorrt_detect_msgs/tensorrt_detect_msgs/msg
[0.448s] -- Up-to-date: /home/delphine/rm/tensorrt10_detect/install/tensorrt_detect_msgs/include/tensorrt_detect_msgs/tensorrt_detect_msgs/msg/rosidl_typesupport_fastrtps_c__visibility_control.h
[0.448s] -- Up-to-date: /home/delphine/rm/tensorrt10_detect/install/tensorrt_detect_msgs/include/tensorrt_detect_msgs/tensorrt_detect_msgs/msg/detail
[0.448s] -- Up-to-date: /home/delphine/rm/tensorrt10_detect/install/tensorrt_detect_msgs/include/tensorrt_detect_msgs/tensorrt_detect_msgs/msg/detail/detection_array__rosidl_typesupport_fastrtps_c.h
[0.448s] -- Up-to-date: /home/delphine/rm/tensorrt10_detect/install/tensorrt_detect_msgs/include/tensorrt_detect_msgs/tensorrt_detect_msgs/msg/detail/radar_map__rosidl_typesupport_fastrtps_c.h
[0.448s] -- Up-to-date: /home/delphine/rm/tensorrt10_detect/install/tensorrt_detect_msgs/include/tensorrt_detect_msgs/tensorrt_detect_msgs/msg/detail/world_target_array__rosidl_typesupport_fastrtps_c.h
[0.448s] -- Up-to-date: /home/delphine/rm/tensorrt10_detect/install/tensorrt_detect_msgs/include/tensorrt_detect_msgs/tensorrt_detect_msgs/msg/detail/detection_box__rosidl_typesupport_fastrtps_c.h
[0.448s] -- Up-to-date: /home/delphine/rm/tensorrt10_detect/install/tensorrt_detect_msgs/include/tensorrt_detect_msgs/tensorrt_detect_msgs/msg/detail/world_target__rosidl_typesupport_fastrtps_c.h
[0.449s] -- Up-to-date: /home/delphine/rm/tensorrt10_detect/install/tensorrt_detect_msgs/lib/libtensorrt_detect_msgs__rosidl_typesupport_fastrtps_c.so
[0.449s] -- Up-to-date: /home/delphine/rm/tensorrt10_detect/install/tensorrt_detect_msgs/include/tensorrt_detect_msgs/tensorrt_detect_msgs
[0.449s] -- Up-to-date: /home/delphine/rm/tensorrt10_detect/install/tensorrt_detect_msgs/include/tensorrt_detect_msgs/tensorrt_detect_msgs/msg
[0.449s] -- Up-to-date: /home/delphine/rm/tensorrt10_detect/install/tensorrt_detect_msgs/include/tensorrt_detect_msgs/tensorrt_detect_msgs/msg/rosidl_typesupport_introspection_c__visibility_control.h
[0.449s] -- Up-to-date: /home/delphine/rm/tensorrt10_detect/install/tensorrt_detect_msgs/include/tensorrt_detect_msgs/tensorrt_detect_msgs/msg/detail
[0.449s] -- Up-to-date: /home/delphine/rm/tensorrt10_detect/install/tensorrt_detect_msgs/include/tensorrt_detect_msgs/tensorrt_detect_msgs/msg/detail/world_target__rosidl_typesupport_introspection_c.h
[0.449s] -- Up-to-date: /home/delphine/rm/tensorrt10_detect/install/tensorrt_detect_msgs/include/tensorrt_detect_msgs/tensorrt_detect_msgs/msg/detail/detection_box__rosidl_typesupport_introspection_c.h
[0.449s] -- Up-to-date: /home/delphine/rm/tensorrt10_detect/install/tensorrt_detect_msgs/include/tensorrt_detect_msgs/tensorrt_detect_msgs/msg/detail/radar_map__type_support.c
[0.449s] -- Up-to-date: /home/delphine/rm/tensorrt10_detect/install/tensorrt_detect_msgs/include/tensorrt_detect_msgs/tensorrt_detect_msgs/msg/detail/world_target__type_support.c
[0.449s] -- Up-to-date: /home/delphine/rm/tensorrt10_detect/install/tensorrt_detect_msgs/include/tensorrt_detect_msgs/tensorrt_detect_msgs/msg/detail/detection_array__type_support.c
[0.449s] -- Up-to-date: /home/delphine/rm/tensorrt10_detect/install/tensorrt_detect_msgs/include/tensorrt_detect_msgs/tensorrt_detect_msgs/msg/detail/world_target_array__type_support.c
[0.449s] -- Up-to-date: /home/delphine/rm/tensorrt10_detect/install/tensorrt_detect_msgs/include/tensorrt_detect_msgs/tensorrt_detect_msgs/msg/detail/detection_box__type_support.c
[0.449s] -- Up-to-date: /home/delphine/rm/tensorrt10_detect/install/tensorrt_detect_msgs/include/tensorrt_detect_msgs/tensorrt_detect_msgs/msg/detail/radar_map__rosidl_typesupport_introspection_c.h
[0.449s] -- Up-to-date: /home/delphine/rm/tensorrt10_detect/install/tensorrt_detect_msgs/include/tensorrt_detect_msgs/tensorrt_detect_msgs/msg/detail/world_target_array__rosidl_typesupport_introspection_c.h
[0.449s] -- Up-to-date: /home/delphine/rm/tensorrt10_detect/install/tensorrt_detect_msgs/include/tensorrt_detect_msgs/tensorrt_detect_msgs/msg/detail/detection_array__rosidl_typesupport_introspection_c.h
[0.449s] -- Up-to-date: /home/delphine/rm/tensorrt10_detect/install/tensorrt_detect_msgs/lib/libtensorrt_detect_msgs__rosidl_typesupport_introspection_c.so
[0.450s] -- Up-to-date: /home/delphine/rm/tensorrt10_detect/install/tensorrt_detect_msgs/lib/libtensorrt_detect_msgs__rosidl_typesupport_c.so
[0.450s] -- Up-to-date: /home/delphine/rm/tensorrt10_detect/install/tensorrt_detect_msgs/include/tensorrt_detect_msgs/tensorrt_detect_msgs
[0.450s] -- Up-to-date: /home/delphine/rm/tensorrt10_detect/install/tensorrt_detect_msgs/include/tensorrt_detect_msgs/tensorrt_detect_msgs/msg
[0.450s] -- Up-to-date: /home/delphine/rm/tensorrt10_detect/install/tensorrt_detect_msgs/include/tensorrt_detect_msgs/tensorrt_detect_msgs/msg/detection_array.hpp
[0.450s] -- Up-to-date: /home/delphine/rm/tensorrt10_detect/install/tensorrt_detect_msgs/include/tensorrt_detect_msgs/tensorrt_detect_msgs/msg/world_target_array.hpp
[0.450s] -- Up-to-date: /home/delphine/rm/tensorrt10_detect/install/tensorrt_detect_msgs/include/tensorrt_detect_msgs/tensorrt_detect_msgs/msg/detail
[0.450s] -- Up-to-date: /home/delphine/rm/tensorrt10_detect/install/tensorrt_detect_msgs/include/tensorrt_detect_msgs/tensorrt_detect_msgs/msg/detail/detection_box__type_support.hpp
[0.450s] -- Up-to-date: /home/delphine/rm/tensorrt10_detect/install/tensorrt_detect_msgs/include/tensorrt_detect_msgs/tensorrt_detect_msgs/msg/detail/world_target__traits.hpp
[0.450s] -- Up-to-date: /home/delphine/rm/tensorrt10_detect/install/tensorrt_detect_msgs/include/tensorrt_detect_msgs/tensorrt_detect_msgs/msg/detail/radar_map__struct.hpp
[0.450s] -- Up-to-date: /home/delphine/rm/tensorrt10_detect/install/tensorrt_detect_msgs/include/tensorrt_detect_msgs/tensorrt_detect_msgs/msg/detail/radar_map__type_support.hpp
[0.450s] -- Up-to-date: /home/delphine/rm/tensorrt10_detect/install/tensorrt_detect_msgs/include/tensorrt_detect_msgs/tensorrt_detect_msgs/msg/detail/world_target__struct.hpp
[0.450s] -- Up-to-date: /home/delphine/rm/tensorrt10_detect/install/tensorrt_detect_msgs/include/tensorrt_detect_msgs/tensorrt_detect_msgs/msg/detail/detection_array__traits.hpp
[0.450s] -- Up-to-date: /home/delphine/rm/tensorrt10_detect/install/tensorrt_detect_msgs/include/tensorrt_detect_msgs/tensorrt_detect_msgs/msg/detail/world_target_array__builder.hpp
[0.450s] -- Up-to-date: /home/delphine/rm/tensorrt10_detect/install/tensorrt_detect_msgs/include/tensorrt_detect_msgs/tensorrt_detect_msgs/msg/detail/radar_map__traits.hpp
[0.450s] -- Up-to-date: /home/delphine/rm/tensorrt10_detect/install/tensorrt_detect_msgs/include/tensorrt_detect_msgs/tensorrt_detect_msgs/msg/detail/detection_box__builder.hpp
[0.450s] -- Up-to-date: /home/delphine/rm/tensorrt10_detect/install/tensorrt_detect_msgs/include/tensorrt_detect_msgs/tensorrt_detect_msgs/msg/detail/detection_array__type_support.hpp
[0.451s] -- Up-to-date: /home/delphine/rm/tensorrt10_detect/install/tensorrt_detect_msgs/include/tensorrt_detect_msgs/tensorrt_detect_msgs/msg/detail/detection_array__struct.hpp
[0.451s] -- Up-to-date: /home/delphine/rm/tensorrt10_detect/install/tensorrt_detect_msgs/include/tensorrt_detect_msgs/tensorrt_detect_msgs/msg/detail/world_target__type_support.hpp
[0.451s] -- Up-to-date: /home/delphine/rm/tensorrt10_detect/install/tensorrt_detect_msgs/include/tensorrt_detect_msgs/tensorrt_detect_msgs/msg/detail/detection_box__traits.hpp
[0.451s] -- Up-to-date: /home/delphine/rm/tensorrt10_detect/install/tensorrt_detect_msgs/include/tensorrt_detect_msgs/tensorrt_detect_msgs/msg/detail/world_target_array__struct.hpp
[0.451s] -- Up-to-date: /home/delphine/rm/tensorrt10_detect/install/tensorrt_detect_msgs/include/tensorrt_detect_msgs/tensorrt_detect_msgs/msg/detail/world_target_array__type_support.hpp
[0.451s] -- Up-to-date: /home/delphine/rm/tensorrt10_detect/install/tensorrt_detect_msgs/include/tensorrt_detect_msgs/tensorrt_detect_msgs/msg/detail/world_target__builder.hpp
[0.451s] -- Up-to-date: /home/delphine/rm/tensorrt10_detect/install/tensorrt_detect_msgs/include/tensorrt_detect_msgs/tensorrt_detect_msgs/msg/detail/world_target_array__traits.hpp
[0.451s] -- Up-to-date: /home/delphine/rm/tensorrt10_detect/install/tensorrt_detect_msgs/include/tensorrt_detect_msgs/tensorrt_detect_msgs/msg/detail/detection_box__struct.hpp
[0.451s] -- Up-to-date: /home/delphine/rm/tensorrt10_detect/install/tensorrt_detect_msgs/include/tensorrt_detect_msgs/tensorrt_detect_msgs/msg/detail/radar_map__builder.hpp
[0.451s] -- Up-to-date: /home/delphine/rm/tensorrt10_detect/install/tensorrt_detect_msgs/include/tensorrt_detect_msgs/tensorrt_detect_msgs/msg/detail/detection_array__builder.hpp
[0.451s] -- Up-to-date: /home/delphine/rm/tensorrt10_detect/install/tensorrt_detect_msgs/include/tensorrt_detect_msgs/tensorrt_detect_msgs/msg/detection_box.hpp
[0.451s] -- Up-to-date: /home/delphine/rm/tensorrt10_detect/install/tensorrt_detect_msgs/include/tensorrt_detect_msgs/tensorrt_detect_msgs/msg/rosidl_generator_cpp__visibility_control.hpp
[0.451s] -- Up-to-date: /home/delphine/rm/tensorrt10_detect/install/tensorrt_detect_msgs/include/tensorrt_detect_msgs/tensorrt_detect_msgs/msg/world_target.hpp
[0.451s] -- Up-to-date: /home/delphine/rm/tensorrt10_detect/install/tensorrt_detect_msgs/include/tensorrt_detect_msgs/tensorrt_detect_msgs/msg/radar_map.hpp
[0.451s] -- Up-to-date: /home/delphine/rm/tensorrt10_detect/install/tensorrt_detect_msgs/include/tensorrt_detect_msgs/tensorrt_detect_msgs
[0.451s] -- Up-to-date: /home/delphine/rm/tensorrt10_detect/install/tensorrt_detect_msgs/include/tensorrt_detect_msgs/tensorrt_detect_msgs/msg
[0.451s] -- Up-to-date: /home/delphine/rm/tensorrt10_detect/install/tensorrt_detect_msgs/include/tensorrt_detect_msgs/tensorrt_detect_msgs/msg/rosidl_typesupport_fastrtps_cpp__visibility_control.h
[0.451s] -- Up-to-date: /home/delphine/rm/tensorrt10_detect/install/tensorrt_detect_msgs/include/tensorrt_detect_msgs/tensorrt_detect_msgs/msg/detail
[0.451s] -- Up-to-date: /home/delphine/rm/tensorrt10_detect/install/tensorrt_detect_msgs/include/tensorrt_detect_msgs/tensorrt_detect_msgs/msg/detail/world_target_array__rosidl_typesupport_fastrtps_cpp.hpp
[0.452s] -- Up-to-date: /home/delphine/rm/tensorrt10_detect/install/tensorrt_detect_msgs/include/tensorrt_detect_msgs/tensorrt_detect_msgs/msg/detail/radar_map__rosidl_typesupport_fastrtps_cpp.hpp
[0.452s] -- Up-to-date: /home/delphine/rm/tensorrt10_detect/install/tensorrt_detect_msgs/include/tensorrt_detect_msgs/tensorrt_detect_msgs/msg/detail/world_target__rosidl_typesupport_fastrtps_cpp.hpp
[0.452s] -- Up-to-date: /home/delphine/rm/tensorrt10_detect/install/tensorrt_detect_msgs/include/tensorrt_detect_msgs/tensorrt_detect_msgs/msg/detail/detection_box__rosidl_typesupport_fastrtps_cpp.hpp
[0.452s] -- Up-to-date: /home/delphine/rm/tensorrt10_detect/install/tensorrt_detect_msgs/include/tensorrt_detect_msgs/tensorrt_detect_msgs/msg/detail/dds_fastrtps
[0.452s] -- Up-to-date: /home/delphine/rm/tensorrt10_detect/install/tensorrt_detect_msgs/include/tensorrt_detect_msgs/tensorrt_detect_msgs/msg/detail/detection_array__rosidl_typesupport_fastrtps_cpp.hpp
[0.452s] -- Up-to-date: /home/delphine/rm/tensorrt10_detect/install/tensorrt_detect_msgs/lib/libtensorrt_detect_msgs__rosidl_typesupport_fastrtps_cpp.so
[0.452s] -- Up-to-date: /home/delphine/rm/tensorrt10_detect/install/tensorrt_detect_msgs/include/tensorrt_detect_msgs/tensorrt_detect_msgs
[0.452s] -- Up-to-date: /home/delphine/rm/tensorrt10_detect/install/tensorrt_detect_msgs/include/tensorrt_detect_msgs/tensorrt_detect_msgs/msg
[0.452s] -- Up-to-date: /home/delphine/rm/tensorrt10_detect/install/tensorrt_detect_msgs/include/tensorrt_detect_msgs/tensorrt_detect_msgs/msg/detail
[0.452s] -- Up-to-date: /home/delphine/rm/tensorrt10_detect/install/tensorrt_detect_msgs/include/tensorrt_detect_msgs/tensorrt_detect_msgs/msg/detail/world_target_array__rosidl_typesupport_introspection_cpp.hpp
[0.452s] -- Up-to-date: /home/delphine/rm/tensorrt10_detect/install/tensorrt_detect_msgs/include/tensorrt_detect_msgs/tensorrt_detect_msgs/msg/detail/radar_map__rosidl_typesupport_introspection_cpp.hpp
[0.452s] -- Up-to-date: /home/delphine/rm/tensorrt10_detect/install/tensorrt_detect_msgs/include/tensorrt_detect_msgs/tensorrt_detect_msgs/msg/detail/detection_array__type_support.cpp
[0.452s] -- Up-to-date: /home/delphine/rm/tensorrt10_detect/install/tensorrt_detect_msgs/include/tensorrt_detect_msgs/tensorrt_detect_msgs/msg/detail/world_target__rosidl_typesupport_introspection_cpp.hpp
[0.452s] -- Up-to-date: /home/delphine/rm/tensorrt10_detect/install/tensorrt_detect_msgs/include/tensorrt_detect_msgs/tensorrt_detect_msgs/msg/detail/detection_array__rosidl_typesupport_introspection_cpp.hpp
[0.452s] -- Up-to-date: /home/delphine/rm/tensorrt10_detect/install/tensorrt_detect_msgs/include/tensorrt_detect_msgs/tensorrt_detect_msgs/msg/detail/detection_box__rosidl_typesupport_introspection_cpp.hpp
[0.452s] -- Up-to-date: /home/delphine/rm/tensorrt10_detect/install/tensorrt_detect_msgs/include/tensorrt_detect_msgs/tensorrt_detect_msgs/msg/detail/radar_map__type_support.cpp
[0.452s] -- Up-to-date: /home/delphine/rm/tensorrt10_detect/install/tensorrt_detect_msgs/include/tensorrt_detect_msgs/tensorrt_detect_msgs/msg/detail/detection_box__type_support.cpp
[0.452s] -- Up-to-date: /home/delphine/rm/tensorrt10_detect/install/tensorrt_detect_msgs/include/tensorrt_detect_msgs/tensorrt_detect_msgs/msg/detail/world_target_array__type_support.cpp
[0.452s] -- Up-to-date: /home/delphine/rm/tensorrt10_detect/install/tensorrt_detect_msgs/include/tensorrt_detect_msgs/tensorrt_detect_msgs/msg/detail/world_target__type_support.cpp
[0.453s] -- Up-to-date: /home/delphine/rm/tensorrt10_detect/install/tensorrt_detect_msgs/lib/libtensorrt_detect_msgs__rosidl_typesupport_introspection_cpp.so
[0.453s] -- Up-to-date: /home/delphine/rm/tensorrt10_detect/install/tensorrt_detect_msgs/lib/libtensorrt_detect_msgs__rosidl_typesupport_cpp.so
[0.453s] -- Up-to-date: /home/delphine/rm/tensorrt10_detect/install/tensorrt_detect_msgs/share/tensorrt_detect_msgs/environment/pythonpath.sh
[0.453s] -- Up-to-date: /home/delphine/rm/tensorrt10_detect/install/tensorrt_detect_msgs/share/tensorrt_detect_msgs/environment/pythonpath.dsv
[0.453s] -- Up-to-date: /home/delphine/rm/tensorrt10_detect/install/tensorrt_detect_msgs/lib/python3.12/site-packages/tensorrt_detect_msgs-0.0.1-py3.12.egg-info
[0.453s] -- Installing: /home/delphine/rm/tensorrt10_detect/install/tensorrt_detect_msgs/lib/python3.12/site-packages/tensorrt_detect_msgs-0.0.1-py3.12.egg-info/SOURCES.txt
[0.453s] -- Installing: /home/delphine/rm/tensorrt10_detect/install/tensorrt_detect_msgs/lib/python3.12/site-packages/tensorrt_detect_msgs-0.0.1-py3.12.egg-info/dependency_links.txt
[0.453s] -- Installing: /home/delphine/rm/tensorrt10_detect/install/tensorrt_detect_msgs/lib/python3.12/site-packages/tensorrt_detect_msgs-0.0.1-py3.12.egg-info/PKG-INFO
[0.453s] -- Installing: /home/delphine/rm/tensorrt10_detect/install/tensorrt_detect_msgs/lib/python3.12/site-packages/tensorrt_detect_msgs-0.0.1-py3.12.egg-info/top_level.txt
[0.453s] -- Up-to-date: /home/delphine/rm/tensorrt10_detect/install/tensorrt_detect_msgs/lib/python3.12/site-packages/tensorrt_detect_msgs
[0.453s] -- Up-to-date: /home/delphine/rm/tensorrt10_detect/install/tensorrt_detect_msgs/lib/python3.12/site-packages/tensorrt_detect_msgs/tensorrt_detect_msgs_s__rosidl_typesupport_introspection_c.so
[0.453s] -- Up-to-date: /home/delphine/rm/tensorrt10_detect/install/tensorrt_detect_msgs/lib/python3.12/site-packages/tensorrt_detect_msgs/_tensorrt_detect_msgs_s.ep.rosidl_typesupport_introspection_c.c
[0.453s] -- Up-to-date: /home/delphine/rm/tensorrt10_detect/install/tensorrt_detect_msgs/lib/python3.12/site-packages/tensorrt_detect_msgs/__init__.py
[0.453s] -- Up-to-date: /home/delphine/rm/tensorrt10_detect/install/tensorrt_detect_msgs/lib/python3.12/site-packages/tensorrt_detect_msgs/tensorrt_detect_msgs_s__rosidl_typesupport_c.so
[0.453s] -- Up-to-date: /home/delphine/rm/tensorrt10_detect/install/tensorrt_detect_msgs/lib/python3.12/site-packages/tensorrt_detect_msgs/msg
[0.453s] -- Up-to-date: /home/delphine/rm/tensorrt10_detect/install/tensorrt_detect_msgs/lib/python3.12/site-packages/tensorrt_detect_msgs/msg/__init__.py
[0.453s] -- Up-to-date: /home/delphine/rm/tensorrt10_detect/install/tensorrt_detect_msgs/lib/python3.12/site-packages/tensorrt_detect_msgs/msg/_detection_box_s.c
[0.453s] -- Up-to-date: /home/delphine/rm/tensorrt10_detect/install/tensorrt_detect_msgs/lib/python3.12/site-packages/tensorrt_detect_msgs/msg/_world_target_s.c
[0.453s] -- Up-to-date: /home/delphine/rm/tensorrt10_detect/install/tensorrt_detect_msgs/lib/python3.12/site-packages/tensorrt_detect_msgs/msg/_world_target_array.py
[0.454s] -- Up-to-date: /home/delphine/rm/tensorrt10_detect/install/tensorrt_detect_msgs/lib/python3.12/site-packages/tensorrt_detect_msgs/msg/_world_target.py
[0.454s] -- Up-to-date: /home/delphine/rm/tensorrt10_detect/install/tensorrt_detect_msgs/lib/python3.12/site-packages/tensorrt_detect_msgs/msg/_radar_map_s.c
[0.454s] -- Up-to-date: /home/delphine/rm/tensorrt10_detect/install/tensorrt_detect_msgs/lib/python3.12/site-packages/tensorrt_detect_msgs/msg/_radar_map.py
[0.454s] -- Up-to-date: /home/delphine/rm/tensorrt10_detect/install/tensorrt_detect_msgs/lib/python3.12/site-packages/tensorrt_detect_msgs/msg/_detection_box.py
[0.454s] -- Up-to-date: /home/delphine/rm/tensorrt10_detect/install/tensorrt_detect_msgs/lib/python3.12/site-packages/tensorrt_detect_msgs/msg/_detection_array_s.c
[0.454s] -- Up-to-date: /home/delphine/rm/tensorrt10_detect/install/tensorrt_detect_msgs/lib/python3.12/site-packages/tensorrt_detect_msgs/msg/_detection_array.py
[0.454s] -- Up-to-date: /home/delphine/rm/tensorrt10_detect/install/tensorrt_detect_msgs/lib/python3.12/site-packages/tensorrt_detect_msgs/msg/_world_target_array_s.c
[0.454s] -- Up-to-date: /home/delphine/rm/tensorrt10_detect/install/tensorrt_detect_msgs/lib/python3.12/site-packages/tensorrt_detect_msgs/tensorrt_detect_msgs_s__rosidl_typesupport_fastrtps_c.so
[0.454s] -- Up-to-date: /home/delphine/rm/tensorrt10_detect/install/tensorrt_detect_msgs/lib/python3.12/site-packages/tensorrt_detect_msgs/_tensorrt_detect_msgs_s.ep.rosidl_typesupport_fastrtps_c.c
[0.454s] -- Up-to-date: /home/delphine/rm/tensorrt10_detect/install/tensorrt_detect_msgs/lib/python3.12/site-packages/tensorrt_detect_msgs/_tensorrt_detect_msgs_s.ep.rosidl_typesupport_c.c
[0.490s] Listing '/home/delphine/rm/tensorrt10_detect/install/tensorrt_detect_msgs/lib/python3.12/site-packages/tensorrt_detect_msgs'...
[0.490s] Listing '/home/delphine/rm/tensorrt10_detect/install/tensorrt_detect_msgs/lib/python3.12/site-packages/tensorrt_detect_msgs/msg'...
[0.499s] -- Up-to-date: /home/delphine/rm/tensorrt10_detect/install/tensorrt_detect_msgs/lib/python3.12/site-packages/tensorrt_detect_msgs/tensorrt_detect_msgs_s__rosidl_typesupport_fastrtps_c.so
[0.499s] -- Up-to-date: /home/delphine/rm/tensorrt10_detect/install/tensorrt_detect_msgs/lib/python3.12/site-packages/tensorrt_detect_msgs/tensorrt_detect_msgs_s__rosidl_typesupport_introspection_c.so
[0.500s] -- Up-to-date: /home/delphine/rm/tensorrt10_detect/install/tensorrt_detect_msgs/lib/python3.12/site-packages/tensorrt_detect_msgs/tensorrt_detect_msgs_s__rosidl_typesupport_c.so
[0.501s] -- Up-to-date: /home/delphine/rm/tensorrt10_detect/install/tensorrt_detect_msgs/lib/libtensorrt_detect_msgs__rosidl_generator_py.so
[0.502s] -- Up-to-date: /home/delphine/rm/tensorrt10_detect/install/tensorrt_detect_msgs/share/ament_index/resource_index/rust_packages/tensorrt_detect_msgs
[0.502s] -- Up-to-date: /home/delphine/rm/tensorrt10_detect/install/tensorrt_detect_msgs/share/tensorrt_detect_msgs/rust
[0.502s] -- Up-to-date: /home/delphine/rm/tensorrt10_detect/install/tensorrt_detect_msgs/share/tensorrt_detect_msgs/rust/build.rs
[0.502s] -- Up-to-date: /home/delphine/rm/tensorrt10_detect/install/tensorrt_detect_msgs/share/tensorrt_detect_msgs/rust/src
[0.502s] -- Up-to-date: /home/delphine/rm/tensorrt10_detect/install/tensorrt_detect_msgs/share/tensorrt_detect_msgs/rust/src/msg.rs
[0.502s] -- Up-to-date: /home/delphine/rm/tensorrt10_detect/install/tensorrt_detect_msgs/share/tensorrt_detect_msgs/rust/src/msg
[0.502s] -- Up-to-date: /home/delphine/rm/tensorrt10_detect/install/tensorrt_detect_msgs/share/tensorrt_detect_msgs/rust/src/msg/rmw.rs
[0.502s] -- Up-to-date: /home/delphine/rm/tensorrt10_detect/install/tensorrt_detect_msgs/share/tensorrt_detect_msgs/rust/src/lib.rs
[0.502s] -- Up-to-date: /home/delphine/rm/tensorrt10_detect/install/tensorrt_detect_msgs/share/tensorrt_detect_msgs/rust/Cargo.toml
[0.502s] -- Up-to-date: /home/delphine/rm/tensorrt10_detect/install/tensorrt_detect_msgs/share/tensorrt_detect_msgs/msg/DetectionBox.idl
[0.502s] -- Up-to-date: /home/delphine/rm/tensorrt10_detect/install/tensorrt_detect_msgs/share/tensorrt_detect_msgs/msg/DetectionArray.idl
[0.502s] -- Up-to-date: /home/delphine/rm/tensorrt10_detect/install/tensorrt_detect_msgs/share/tensorrt_detect_msgs/msg/WorldTarget.idl
[0.503s] -- Up-to-date: /home/delphine/rm/tensorrt10_detect/install/tensorrt_detect_msgs/share/tensorrt_detect_msgs/msg/WorldTargetArray.idl
[0.503s] -- Up-to-date: /home/delphine/rm/tensorrt10_detect/install/tensorrt_detect_msgs/share/tensorrt_detect_msgs/msg/RadarMap.idl
[0.503s] -- Up-to-date: /home/delphine/rm/tensorrt10_detect/install/tensorrt_detect_msgs/share/tensorrt_detect_msgs/msg/DetectionBox.msg
[0.503s] -- Up-to-date: /home/delphine/rm/tensorrt10_detect/install/tensorrt_detect_msgs/share/tensorrt_detect_msgs/msg/DetectionArray.msg
[0.503s] -- Up-to-date: /home/delphine/rm/tensorrt10_detect/install/tensorrt_detect_msgs/share/tensorrt_detect_msgs/msg/WorldTarget.msg
[0.503s] -- Up-to-date: /home/delphine/rm/tensorrt10_detect/install/tensorrt_detect_msgs/share/tensorrt_detect_msgs/msg/WorldTargetArray.msg
[0.503s] -- Up-to-date: /home/delphine/rm/tensorrt10_detect/install/tensorrt_detect_msgs/share/tensorrt_detect_msgs/msg/RadarMap.msg
[0.503s] -- Up-to-date: /home/delphine/rm/tensorrt10_detect/install/tensorrt_detect_msgs/share/ament_index/resource_index/package_run_dependencies/tensorrt_detect_msgs
[0.503s] -- Up-to-date: /home/delphine/rm/tensorrt10_detect/install/tensorrt_detect_msgs/share/ament_index/resource_index/parent_prefix_path/tensorrt_detect_msgs
[0.503s] -- Up-to-date: /home/delphine/rm/tensorrt10_detect/install/tensorrt_detect_msgs/share/tensorrt_detect_msgs/environment/ament_prefix_path.sh
[0.503s] -- Up-to-date: /home/delphine/rm/tensorrt10_detect/install/tensorrt_detect_msgs/share/tensorrt_detect_msgs/environment/ament_prefix_path.dsv
[0.503s] -- Up-to-date: /home/delphine/rm/tensorrt10_detect/install/tensorrt_detect_msgs/share/tensorrt_detect_msgs/environment/path.sh
[0.503s] -- Up-to-date: /home/delphine/rm/tensorrt10_detect/install/tensorrt_detect_msgs/share/tensorrt_detect_msgs/environment/path.dsv
[0.503s] -- Up-to-date: /home/delphine/rm/tensorrt10_detect/install/tensorrt_detect_msgs/share/tensorrt_detect_msgs/local_setup.bash
[0.503s] -- Up-to-date: /home/delphine/rm/tensorrt10_detect/install/tensorrt_detect_msgs/share/tensorrt_detect_msgs/local_setup.sh
[0.504s] -- Up-to-date: /home/delphine/rm/tensorrt10_detect/install/tensorrt_detect_msgs/share/tensorrt_detect_msgs/local_setup.zsh
[0.504s] -- Up-to-date: /home/delphine/rm/tensorrt10_detect/install/tensorrt_detect_msgs/share/tensorrt_detect_msgs/local_setup.dsv
[0.504s] -- Installing: /home/delphine/rm/tensorrt10_detect/install/tensorrt_detect_msgs/share/tensorrt_detect_msgs/package.dsv
[0.504s] -- Up-to-date: /home/delphine/rm/tensorrt10_detect/install/tensorrt_detect_msgs/share/ament_index/resource_index/packages/tensorrt_detect_msgs
[0.504s] -- Up-to-date: /home/delphine/rm/tensorrt10_detect/install/tensorrt_detect_msgs/share/tensorrt_detect_msgs/cmake/export_tensorrt_detect_msgs__rosidl_generator_cExport.cmake
[0.505s] -- Up-to-date: /home/delphine/rm/tensorrt10_detect/install/tensorrt_detect_msgs/share/tensorrt_detect_msgs/cmake/export_tensorrt_detect_msgs__rosidl_generator_cExport-noconfig.cmake
[0.505s] -- Up-to-date: /home/delphine/rm/tensorrt10_detect/install/tensorrt_detect_msgs/share/tensorrt_detect_msgs/cmake/export_tensorrt_detect_msgs__rosidl_typesupport_fastrtps_cExport.cmake
[0.505s] -- Up-to-date: /home/delphine/rm/tensorrt10_detect/install/tensorrt_detect_msgs/share/tensorrt_detect_msgs/cmake/export_tensorrt_detect_msgs__rosidl_typesupport_fastrtps_cExport-noconfig.cmake
[0.505s] -- Up-to-date: /home/delphine/rm/tensorrt10_detect/install/tensorrt_detect_msgs/share/tensorrt_detect_msgs/cmake/tensorrt_detect_msgs__rosidl_typesupport_introspection_cExport.cmake
[0.505s] -- Up-to-date: /home/delphine/rm/tensorrt10_detect/install/tensorrt_detect_msgs/share/tensorrt_detect_msgs/cmake/tensorrt_detect_msgs__rosidl_typesupport_introspection_cExport-noconfig.cmake
[0.506s] -- Up-to-date: /home/delphine/rm/tensorrt10_detect/install/tensorrt_detect_msgs/share/tensorrt_detect_msgs/cmake/tensorrt_detect_msgs__rosidl_typesupport_cExport.cmake
[0.506s] -- Up-to-date: /home/delphine/rm/tensorrt10_detect/install/tensorrt_detect_msgs/share/tensorrt_detect_msgs/cmake/tensorrt_detect_msgs__rosidl_typesupport_cExport-noconfig.cmake
[0.506s] -- Up-to-date: /home/delphine/rm/tensorrt10_detect/install/tensorrt_detect_msgs/share/tensorrt_detect_msgs/cmake/export_tensorrt_detect_msgs__rosidl_generator_cppExport.cmake
[0.506s] -- Up-to-date: /home/delphine/rm/tensorrt10_detect/install/tensorrt_detect_msgs/share/tensorrt_detect_msgs/cmake/export_tensorrt_detect_msgs__rosidl_typesupport_fastrtps_cppExport.cmake
[0.506s] -- Up-to-date: /home/delphine/rm/tensorrt10_detect/install/tensorrt_detect_msgs/share/tensorrt_detect_msgs/cmake/export_tensorrt_detect_msgs__rosidl_typesupport_fastrtps_cppExport-noconfig.cmake
[0.506s] -- Up-to-date: /home/delphine/rm/tensorrt10_detect/install/tensorrt_detect_msgs/share/tensorrt_detect_msgs/cmake/tensorrt_detect_msgs__rosidl_typesupport_introspection_cppExport.cmake
[0.506s] -- Up-to-date: /home/delphine/rm/tensorrt10_detect/install/tensorrt_detect_msgs/share/tensorrt_detect_msgs/cmake/tensorrt_detect_msgs__rosidl_typesupport_introspection_cppExport-noconfig.cmake
[0.507s] -- Up-to-date: /home/delphine/rm/tensorrt10_detect/install/tensorrt_detect_msgs/share/tensorrt_detect_msgs/cmake/tensorrt_detect_msgs__rosidl_typesupport_cppExport.cmake
[0.507s] -- Up-to-date: /home/delphine/rm/tensorrt10_detect/install/tensorrt_detect_msgs/share/tensorrt_detect_msgs/cmake/tensorrt_detect_msgs__rosidl_typesupport_cppExport-noconfig.cmake
[0.507s] -- Up-to-date: /home/delphine/rm/tensorrt10_detect/install/tensorrt_detect_msgs/share/tensorrt_detect_msgs/cmake/export_tensorrt_detect_msgs__rosidl_generator_pyExport.cmake
[0.507s] -- Up-to-date: /home/delphine/rm/tensorrt10_detect/install/tensorrt_detect_msgs/share/tensorrt_detect_msgs/cmake/export_tensorrt_detect_msgs__rosidl_generator_pyExport-noconfig.cmake
[0.507s] -- Up-to-date: /home/delphine/rm/tensorrt10_detect/install/tensorrt_detect_msgs/share/tensorrt_detect_msgs/cmake/rosidl_cmake-extras.cmake
[0.508s] -- Up-to-date: /home/delphine/rm/tensorrt10_detect/install/tensorrt_detect_msgs/share/tensorrt_detect_msgs/cmake/ament_cmake_export_dependencies-extras.cmake
[0.508s] -- Up-to-date: /home/delphine/rm/tensorrt10_detect/install/tensorrt_detect_msgs/share/tensorrt_detect_msgs/cmake/ament_cmake_export_include_directories-extras.cmake
[0.508s] -- Up-to-date: /home/delphine/rm/tensorrt10_detect/install/tensorrt_detect_msgs/share/tensorrt_detect_msgs/cmake/ament_cmake_export_libraries-extras.cmake
[0.508s] -- Up-to-date: /home/delphine/rm/tensorrt10_detect/install/tensorrt_detect_msgs/share/tensorrt_detect_msgs/cmake/ament_cmake_export_targets-extras.cmake
[0.508s] -- Up-to-date: /home/delphine/rm/tensorrt10_detect/install/tensorrt_detect_msgs/share/tensorrt_detect_msgs/cmake/rosidl_cmake_export_typesupport_targets-extras.cmake
[0.508s] -- Up-to-date: /home/delphine/rm/tensorrt10_detect/install/tensorrt_detect_msgs/share/tensorrt_detect_msgs/cmake/rosidl_cmake_export_typesupport_libraries-extras.cmake
[0.508s] -- Up-to-date: /home/delphine/rm/tensorrt10_detect/install/tensorrt_detect_msgs/share/tensorrt_detect_msgs/cmake/tensorrt_detect_msgsConfig.cmake
[0.508s] -- Up-to-date: /home/delphine/rm/tensorrt10_detect/install/tensorrt_detect_msgs/share/tensorrt_detect_msgs/cmake/tensorrt_detect_msgsConfig-version.cmake
[0.508s] -- Up-to-date: /home/delphine/rm/tensorrt10_detect/install/tensorrt_detect_msgs/share/tensorrt_detect_msgs/package.xml
[0.511s] Invoked command in '/home/delphine/rm/tensorrt10_detect/build/tensorrt_detect_msgs' returned '0': CMAKE_PREFIX_PATH=${CMAKE_PREFIX_PATH}:/opt/ros/jazzy DEBUGINFOD_URLS=https://debuginfod.ubuntu.com /usr/bin/cmake --install /home/delphine/rm/tensorrt10_detect/build/tensorrt_detect_msgs
