[0.058s] DEBUG:colcon:Command line arguments: ['/usr/bin/colcon', 'build', '--symlink-install', '--cmake-args', '-DCMAKE_BUILD_TYPE=RelWithDebInfo']
[0.058s] DEBUG:colcon:Parsed command line arguments: Namespace(log_base=None, log_level=None, verb_name='build', build_base='build', install_base='install', merge_install=False, symlink_install=True, test_result_base=None, continue_on_error=False, executor='parallel', parallel_workers=20, event_handlers=None, ignore_user_meta=False, metas=['./colcon.meta'], base_paths=['.'], packages_ignore=None, packages_ignore_regex=None, paths=None, packages_up_to=None, packages_up_to_regex=None, packages_above=None, packages_above_and_dependencies=None, packages_above_depth=None, packages_select_by_dep=None, packages_skip_by_dep=None, packages_skip_up_to=None, packages_select_build_failed=False, packages_skip_build_finished=False, packages_select_test_failures=False, packages_skip_test_passed=False, packages_select=None, packages_skip=None, packages_select_regex=None, packages_skip_regex=None, packages_start=None, packages_end=None, allow_overriding=[], cmake_args=['-DCMAKE_BUILD_TYPE=RelWithDebInfo'], cmake_target=None, cmake_target_skip_unavailable=False, cmake_clean_cache=False, cmake_clean_first=False, cmake_force_configure=False, ament_cmake_args=None, catkin_cmake_args=None, catkin_skip_building_tests=False, verb_parser=<colcon_defaults.argument_parser.defaults.DefaultArgumentsDecorator object at 0x78948b889f70>, verb_extension=<colcon_core.verb.build.BuildVerb object at 0x78948b889b50>, main=<bound method BuildVerb.main of <colcon_core.verb.build.BuildVerb object at 0x78948b889b50>>)
[0.081s] Level 1:colcon.colcon_core.package_discovery:discover_packages(colcon_meta) check parameters
[0.081s] Level 1:colcon.colcon_core.package_discovery:discover_packages(recursive) check parameters
[0.081s] Level 1:colcon.colcon_core.package_discovery:discover_packages(ignore) check parameters
[0.081s] Level 1:colcon.colcon_core.package_discovery:discover_packages(path) check parameters
[0.081s] Level 1:colcon.colcon_core.package_discovery:discover_packages(colcon_meta) discover
[0.081s] Level 1:colcon.colcon_core.package_discovery:discover_packages(recursive) discover
[0.081s] INFO:colcon.colcon_core.package_discovery:Crawling recursively for packages in '/home/delphine/rm/tensorrt10_detect'
[0.081s] Level 1:colcon.colcon_core.package_identification:_identify(.) by extensions ['ignore', 'ignore_ament_install']
[0.081s] Level 1:colcon.colcon_core.package_identification:_identify(.) by extension 'ignore'
[0.081s] Level 1:colcon.colcon_core.package_identification:_identify(.) by extension 'ignore_ament_install'
[0.081s] Level 1:colcon.colcon_core.package_identification:_identify(.) by extensions ['colcon_pkg']
[0.081s] Level 1:colcon.colcon_core.package_identification:_identify(.) by extension 'colcon_pkg'
[0.081s] Level 1:colcon.colcon_core.package_identification:_identify(.) by extensions ['colcon_meta']
[0.081s] Level 1:colcon.colcon_core.package_identification:_identify(.) by extension 'colcon_meta'
[0.081s] Level 1:colcon.colcon_core.package_identification:_identify(.) by extensions ['ros']
[0.081s] Level 1:colcon.colcon_core.package_identification:_identify(.) by extension 'ros'
[0.097s] Level 1:colcon.colcon_core.package_identification:_identify(.) by extensions ['cmake', 'python']
[0.097s] Level 1:colcon.colcon_core.package_identification:_identify(.) by extension 'cmake'
[0.097s] Level 1:colcon.colcon_core.package_identification:_identify(.) by extension 'python'
[0.097s] Level 1:colcon.colcon_core.package_identification:_identify(.) by extensions ['python_setup_py']
[0.097s] Level 1:colcon.colcon_core.package_identification:_identify(.) by extension 'python_setup_py'
[0.097s] Level 1:colcon.colcon_core.package_identification:_identify(build) by extensions ['ignore', 'ignore_ament_install']
[0.097s] Level 1:colcon.colcon_core.package_identification:_identify(build) by extension 'ignore'
[0.098s] Level 1:colcon.colcon_core.package_identification:_identify(build) ignored
[0.098s] Level 1:colcon.colcon_core.package_identification:_identify(configs) by extensions ['ignore', 'ignore_ament_install']
[0.098s] Level 1:colcon.colcon_core.package_identification:_identify(configs) by extension 'ignore'
[0.098s] Level 1:colcon.colcon_core.package_identification:_identify(configs) by extension 'ignore_ament_install'
[0.098s] Level 1:colcon.colcon_core.package_identification:_identify(configs) by extensions ['colcon_pkg']
[0.098s] Level 1:colcon.colcon_core.package_identification:_identify(configs) by extension 'colcon_pkg'
[0.098s] Level 1:colcon.colcon_core.package_identification:_identify(configs) by extensions ['colcon_meta']
[0.098s] Level 1:colcon.colcon_core.package_identification:_identify(configs) by extension 'colcon_meta'
[0.098s] Level 1:colcon.colcon_core.package_identification:_identify(configs) by extensions ['ros']
[0.098s] Level 1:colcon.colcon_core.package_identification:_identify(configs) by extension 'ros'
[0.098s] Level 1:colcon.colcon_core.package_identification:_identify(configs) by extensions ['cmake', 'python']
[0.098s] Level 1:colcon.colcon_core.package_identification:_identify(configs) by extension 'cmake'
[0.098s] Level 1:colcon.colcon_core.package_identification:_identify(configs) by extension 'python'
[0.098s] Level 1:colcon.colcon_core.package_identification:_identify(configs) by extensions ['python_setup_py']
[0.098s] Level 1:colcon.colcon_core.package_identification:_identify(configs) by extension 'python_setup_py'
[0.098s] Level 1:colcon.colcon_core.package_identification:_identify(docs) by extensions ['ignore', 'ignore_ament_install']
[0.098s] Level 1:colcon.colcon_core.package_identification:_identify(docs) by extension 'ignore'
[0.098s] Level 1:colcon.colcon_core.package_identification:_identify(docs) by extension 'ignore_ament_install'
[0.098s] Level 1:colcon.colcon_core.package_identification:_identify(docs) by extensions ['colcon_pkg']
[0.098s] Level 1:colcon.colcon_core.package_identification:_identify(docs) by extension 'colcon_pkg'
[0.098s] Level 1:colcon.colcon_core.package_identification:_identify(docs) by extensions ['colcon_meta']
[0.098s] Level 1:colcon.colcon_core.package_identification:_identify(docs) by extension 'colcon_meta'
[0.098s] Level 1:colcon.colcon_core.package_identification:_identify(docs) by extensions ['ros']
[0.098s] Level 1:colcon.colcon_core.package_identification:_identify(docs) by extension 'ros'
[0.098s] Level 1:colcon.colcon_core.package_identification:_identify(docs) by extensions ['cmake', 'python']
[0.098s] Level 1:colcon.colcon_core.package_identification:_identify(docs) by extension 'cmake'
[0.098s] Level 1:colcon.colcon_core.package_identification:_identify(docs) by extension 'python'
[0.098s] Level 1:colcon.colcon_core.package_identification:_identify(docs) by extensions ['python_setup_py']
[0.098s] Level 1:colcon.colcon_core.package_identification:_identify(docs) by extension 'python_setup_py'
[0.098s] Level 1:colcon.colcon_core.package_identification:_identify(install) by extensions ['ignore', 'ignore_ament_install']
[0.098s] Level 1:colcon.colcon_core.package_identification:_identify(install) by extension 'ignore'
[0.098s] Level 1:colcon.colcon_core.package_identification:_identify(install) ignored
[0.098s] Level 1:colcon.colcon_core.package_identification:_identify(log) by extensions ['ignore', 'ignore_ament_install']
[0.098s] Level 1:colcon.colcon_core.package_identification:_identify(log) by extension 'ignore'
[0.098s] Level 1:colcon.colcon_core.package_identification:_identify(log) ignored
[0.098s] Level 1:colcon.colcon_core.package_identification:_identify(models) by extensions ['ignore', 'ignore_ament_install']
[0.098s] Level 1:colcon.colcon_core.package_identification:_identify(models) by extension 'ignore'
[0.099s] Level 1:colcon.colcon_core.package_identification:_identify(models) by extension 'ignore_ament_install'
[0.099s] Level 1:colcon.colcon_core.package_identification:_identify(models) by extensions ['colcon_pkg']
[0.099s] Level 1:colcon.colcon_core.package_identification:_identify(models) by extension 'colcon_pkg'
[0.099s] Level 1:colcon.colcon_core.package_identification:_identify(models) by extensions ['colcon_meta']
[0.099s] Level 1:colcon.colcon_core.package_identification:_identify(models) by extension 'colcon_meta'
[0.099s] Level 1:colcon.colcon_core.package_identification:_identify(models) by extensions ['ros']
[0.099s] Level 1:colcon.colcon_core.package_identification:_identify(models) by extension 'ros'
[0.099s] Level 1:colcon.colcon_core.package_identification:_identify(models) by extensions ['cmake', 'python']
[0.099s] Level 1:colcon.colcon_core.package_identification:_identify(models) by extension 'cmake'
[0.099s] Level 1:colcon.colcon_core.package_identification:_identify(models) by extension 'python'
[0.099s] Level 1:colcon.colcon_core.package_identification:_identify(models) by extensions ['python_setup_py']
[0.099s] Level 1:colcon.colcon_core.package_identification:_identify(models) by extension 'python_setup_py'
[0.099s] Level 1:colcon.colcon_core.package_identification:_identify(src) by extensions ['ignore', 'ignore_ament_install']
[0.099s] Level 1:colcon.colcon_core.package_identification:_identify(src) by extension 'ignore'
[0.099s] Level 1:colcon.colcon_core.package_identification:_identify(src) by extension 'ignore_ament_install'
[0.099s] Level 1:colcon.colcon_core.package_identification:_identify(src) by extensions ['colcon_pkg']
[0.099s] Level 1:colcon.colcon_core.package_identification:_identify(src) by extension 'colcon_pkg'
[0.099s] Level 1:colcon.colcon_core.package_identification:_identify(src) by extensions ['colcon_meta']
[0.099s] Level 1:colcon.colcon_core.package_identification:_identify(src) by extension 'colcon_meta'
[0.099s] Level 1:colcon.colcon_core.package_identification:_identify(src) by extensions ['ros']
[0.099s] Level 1:colcon.colcon_core.package_identification:_identify(src) by extension 'ros'
[0.099s] Level 1:colcon.colcon_core.package_identification:_identify(src) by extensions ['cmake', 'python']
[0.099s] Level 1:colcon.colcon_core.package_identification:_identify(src) by extension 'cmake'
[0.099s] Level 1:colcon.colcon_core.package_identification:_identify(src) by extension 'python'
[0.099s] Level 1:colcon.colcon_core.package_identification:_identify(src) by extensions ['python_setup_py']
[0.099s] Level 1:colcon.colcon_core.package_identification:_identify(src) by extension 'python_setup_py'
[0.099s] Level 1:colcon.colcon_core.package_identification:_identify(src/tensorrt_detect) by extensions ['ignore', 'ignore_ament_install']
[0.099s] Level 1:colcon.colcon_core.package_identification:_identify(src/tensorrt_detect) by extension 'ignore'
[0.099s] Level 1:colcon.colcon_core.package_identification:_identify(src/tensorrt_detect) by extension 'ignore_ament_install'
[0.099s] Level 1:colcon.colcon_core.package_identification:_identify(src/tensorrt_detect) by extensions ['colcon_pkg']
[0.099s] Level 1:colcon.colcon_core.package_identification:_identify(src/tensorrt_detect) by extension 'colcon_pkg'
[0.099s] Level 1:colcon.colcon_core.package_identification:_identify(src/tensorrt_detect) by extensions ['colcon_meta']
[0.099s] Level 1:colcon.colcon_core.package_identification:_identify(src/tensorrt_detect) by extension 'colcon_meta'
[0.099s] Level 1:colcon.colcon_core.package_identification:_identify(src/tensorrt_detect) by extensions ['ros']
[0.099s] Level 1:colcon.colcon_core.package_identification:_identify(src/tensorrt_detect) by extension 'ros'
[0.101s] DEBUG:colcon.colcon_core.package_identification:Package 'src/tensorrt_detect' with type 'ros.ament_cmake' and name 'tensorrt_detect'
[0.101s] Level 1:colcon.colcon_core.package_identification:_identify(src/tensorrt_detect_msgs) by extensions ['ignore', 'ignore_ament_install']
[0.101s] Level 1:colcon.colcon_core.package_identification:_identify(src/tensorrt_detect_msgs) by extension 'ignore'
[0.101s] Level 1:colcon.colcon_core.package_identification:_identify(src/tensorrt_detect_msgs) by extension 'ignore_ament_install'
[0.101s] Level 1:colcon.colcon_core.package_identification:_identify(src/tensorrt_detect_msgs) by extensions ['colcon_pkg']
[0.101s] Level 1:colcon.colcon_core.package_identification:_identify(src/tensorrt_detect_msgs) by extension 'colcon_pkg'
[0.101s] Level 1:colcon.colcon_core.package_identification:_identify(src/tensorrt_detect_msgs) by extensions ['colcon_meta']
[0.101s] Level 1:colcon.colcon_core.package_identification:_identify(src/tensorrt_detect_msgs) by extension 'colcon_meta'
[0.101s] Level 1:colcon.colcon_core.package_identification:_identify(src/tensorrt_detect_msgs) by extensions ['ros']
[0.101s] Level 1:colcon.colcon_core.package_identification:_identify(src/tensorrt_detect_msgs) by extension 'ros'
[0.101s] DEBUG:colcon.colcon_core.package_identification:Package 'src/tensorrt_detect_msgs' with type 'ros.ament_cmake' and name 'tensorrt_detect_msgs'
[0.101s] Level 1:colcon.colcon_core.package_discovery:discover_packages(recursive) using defaults
[0.101s] Level 1:colcon.colcon_core.package_discovery:discover_packages(ignore) discover
[0.101s] Level 1:colcon.colcon_core.package_discovery:discover_packages(ignore) using defaults
[0.101s] Level 1:colcon.colcon_core.package_discovery:discover_packages(path) discover
[0.101s] Level 1:colcon.colcon_core.package_discovery:discover_packages(path) using defaults
[0.112s] Level 1:colcon.colcon_core.package_discovery:discover_packages(prefix_path) check parameters
[0.112s] Level 1:colcon.colcon_core.package_discovery:discover_packages(prefix_path) discover
[0.113s] WARNING:colcon.colcon_ros.prefix_path.ament:The path '/home/delphine/rm/tensorrt10_detect/install/tensorrt_detect' in the environment variable AMENT_PREFIX_PATH doesn't exist
[0.113s] WARNING:colcon.colcon_ros.prefix_path.ament:The path '/home/delphine/rm/tensorrt10_detect/install/tensorrt_detect_msgs' in the environment variable AMENT_PREFIX_PATH doesn't exist
[0.113s] WARNING:colcon.colcon_ros.prefix_path.catkin:The path '/home/delphine/rm/tensorrt10_detect/install/tensorrt_detect' in the environment variable CMAKE_PREFIX_PATH doesn't exist
[0.113s] WARNING:colcon.colcon_ros.prefix_path.catkin:The path '/home/delphine/rm/tensorrt10_detect/install/tensorrt_detect_msgs' in the environment variable CMAKE_PREFIX_PATH doesn't exist
[0.113s] DEBUG:colcon.colcon_installed_package_information.package_discovery:Found 0 installed packages in /home/delphine/rm/tensorrt10_detect/install
[0.114s] DEBUG:colcon.colcon_installed_package_information.package_discovery:Found 287 installed packages in /opt/ros/jazzy
[0.115s] Level 1:colcon.colcon_core.package_discovery:discover_packages(prefix_path) using defaults
[0.139s] Level 5:colcon.colcon_core.verb:set package 'tensorrt_detect_msgs' build argument 'cmake_args' from command line to '['-DCMAKE_BUILD_TYPE=RelWithDebInfo']'
[0.139s] Level 5:colcon.colcon_core.verb:set package 'tensorrt_detect_msgs' build argument 'cmake_target' from command line to 'None'
[0.139s] Level 5:colcon.colcon_core.verb:set package 'tensorrt_detect_msgs' build argument 'cmake_target_skip_unavailable' from command line to 'False'
[0.140s] Level 5:colcon.colcon_core.verb:set package 'tensorrt_detect_msgs' build argument 'cmake_clean_cache' from command line to 'False'
[0.140s] Level 5:colcon.colcon_core.verb:set package 'tensorrt_detect_msgs' build argument 'cmake_clean_first' from command line to 'False'
[0.140s] Level 5:colcon.colcon_core.verb:set package 'tensorrt_detect_msgs' build argument 'cmake_force_configure' from command line to 'False'
[0.140s] Level 5:colcon.colcon_core.verb:set package 'tensorrt_detect_msgs' build argument 'ament_cmake_args' from command line to 'None'
[0.140s] Level 5:colcon.colcon_core.verb:set package 'tensorrt_detect_msgs' build argument 'catkin_cmake_args' from command line to 'None'
[0.140s] Level 5:colcon.colcon_core.verb:set package 'tensorrt_detect_msgs' build argument 'catkin_skip_building_tests' from command line to 'False'
[0.140s] DEBUG:colcon.colcon_core.verb:Building package 'tensorrt_detect_msgs' with the following arguments: {'ament_cmake_args': None, 'build_base': '/home/delphine/rm/tensorrt10_detect/build/tensorrt_detect_msgs', 'catkin_cmake_args': None, 'catkin_skip_building_tests': False, 'cmake_args': ['-DCMAKE_BUILD_TYPE=RelWithDebInfo'], 'cmake_clean_cache': False, 'cmake_clean_first': False, 'cmake_force_configure': False, 'cmake_target': None, 'cmake_target_skip_unavailable': False, 'install_base': '/home/delphine/rm/tensorrt10_detect/install/tensorrt_detect_msgs', 'merge_install': False, 'path': '/home/delphine/rm/tensorrt10_detect/src/tensorrt_detect_msgs', 'symlink_install': True, 'test_result_base': None}
[0.140s] Level 5:colcon.colcon_core.verb:set package 'tensorrt_detect' build argument 'cmake_args' from command line to '['-DCMAKE_BUILD_TYPE=RelWithDebInfo']'
[0.140s] Level 5:colcon.colcon_core.verb:set package 'tensorrt_detect' build argument 'cmake_target' from command line to 'None'
[0.140s] Level 5:colcon.colcon_core.verb:set package 'tensorrt_detect' build argument 'cmake_target_skip_unavailable' from command line to 'False'
[0.140s] Level 5:colcon.colcon_core.verb:set package 'tensorrt_detect' build argument 'cmake_clean_cache' from command line to 'False'
[0.140s] Level 5:colcon.colcon_core.verb:set package 'tensorrt_detect' build argument 'cmake_clean_first' from command line to 'False'
[0.140s] Level 5:colcon.colcon_core.verb:set package 'tensorrt_detect' build argument 'cmake_force_configure' from command line to 'False'
[0.140s] Level 5:colcon.colcon_core.verb:set package 'tensorrt_detect' build argument 'ament_cmake_args' from command line to 'None'
[0.140s] Level 5:colcon.colcon_core.verb:set package 'tensorrt_detect' build argument 'catkin_cmake_args' from command line to 'None'
[0.140s] Level 5:colcon.colcon_core.verb:set package 'tensorrt_detect' build argument 'catkin_skip_building_tests' from command line to 'False'
[0.140s] DEBUG:colcon.colcon_core.verb:Building package 'tensorrt_detect' with the following arguments: {'ament_cmake_args': None, 'build_base': '/home/delphine/rm/tensorrt10_detect/build/tensorrt_detect', 'catkin_cmake_args': None, 'catkin_skip_building_tests': False, 'cmake_args': ['-DCMAKE_BUILD_TYPE=RelWithDebInfo'], 'cmake_clean_cache': False, 'cmake_clean_first': False, 'cmake_force_configure': False, 'cmake_target': None, 'cmake_target_skip_unavailable': False, 'install_base': '/home/delphine/rm/tensorrt10_detect/install/tensorrt_detect', 'merge_install': False, 'path': '/home/delphine/rm/tensorrt10_detect/src/tensorrt_detect', 'symlink_install': True, 'test_result_base': None}
[0.140s] INFO:colcon.colcon_core.executor:Executing jobs using 'parallel' executor
[0.141s] DEBUG:colcon.colcon_parallel_executor.executor.parallel:run_until_complete
[0.141s] INFO:colcon.colcon_ros.task.ament_cmake.build:Building ROS package in '/home/delphine/rm/tensorrt10_detect/src/tensorrt_detect_msgs' with build type 'ament_cmake'
[0.141s] INFO:colcon.colcon_cmake.task.cmake.build:Building CMake package in '/home/delphine/rm/tensorrt10_detect/src/tensorrt_detect_msgs'
[0.142s] INFO:colcon.colcon_core.plugin_system:Skipping extension 'colcon_core.shell.bat': Not used on non-Windows systems
[0.142s] INFO:colcon.colcon_core.shell:Skip shell extension 'powershell' for command environment: Not usable outside of PowerShell
[0.143s] DEBUG:colcon.colcon_core.shell:Skip shell extension 'dsv' for command environment
[0.148s] DEBUG:colcon.colcon_core.event_handler.log_command:Invoking command in '/home/delphine/rm/tensorrt10_detect/build/tensorrt_detect_msgs': CMAKE_PREFIX_PATH=${CMAKE_PREFIX_PATH}:/opt/ros/jazzy CONDA_PROMPT_MODIFIER=(base) DEBUGINFOD_URLS=https://debuginfod.ubuntu.com /usr/bin/cmake /home/delphine/rm/tensorrt10_detect/src/tensorrt_detect_msgs -DCMAKE_BUILD_TYPE=RelWithDebInfo -DAMENT_CMAKE_SYMLINK_INSTALL=1 -DCMAKE_INSTALL_PREFIX=/home/delphine/rm/tensorrt10_detect/install/tensorrt_detect_msgs
[2.686s] DEBUG:colcon.colcon_core.event_handler.log_command:Invoked command in '/home/delphine/rm/tensorrt10_detect/build/tensorrt_detect_msgs' returned '0': CMAKE_PREFIX_PATH=${CMAKE_PREFIX_PATH}:/opt/ros/jazzy CONDA_PROMPT_MODIFIER=(base) DEBUGINFOD_URLS=https://debuginfod.ubuntu.com /usr/bin/cmake /home/delphine/rm/tensorrt10_detect/src/tensorrt_detect_msgs -DCMAKE_BUILD_TYPE=RelWithDebInfo -DAMENT_CMAKE_SYMLINK_INSTALL=1 -DCMAKE_INSTALL_PREFIX=/home/delphine/rm/tensorrt10_detect/install/tensorrt_detect_msgs
[2.687s] DEBUG:colcon.colcon_core.event_handler.log_command:Invoking command in '/home/delphine/rm/tensorrt10_detect/build/tensorrt_detect_msgs': CMAKE_PREFIX_PATH=${CMAKE_PREFIX_PATH}:/opt/ros/jazzy CONDA_PROMPT_MODIFIER=(base) DEBUGINFOD_URLS=https://debuginfod.ubuntu.com /usr/bin/cmake --build /home/delphine/rm/tensorrt10_detect/build/tensorrt_detect_msgs -- -j20 -l20
[5.737s] DEBUG:colcon.colcon_core.event_handler.log_command:Invoked command in '/home/delphine/rm/tensorrt10_detect/build/tensorrt_detect_msgs' returned '0': CMAKE_PREFIX_PATH=${CMAKE_PREFIX_PATH}:/opt/ros/jazzy CONDA_PROMPT_MODIFIER=(base) DEBUGINFOD_URLS=https://debuginfod.ubuntu.com /usr/bin/cmake --build /home/delphine/rm/tensorrt10_detect/build/tensorrt_detect_msgs -- -j20 -l20
[5.744s] DEBUG:colcon.colcon_core.event_handler.log_command:Invoking command in '/home/delphine/rm/tensorrt10_detect/build/tensorrt_detect_msgs': CMAKE_PREFIX_PATH=${CMAKE_PREFIX_PATH}:/opt/ros/jazzy CONDA_PROMPT_MODIFIER=(base) DEBUGINFOD_URLS=https://debuginfod.ubuntu.com /usr/bin/cmake --install /home/delphine/rm/tensorrt10_detect/build/tensorrt_detect_msgs
[6.860s] Level 1:colcon.colcon_core.environment:create_environment_scripts_only(tensorrt_detect_msgs)
[6.860s] DEBUG:colcon.colcon_core.event_handler.log_command:Invoked command in '/home/delphine/rm/tensorrt10_detect/build/tensorrt_detect_msgs' returned '0': CMAKE_PREFIX_PATH=${CMAKE_PREFIX_PATH}:/opt/ros/jazzy CONDA_PROMPT_MODIFIER=(base) DEBUGINFOD_URLS=https://debuginfod.ubuntu.com /usr/bin/cmake --install /home/delphine/rm/tensorrt10_detect/build/tensorrt_detect_msgs
[6.862s] Level 1:colcon.colcon_core.environment:checking '/home/delphine/rm/tensorrt10_detect/install/tensorrt_detect_msgs' for CMake module files
[6.862s] Level 1:colcon.colcon_core.environment:checking '/home/delphine/rm/tensorrt10_detect/install/tensorrt_detect_msgs' for CMake config files
[6.862s] Level 1:colcon.colcon_core.shell:create_environment_hook('tensorrt_detect_msgs', 'cmake_prefix_path')
[6.862s] INFO:colcon.colcon_core.shell:Creating environment hook '/home/delphine/rm/tensorrt10_detect/install/tensorrt_detect_msgs/share/tensorrt_detect_msgs/hook/cmake_prefix_path.ps1'
[6.863s] INFO:colcon.colcon_core.shell:Creating environment descriptor '/home/delphine/rm/tensorrt10_detect/install/tensorrt_detect_msgs/share/tensorrt_detect_msgs/hook/cmake_prefix_path.dsv'
[6.863s] INFO:colcon.colcon_core.shell:Creating environment hook '/home/delphine/rm/tensorrt10_detect/install/tensorrt_detect_msgs/share/tensorrt_detect_msgs/hook/cmake_prefix_path.sh'
[6.864s] Level 1:colcon.colcon_core.environment:checking '/home/delphine/rm/tensorrt10_detect/install/tensorrt_detect_msgs/lib'
[6.864s] Level 1:colcon.colcon_core.shell:create_environment_hook('tensorrt_detect_msgs', 'ld_library_path_lib')
[6.864s] INFO:colcon.colcon_core.shell:Creating environment hook '/home/delphine/rm/tensorrt10_detect/install/tensorrt_detect_msgs/share/tensorrt_detect_msgs/hook/ld_library_path_lib.ps1'
[6.864s] INFO:colcon.colcon_core.shell:Creating environment descriptor '/home/delphine/rm/tensorrt10_detect/install/tensorrt_detect_msgs/share/tensorrt_detect_msgs/hook/ld_library_path_lib.dsv'
[6.864s] INFO:colcon.colcon_core.shell:Creating environment hook '/home/delphine/rm/tensorrt10_detect/install/tensorrt_detect_msgs/share/tensorrt_detect_msgs/hook/ld_library_path_lib.sh'
[6.865s] Level 1:colcon.colcon_core.environment:checking '/home/delphine/rm/tensorrt10_detect/install/tensorrt_detect_msgs/bin'
[6.865s] Level 1:colcon.colcon_core.environment:checking '/home/delphine/rm/tensorrt10_detect/install/tensorrt_detect_msgs/lib/pkgconfig/tensorrt_detect_msgs.pc'
[6.865s] Level 1:colcon.colcon_core.environment:checking '/home/delphine/rm/tensorrt10_detect/install/tensorrt_detect_msgs/lib/python3.12/site-packages'
[6.865s] Level 1:colcon.colcon_core.environment:checking '/home/delphine/rm/tensorrt10_detect/install/tensorrt_detect_msgs/bin'
[6.865s] INFO:colcon.colcon_core.shell:Creating package script '/home/delphine/rm/tensorrt10_detect/install/tensorrt_detect_msgs/share/tensorrt_detect_msgs/package.ps1'
[6.866s] INFO:colcon.colcon_core.shell:Creating package descriptor '/home/delphine/rm/tensorrt10_detect/install/tensorrt_detect_msgs/share/tensorrt_detect_msgs/package.dsv'
[6.866s] INFO:colcon.colcon_core.shell:Creating package script '/home/delphine/rm/tensorrt10_detect/install/tensorrt_detect_msgs/share/tensorrt_detect_msgs/package.sh'
[6.866s] INFO:colcon.colcon_core.shell:Creating package script '/home/delphine/rm/tensorrt10_detect/install/tensorrt_detect_msgs/share/tensorrt_detect_msgs/package.bash'
[6.866s] INFO:colcon.colcon_core.shell:Creating package script '/home/delphine/rm/tensorrt10_detect/install/tensorrt_detect_msgs/share/tensorrt_detect_msgs/package.zsh'
[6.867s] Level 1:colcon.colcon_core.environment:create_file_with_runtime_dependencies(/home/delphine/rm/tensorrt10_detect/install/tensorrt_detect_msgs/share/colcon-core/packages/tensorrt_detect_msgs)
[6.867s] Level 1:colcon.colcon_core.environment:create_environment_scripts_only(tensorrt_detect_msgs)
[6.867s] Level 1:colcon.colcon_core.environment:checking '/home/delphine/rm/tensorrt10_detect/install/tensorrt_detect_msgs' for CMake module files
[6.867s] Level 1:colcon.colcon_core.environment:checking '/home/delphine/rm/tensorrt10_detect/install/tensorrt_detect_msgs' for CMake config files
[6.868s] Level 1:colcon.colcon_core.shell:create_environment_hook('tensorrt_detect_msgs', 'cmake_prefix_path')
[6.868s] INFO:colcon.colcon_core.shell:Creating environment hook '/home/delphine/rm/tensorrt10_detect/install/tensorrt_detect_msgs/share/tensorrt_detect_msgs/hook/cmake_prefix_path.ps1'
[6.868s] INFO:colcon.colcon_core.shell:Creating environment descriptor '/home/delphine/rm/tensorrt10_detect/install/tensorrt_detect_msgs/share/tensorrt_detect_msgs/hook/cmake_prefix_path.dsv'
[6.868s] INFO:colcon.colcon_core.shell:Creating environment hook '/home/delphine/rm/tensorrt10_detect/install/tensorrt_detect_msgs/share/tensorrt_detect_msgs/hook/cmake_prefix_path.sh'
[6.868s] Level 1:colcon.colcon_core.environment:checking '/home/delphine/rm/tensorrt10_detect/install/tensorrt_detect_msgs/lib'
[6.868s] Level 1:colcon.colcon_core.shell:create_environment_hook('tensorrt_detect_msgs', 'ld_library_path_lib')
[6.869s] INFO:colcon.colcon_core.shell:Creating environment hook '/home/delphine/rm/tensorrt10_detect/install/tensorrt_detect_msgs/share/tensorrt_detect_msgs/hook/ld_library_path_lib.ps1'
[6.869s] INFO:colcon.colcon_core.shell:Creating environment descriptor '/home/delphine/rm/tensorrt10_detect/install/tensorrt_detect_msgs/share/tensorrt_detect_msgs/hook/ld_library_path_lib.dsv'
[6.869s] INFO:colcon.colcon_core.shell:Creating environment hook '/home/delphine/rm/tensorrt10_detect/install/tensorrt_detect_msgs/share/tensorrt_detect_msgs/hook/ld_library_path_lib.sh'
[6.869s] Level 1:colcon.colcon_core.environment:checking '/home/delphine/rm/tensorrt10_detect/install/tensorrt_detect_msgs/bin'
[6.869s] Level 1:colcon.colcon_core.environment:checking '/home/delphine/rm/tensorrt10_detect/install/tensorrt_detect_msgs/lib/pkgconfig/tensorrt_detect_msgs.pc'
[6.870s] Level 1:colcon.colcon_core.environment:checking '/home/delphine/rm/tensorrt10_detect/install/tensorrt_detect_msgs/lib/python3.12/site-packages'
[6.870s] Level 1:colcon.colcon_core.environment:checking '/home/delphine/rm/tensorrt10_detect/install/tensorrt_detect_msgs/bin'
[6.870s] INFO:colcon.colcon_core.shell:Creating package script '/home/delphine/rm/tensorrt10_detect/install/tensorrt_detect_msgs/share/tensorrt_detect_msgs/package.ps1'
[6.870s] INFO:colcon.colcon_core.shell:Creating package descriptor '/home/delphine/rm/tensorrt10_detect/install/tensorrt_detect_msgs/share/tensorrt_detect_msgs/package.dsv'
[6.870s] INFO:colcon.colcon_core.shell:Creating package script '/home/delphine/rm/tensorrt10_detect/install/tensorrt_detect_msgs/share/tensorrt_detect_msgs/package.sh'
[6.871s] INFO:colcon.colcon_core.shell:Creating package script '/home/delphine/rm/tensorrt10_detect/install/tensorrt_detect_msgs/share/tensorrt_detect_msgs/package.bash'
[6.871s] INFO:colcon.colcon_core.shell:Creating package script '/home/delphine/rm/tensorrt10_detect/install/tensorrt_detect_msgs/share/tensorrt_detect_msgs/package.zsh'
[6.871s] Level 1:colcon.colcon_core.environment:create_file_with_runtime_dependencies(/home/delphine/rm/tensorrt10_detect/install/tensorrt_detect_msgs/share/colcon-core/packages/tensorrt_detect_msgs)
[6.871s] INFO:colcon.colcon_ros.task.ament_cmake.build:Building ROS package in '/home/delphine/rm/tensorrt10_detect/src/tensorrt_detect' with build type 'ament_cmake'
[6.871s] INFO:colcon.colcon_cmake.task.cmake.build:Building CMake package in '/home/delphine/rm/tensorrt10_detect/src/tensorrt_detect'
[6.871s] INFO:colcon.colcon_core.shell:Skip shell extension 'powershell' for command environment: Not usable outside of PowerShell
[6.871s] DEBUG:colcon.colcon_core.shell:Skip shell extension 'dsv' for command environment
[6.879s] DEBUG:colcon.colcon_core.event_handler.log_command:Invoking command in '/home/delphine/rm/tensorrt10_detect/build/tensorrt_detect': CMAKE_PREFIX_PATH=/home/delphine/rm/tensorrt10_detect/install/tensorrt_detect_msgs:/home/delphine/rm/tensorrt10_detect/install/tensorrt_detect:/opt/ros/jazzy/opt/gz_math_vendor:/opt/ros/jazzy/opt/gz_utils_vendor:/opt/ros/jazzy/opt/gz_cmake_vendor:/opt/ros/jazzy CONDA_PROMPT_MODIFIER=(base) DEBUGINFOD_URLS=https://debuginfod.ubuntu.com LD_LIBRARY_PATH=/home/delphine/rm/tensorrt10_detect/install/tensorrt_detect_msgs/lib:/opt/ros/jazzy/opt/rviz_ogre_vendor/lib:/opt/ros/jazzy/lib/x86_64-linux-gnu:/opt/ros/jazzy/opt/gz_math_vendor/lib:/opt/ros/jazzy/opt/gz_utils_vendor/lib:/opt/ros/jazzy/opt/gz_cmake_vendor/lib:/opt/ros/jazzy/lib:/opt/MVS/lib/64:/opt/MVS/lib/32:/opt/TensorRT/TensorRT-10.2.0.19/lib:/opt/TensorRT/TensorRT-10.2.0/lib:/usr/local/cuda-12.6/lib64:/opt/MVS/lib/64:/opt/MVS/lib/32:/opt/MVS/lib/64:/opt/MVS/lib/32 PYTHONPATH=/home/delphine/rm/tensorrt10_detect/install/tensorrt_detect_msgs/lib/python3.13/site-packages:${PYTHONPATH} /usr/bin/cmake /home/delphine/rm/tensorrt10_detect/src/tensorrt_detect -DCMAKE_BUILD_TYPE=RelWithDebInfo -DAMENT_CMAKE_SYMLINK_INSTALL=1 -DCMAKE_INSTALL_PREFIX=/home/delphine/rm/tensorrt10_detect/install/tensorrt_detect
[8.171s] DEBUG:colcon.colcon_core.event_handler.log_command:Invoked command in '/home/delphine/rm/tensorrt10_detect/build/tensorrt_detect' returned '0': CMAKE_PREFIX_PATH=/home/delphine/rm/tensorrt10_detect/install/tensorrt_detect_msgs:/home/delphine/rm/tensorrt10_detect/install/tensorrt_detect:/opt/ros/jazzy/opt/gz_math_vendor:/opt/ros/jazzy/opt/gz_utils_vendor:/opt/ros/jazzy/opt/gz_cmake_vendor:/opt/ros/jazzy CONDA_PROMPT_MODIFIER=(base) DEBUGINFOD_URLS=https://debuginfod.ubuntu.com LD_LIBRARY_PATH=/home/delphine/rm/tensorrt10_detect/install/tensorrt_detect_msgs/lib:/opt/ros/jazzy/opt/rviz_ogre_vendor/lib:/opt/ros/jazzy/lib/x86_64-linux-gnu:/opt/ros/jazzy/opt/gz_math_vendor/lib:/opt/ros/jazzy/opt/gz_utils_vendor/lib:/opt/ros/jazzy/opt/gz_cmake_vendor/lib:/opt/ros/jazzy/lib:/opt/MVS/lib/64:/opt/MVS/lib/32:/opt/TensorRT/TensorRT-10.2.0.19/lib:/opt/TensorRT/TensorRT-10.2.0/lib:/usr/local/cuda-12.6/lib64:/opt/MVS/lib/64:/opt/MVS/lib/32:/opt/MVS/lib/64:/opt/MVS/lib/32 PYTHONPATH=/home/delphine/rm/tensorrt10_detect/install/tensorrt_detect_msgs/lib/python3.13/site-packages:${PYTHONPATH} /usr/bin/cmake /home/delphine/rm/tensorrt10_detect/src/tensorrt_detect -DCMAKE_BUILD_TYPE=RelWithDebInfo -DAMENT_CMAKE_SYMLINK_INSTALL=1 -DCMAKE_INSTALL_PREFIX=/home/delphine/rm/tensorrt10_detect/install/tensorrt_detect
[8.171s] DEBUG:colcon.colcon_core.event_handler.log_command:Invoking command in '/home/delphine/rm/tensorrt10_detect/build/tensorrt_detect': CMAKE_PREFIX_PATH=/home/delphine/rm/tensorrt10_detect/install/tensorrt_detect_msgs:/home/delphine/rm/tensorrt10_detect/install/tensorrt_detect:/opt/ros/jazzy/opt/gz_math_vendor:/opt/ros/jazzy/opt/gz_utils_vendor:/opt/ros/jazzy/opt/gz_cmake_vendor:/opt/ros/jazzy CONDA_PROMPT_MODIFIER=(base) DEBUGINFOD_URLS=https://debuginfod.ubuntu.com LD_LIBRARY_PATH=/home/delphine/rm/tensorrt10_detect/install/tensorrt_detect_msgs/lib:/opt/ros/jazzy/opt/rviz_ogre_vendor/lib:/opt/ros/jazzy/lib/x86_64-linux-gnu:/opt/ros/jazzy/opt/gz_math_vendor/lib:/opt/ros/jazzy/opt/gz_utils_vendor/lib:/opt/ros/jazzy/opt/gz_cmake_vendor/lib:/opt/ros/jazzy/lib:/opt/MVS/lib/64:/opt/MVS/lib/32:/opt/TensorRT/TensorRT-10.2.0.19/lib:/opt/TensorRT/TensorRT-10.2.0/lib:/usr/local/cuda-12.6/lib64:/opt/MVS/lib/64:/opt/MVS/lib/32:/opt/MVS/lib/64:/opt/MVS/lib/32 PYTHONPATH=/home/delphine/rm/tensorrt10_detect/install/tensorrt_detect_msgs/lib/python3.13/site-packages:${PYTHONPATH} /usr/bin/cmake --build /home/delphine/rm/tensorrt10_detect/build/tensorrt_detect -- -j20 -l20
[44.636s] DEBUG:colcon.colcon_core.event_handler.log_command:Invoked command in '/home/delphine/rm/tensorrt10_detect/build/tensorrt_detect' returned '0': CMAKE_PREFIX_PATH=/home/delphine/rm/tensorrt10_detect/install/tensorrt_detect_msgs:/home/delphine/rm/tensorrt10_detect/install/tensorrt_detect:/opt/ros/jazzy/opt/gz_math_vendor:/opt/ros/jazzy/opt/gz_utils_vendor:/opt/ros/jazzy/opt/gz_cmake_vendor:/opt/ros/jazzy CONDA_PROMPT_MODIFIER=(base) DEBUGINFOD_URLS=https://debuginfod.ubuntu.com LD_LIBRARY_PATH=/home/delphine/rm/tensorrt10_detect/install/tensorrt_detect_msgs/lib:/opt/ros/jazzy/opt/rviz_ogre_vendor/lib:/opt/ros/jazzy/lib/x86_64-linux-gnu:/opt/ros/jazzy/opt/gz_math_vendor/lib:/opt/ros/jazzy/opt/gz_utils_vendor/lib:/opt/ros/jazzy/opt/gz_cmake_vendor/lib:/opt/ros/jazzy/lib:/opt/MVS/lib/64:/opt/MVS/lib/32:/opt/TensorRT/TensorRT-10.2.0.19/lib:/opt/TensorRT/TensorRT-10.2.0/lib:/usr/local/cuda-12.6/lib64:/opt/MVS/lib/64:/opt/MVS/lib/32:/opt/MVS/lib/64:/opt/MVS/lib/32 PYTHONPATH=/home/delphine/rm/tensorrt10_detect/install/tensorrt_detect_msgs/lib/python3.13/site-packages:${PYTHONPATH} /usr/bin/cmake --build /home/delphine/rm/tensorrt10_detect/build/tensorrt_detect -- -j20 -l20
[44.658s] DEBUG:colcon.colcon_core.event_handler.log_command:Invoking command in '/home/delphine/rm/tensorrt10_detect/build/tensorrt_detect': CMAKE_PREFIX_PATH=/home/delphine/rm/tensorrt10_detect/install/tensorrt_detect_msgs:/home/delphine/rm/tensorrt10_detect/install/tensorrt_detect:/opt/ros/jazzy/opt/gz_math_vendor:/opt/ros/jazzy/opt/gz_utils_vendor:/opt/ros/jazzy/opt/gz_cmake_vendor:/opt/ros/jazzy CONDA_PROMPT_MODIFIER=(base) DEBUGINFOD_URLS=https://debuginfod.ubuntu.com LD_LIBRARY_PATH=/home/delphine/rm/tensorrt10_detect/install/tensorrt_detect_msgs/lib:/opt/ros/jazzy/opt/rviz_ogre_vendor/lib:/opt/ros/jazzy/lib/x86_64-linux-gnu:/opt/ros/jazzy/opt/gz_math_vendor/lib:/opt/ros/jazzy/opt/gz_utils_vendor/lib:/opt/ros/jazzy/opt/gz_cmake_vendor/lib:/opt/ros/jazzy/lib:/opt/MVS/lib/64:/opt/MVS/lib/32:/opt/TensorRT/TensorRT-10.2.0.19/lib:/opt/TensorRT/TensorRT-10.2.0/lib:/usr/local/cuda-12.6/lib64:/opt/MVS/lib/64:/opt/MVS/lib/32:/opt/MVS/lib/64:/opt/MVS/lib/32 PYTHONPATH=/home/delphine/rm/tensorrt10_detect/install/tensorrt_detect_msgs/lib/python3.13/site-packages:${PYTHONPATH} /usr/bin/cmake --install /home/delphine/rm/tensorrt10_detect/build/tensorrt_detect
[44.853s] Level 1:colcon.colcon_core.environment:create_environment_scripts_only(tensorrt_detect)
[44.864s] Level 1:colcon.colcon_core.environment:checking '/home/delphine/rm/tensorrt10_detect/install/tensorrt_detect' for CMake module files
[44.865s] DEBUG:colcon.colcon_core.event_handler.log_command:Invoked command in '/home/delphine/rm/tensorrt10_detect/build/tensorrt_detect' returned '0': CMAKE_PREFIX_PATH=/home/delphine/rm/tensorrt10_detect/install/tensorrt_detect_msgs:/home/delphine/rm/tensorrt10_detect/install/tensorrt_detect:/opt/ros/jazzy/opt/gz_math_vendor:/opt/ros/jazzy/opt/gz_utils_vendor:/opt/ros/jazzy/opt/gz_cmake_vendor:/opt/ros/jazzy CONDA_PROMPT_MODIFIER=(base) DEBUGINFOD_URLS=https://debuginfod.ubuntu.com LD_LIBRARY_PATH=/home/delphine/rm/tensorrt10_detect/install/tensorrt_detect_msgs/lib:/opt/ros/jazzy/opt/rviz_ogre_vendor/lib:/opt/ros/jazzy/lib/x86_64-linux-gnu:/opt/ros/jazzy/opt/gz_math_vendor/lib:/opt/ros/jazzy/opt/gz_utils_vendor/lib:/opt/ros/jazzy/opt/gz_cmake_vendor/lib:/opt/ros/jazzy/lib:/opt/MVS/lib/64:/opt/MVS/lib/32:/opt/TensorRT/TensorRT-10.2.0.19/lib:/opt/TensorRT/TensorRT-10.2.0/lib:/usr/local/cuda-12.6/lib64:/opt/MVS/lib/64:/opt/MVS/lib/32:/opt/MVS/lib/64:/opt/MVS/lib/32 PYTHONPATH=/home/delphine/rm/tensorrt10_detect/install/tensorrt_detect_msgs/lib/python3.13/site-packages:${PYTHONPATH} /usr/bin/cmake --install /home/delphine/rm/tensorrt10_detect/build/tensorrt_detect
[44.865s] Level 1:colcon.colcon_core.environment:checking '/home/delphine/rm/tensorrt10_detect/install/tensorrt_detect' for CMake config files
[44.866s] Level 1:colcon.colcon_core.shell:create_environment_hook('tensorrt_detect', 'cmake_prefix_path')
[44.868s] INFO:colcon.colcon_core.shell:Creating environment hook '/home/delphine/rm/tensorrt10_detect/install/tensorrt_detect/share/tensorrt_detect/hook/cmake_prefix_path.ps1'
[44.874s] INFO:colcon.colcon_core.shell:Creating environment descriptor '/home/delphine/rm/tensorrt10_detect/install/tensorrt_detect/share/tensorrt_detect/hook/cmake_prefix_path.dsv'
[44.875s] INFO:colcon.colcon_core.shell:Creating environment hook '/home/delphine/rm/tensorrt10_detect/install/tensorrt_detect/share/tensorrt_detect/hook/cmake_prefix_path.sh'
[44.878s] Level 1:colcon.colcon_core.environment:checking '/home/delphine/rm/tensorrt10_detect/install/tensorrt_detect/lib'
[44.878s] Level 1:colcon.colcon_core.environment:checking '/home/delphine/rm/tensorrt10_detect/install/tensorrt_detect/bin'
[44.878s] Level 1:colcon.colcon_core.environment:checking '/home/delphine/rm/tensorrt10_detect/install/tensorrt_detect/lib/pkgconfig/tensorrt_detect.pc'
[44.881s] Level 1:colcon.colcon_core.environment:checking '/home/delphine/rm/tensorrt10_detect/install/tensorrt_detect/lib/python3.12/site-packages'
[44.881s] Level 1:colcon.colcon_core.environment:checking '/home/delphine/rm/tensorrt10_detect/install/tensorrt_detect/bin'
[44.881s] INFO:colcon.colcon_core.shell:Creating package script '/home/delphine/rm/tensorrt10_detect/install/tensorrt_detect/share/tensorrt_detect/package.ps1'
[44.883s] INFO:colcon.colcon_core.shell:Creating package descriptor '/home/delphine/rm/tensorrt10_detect/install/tensorrt_detect/share/tensorrt_detect/package.dsv'
[44.883s] INFO:colcon.colcon_core.shell:Creating package script '/home/delphine/rm/tensorrt10_detect/install/tensorrt_detect/share/tensorrt_detect/package.sh'
[44.884s] INFO:colcon.colcon_core.shell:Creating package script '/home/delphine/rm/tensorrt10_detect/install/tensorrt_detect/share/tensorrt_detect/package.bash'
[44.884s] INFO:colcon.colcon_core.shell:Creating package script '/home/delphine/rm/tensorrt10_detect/install/tensorrt_detect/share/tensorrt_detect/package.zsh'
[44.885s] Level 1:colcon.colcon_core.environment:create_file_with_runtime_dependencies(/home/delphine/rm/tensorrt10_detect/install/tensorrt_detect/share/colcon-core/packages/tensorrt_detect)
[44.886s] Level 1:colcon.colcon_core.environment:create_environment_scripts_only(tensorrt_detect)
[44.886s] Level 1:colcon.colcon_core.environment:checking '/home/delphine/rm/tensorrt10_detect/install/tensorrt_detect' for CMake module files
[44.886s] Level 1:colcon.colcon_core.environment:checking '/home/delphine/rm/tensorrt10_detect/install/tensorrt_detect' for CMake config files
[44.886s] Level 1:colcon.colcon_core.shell:create_environment_hook('tensorrt_detect', 'cmake_prefix_path')
[44.886s] INFO:colcon.colcon_core.shell:Creating environment hook '/home/delphine/rm/tensorrt10_detect/install/tensorrt_detect/share/tensorrt_detect/hook/cmake_prefix_path.ps1'
[44.887s] INFO:colcon.colcon_core.shell:Creating environment descriptor '/home/delphine/rm/tensorrt10_detect/install/tensorrt_detect/share/tensorrt_detect/hook/cmake_prefix_path.dsv'
[44.887s] INFO:colcon.colcon_core.shell:Creating environment hook '/home/delphine/rm/tensorrt10_detect/install/tensorrt_detect/share/tensorrt_detect/hook/cmake_prefix_path.sh'
[44.888s] Level 1:colcon.colcon_core.environment:checking '/home/delphine/rm/tensorrt10_detect/install/tensorrt_detect/lib'
[44.888s] Level 1:colcon.colcon_core.environment:checking '/home/delphine/rm/tensorrt10_detect/install/tensorrt_detect/bin'
[44.888s] Level 1:colcon.colcon_core.environment:checking '/home/delphine/rm/tensorrt10_detect/install/tensorrt_detect/lib/pkgconfig/tensorrt_detect.pc'
[44.888s] Level 1:colcon.colcon_core.environment:checking '/home/delphine/rm/tensorrt10_detect/install/tensorrt_detect/lib/python3.12/site-packages'
[44.888s] Level 1:colcon.colcon_core.environment:checking '/home/delphine/rm/tensorrt10_detect/install/tensorrt_detect/bin'
[44.888s] INFO:colcon.colcon_core.shell:Creating package script '/home/delphine/rm/tensorrt10_detect/install/tensorrt_detect/share/tensorrt_detect/package.ps1'
[44.889s] INFO:colcon.colcon_core.shell:Creating package descriptor '/home/delphine/rm/tensorrt10_detect/install/tensorrt_detect/share/tensorrt_detect/package.dsv'
[44.889s] INFO:colcon.colcon_core.shell:Creating package script '/home/delphine/rm/tensorrt10_detect/install/tensorrt_detect/share/tensorrt_detect/package.sh'
[44.889s] INFO:colcon.colcon_core.shell:Creating package script '/home/delphine/rm/tensorrt10_detect/install/tensorrt_detect/share/tensorrt_detect/package.bash'
[44.890s] INFO:colcon.colcon_core.shell:Creating package script '/home/delphine/rm/tensorrt10_detect/install/tensorrt_detect/share/tensorrt_detect/package.zsh'
[44.890s] Level 1:colcon.colcon_core.environment:create_file_with_runtime_dependencies(/home/delphine/rm/tensorrt10_detect/install/tensorrt_detect/share/colcon-core/packages/tensorrt_detect)
[44.891s] DEBUG:colcon.colcon_parallel_executor.executor.parallel:closing loop
[44.892s] DEBUG:colcon.colcon_parallel_executor.executor.parallel:loop closed
[44.892s] DEBUG:colcon.colcon_parallel_executor.executor.parallel:run_until_complete finished with '0'
[44.893s] DEBUG:colcon.colcon_core.event_reactor:joining thread
[44.933s] INFO:colcon.colcon_core.plugin_system:Skipping extension 'colcon_notification.desktop_notification.terminal_notifier': Not used on non-Darwin systems
[44.933s] INFO:colcon.colcon_core.plugin_system:Skipping extension 'colcon_notification.desktop_notification.win32': Not used on non-Windows systems
[44.933s] INFO:colcon.colcon_notification.desktop_notification:Sending desktop notification using 'notify2'
[44.946s] DEBUG:colcon.colcon_core.event_reactor:joined thread
[44.947s] INFO:colcon.colcon_core.shell:Creating prefix script '/home/delphine/rm/tensorrt10_detect/install/local_setup.ps1'
[44.949s] INFO:colcon.colcon_core.shell:Creating prefix util module '/home/delphine/rm/tensorrt10_detect/install/_local_setup_util_ps1.py'
[44.950s] INFO:colcon.colcon_core.shell:Creating prefix chain script '/home/delphine/rm/tensorrt10_detect/install/setup.ps1'
[44.951s] INFO:colcon.colcon_core.shell:Creating prefix script '/home/delphine/rm/tensorrt10_detect/install/local_setup.sh'
[44.952s] INFO:colcon.colcon_core.shell:Creating prefix util module '/home/delphine/rm/tensorrt10_detect/install/_local_setup_util_sh.py'
[44.952s] INFO:colcon.colcon_core.shell:Creating prefix chain script '/home/delphine/rm/tensorrt10_detect/install/setup.sh'
[44.953s] INFO:colcon.colcon_core.shell:Creating prefix script '/home/delphine/rm/tensorrt10_detect/install/local_setup.bash'
[44.954s] INFO:colcon.colcon_core.shell:Creating prefix chain script '/home/delphine/rm/tensorrt10_detect/install/setup.bash'
[44.954s] INFO:colcon.colcon_core.shell:Creating prefix script '/home/delphine/rm/tensorrt10_detect/install/local_setup.zsh'
[44.955s] INFO:colcon.colcon_core.shell:Creating prefix chain script '/home/delphine/rm/tensorrt10_detect/install/setup.zsh'
