[0.007s] Invoking command in '/home/delphine/rm/tensorrt10_detect/build/tensorrt_detect': CMAKE_PREFIX_PATH=/home/delphine/rm/tensorrt10_detect/install/tensorrt_detect_msgs:/home/delphine/rm/tensorrt10_detect/install/tensorrt_detect:/opt/ros/jazzy/opt/gz_math_vendor:/opt/ros/jazzy/opt/gz_utils_vendor:/opt/ros/jazzy/opt/gz_cmake_vendor:/opt/ros/jazzy CONDA_PROMPT_MODIFIER=(base) DEBUGINFOD_URLS=https://debuginfod.ubuntu.com LD_LIBRARY_PATH=/home/delphine/rm/tensorrt10_detect/install/tensorrt_detect_msgs/lib:/opt/MVS/lib/64:/opt/MVS/lib/32:/opt/ros/jazzy/opt/rviz_ogre_vendor/lib:/opt/ros/jazzy/lib/x86_64-linux-gnu:/opt/ros/jazzy/opt/gz_math_vendor/lib:/opt/ros/jazzy/opt/gz_utils_vendor/lib:/opt/ros/jazzy/opt/gz_cmake_vendor/lib:/opt/ros/jazzy/lib:/opt/MVS/lib/64:/opt/MVS/lib/32:/opt/TensorRT/TensorRT-10.2.0.19/lib:/opt/TensorRT/TensorRT-10.2.0/lib:/usr/local/cuda-12.6/lib64:/opt/MVS/lib/64:/opt/MVS/lib/32:/opt/MVS/lib/64:/opt/MVS/lib/32:/opt/MVS/lib/64:/opt/MVS/lib/32 /usr/bin/cmake /home/delphine/rm/tensorrt10_detect/src/tensorrt_detect -DCMAKE_INSTALL_PREFIX=/home/delphine/rm/tensorrt10_detect/install/tensorrt_detect
[0.050s] -- The C compiler identification is GNU 13.3.0
[0.092s] -- The CXX compiler identification is GNU 13.3.0
[0.109s] -- Detecting C compiler ABI info
[0.195s] -- Detecting C compiler ABI info - done
[0.204s] -- Check for working C compiler: /usr/bin/cc - skipped
[0.204s] -- Detecting C compile features
[0.204s] -- Detecting C compile features - done
[0.213s] -- Detecting CXX compiler ABI info
[0.301s] -- Detecting CXX compiler ABI info - done
[0.310s] -- Check for working CXX compiler: /usr/bin/c++ - skipped
[0.310s] -- Detecting CXX compile features
[0.310s] -- Detecting CXX compile features - done
[0.312s] -- Found ament_cmake: 2.5.6 (/opt/ros/jazzy/share/ament_cmake/cmake)
[0.406s] -- Found Python3: /home/delphine/miniconda3/bin/python3 (found version "3.13.12") found components: Interpreter 
[0.485s] -- Found rclcpp: 28.1.18 (/opt/ros/jazzy/share/rclcpp/cmake)
[0.512s] -- Found rosidl_generator_c: 4.6.7 (/opt/ros/jazzy/share/rosidl_generator_c/cmake)
[0.520s] -- Found rosidl_generator_cpp: 4.6.7 (/opt/ros/jazzy/share/rosidl_generator_cpp/cmake)
[0.529s] -- Using all available rosidl_typesupport_c: rosidl_typesupport_fastrtps_c;rosidl_typesupport_introspection_c
[0.540s] -- Using all available rosidl_typesupport_cpp: rosidl_typesupport_fastrtps_cpp;rosidl_typesupport_introspection_cpp
[0.602s] -- Found rmw_implementation_cmake: 7.3.3 (/opt/ros/jazzy/share/rmw_implementation_cmake/cmake)
[0.605s] -- Found rmw_fastrtps_cpp: 8.4.3 (/opt/ros/jazzy/share/rmw_fastrtps_cpp/cmake)
[0.677s] -- Found OpenSSL: /usr/lib/x86_64-linux-gnu/libcrypto.so (found version "3.0.13")  
[0.693s] -- Found FastRTPS: /opt/ros/jazzy/include (Required is at least version "2.13") 
[0.714s] -- Using RMW implementation 'rmw_fastrtps_cpp' as default
[0.775s] -- Found sensor_msgs: 5.3.7 (/opt/ros/jazzy/share/sensor_msgs/cmake)
[0.822s] -- Found cv_bridge: 4.1.0 (/opt/ros/jazzy/share/cv_bridge/cmake)
[0.833s] -- Found tensorrt_detect_msgs: 0.0.1 (/home/delphine/rm/tensorrt10_detect/install/tensorrt_detect_msgs/share/tensorrt_detect_msgs/cmake)
[0.846s] -- Found OpenCV: /usr (found version "4.6.0") 
[0.873s] -- Found CUDAToolkit: /usr/include (found version "12.0.140") 
[0.879s] -- Performing Test CMAKE_HAVE_LIBC_PTHREAD
[0.949s] -- Performing Test CMAKE_HAVE_LIBC_PTHREAD - Success
[0.950s] -- Found Threads: TRUE  
[1.023s] CMake Deprecation Warning at /home/delphine/open3d-devel-linux-x86_64-cxx11-abi-cuda-0.19.0/lib/cmake/Open3D/Open3DConfig.cmake:18 (cmake_policy):
[1.023s]   The OLD behavior for policy CMP0072 will be removed from a future version
[1.023s]   of CMake.
[1.023s] 
[1.023s]   The cmake-policies(7) manual explains that the OLD behaviors of all
[1.023s]   policies are deprecated and that a policy should be set to OLD only under
[1.023s]   specific short-term circumstances.  Projects should be ported to the NEW
[1.023s]   behavior and not rely on setting a policy to OLD.
[1.024s] Call Stack (most recent call first):
[1.024s]   CMakeLists.txt:28 (find_package)
[1.024s] 
[1.024s] 
[1.025s] -- Found Open3D: /home/delphine/open3d-devel-linux-x86_64-cxx11-abi-cuda-0.19.0/lib/cmake/Open3D/Open3DConfig.cmake (found version "0.19.0") 
[1.103s] -- Configuring done (1.1s)
[1.137s] -- Generating done (0.0s)
[1.144s] -- Build files have been written to: /home/delphine/rm/tensorrt10_detect/build/tensorrt_detect
[1.157s] Invoked command in '/home/delphine/rm/tensorrt10_detect/build/tensorrt_detect' returned '0': CMAKE_PREFIX_PATH=/home/delphine/rm/tensorrt10_detect/install/tensorrt_detect_msgs:/home/delphine/rm/tensorrt10_detect/install/tensorrt_detect:/opt/ros/jazzy/opt/gz_math_vendor:/opt/ros/jazzy/opt/gz_utils_vendor:/opt/ros/jazzy/opt/gz_cmake_vendor:/opt/ros/jazzy CONDA_PROMPT_MODIFIER=(base) DEBUGINFOD_URLS=https://debuginfod.ubuntu.com LD_LIBRARY_PATH=/home/delphine/rm/tensorrt10_detect/install/tensorrt_detect_msgs/lib:/opt/MVS/lib/64:/opt/MVS/lib/32:/opt/ros/jazzy/opt/rviz_ogre_vendor/lib:/opt/ros/jazzy/lib/x86_64-linux-gnu:/opt/ros/jazzy/opt/gz_math_vendor/lib:/opt/ros/jazzy/opt/gz_utils_vendor/lib:/opt/ros/jazzy/opt/gz_cmake_vendor/lib:/opt/ros/jazzy/lib:/opt/MVS/lib/64:/opt/MVS/lib/32:/opt/TensorRT/TensorRT-10.2.0.19/lib:/opt/TensorRT/TensorRT-10.2.0/lib:/usr/local/cuda-12.6/lib64:/opt/MVS/lib/64:/opt/MVS/lib/32:/opt/MVS/lib/64:/opt/MVS/lib/32:/opt/MVS/lib/64:/opt/MVS/lib/32 /usr/bin/cmake /home/delphine/rm/tensorrt10_detect/src/tensorrt_detect -DCMAKE_INSTALL_PREFIX=/home/delphine/rm/tensorrt10_detect/install/tensorrt_detect
[1.157s] Invoking command in '/home/delphine/rm/tensorrt10_detect/build/tensorrt_detect': CMAKE_PREFIX_PATH=/home/delphine/rm/tensorrt10_detect/install/tensorrt_detect_msgs:/home/delphine/rm/tensorrt10_detect/install/tensorrt_detect:/opt/ros/jazzy/opt/gz_math_vendor:/opt/ros/jazzy/opt/gz_utils_vendor:/opt/ros/jazzy/opt/gz_cmake_vendor:/opt/ros/jazzy CONDA_PROMPT_MODIFIER=(base) DEBUGINFOD_URLS=https://debuginfod.ubuntu.com LD_LIBRARY_PATH=/home/delphine/rm/tensorrt10_detect/install/tensorrt_detect_msgs/lib:/opt/MVS/lib/64:/opt/MVS/lib/32:/opt/ros/jazzy/opt/rviz_ogre_vendor/lib:/opt/ros/jazzy/lib/x86_64-linux-gnu:/opt/ros/jazzy/opt/gz_math_vendor/lib:/opt/ros/jazzy/opt/gz_utils_vendor/lib:/opt/ros/jazzy/opt/gz_cmake_vendor/lib:/opt/ros/jazzy/lib:/opt/MVS/lib/64:/opt/MVS/lib/32:/opt/TensorRT/TensorRT-10.2.0.19/lib:/opt/TensorRT/TensorRT-10.2.0/lib:/usr/local/cuda-12.6/lib64:/opt/MVS/lib/64:/opt/MVS/lib/32:/opt/MVS/lib/64:/opt/MVS/lib/32:/opt/MVS/lib/64:/opt/MVS/lib/32 /usr/bin/cmake --build /home/delphine/rm/tensorrt10_detect/build/tensorrt_detect -- -j20 -l20
[1.203s] [ 10%] Building CXX object CMakeFiles/tensorrt_detect_core.dir/src/config/ConfigManager.cpp.o
[1.204s] [ 10%] Building CXX object CMakeFiles/tensorrt_detect_core.dir/src/core/pipeline.cpp.o
[1.204s] [ 15%] Building CXX object CMakeFiles/video_node.dir/src/nodes/video_node.cpp.o
[1.204s] [ 25%] Building CXX object CMakeFiles/display_node.dir/src/nodes/display_node.cpp.o
[1.204s] [ 25%] Building CXX object CMakeFiles/tensorrt_detect_core.dir/src/visualization/ui.cpp.o
[1.204s] [ 35%] Building CXX object CMakeFiles/tensorrt_detect_core.dir/src/core/posesolver.cpp.o
[1.204s] [ 35%] Building CXX object CMakeFiles/tensorrt_detect_core.dir/src/core/raycaster.cpp.o
[1.204s] [ 40%] Building CXX object CMakeFiles/tensorrt_detect_core.dir/src/core/model.cpp.o
[1.204s] [ 45%] Building CXX object CMakeFiles/tensorrt_detect_core.dir/src/core/mouseback.cpp.o
[1.204s] [ 50%] Building CXX object CMakeFiles/tensorrt_detect_core.dir/src/core/radarmap.cpp.o
[1.205s] [ 55%] Building CXX object CMakeFiles/tensorrt_detect_core.dir/src/visualization/draw.cpp.o
[8.376s] [ 60%] Linking CXX static library libtensorrt_detect_core.a
[8.485s] [ 60%] Built target tensorrt_detect_core
[8.506s] [ 65%] Building CXX object CMakeFiles/standard.dir/apps/standalone_main.cpp.o
[8.509s] [ 70%] Building CXX object CMakeFiles/pose_node.dir/src/nodes/pose_node.cpp.o
[8.509s] [ 75%] Building CXX object CMakeFiles/detect_node.dir/src/nodes/detect_node.cpp.o
[8.580s] [ 80%] Linking CXX executable video_node
[9.294s] [ 80%] Built target video_node
[9.836s] /home/delphine/rm/tensorrt10_detect/src/tensorrt_detect/apps/standalone_main.cpp: In function ‘int main(int, const char**)’:
[9.836s] /home/delphine/rm/tensorrt10_detect/src/tensorrt_detect/apps/standalone_main.cpp:200:61: error: ‘const struct Result’ has no member named ‘teamId’
[9.836s]   200 |             mappoints.push_back({mp, "", result.idx, result.teamId});
[9.836s]       |                                                             ^~~~~~
[9.836s] /home/delphine/rm/tensorrt10_detect/src/tensorrt_detect/apps/standalone_main.cpp:200:32: error: no matching function for call to ‘std::vector<Mappoint>::push_back(<brace-enclosed initializer list>)’
[9.836s]   200 |             mappoints.push_back({mp, "", result.idx, result.teamId});
[9.836s]       |             ~~~~~~~~~~~~~~~~~~~^~~~~~~~~~~~~~~~~~~~~~~~~~~~~~~~~~~~~
[9.836s] In file included from /usr/include/c++/13/vector:66,
[9.836s]                  from /home/delphine/miniconda3/include/yaml-cpp/binary.h:11,
[9.836s]                  from /home/delphine/miniconda3/include/yaml-cpp/emitter.h:18,
[9.836s]                  from /home/delphine/miniconda3/include/yaml-cpp/yaml.h:11,
[9.836s]                  from /home/delphine/rm/tensorrt10_detect/src/tensorrt_detect/apps/standalone_main.cpp:1:
[9.836s] /usr/include/c++/13/bits/stl_vector.h:1281:7: note: candidate: ‘void std::vector<_Tp, _Alloc>::push_back(const value_type&) [with _Tp = Mappoint; _Alloc = std::allocator<Mappoint>; value_type = Mappoint]’
[9.837s]  1281 |       push_back(const value_type& __x)
[9.837s]       |       ^~~~~~~~~
[9.837s] /usr/include/c++/13/bits/stl_vector.h:1281:35: note:   no known conversion for argument 1 from ‘<brace-enclosed initializer list>’ to ‘const std::vector<Mappoint>::value_type&’ {aka ‘const Mappoint&’}
[9.837s]  1281 |       push_back(const value_type& __x)
[9.837s]       |                 ~~~~~~~~~~~~~~~~~~^~~
[9.837s] /usr/include/c++/13/bits/stl_vector.h:1298:7: note: candidate: ‘void std::vector<_Tp, _Alloc>::push_back(value_type&&) [with _Tp = Mappoint; _Alloc = std::allocator<Mappoint>; value_type = Mappoint]’
[9.837s]  1298 |       push_back(value_type&& __x)
[9.837s]       |       ^~~~~~~~~
[9.837s] /usr/include/c++/13/bits/stl_vector.h:1298:30: note:   no known conversion for argument 1 from ‘<brace-enclosed initializer list>’ to ‘std::vector<Mappoint>::value_type&&’ {aka ‘Mappoint&&’}
[9.837s]  1298 |       push_back(value_type&& __x)
[9.837s]       |                 ~~~~~~~~~~~~~^~~
[10.428s] gmake[2]: *** [CMakeFiles/standard.dir/build.make:76: CMakeFiles/standard.dir/apps/standalone_main.cpp.o] Error 1
[10.428s] gmake[1]: *** [CMakeFiles/Makefile2:173: CMakeFiles/standard.dir/all] Error 2
[10.428s] gmake[1]: *** Waiting for unfinished jobs....
[12.024s] [ 85%] Linking CXX executable display_node
[12.883s] [ 85%] Built target display_node
[18.315s] [ 90%] Linking CXX executable pose_node
[18.986s] [ 90%] Built target pose_node
[19.087s] [ 95%] Linking CXX executable detect_node
[19.836s] [ 95%] Built target detect_node
[19.837s] gmake: *** [Makefile:146: all] Error 2
[19.838s] Invoked command in '/home/delphine/rm/tensorrt10_detect/build/tensorrt_detect' returned '2': CMAKE_PREFIX_PATH=/home/delphine/rm/tensorrt10_detect/install/tensorrt_detect_msgs:/home/delphine/rm/tensorrt10_detect/install/tensorrt_detect:/opt/ros/jazzy/opt/gz_math_vendor:/opt/ros/jazzy/opt/gz_utils_vendor:/opt/ros/jazzy/opt/gz_cmake_vendor:/opt/ros/jazzy CONDA_PROMPT_MODIFIER=(base) DEBUGINFOD_URLS=https://debuginfod.ubuntu.com LD_LIBRARY_PATH=/home/delphine/rm/tensorrt10_detect/install/tensorrt_detect_msgs/lib:/opt/MVS/lib/64:/opt/MVS/lib/32:/opt/ros/jazzy/opt/rviz_ogre_vendor/lib:/opt/ros/jazzy/lib/x86_64-linux-gnu:/opt/ros/jazzy/opt/gz_math_vendor/lib:/opt/ros/jazzy/opt/gz_utils_vendor/lib:/opt/ros/jazzy/opt/gz_cmake_vendor/lib:/opt/ros/jazzy/lib:/opt/MVS/lib/64:/opt/MVS/lib/32:/opt/TensorRT/TensorRT-10.2.0.19/lib:/opt/TensorRT/TensorRT-10.2.0/lib:/usr/local/cuda-12.6/lib64:/opt/MVS/lib/64:/opt/MVS/lib/32:/opt/MVS/lib/64:/opt/MVS/lib/32:/opt/MVS/lib/64:/opt/MVS/lib/32 /usr/bin/cmake --build /home/delphine/rm/tensorrt10_detect/build/tensorrt_detect -- -j20 -l20
