[0.054s] DEBUG:colcon:Command line arguments: ['/usr/bin/colcon', 'build']
[0.054s] DEBUG:colcon:Parsed command line arguments: Namespace(log_base=None, log_level=None, verb_name='build', build_base='build', install_base='install', merge_install=False, symlink_install=False, test_result_base=None, continue_on_error=False, executor='parallel', parallel_workers=20, event_handlers=None, ignore_user_meta=False, metas=['./colcon.meta'], base_paths=['.'], packages_ignore=None, packages_ignore_regex=None, paths=None, packages_up_to=None, packages_up_to_regex=None, packages_above=None, packages_above_and_dependencies=None, packages_above_depth=None, packages_select_by_dep=None, packages_skip_by_dep=None, packages_skip_up_to=None, packages_select_build_failed=False, packages_skip_build_finished=False, packages_select_test_failures=False, packages_skip_test_passed=False, packages_select=None, packages_skip=None, packages_select_regex=None, packages_skip_regex=None, packages_start=None, packages_end=None, allow_overriding=[], cmake_args=None, cmake_target=None, cmake_target_skip_unavailable=False, cmake_clean_cache=False, cmake_clean_first=False, cmake_force_configure=False, ament_cmake_args=None, catkin_cmake_args=None, catkin_skip_building_tests=False, verb_parser=<colcon_defaults.argument_parser.defaults.DefaultArgumentsDecorator object at 0x7da15c0822d0>, verb_extension=<colcon_core.verb.build.BuildVerb object at 0x7da15c023d10>, main=<bound method BuildVerb.main of <colcon_core.verb.build.BuildVerb object at 0x7da15c023d10>>)
[0.075s] Level 1:colcon.colcon_core.package_discovery:discover_packages(colcon_meta) check parameters
[0.075s] Level 1:colcon.colcon_core.package_discovery:discover_packages(recursive) check parameters
[0.075s] Level 1:colcon.colcon_core.package_discovery:discover_packages(ignore) check parameters
[0.075s] Level 1:colcon.colcon_core.package_discovery:discover_packages(path) check parameters
[0.075s] Level 1:colcon.colcon_core.package_discovery:discover_packages(colcon_meta) discover
[0.075s] Level 1:colcon.colcon_core.package_discovery:discover_packages(recursive) discover
[0.075s] INFO:colcon.colcon_core.package_discovery:Crawling recursively for packages in '/home/delphine/rm/tensorrt10_detect'
[0.075s] Level 1:colcon.colcon_core.package_identification:_identify(.) by extensions ['ignore', 'ignore_ament_install']
[0.075s] Level 1:colcon.colcon_core.package_identification:_identify(.) by extension 'ignore'
[0.075s] Level 1:colcon.colcon_core.package_identification:_identify(.) by extension 'ignore_ament_install'
[0.075s] Level 1:colcon.colcon_core.package_identification:_identify(.) by extensions ['colcon_pkg']
[0.075s] Level 1:colcon.colcon_core.package_identification:_identify(.) by extension 'colcon_pkg'
[0.075s] Level 1:colcon.colcon_core.package_identification:_identify(.) by extensions ['colcon_meta']
[0.075s] Level 1:colcon.colcon_core.package_identification:_identify(.) by extension 'colcon_meta'
[0.075s] Level 1:colcon.colcon_core.package_identification:_identify(.) by extensions ['ros']
[0.075s] Level 1:colcon.colcon_core.package_identification:_identify(.) by extension 'ros'
[0.090s] Level 1:colcon.colcon_core.package_identification:_identify(.) by extensions ['cmake', 'python']
[0.090s] Level 1:colcon.colcon_core.package_identification:_identify(.) by extension 'cmake'
[0.090s] Level 1:colcon.colcon_core.package_identification:_identify(.) by extension 'python'
[0.090s] Level 1:colcon.colcon_core.package_identification:_identify(.) by extensions ['python_setup_py']
[0.090s] Level 1:colcon.colcon_core.package_identification:_identify(.) by extension 'python_setup_py'
[0.090s] Level 1:colcon.colcon_core.package_identification:_identify(build) by extensions ['ignore', 'ignore_ament_install']
[0.090s] Level 1:colcon.colcon_core.package_identification:_identify(build) by extension 'ignore'
[0.090s] Level 1:colcon.colcon_core.package_identification:_identify(build) ignored
[0.090s] Level 1:colcon.colcon_core.package_identification:_identify(configs) by extensions ['ignore', 'ignore_ament_install']
[0.090s] Level 1:colcon.colcon_core.package_identification:_identify(configs) by extension 'ignore'
[0.090s] Level 1:colcon.colcon_core.package_identification:_identify(configs) by extension 'ignore_ament_install'
[0.090s] Level 1:colcon.colcon_core.package_identification:_identify(configs) by extensions ['colcon_pkg']
[0.090s] Level 1:colcon.colcon_core.package_identification:_identify(configs) by extension 'colcon_pkg'
[0.090s] Level 1:colcon.colcon_core.package_identification:_identify(configs) by extensions ['colcon_meta']
[0.090s] Level 1:colcon.colcon_core.package_identification:_identify(configs) by extension 'colcon_meta'
[0.090s] Level 1:colcon.colcon_core.package_identification:_identify(configs) by extensions ['ros']
[0.090s] Level 1:colcon.colcon_core.package_identification:_identify(configs) by extension 'ros'
[0.090s] Level 1:colcon.colcon_core.package_identification:_identify(configs) by extensions ['cmake', 'python']
[0.090s] Level 1:colcon.colcon_core.package_identification:_identify(configs) by extension 'cmake'
[0.090s] Level 1:colcon.colcon_core.package_identification:_identify(configs) by extension 'python'
[0.090s] Level 1:colcon.colcon_core.package_identification:_identify(configs) by extensions ['python_setup_py']
[0.090s] Level 1:colcon.colcon_core.package_identification:_identify(configs) by extension 'python_setup_py'
[0.090s] Level 1:colcon.colcon_core.package_identification:_identify(docs) by extensions ['ignore', 'ignore_ament_install']
[0.090s] Level 1:colcon.colcon_core.package_identification:_identify(docs) by extension 'ignore'
[0.090s] Level 1:colcon.colcon_core.package_identification:_identify(docs) by extension 'ignore_ament_install'
[0.090s] Level 1:colcon.colcon_core.package_identification:_identify(docs) by extensions ['colcon_pkg']
[0.090s] Level 1:colcon.colcon_core.package_identification:_identify(docs) by extension 'colcon_pkg'
[0.091s] Level 1:colcon.colcon_core.package_identification:_identify(docs) by extensions ['colcon_meta']
[0.091s] Level 1:colcon.colcon_core.package_identification:_identify(docs) by extension 'colcon_meta'
[0.091s] Level 1:colcon.colcon_core.package_identification:_identify(docs) by extensions ['ros']
[0.091s] Level 1:colcon.colcon_core.package_identification:_identify(docs) by extension 'ros'
[0.091s] Level 1:colcon.colcon_core.package_identification:_identify(docs) by extensions ['cmake', 'python']
[0.091s] Level 1:colcon.colcon_core.package_identification:_identify(docs) by extension 'cmake'
[0.091s] Level 1:colcon.colcon_core.package_identification:_identify(docs) by extension 'python'
[0.091s] Level 1:colcon.colcon_core.package_identification:_identify(docs) by extensions ['python_setup_py']
[0.091s] Level 1:colcon.colcon_core.package_identification:_identify(docs) by extension 'python_setup_py'
[0.091s] Level 1:colcon.colcon_core.package_identification:_identify(install) by extensions ['ignore', 'ignore_ament_install']
[0.091s] Level 1:colcon.colcon_core.package_identification:_identify(install) by extension 'ignore'
[0.091s] Level 1:colcon.colcon_core.package_identification:_identify(install) ignored
[0.091s] Level 1:colcon.colcon_core.package_identification:_identify(log) by extensions ['ignore', 'ignore_ament_install']
[0.091s] Level 1:colcon.colcon_core.package_identification:_identify(log) by extension 'ignore'
[0.091s] Level 1:colcon.colcon_core.package_identification:_identify(log) ignored
[0.091s] Level 1:colcon.colcon_core.package_identification:_identify(models) by extensions ['ignore', 'ignore_ament_install']
[0.091s] Level 1:colcon.colcon_core.package_identification:_identify(models) by extension 'ignore'
[0.091s] Level 1:colcon.colcon_core.package_identification:_identify(models) by extension 'ignore_ament_install'
[0.091s] Level 1:colcon.colcon_core.package_identification:_identify(models) by extensions ['colcon_pkg']
[0.091s] Level 1:colcon.colcon_core.package_identification:_identify(models) by extension 'colcon_pkg'
[0.091s] Level 1:colcon.colcon_core.package_identification:_identify(models) by extensions ['colcon_meta']
[0.091s] Level 1:colcon.colcon_core.package_identification:_identify(models) by extension 'colcon_meta'
[0.091s] Level 1:colcon.colcon_core.package_identification:_identify(models) by extensions ['ros']
[0.091s] Level 1:colcon.colcon_core.package_identification:_identify(models) by extension 'ros'
[0.091s] Level 1:colcon.colcon_core.package_identification:_identify(models) by extensions ['cmake', 'python']
[0.091s] Level 1:colcon.colcon_core.package_identification:_identify(models) by extension 'cmake'
[0.091s] Level 1:colcon.colcon_core.package_identification:_identify(models) by extension 'python'
[0.091s] Level 1:colcon.colcon_core.package_identification:_identify(models) by extensions ['python_setup_py']
[0.091s] Level 1:colcon.colcon_core.package_identification:_identify(models) by extension 'python_setup_py'
[0.091s] Level 1:colcon.colcon_core.package_identification:_identify(src) by extensions ['ignore', 'ignore_ament_install']
[0.091s] Level 1:colcon.colcon_core.package_identification:_identify(src) by extension 'ignore'
[0.091s] Level 1:colcon.colcon_core.package_identification:_identify(src) by extension 'ignore_ament_install'
[0.091s] Level 1:colcon.colcon_core.package_identification:_identify(src) by extensions ['colcon_pkg']
[0.091s] Level 1:colcon.colcon_core.package_identification:_identify(src) by extension 'colcon_pkg'
[0.091s] Level 1:colcon.colcon_core.package_identification:_identify(src) by extensions ['colcon_meta']
[0.091s] Level 1:colcon.colcon_core.package_identification:_identify(src) by extension 'colcon_meta'
[0.091s] Level 1:colcon.colcon_core.package_identification:_identify(src) by extensions ['ros']
[0.091s] Level 1:colcon.colcon_core.package_identification:_identify(src) by extension 'ros'
[0.091s] Level 1:colcon.colcon_core.package_identification:_identify(src) by extensions ['cmake', 'python']
[0.091s] Level 1:colcon.colcon_core.package_identification:_identify(src) by extension 'cmake'
[0.091s] Level 1:colcon.colcon_core.package_identification:_identify(src) by extension 'python'
[0.091s] Level 1:colcon.colcon_core.package_identification:_identify(src) by extensions ['python_setup_py']
[0.091s] Level 1:colcon.colcon_core.package_identification:_identify(src) by extension 'python_setup_py'
[0.091s] Level 1:colcon.colcon_core.package_identification:_identify(src/tensorrt_detect) by extensions ['ignore', 'ignore_ament_install']
[0.091s] Level 1:colcon.colcon_core.package_identification:_identify(src/tensorrt_detect) by extension 'ignore'
[0.092s] Level 1:colcon.colcon_core.package_identification:_identify(src/tensorrt_detect) by extension 'ignore_ament_install'
[0.092s] Level 1:colcon.colcon_core.package_identification:_identify(src/tensorrt_detect) by extensions ['colcon_pkg']
[0.092s] Level 1:colcon.colcon_core.package_identification:_identify(src/tensorrt_detect) by extension 'colcon_pkg'
[0.092s] Level 1:colcon.colcon_core.package_identification:_identify(src/tensorrt_detect) by extensions ['colcon_meta']
[0.092s] Level 1:colcon.colcon_core.package_identification:_identify(src/tensorrt_detect) by extension 'colcon_meta'
[0.092s] Level 1:colcon.colcon_core.package_identification:_identify(src/tensorrt_detect) by extensions ['ros']
[0.092s] Level 1:colcon.colcon_core.package_identification:_identify(src/tensorrt_detect) by extension 'ros'
[0.093s] DEBUG:colcon.colcon_core.package_identification:Package 'src/tensorrt_detect' with type 'ros.ament_cmake' and name 'tensorrt_detect'
[0.093s] Level 1:colcon.colcon_core.package_identification:_identify(src/tensorrt_detect_msgs) by extensions ['ignore', 'ignore_ament_install']
[0.093s] Level 1:colcon.colcon_core.package_identification:_identify(src/tensorrt_detect_msgs) by extension 'ignore'
[0.093s] Level 1:colcon.colcon_core.package_identification:_identify(src/tensorrt_detect_msgs) by extension 'ignore_ament_install'
[0.093s] Level 1:colcon.colcon_core.package_identification:_identify(src/tensorrt_detect_msgs) by extensions ['colcon_pkg']
[0.093s] Level 1:colcon.colcon_core.package_identification:_identify(src/tensorrt_detect_msgs) by extension 'colcon_pkg'
[0.093s] Level 1:colcon.colcon_core.package_identification:_identify(src/tensorrt_detect_msgs) by extensions ['colcon_meta']
[0.093s] Level 1:colcon.colcon_core.package_identification:_identify(src/tensorrt_detect_msgs) by extension 'colcon_meta'
[0.093s] Level 1:colcon.colcon_core.package_identification:_identify(src/tensorrt_detect_msgs) by extensions ['ros']
[0.093s] Level 1:colcon.colcon_core.package_identification:_identify(src/tensorrt_detect_msgs) by extension 'ros'
[0.094s] DEBUG:colcon.colcon_core.package_identification:Package 'src/tensorrt_detect_msgs' with type 'ros.ament_cmake' and name 'tensorrt_detect_msgs'
[0.094s] Level 1:colcon.colcon_core.package_discovery:discover_packages(recursive) using defaults
[0.094s] Level 1:colcon.colcon_core.package_discovery:discover_packages(ignore) discover
[0.094s] Level 1:colcon.colcon_core.package_discovery:discover_packages(ignore) using defaults
[0.094s] Level 1:colcon.colcon_core.package_discovery:discover_packages(path) discover
[0.094s] Level 1:colcon.colcon_core.package_discovery:discover_packages(path) using defaults
[0.104s] Level 1:colcon.colcon_core.package_discovery:discover_packages(prefix_path) check parameters
[0.104s] Level 1:colcon.colcon_core.package_discovery:discover_packages(prefix_path) discover
[0.104s] DEBUG:colcon.colcon_installed_package_information.package_discovery:Found 2 installed packages in /home/delphine/rm/tensorrt10_detect/install
[0.105s] DEBUG:colcon.colcon_installed_package_information.package_discovery:Found 287 installed packages in /opt/ros/jazzy
[0.106s] Level 1:colcon.colcon_core.package_discovery:discover_packages(prefix_path) using defaults
[0.125s] Level 5:colcon.colcon_core.verb:set package 'tensorrt_detect_msgs' build argument 'cmake_args' from command line to 'None'
[0.125s] Level 5:colcon.colcon_core.verb:set package 'tensorrt_detect_msgs' build argument 'cmake_target' from command line to 'None'
[0.125s] Level 5:colcon.colcon_core.verb:set package 'tensorrt_detect_msgs' build argument 'cmake_target_skip_unavailable' from command line to 'False'
[0.125s] Level 5:colcon.colcon_core.verb:set package 'tensorrt_detect_msgs' build argument 'cmake_clean_cache' from command line to 'False'
[0.125s] Level 5:colcon.colcon_core.verb:set package 'tensorrt_detect_msgs' build argument 'cmake_clean_first' from command line to 'False'
[0.125s] Level 5:colcon.colcon_core.verb:set package 'tensorrt_detect_msgs' build argument 'cmake_force_configure' from command line to 'False'
[0.125s] Level 5:colcon.colcon_core.verb:set package 'tensorrt_detect_msgs' build argument 'ament_cmake_args' from command line to 'None'
[0.125s] Level 5:colcon.colcon_core.verb:set package 'tensorrt_detect_msgs' build argument 'catkin_cmake_args' from command line to 'None'
[0.125s] Level 5:colcon.colcon_core.verb:set package 'tensorrt_detect_msgs' build argument 'catkin_skip_building_tests' from command line to 'False'
[0.125s] DEBUG:colcon.colcon_core.verb:Building package 'tensorrt_detect_msgs' with the following arguments: {'ament_cmake_args': None, 'build_base': '/home/delphine/rm/tensorrt10_detect/build/tensorrt_detect_msgs', 'catkin_cmake_args': None, 'catkin_skip_building_tests': False, 'cmake_args': None, 'cmake_clean_cache': False, 'cmake_clean_first': False, 'cmake_force_configure': False, 'cmake_target': None, 'cmake_target_skip_unavailable': False, 'install_base': '/home/delphine/rm/tensorrt10_detect/install/tensorrt_detect_msgs', 'merge_install': False, 'path': '/home/delphine/rm/tensorrt10_detect/src/tensorrt_detect_msgs', 'symlink_install': False, 'test_result_base': None}
[0.125s] Level 5:colcon.colcon_core.verb:set package 'tensorrt_detect' build argument 'cmake_args' from command line to 'None'
[0.125s] Level 5:colcon.colcon_core.verb:set package 'tensorrt_detect' build argument 'cmake_target' from command line to 'None'
[0.125s] Level 5:colcon.colcon_core.verb:set package 'tensorrt_detect' build argument 'cmake_target_skip_unavailable' from command line to 'False'
[0.125s] Level 5:colcon.colcon_core.verb:set package 'tensorrt_detect' build argument 'cmake_clean_cache' from command line to 'False'
[0.125s] Level 5:colcon.colcon_core.verb:set package 'tensorrt_detect' build argument 'cmake_clean_first' from command line to 'False'
[0.125s] Level 5:colcon.colcon_core.verb:set package 'tensorrt_detect' build argument 'cmake_force_configure' from command line to 'False'
[0.125s] Level 5:colcon.colcon_core.verb:set package 'tensorrt_detect' build argument 'ament_cmake_args' from command line to 'None'
[0.125s] Level 5:colcon.colcon_core.verb:set package 'tensorrt_detect' build argument 'catkin_cmake_args' from command line to 'None'
[0.125s] Level 5:colcon.colcon_core.verb:set package 'tensorrt_detect' build argument 'catkin_skip_building_tests' from command line to 'False'
[0.125s] DEBUG:colcon.colcon_core.verb:Building package 'tensorrt_detect' with the following arguments: {'ament_cmake_args': None, 'build_base': '/home/delphine/rm/tensorrt10_detect/build/tensorrt_detect', 'catkin_cmake_args': None, 'catkin_skip_building_tests': False, 'cmake_args': None, 'cmake_clean_cache': False, 'cmake_clean_first': False, 'cmake_force_configure': False, 'cmake_target': None, 'cmake_target_skip_unavailable': False, 'install_base': '/home/delphine/rm/tensorrt10_detect/install/tensorrt_detect', 'merge_install': False, 'path': '/home/delphine/rm/tensorrt10_detect/src/tensorrt_detect', 'symlink_install': False, 'test_result_base': None}
[0.125s] INFO:colcon.colcon_core.executor:Executing jobs using 'parallel' executor
[0.126s] DEBUG:colcon.colcon_parallel_executor.executor.parallel:run_until_complete
[0.126s] INFO:colcon.colcon_ros.task.ament_cmake.build:Building ROS package in '/home/delphine/rm/tensorrt10_detect/src/tensorrt_detect_msgs' with build type 'ament_cmake'
[0.126s] INFO:colcon.colcon_cmake.task.cmake.build:Building CMake package in '/home/delphine/rm/tensorrt10_detect/src/tensorrt_detect_msgs'
[0.127s] INFO:colcon.colcon_core.plugin_system:Skipping extension 'colcon_core.shell.bat': Not used on non-Windows systems
[0.127s] INFO:colcon.colcon_core.shell:Skip shell extension 'powershell' for command environment: Not usable outside of PowerShell
[0.127s] DEBUG:colcon.colcon_core.shell:Skip shell extension 'dsv' for command environment
[0.133s] DEBUG:colcon.colcon_core.event_handler.log_command:Invoking command in '/home/delphine/rm/tensorrt10_detect/build/tensorrt_detect_msgs': CMAKE_PREFIX_PATH=${CMAKE_PREFIX_PATH}:/opt/ros/jazzy DEBUGINFOD_URLS=https://debuginfod.ubuntu.com /usr/bin/cmake --build /home/delphine/rm/tensorrt10_detect/build/tensorrt_detect_msgs -- -j20 -l20
[0.367s] DEBUG:colcon.colcon_core.event_handler.log_command:Invoked command in '/home/delphine/rm/tensorrt10_detect/build/tensorrt_detect_msgs' returned '0': CMAKE_PREFIX_PATH=${CMAKE_PREFIX_PATH}:/opt/ros/jazzy DEBUGINFOD_URLS=https://debuginfod.ubuntu.com /usr/bin/cmake --build /home/delphine/rm/tensorrt10_detect/build/tensorrt_detect_msgs -- -j20 -l20
[0.374s] DEBUG:colcon.colcon_core.event_handler.log_command:Invoking command in '/home/delphine/rm/tensorrt10_detect/build/tensorrt_detect_msgs': CMAKE_PREFIX_PATH=${CMAKE_PREFIX_PATH}:/opt/ros/jazzy DEBUGINFOD_URLS=https://debuginfod.ubuntu.com /usr/bin/cmake --install /home/delphine/rm/tensorrt10_detect/build/tensorrt_detect_msgs
[0.425s] Level 1:colcon.colcon_core.environment:create_environment_scripts_only(tensorrt_detect_msgs)
[0.425s] DEBUG:colcon.colcon_core.event_handler.log_command:Invoked command in '/home/delphine/rm/tensorrt10_detect/build/tensorrt_detect_msgs' returned '0': CMAKE_PREFIX_PATH=${CMAKE_PREFIX_PATH}:/opt/ros/jazzy DEBUGINFOD_URLS=https://debuginfod.ubuntu.com /usr/bin/cmake --install /home/delphine/rm/tensorrt10_detect/build/tensorrt_detect_msgs
[0.427s] Level 1:colcon.colcon_core.environment:checking '/home/delphine/rm/tensorrt10_detect/install/tensorrt_detect_msgs' for CMake module files
[0.427s] Level 1:colcon.colcon_core.environment:checking '/home/delphine/rm/tensorrt10_detect/install/tensorrt_detect_msgs' for CMake config files
[0.428s] Level 1:colcon.colcon_core.shell:create_environment_hook('tensorrt_detect_msgs', 'cmake_prefix_path')
[0.428s] INFO:colcon.colcon_core.shell:Creating environment hook '/home/delphine/rm/tensorrt10_detect/install/tensorrt_detect_msgs/share/tensorrt_detect_msgs/hook/cmake_prefix_path.ps1'
[0.429s] INFO:colcon.colcon_core.shell:Creating environment descriptor '/home/delphine/rm/tensorrt10_detect/install/tensorrt_detect_msgs/share/tensorrt_detect_msgs/hook/cmake_prefix_path.dsv'
[0.429s] INFO:colcon.colcon_core.shell:Creating environment hook '/home/delphine/rm/tensorrt10_detect/install/tensorrt_detect_msgs/share/tensorrt_detect_msgs/hook/cmake_prefix_path.sh'
[0.430s] Level 1:colcon.colcon_core.environment:checking '/home/delphine/rm/tensorrt10_detect/install/tensorrt_detect_msgs/lib'
[0.430s] Level 1:colcon.colcon_core.shell:create_environment_hook('tensorrt_detect_msgs', 'ld_library_path_lib')
[0.430s] INFO:colcon.colcon_core.shell:Creating environment hook '/home/delphine/rm/tensorrt10_detect/install/tensorrt_detect_msgs/share/tensorrt_detect_msgs/hook/ld_library_path_lib.ps1'
[0.430s] INFO:colcon.colcon_core.shell:Creating environment descriptor '/home/delphine/rm/tensorrt10_detect/install/tensorrt_detect_msgs/share/tensorrt_detect_msgs/hook/ld_library_path_lib.dsv'
[0.431s] INFO:colcon.colcon_core.shell:Creating environment hook '/home/delphine/rm/tensorrt10_detect/install/tensorrt_detect_msgs/share/tensorrt_detect_msgs/hook/ld_library_path_lib.sh'
[0.431s] Level 1:colcon.colcon_core.environment:checking '/home/delphine/rm/tensorrt10_detect/install/tensorrt_detect_msgs/bin'
[0.431s] Level 1:colcon.colcon_core.environment:checking '/home/delphine/rm/tensorrt10_detect/install/tensorrt_detect_msgs/lib/pkgconfig/tensorrt_detect_msgs.pc'
[0.431s] Level 1:colcon.colcon_core.environment:checking '/home/delphine/rm/tensorrt10_detect/install/tensorrt_detect_msgs/lib/python3.12/site-packages'
[0.431s] Level 1:colcon.colcon_core.shell:create_environment_hook('tensorrt_detect_msgs', 'pythonpath')
[0.431s] INFO:colcon.colcon_core.shell:Creating environment hook '/home/delphine/rm/tensorrt10_detect/install/tensorrt_detect_msgs/share/tensorrt_detect_msgs/hook/pythonpath.ps1'
[0.432s] INFO:colcon.colcon_core.shell:Creating environment descriptor '/home/delphine/rm/tensorrt10_detect/install/tensorrt_detect_msgs/share/tensorrt_detect_msgs/hook/pythonpath.dsv'
[0.432s] INFO:colcon.colcon_core.shell:Creating environment hook '/home/delphine/rm/tensorrt10_detect/install/tensorrt_detect_msgs/share/tensorrt_detect_msgs/hook/pythonpath.sh'
[0.433s] Level 1:colcon.colcon_core.environment:checking '/home/delphine/rm/tensorrt10_detect/install/tensorrt_detect_msgs/bin'
[0.433s] INFO:colcon.colcon_core.shell:Creating package script '/home/delphine/rm/tensorrt10_detect/install/tensorrt_detect_msgs/share/tensorrt_detect_msgs/package.ps1'
[0.434s] INFO:colcon.colcon_core.shell:Creating package descriptor '/home/delphine/rm/tensorrt10_detect/install/tensorrt_detect_msgs/share/tensorrt_detect_msgs/package.dsv'
[0.434s] INFO:colcon.colcon_core.shell:Creating package script '/home/delphine/rm/tensorrt10_detect/install/tensorrt_detect_msgs/share/tensorrt_detect_msgs/package.sh'
[0.435s] INFO:colcon.colcon_core.shell:Creating package script '/home/delphine/rm/tensorrt10_detect/install/tensorrt_detect_msgs/share/tensorrt_detect_msgs/package.bash'
[0.435s] INFO:colcon.colcon_core.shell:Creating package script '/home/delphine/rm/tensorrt10_detect/install/tensorrt_detect_msgs/share/tensorrt_detect_msgs/package.zsh'
[0.435s] Level 1:colcon.colcon_core.environment:create_file_with_runtime_dependencies(/home/delphine/rm/tensorrt10_detect/install/tensorrt_detect_msgs/share/colcon-core/packages/tensorrt_detect_msgs)
[0.436s] Level 1:colcon.colcon_core.environment:create_environment_scripts_only(tensorrt_detect_msgs)
[0.436s] Level 1:colcon.colcon_core.environment:checking '/home/delphine/rm/tensorrt10_detect/install/tensorrt_detect_msgs' for CMake module files
[0.436s] Level 1:colcon.colcon_core.environment:checking '/home/delphine/rm/tensorrt10_detect/install/tensorrt_detect_msgs' for CMake config files
[0.436s] Level 1:colcon.colcon_core.shell:create_environment_hook('tensorrt_detect_msgs', 'cmake_prefix_path')
[0.436s] INFO:colcon.colcon_core.shell:Creating environment hook '/home/delphine/rm/tensorrt10_detect/install/tensorrt_detect_msgs/share/tensorrt_detect_msgs/hook/cmake_prefix_path.ps1'
[0.436s] INFO:colcon.colcon_core.shell:Creating environment descriptor '/home/delphine/rm/tensorrt10_detect/install/tensorrt_detect_msgs/share/tensorrt_detect_msgs/hook/cmake_prefix_path.dsv'
[0.437s] INFO:colcon.colcon_core.shell:Creating environment hook '/home/delphine/rm/tensorrt10_detect/install/tensorrt_detect_msgs/share/tensorrt_detect_msgs/hook/cmake_prefix_path.sh'
[0.437s] Level 1:colcon.colcon_core.environment:checking '/home/delphine/rm/tensorrt10_detect/install/tensorrt_detect_msgs/lib'
[0.437s] Level 1:colcon.colcon_core.shell:create_environment_hook('tensorrt_detect_msgs', 'ld_library_path_lib')
[0.437s] INFO:colcon.colcon_core.shell:Creating environment hook '/home/delphine/rm/tensorrt10_detect/install/tensorrt_detect_msgs/share/tensorrt_detect_msgs/hook/ld_library_path_lib.ps1'
[0.437s] INFO:colcon.colcon_core.shell:Creating environment descriptor '/home/delphine/rm/tensorrt10_detect/install/tensorrt_detect_msgs/share/tensorrt_detect_msgs/hook/ld_library_path_lib.dsv'
[0.437s] INFO:colcon.colcon_core.shell:Creating environment hook '/home/delphine/rm/tensorrt10_detect/install/tensorrt_detect_msgs/share/tensorrt_detect_msgs/hook/ld_library_path_lib.sh'
[0.438s] Level 1:colcon.colcon_core.environment:checking '/home/delphine/rm/tensorrt10_detect/install/tensorrt_detect_msgs/bin'
[0.438s] Level 1:colcon.colcon_core.environment:checking '/home/delphine/rm/tensorrt10_detect/install/tensorrt_detect_msgs/lib/pkgconfig/tensorrt_detect_msgs.pc'
[0.438s] Level 1:colcon.colcon_core.environment:checking '/home/delphine/rm/tensorrt10_detect/install/tensorrt_detect_msgs/lib/python3.12/site-packages'
[0.438s] Level 1:colcon.colcon_core.shell:create_environment_hook('tensorrt_detect_msgs', 'pythonpath')
[0.438s] INFO:colcon.colcon_core.shell:Creating environment hook '/home/delphine/rm/tensorrt10_detect/install/tensorrt_detect_msgs/share/tensorrt_detect_msgs/hook/pythonpath.ps1'
[0.438s] INFO:colcon.colcon_core.shell:Creating environment descriptor '/home/delphine/rm/tensorrt10_detect/install/tensorrt_detect_msgs/share/tensorrt_detect_msgs/hook/pythonpath.dsv'
[0.438s] INFO:colcon.colcon_core.shell:Creating environment hook '/home/delphine/rm/tensorrt10_detect/install/tensorrt_detect_msgs/share/tensorrt_detect_msgs/hook/pythonpath.sh'
[0.438s] Level 1:colcon.colcon_core.environment:checking '/home/delphine/rm/tensorrt10_detect/install/tensorrt_detect_msgs/bin'
[0.439s] INFO:colcon.colcon_core.shell:Creating package script '/home/delphine/rm/tensorrt10_detect/install/tensorrt_detect_msgs/share/tensorrt_detect_msgs/package.ps1'
[0.439s] INFO:colcon.colcon_core.shell:Creating package descriptor '/home/delphine/rm/tensorrt10_detect/install/tensorrt_detect_msgs/share/tensorrt_detect_msgs/package.dsv'
[0.439s] INFO:colcon.colcon_core.shell:Creating package script '/home/delphine/rm/tensorrt10_detect/install/tensorrt_detect_msgs/share/tensorrt_detect_msgs/package.sh'
[0.439s] INFO:colcon.colcon_core.shell:Creating package script '/home/delphine/rm/tensorrt10_detect/install/tensorrt_detect_msgs/share/tensorrt_detect_msgs/package.bash'
[0.440s] INFO:colcon.colcon_core.shell:Creating package script '/home/delphine/rm/tensorrt10_detect/install/tensorrt_detect_msgs/share/tensorrt_detect_msgs/package.zsh'
[0.440s] Level 1:colcon.colcon_core.environment:create_file_with_runtime_dependencies(/home/delphine/rm/tensorrt10_detect/install/tensorrt_detect_msgs/share/colcon-core/packages/tensorrt_detect_msgs)
[0.440s] INFO:colcon.colcon_ros.task.ament_cmake.build:Building ROS package in '/home/delphine/rm/tensorrt10_detect/src/tensorrt_detect' with build type 'ament_cmake'
[0.440s] INFO:colcon.colcon_cmake.task.cmake.build:Building CMake package in '/home/delphine/rm/tensorrt10_detect/src/tensorrt_detect'
[0.440s] INFO:colcon.colcon_core.shell:Skip shell extension 'powershell' for command environment: Not usable outside of PowerShell
[0.440s] DEBUG:colcon.colcon_core.shell:Skip shell extension 'dsv' for command environment
[0.447s] DEBUG:colcon.colcon_core.event_handler.log_command:Invoking command in '/home/delphine/rm/tensorrt10_detect/build/tensorrt_detect': CMAKE_PREFIX_PATH=/home/delphine/rm/tensorrt10_detect/install/tensorrt_detect_msgs:/home/delphine/rm/tensorrt10_detect/install/tensorrt_detect:/opt/ros/jazzy/opt/gz_math_vendor:/opt/ros/jazzy/opt/gz_utils_vendor:/opt/ros/jazzy/opt/gz_cmake_vendor:/opt/ros/jazzy DEBUGINFOD_URLS=https://debuginfod.ubuntu.com LD_LIBRARY_PATH=/home/delphine/rm/tensorrt10_detect/install/tensorrt_detect_msgs/lib:/opt/ros/jazzy/opt/rviz_ogre_vendor/lib:/opt/ros/jazzy/lib/x86_64-linux-gnu:/opt/ros/jazzy/opt/gz_math_vendor/lib:/opt/ros/jazzy/opt/gz_utils_vendor/lib:/opt/ros/jazzy/opt/gz_cmake_vendor/lib:/opt/ros/jazzy/lib:/opt/MVS/lib/64:/opt/MVS/lib/32:/opt/TensorRT/TensorRT-10.2.0.19/lib:/opt/TensorRT/TensorRT-10.2.0/lib:/usr/local/cuda-12.6/lib64:/opt/MVS/lib/64:/opt/MVS/lib/32:/opt/MVS/lib/64:/opt/MVS/lib/32 /usr/bin/cmake --build /home/delphine/rm/tensorrt10_detect/build/tensorrt_detect -- -j20 -l20
[13.749s] DEBUG:colcon.colcon_core.event_handler.log_command:Invoked command in '/home/delphine/rm/tensorrt10_detect/build/tensorrt_detect' returned '0': CMAKE_PREFIX_PATH=/home/delphine/rm/tensorrt10_detect/install/tensorrt_detect_msgs:/home/delphine/rm/tensorrt10_detect/install/tensorrt_detect:/opt/ros/jazzy/opt/gz_math_vendor:/opt/ros/jazzy/opt/gz_utils_vendor:/opt/ros/jazzy/opt/gz_cmake_vendor:/opt/ros/jazzy DEBUGINFOD_URLS=https://debuginfod.ubuntu.com LD_LIBRARY_PATH=/home/delphine/rm/tensorrt10_detect/install/tensorrt_detect_msgs/lib:/opt/ros/jazzy/opt/rviz_ogre_vendor/lib:/opt/ros/jazzy/lib/x86_64-linux-gnu:/opt/ros/jazzy/opt/gz_math_vendor/lib:/opt/ros/jazzy/opt/gz_utils_vendor/lib:/opt/ros/jazzy/opt/gz_cmake_vendor/lib:/opt/ros/jazzy/lib:/opt/MVS/lib/64:/opt/MVS/lib/32:/opt/TensorRT/TensorRT-10.2.0.19/lib:/opt/TensorRT/TensorRT-10.2.0/lib:/usr/local/cuda-12.6/lib64:/opt/MVS/lib/64:/opt/MVS/lib/32:/opt/MVS/lib/64:/opt/MVS/lib/32 /usr/bin/cmake --build /home/delphine/rm/tensorrt10_detect/build/tensorrt_detect -- -j20 -l20
[13.750s] DEBUG:colcon.colcon_core.event_handler.log_command:Invoking command in '/home/delphine/rm/tensorrt10_detect/build/tensorrt_detect': CMAKE_PREFIX_PATH=/home/delphine/rm/tensorrt10_detect/install/tensorrt_detect_msgs:/home/delphine/rm/tensorrt10_detect/install/tensorrt_detect:/opt/ros/jazzy/opt/gz_math_vendor:/opt/ros/jazzy/opt/gz_utils_vendor:/opt/ros/jazzy/opt/gz_cmake_vendor:/opt/ros/jazzy DEBUGINFOD_URLS=https://debuginfod.ubuntu.com LD_LIBRARY_PATH=/home/delphine/rm/tensorrt10_detect/install/tensorrt_detect_msgs/lib:/opt/ros/jazzy/opt/rviz_ogre_vendor/lib:/opt/ros/jazzy/lib/x86_64-linux-gnu:/opt/ros/jazzy/opt/gz_math_vendor/lib:/opt/ros/jazzy/opt/gz_utils_vendor/lib:/opt/ros/jazzy/opt/gz_cmake_vendor/lib:/opt/ros/jazzy/lib:/opt/MVS/lib/64:/opt/MVS/lib/32:/opt/TensorRT/TensorRT-10.2.0.19/lib:/opt/TensorRT/TensorRT-10.2.0/lib:/usr/local/cuda-12.6/lib64:/opt/MVS/lib/64:/opt/MVS/lib/32:/opt/MVS/lib/64:/opt/MVS/lib/32 /usr/bin/cmake --install /home/delphine/rm/tensorrt10_detect/build/tensorrt_detect
[13.767s] Level 1:colcon.colcon_core.environment:create_environment_scripts_only(tensorrt_detect)
[13.768s] Level 1:colcon.colcon_core.environment:checking '/home/delphine/rm/tensorrt10_detect/install/tensorrt_detect' for CMake module files
[13.768s] DEBUG:colcon.colcon_core.event_handler.log_command:Invoked command in '/home/delphine/rm/tensorrt10_detect/build/tensorrt_detect' returned '0': CMAKE_PREFIX_PATH=/home/delphine/rm/tensorrt10_detect/install/tensorrt_detect_msgs:/home/delphine/rm/tensorrt10_detect/install/tensorrt_detect:/opt/ros/jazzy/opt/gz_math_vendor:/opt/ros/jazzy/opt/gz_utils_vendor:/opt/ros/jazzy/opt/gz_cmake_vendor:/opt/ros/jazzy DEBUGINFOD_URLS=https://debuginfod.ubuntu.com LD_LIBRARY_PATH=/home/delphine/rm/tensorrt10_detect/install/tensorrt_detect_msgs/lib:/opt/ros/jazzy/opt/rviz_ogre_vendor/lib:/opt/ros/jazzy/lib/x86_64-linux-gnu:/opt/ros/jazzy/opt/gz_math_vendor/lib:/opt/ros/jazzy/opt/gz_utils_vendor/lib:/opt/ros/jazzy/opt/gz_cmake_vendor/lib:/opt/ros/jazzy/lib:/opt/MVS/lib/64:/opt/MVS/lib/32:/opt/TensorRT/TensorRT-10.2.0.19/lib:/opt/TensorRT/TensorRT-10.2.0/lib:/usr/local/cuda-12.6/lib64:/opt/MVS/lib/64:/opt/MVS/lib/32:/opt/MVS/lib/64:/opt/MVS/lib/32 /usr/bin/cmake --install /home/delphine/rm/tensorrt10_detect/build/tensorrt_detect
[13.768s] Level 1:colcon.colcon_core.environment:checking '/home/delphine/rm/tensorrt10_detect/install/tensorrt_detect' for CMake config files
[13.768s] Level 1:colcon.colcon_core.shell:create_environment_hook('tensorrt_detect', 'cmake_prefix_path')
[13.768s] INFO:colcon.colcon_core.shell:Creating environment hook '/home/delphine/rm/tensorrt10_detect/install/tensorrt_detect/share/tensorrt_detect/hook/cmake_prefix_path.ps1'
[13.769s] INFO:colcon.colcon_core.shell:Creating environment descriptor '/home/delphine/rm/tensorrt10_detect/install/tensorrt_detect/share/tensorrt_detect/hook/cmake_prefix_path.dsv'
[13.769s] INFO:colcon.colcon_core.shell:Creating environment hook '/home/delphine/rm/tensorrt10_detect/install/tensorrt_detect/share/tensorrt_detect/hook/cmake_prefix_path.sh'
[13.769s] Level 1:colcon.colcon_core.environment:checking '/home/delphine/rm/tensorrt10_detect/install/tensorrt_detect/lib'
[13.769s] Level 1:colcon.colcon_core.environment:checking '/home/delphine/rm/tensorrt10_detect/install/tensorrt_detect/bin'
[13.769s] Level 1:colcon.colcon_core.environment:checking '/home/delphine/rm/tensorrt10_detect/install/tensorrt_detect/lib/pkgconfig/tensorrt_detect.pc'
[13.769s] Level 1:colcon.colcon_core.environment:checking '/home/delphine/rm/tensorrt10_detect/install/tensorrt_detect/lib/python3.12/site-packages'
[13.770s] Level 1:colcon.colcon_core.environment:checking '/home/delphine/rm/tensorrt10_detect/install/tensorrt_detect/bin'
[13.770s] INFO:colcon.colcon_core.shell:Creating package script '/home/delphine/rm/tensorrt10_detect/install/tensorrt_detect/share/tensorrt_detect/package.ps1'
[13.770s] INFO:colcon.colcon_core.shell:Creating package descriptor '/home/delphine/rm/tensorrt10_detect/install/tensorrt_detect/share/tensorrt_detect/package.dsv'
[13.770s] INFO:colcon.colcon_core.shell:Creating package script '/home/delphine/rm/tensorrt10_detect/install/tensorrt_detect/share/tensorrt_detect/package.sh'
[13.770s] INFO:colcon.colcon_core.shell:Creating package script '/home/delphine/rm/tensorrt10_detect/install/tensorrt_detect/share/tensorrt_detect/package.bash'
[13.771s] INFO:colcon.colcon_core.shell:Creating package script '/home/delphine/rm/tensorrt10_detect/install/tensorrt_detect/share/tensorrt_detect/package.zsh'
[13.771s] Level 1:colcon.colcon_core.environment:create_file_with_runtime_dependencies(/home/delphine/rm/tensorrt10_detect/install/tensorrt_detect/share/colcon-core/packages/tensorrt_detect)
[13.771s] Level 1:colcon.colcon_core.environment:create_environment_scripts_only(tensorrt_detect)
[13.771s] Level 1:colcon.colcon_core.environment:checking '/home/delphine/rm/tensorrt10_detect/install/tensorrt_detect' for CMake module files
[13.771s] Level 1:colcon.colcon_core.environment:checking '/home/delphine/rm/tensorrt10_detect/install/tensorrt_detect' for CMake config files
[13.771s] Level 1:colcon.colcon_core.shell:create_environment_hook('tensorrt_detect', 'cmake_prefix_path')
[13.772s] INFO:colcon.colcon_core.shell:Creating environment hook '/home/delphine/rm/tensorrt10_detect/install/tensorrt_detect/share/tensorrt_detect/hook/cmake_prefix_path.ps1'
[13.772s] INFO:colcon.colcon_core.shell:Creating environment descriptor '/home/delphine/rm/tensorrt10_detect/install/tensorrt_detect/share/tensorrt_detect/hook/cmake_prefix_path.dsv'
[13.772s] INFO:colcon.colcon_core.shell:Creating environment hook '/home/delphine/rm/tensorrt10_detect/install/tensorrt_detect/share/tensorrt_detect/hook/cmake_prefix_path.sh'
[13.772s] Level 1:colcon.colcon_core.environment:checking '/home/delphine/rm/tensorrt10_detect/install/tensorrt_detect/lib'
[13.772s] Level 1:colcon.colcon_core.environment:checking '/home/delphine/rm/tensorrt10_detect/install/tensorrt_detect/bin'
[13.772s] Level 1:colcon.colcon_core.environment:checking '/home/delphine/rm/tensorrt10_detect/install/tensorrt_detect/lib/pkgconfig/tensorrt_detect.pc'
[13.772s] Level 1:colcon.colcon_core.environment:checking '/home/delphine/rm/tensorrt10_detect/install/tensorrt_detect/lib/python3.12/site-packages'
[13.773s] Level 1:colcon.colcon_core.environment:checking '/home/delphine/rm/tensorrt10_detect/install/tensorrt_detect/bin'
[13.773s] INFO:colcon.colcon_core.shell:Creating package script '/home/delphine/rm/tensorrt10_detect/install/tensorrt_detect/share/tensorrt_detect/package.ps1'
[13.773s] INFO:colcon.colcon_core.shell:Creating package descriptor '/home/delphine/rm/tensorrt10_detect/install/tensorrt_detect/share/tensorrt_detect/package.dsv'
[13.773s] INFO:colcon.colcon_core.shell:Creating package script '/home/delphine/rm/tensorrt10_detect/install/tensorrt_detect/share/tensorrt_detect/package.sh'
[13.773s] INFO:colcon.colcon_core.shell:Creating package script '/home/delphine/rm/tensorrt10_detect/install/tensorrt_detect/share/tensorrt_detect/package.bash'
[13.774s] INFO:colcon.colcon_core.shell:Creating package script '/home/delphine/rm/tensorrt10_detect/install/tensorrt_detect/share/tensorrt_detect/package.zsh'
[13.774s] Level 1:colcon.colcon_core.environment:create_file_with_runtime_dependencies(/home/delphine/rm/tensorrt10_detect/install/tensorrt_detect/share/colcon-core/packages/tensorrt_detect)
[13.774s] DEBUG:colcon.colcon_parallel_executor.executor.parallel:closing loop
[13.774s] DEBUG:colcon.colcon_parallel_executor.executor.parallel:loop closed
[13.774s] DEBUG:colcon.colcon_parallel_executor.executor.parallel:run_until_complete finished with '0'
[13.774s] DEBUG:colcon.colcon_core.event_reactor:joining thread
[13.778s] INFO:colcon.colcon_core.plugin_system:Skipping extension 'colcon_notification.desktop_notification.terminal_notifier': Not used on non-Darwin systems
[13.778s] INFO:colcon.colcon_core.plugin_system:Skipping extension 'colcon_notification.desktop_notification.win32': Not used on non-Windows systems
[13.778s] INFO:colcon.colcon_notification.desktop_notification:Sending desktop notification using 'notify2'
[13.788s] DEBUG:colcon.colcon_core.event_reactor:joined thread
[13.789s] INFO:colcon.colcon_core.shell:Creating prefix script '/home/delphine/rm/tensorrt10_detect/install/local_setup.ps1'
[13.789s] INFO:colcon.colcon_core.shell:Creating prefix util module '/home/delphine/rm/tensorrt10_detect/install/_local_setup_util_ps1.py'
[13.790s] INFO:colcon.colcon_core.shell:Creating prefix chain script '/home/delphine/rm/tensorrt10_detect/install/setup.ps1'
[13.790s] INFO:colcon.colcon_core.shell:Creating prefix script '/home/delphine/rm/tensorrt10_detect/install/local_setup.sh'
[13.790s] INFO:colcon.colcon_core.shell:Creating prefix util module '/home/delphine/rm/tensorrt10_detect/install/_local_setup_util_sh.py'
[13.790s] INFO:colcon.colcon_core.shell:Creating prefix chain script '/home/delphine/rm/tensorrt10_detect/install/setup.sh'
[13.791s] INFO:colcon.colcon_core.shell:Creating prefix script '/home/delphine/rm/tensorrt10_detect/install/local_setup.bash'
[13.791s] INFO:colcon.colcon_core.shell:Creating prefix chain script '/home/delphine/rm/tensorrt10_detect/install/setup.bash'
[13.792s] INFO:colcon.colcon_core.shell:Creating prefix script '/home/delphine/rm/tensorrt10_detect/install/local_setup.zsh'
[13.792s] INFO:colcon.colcon_core.shell:Creating prefix chain script '/home/delphine/rm/tensorrt10_detect/install/setup.zsh'
