[0.009s] Invoking command in '/home/delphine/rm/tensorrt10_detect/build/tensorrt_detect': CMAKE_PREFIX_PATH=/home/delphine/rm/tensorrt10_detect/install/tensorrt_detect_msgs:/home/delphine/rm/tensorrt10_detect/install/tensorrt_detect:/opt/ros/jazzy/opt/gz_math_vendor:/opt/ros/jazzy/opt/gz_utils_vendor:/opt/ros/jazzy/opt/gz_cmake_vendor:/opt/ros/jazzy CONDA_PROMPT_MODIFIER=(base) DEBUGINFOD_URLS=https://debuginfod.ubuntu.com LD_LIBRARY_PATH=/home/delphine/rm/tensorrt10_detect/install/tensorrt_detect_msgs/lib:/opt/MVS/lib/64:/opt/MVS/lib/32:/opt/ros/jazzy/opt/rviz_ogre_vendor/lib:/opt/ros/jazzy/lib/x86_64-linux-gnu:/opt/ros/jazzy/opt/gz_math_vendor/lib:/opt/ros/jazzy/opt/gz_utils_vendor/lib:/opt/ros/jazzy/opt/gz_cmake_vendor/lib:/opt/ros/jazzy/lib:/opt/MVS/lib/64:/opt/MVS/lib/32:/opt/TensorRT/TensorRT-10.2.0.19/lib:/opt/TensorRT/TensorRT-10.2.0/lib:/usr/local/cuda-12.6/lib64:/opt/MVS/lib/64:/opt/MVS/lib/32:/opt/MVS/lib/64:/opt/MVS/lib/32:/opt/MVS/lib/64:/opt/MVS/lib/32 /usr/bin/cmake --build /home/delphine/rm/tensorrt10_detect/build/tensorrt_detect -- -j20 -l20
[0.032s] -- Found ament_cmake: 2.5.6 (/opt/ros/jazzy/share/ament_cmake/cmake)
[0.206s] -- Found rclcpp: 28.1.18 (/opt/ros/jazzy/share/rclcpp/cmake)
[0.223s] -- Found rosidl_generator_c: 4.6.7 (/opt/ros/jazzy/share/rosidl_generator_c/cmake)
[0.229s] -- Found rosidl_generator_cpp: 4.6.7 (/opt/ros/jazzy/share/rosidl_generator_cpp/cmake)
[0.237s] -- Using all available rosidl_typesupport_c: rosidl_typesupport_fastrtps_c;rosidl_typesupport_introspection_c
[0.245s] -- Using all available rosidl_typesupport_cpp: rosidl_typesupport_fastrtps_cpp;rosidl_typesupport_introspection_cpp
[0.285s] -- Found rmw_implementation_cmake: 7.3.3 (/opt/ros/jazzy/share/rmw_implementation_cmake/cmake)
[0.286s] -- Found rmw_fastrtps_cpp: 8.4.3 (/opt/ros/jazzy/share/rmw_fastrtps_cpp/cmake)
[0.336s] -- Using RMW implementation 'rmw_fastrtps_cpp' as default
[0.380s] -- Found sensor_msgs: 5.3.7 (/opt/ros/jazzy/share/sensor_msgs/cmake)
[0.417s] -- Found cv_bridge: 4.1.0 (/opt/ros/jazzy/share/cv_bridge/cmake)
[0.424s] -- Found tensorrt_detect_msgs: 0.0.1 (/home/delphine/rm/tensorrt10_detect/install/tensorrt_detect_msgs/share/tensorrt_detect_msgs/cmake)
[0.479s] CMake Deprecation Warning at /home/delphine/open3d-devel-linux-x86_64-cxx11-abi-cuda-0.19.0/lib/cmake/Open3D/Open3DConfig.cmake:18 (cmake_policy):
[0.480s]   The OLD behavior for policy CMP0072 will be removed from a future version
[0.480s]   of CMake.
[0.480s] 
[0.480s]   The cmake-policies(7) manual explains that the OLD behaviors of all
[0.480s]   policies are deprecated and that a policy should be set to OLD only under
[0.480s]   specific short-term circumstances.  Projects should be ported to the NEW
[0.480s]   behavior and not rely on setting a policy to OLD.
[0.480s] Call Stack (most recent call first):
[0.480s]   CMakeLists.txt:28 (find_package)
[0.480s] 
[0.480s] 
[0.563s] -- Configuring done (0.5s)
[0.602s] -- Generating done (0.0s)
[0.611s] -- Build files have been written to: /home/delphine/rm/tensorrt10_detect/build/tensorrt_detect
[0.668s] [ 18%] Built target video_node
[0.668s] [ 18%] Built target display_node
[0.672s] [ 63%] Built target tensorrt_detect_core
[0.693s] [ 68%] Building CXX object CMakeFiles/map_node.dir/src/nodes/map_node.cpp.o
[0.696s] [ 77%] Built target standard
[0.699s] [ 81%] Building CXX object CMakeFiles/pose_node.dir/src/nodes/pose_node.cpp.o
[0.710s] [ 86%] Building CXX object CMakeFiles/detect_node.dir/src/nodes/detect_node.cpp.o
[3.993s] /home/delphine/rm/tensorrt10_detect/src/tensorrt_detect/src/nodes/map_node.cpp: In member function ‘void MapNode::target_callback(tensorrt_detect_msgs::msg::WorldTargetArray_<std::allocator<void> >::SharedPtr)’:
[3.993s] /home/delphine/rm/tensorrt10_detect/src/tensorrt_detect/src/nodes/map_node.cpp:111:24: error: ‘using std::__shared_ptr_access<tensorrt_detect_msgs::msg::RadarMap_<std::allocator<void> >, __gnu_cxx::_S_atomic, false, false>::element_type = struct tensorrt_detect_msgs::msg::RadarMap_<std::allocator<void> >’ {aka ‘struct tensorrt_detect_msgs::msg::RadarMap_<std::allocator<void> >’} has no member named ‘header’
[3.993s]   111 |             radar_msg->header = msg->header;
[3.994s]       |                        ^~~~~~
[6.447s] gmake[2]: *** [CMakeFiles/map_node.dir/build.make:76：CMakeFiles/map_node.dir/src/nodes/map_node.cpp.o] 错误 1
[6.447s] gmake[1]: *** [CMakeFiles/Makefile2:305：CMakeFiles/map_node.dir/all] 错误 2
[6.447s] gmake[1]: *** 正在等待未完成的任务....
[11.182s] [ 90%] Linking CXX executable pose_node
[12.095s] [ 90%] Built target pose_node
[12.267s] [ 95%] Linking CXX executable detect_node
[13.165s] [ 95%] Built target detect_node
[13.166s] gmake: *** [Makefile:146：all] 错误 2
[13.168s] Invoked command in '/home/delphine/rm/tensorrt10_detect/build/tensorrt_detect' returned '2': CMAKE_PREFIX_PATH=/home/delphine/rm/tensorrt10_detect/install/tensorrt_detect_msgs:/home/delphine/rm/tensorrt10_detect/install/tensorrt_detect:/opt/ros/jazzy/opt/gz_math_vendor:/opt/ros/jazzy/opt/gz_utils_vendor:/opt/ros/jazzy/opt/gz_cmake_vendor:/opt/ros/jazzy CONDA_PROMPT_MODIFIER=(base) DEBUGINFOD_URLS=https://debuginfod.ubuntu.com LD_LIBRARY_PATH=/home/delphine/rm/tensorrt10_detect/install/tensorrt_detect_msgs/lib:/opt/MVS/lib/64:/opt/MVS/lib/32:/opt/ros/jazzy/opt/rviz_ogre_vendor/lib:/opt/ros/jazzy/lib/x86_64-linux-gnu:/opt/ros/jazzy/opt/gz_math_vendor/lib:/opt/ros/jazzy/opt/gz_utils_vendor/lib:/opt/ros/jazzy/opt/gz_cmake_vendor/lib:/opt/ros/jazzy/lib:/opt/MVS/lib/64:/opt/MVS/lib/32:/opt/TensorRT/TensorRT-10.2.0.19/lib:/opt/TensorRT/TensorRT-10.2.0/lib:/usr/local/cuda-12.6/lib64:/opt/MVS/lib/64:/opt/MVS/lib/32:/opt/MVS/lib/64:/opt/MVS/lib/32:/opt/MVS/lib/64:/opt/MVS/lib/32 /usr/bin/cmake --build /home/delphine/rm/tensorrt10_detect/build/tensorrt_detect -- -j20 -l20
