-- Found ament_cmake: 2.5.6 (/opt/ros/jazzy/share/ament_cmake/cmake)
-- Found rosidl_default_generators: 1.6.0 (/opt/ros/jazzy/share/rosidl_default_generators/cmake)
-- Using all available rosidl_typesupport_c: rosidl_typesupport_fastrtps_c;rosidl_typesupport_introspection_c
-- Using all available rosidl_typesupport_cpp: rosidl_typesupport_fastrtps_cpp;rosidl_typesupport_introspection_cpp
-- Found rosidl_adapter: 4.6.7 (/opt/ros/jazzy/share/rosidl_adapter/cmake)
-- Found std_msgs: 5.3.7 (/opt/ros/jazzy/share/std_msgs/cmake)
-- Found ament_cmake_ros: 0.12.0 (/opt/ros/jazzy/share/ament_cmake_ros/cmake)
-- Using all available rosidl_typesupport_c: rosidl_typesupport_fastrtps_c;rosidl_typesupport_introspection_c
-- Using all available rosidl_typesupport_cpp: rosidl_typesupport_fastrtps_cpp;rosidl_typesupport_introspection_cpp
-- Found python_cmake_module: 0.11.1 (/opt/ros/jazzy/share/python_cmake_module/cmake)
-- Found Python3: /home/delphine/miniconda3/bin/python3 (found version "3.13.12") found components: Interpreter Development NumPy Development.Module Development.Embed 
-- Found Python3: /home/delphine/miniconda3/bin/python3 (found version "3.13.12") found components: Interpreter 
-- Configuring done (0.9s)
-- Generating done (0.0s)
-- Build files have been written to: /home/delphine/rm/tensorrt10_detect/build/tensorrt_detect_msgs
[  1%] Generating Rust code for ROS interfaces
[  2%] Generating type hashes for ROS interfaces
[  2%] Built target ament_cmake_python_copy_tensorrt_detect_msgs
running egg_info
writing tensorrt_detect_msgs.egg-info/PKG-INFO
writing dependency_links to tensorrt_detect_msgs.egg-info/dependency_links.txt
writing top-level names to tensorrt_detect_msgs.egg-info/top_level.txt
[  2%] Built target tensorrt_detect_msgs__rosidl_generator_type_description
reading manifest file 'tensorrt_detect_msgs.egg-info/SOURCES.txt'
writing manifest file 'tensorrt_detect_msgs.egg-info/SOURCES.txt'
[  4%] Generating C code for ROS interfaces
[  5%] Generating C++ code for ROS interfaces
[  5%] Built target tensorrt_detect_msgs__rs
[  5%] Built target ament_cmake_python_build_tensorrt_detect_msgs_egg
[  5%] Built target tensorrt_detect_msgs__cpp
[ 16%] Building C object CMakeFiles/tensorrt_detect_msgs__rosidl_generator_c.dir/rosidl_generator_c/tensorrt_detect_msgs/msg/detail/detection_box__description.c.o
[ 16%] Building C object CMakeFiles/tensorrt_detect_msgs__rosidl_generator_c.dir/rosidl_generator_c/tensorrt_detect_msgs/msg/detail/world_target__type_support.c.o
[ 16%] Building C object CMakeFiles/tensorrt_detect_msgs__rosidl_generator_c.dir/rosidl_generator_c/tensorrt_detect_msgs/msg/detail/detection_array__type_support.c.o
[ 16%] Building C object CMakeFiles/tensorrt_detect_msgs__rosidl_generator_c.dir/rosidl_generator_c/tensorrt_detect_msgs/msg/detail/detection_array__description.c.o
[ 16%] Building C object CMakeFiles/tensorrt_detect_msgs__rosidl_generator_c.dir/rosidl_generator_c/tensorrt_detect_msgs/msg/detail/world_target__functions.c.o
[ 16%] Building C object CMakeFiles/tensorrt_detect_msgs__rosidl_generator_c.dir/rosidl_generator_c/tensorrt_detect_msgs/msg/detail/detection_array__functions.c.o
[ 16%] Building C object CMakeFiles/tensorrt_detect_msgs__rosidl_generator_c.dir/rosidl_generator_c/tensorrt_detect_msgs/msg/detail/detection_box__type_support.c.o
[ 16%] Building C object CMakeFiles/tensorrt_detect_msgs__rosidl_generator_c.dir/rosidl_generator_c/tensorrt_detect_msgs/msg/detail/world_target_array__description.c.o
[ 17%] Building C object CMakeFiles/tensorrt_detect_msgs__rosidl_generator_c.dir/rosidl_generator_c/tensorrt_detect_msgs/msg/detail/radar_map__description.c.o
[ 21%] Building C object CMakeFiles/tensorrt_detect_msgs__rosidl_generator_c.dir/rosidl_generator_c/tensorrt_detect_msgs/msg/detail/detection_box__functions.c.o
[ 21%] Building C object CMakeFiles/tensorrt_detect_msgs__rosidl_generator_c.dir/rosidl_generator_c/tensorrt_detect_msgs/msg/detail/world_target_array__functions.c.o
[ 22%] Building C object CMakeFiles/tensorrt_detect_msgs__rosidl_generator_c.dir/rosidl_generator_c/tensorrt_detect_msgs/msg/detail/radar_map__functions.c.o
[ 21%] Building C object CMakeFiles/tensorrt_detect_msgs__rosidl_generator_c.dir/rosidl_generator_c/tensorrt_detect_msgs/msg/detail/world_target__description.c.o
[ 24%] Building C object CMakeFiles/tensorrt_detect_msgs__rosidl_generator_c.dir/rosidl_generator_c/tensorrt_detect_msgs/msg/detail/radar_map__type_support.c.o
[ 25%] Building C object CMakeFiles/tensorrt_detect_msgs__rosidl_generator_c.dir/rosidl_generator_c/tensorrt_detect_msgs/msg/detail/world_target_array__type_support.c.o
[ 26%] Linking C shared library libtensorrt_detect_msgs__rosidl_generator_c.so
[ 26%] Built target tensorrt_detect_msgs__rosidl_generator_c
[ 32%] Generating C type support dispatch for ROS interfaces
[ 32%] Generating C++ type support dispatch for ROS interfaces
[ 32%] Generating C++ type support for eProsima Fast-RTPS
[ 32%] Generating C introspection for ROS interfaces
[ 33%] Generating C type support for eProsima Fast-RTPS
[ 34%] Generating C++ introspection for ROS interfaces
[ 36%] Building CXX object CMakeFiles/tensorrt_detect_msgs__rosidl_typesupport_cpp.dir/rosidl_typesupport_cpp/tensorrt_detect_msgs/msg/detection_array__type_support.cpp.o
[ 37%] Building CXX object CMakeFiles/tensorrt_detect_msgs__rosidl_typesupport_cpp.dir/rosidl_typesupport_cpp/tensorrt_detect_msgs/msg/radar_map__type_support.cpp.o
[ 40%] Building CXX object CMakeFiles/tensorrt_detect_msgs__rosidl_typesupport_cpp.dir/rosidl_typesupport_cpp/tensorrt_detect_msgs/msg/detection_box__type_support.cpp.o
[ 40%] Building CXX object CMakeFiles/tensorrt_detect_msgs__rosidl_typesupport_cpp.dir/rosidl_typesupport_cpp/tensorrt_detect_msgs/msg/world_target__type_support.cpp.o
[ 41%] Building CXX object CMakeFiles/tensorrt_detect_msgs__rosidl_typesupport_cpp.dir/rosidl_typesupport_cpp/tensorrt_detect_msgs/msg/world_target_array__type_support.cpp.o
[ 45%] Building CXX object CMakeFiles/tensorrt_detect_msgs__rosidl_typesupport_c.dir/rosidl_typesupport_c/tensorrt_detect_msgs/msg/detection_array__type_support.cpp.o
[ 45%] Building CXX object CMakeFiles/tensorrt_detect_msgs__rosidl_typesupport_c.dir/rosidl_typesupport_c/tensorrt_detect_msgs/msg/detection_box__type_support.cpp.o
[ 45%] Building CXX object CMakeFiles/tensorrt_detect_msgs__rosidl_typesupport_c.dir/rosidl_typesupport_c/tensorrt_detect_msgs/msg/world_target__type_support.cpp.o
[ 46%] Building CXX object CMakeFiles/tensorrt_detect_msgs__rosidl_typesupport_c.dir/rosidl_typesupport_c/tensorrt_detect_msgs/msg/world_target_array__type_support.cpp.o
[ 48%] Building CXX object CMakeFiles/tensorrt_detect_msgs__rosidl_typesupport_c.dir/rosidl_typesupport_c/tensorrt_detect_msgs/msg/radar_map__type_support.cpp.o
[ 52%] Building C object CMakeFiles/tensorrt_detect_msgs__rosidl_typesupport_introspection_c.dir/rosidl_typesupport_introspection_c/tensorrt_detect_msgs/msg/detail/radar_map__type_support.c.o
[ 52%] Building C object CMakeFiles/tensorrt_detect_msgs__rosidl_typesupport_introspection_c.dir/rosidl_typesupport_introspection_c/tensorrt_detect_msgs/msg/detail/detection_array__type_support.c.o
[ 54%] Building C object CMakeFiles/tensorrt_detect_msgs__rosidl_typesupport_introspection_c.dir/rosidl_typesupport_introspection_c/tensorrt_detect_msgs/msg/detail/world_target__type_support.c.o
[ 54%] Building C object CMakeFiles/tensorrt_detect_msgs__rosidl_typesupport_introspection_c.dir/rosidl_typesupport_introspection_c/tensorrt_detect_msgs/msg/detail/world_target_array__type_support.c.o
[ 54%] Building C object CMakeFiles/tensorrt_detect_msgs__rosidl_typesupport_introspection_c.dir/rosidl_typesupport_introspection_c/tensorrt_detect_msgs/msg/detail/detection_box__type_support.c.o
[ 56%] Linking CXX shared library libtensorrt_detect_msgs__rosidl_typesupport_c.so
[ 57%] Linking C shared library libtensorrt_detect_msgs__rosidl_typesupport_introspection_c.so
[ 57%] Built target tensorrt_detect_msgs__rosidl_typesupport_c
[ 60%] Building CXX object CMakeFiles/tensorrt_detect_msgs__rosidl_typesupport_fastrtps_cpp.dir/rosidl_typesupport_fastrtps_cpp/tensorrt_detect_msgs/msg/detail/dds_fastrtps/radar_map__type_support.cpp.o
[ 60%] Building CXX object CMakeFiles/tensorrt_detect_msgs__rosidl_typesupport_fastrtps_cpp.dir/rosidl_typesupport_fastrtps_cpp/tensorrt_detect_msgs/msg/detail/dds_fastrtps/detection_box__type_support.cpp.o
[ 60%] Built target tensorrt_detect_msgs__rosidl_typesupport_introspection_c
[ 61%] Building CXX object CMakeFiles/tensorrt_detect_msgs__rosidl_typesupport_fastrtps_cpp.dir/rosidl_typesupport_fastrtps_cpp/tensorrt_detect_msgs/msg/detail/dds_fastrtps/world_target__type_support.cpp.o
[ 62%] Building CXX object CMakeFiles/tensorrt_detect_msgs__rosidl_typesupport_fastrtps_cpp.dir/rosidl_typesupport_fastrtps_cpp/tensorrt_detect_msgs/msg/detail/dds_fastrtps/detection_array__type_support.cpp.o
[ 64%] Building CXX object CMakeFiles/tensorrt_detect_msgs__rosidl_typesupport_fastrtps_cpp.dir/rosidl_typesupport_fastrtps_cpp/tensorrt_detect_msgs/msg/detail/dds_fastrtps/world_target_array__type_support.cpp.o
[ 66%] Building CXX object CMakeFiles/tensorrt_detect_msgs__rosidl_typesupport_fastrtps_c.dir/rosidl_typesupport_fastrtps_c/tensorrt_detect_msgs/msg/detail/detection_array__type_support_c.cpp.o
[ 66%] Building CXX object CMakeFiles/tensorrt_detect_msgs__rosidl_typesupport_fastrtps_c.dir/rosidl_typesupport_fastrtps_c/tensorrt_detect_msgs/msg/detail/detection_box__type_support_c.cpp.o
[ 69%] Building CXX object CMakeFiles/tensorrt_detect_msgs__rosidl_typesupport_fastrtps_c.dir/rosidl_typesupport_fastrtps_c/tensorrt_detect_msgs/msg/detail/world_target__type_support_c.cpp.o
[ 69%] Building CXX object CMakeFiles/tensorrt_detect_msgs__rosidl_typesupport_fastrtps_c.dir/rosidl_typesupport_fastrtps_c/tensorrt_detect_msgs/msg/detail/world_target_array__type_support_c.cpp.o
[ 70%] Building CXX object CMakeFiles/tensorrt_detect_msgs__rosidl_typesupport_fastrtps_c.dir/rosidl_typesupport_fastrtps_c/tensorrt_detect_msgs/msg/detail/radar_map__type_support_c.cpp.o
[ 73%] Building CXX object CMakeFiles/tensorrt_detect_msgs__rosidl_typesupport_introspection_cpp.dir/rosidl_typesupport_introspection_cpp/tensorrt_detect_msgs/msg/detail/radar_map__type_support.cpp.o
[ 76%] Building CXX object CMakeFiles/tensorrt_detect_msgs__rosidl_typesupport_introspection_cpp.dir/rosidl_typesupport_introspection_cpp/tensorrt_detect_msgs/msg/detail/world_target_array__type_support.cpp.o
[ 77%] Building CXX object CMakeFiles/tensorrt_detect_msgs__rosidl_typesupport_introspection_cpp.dir/rosidl_typesupport_introspection_cpp/tensorrt_detect_msgs/msg/detail/world_target__type_support.cpp.o
[ 77%] Building CXX object CMakeFiles/tensorrt_detect_msgs__rosidl_typesupport_introspection_cpp.dir/rosidl_typesupport_introspection_cpp/tensorrt_detect_msgs/msg/detail/detection_box__type_support.cpp.o
[ 77%] Building CXX object CMakeFiles/tensorrt_detect_msgs__rosidl_typesupport_introspection_cpp.dir/rosidl_typesupport_introspection_cpp/tensorrt_detect_msgs/msg/detail/detection_array__type_support.cpp.o
[ 78%] Linking CXX shared library libtensorrt_detect_msgs__rosidl_typesupport_cpp.so
[ 78%] Built target tensorrt_detect_msgs__rosidl_typesupport_cpp
[ 80%] Linking CXX shared library libtensorrt_detect_msgs__rosidl_typesupport_fastrtps_cpp.so
[ 81%] Linking CXX shared library libtensorrt_detect_msgs__rosidl_typesupport_fastrtps_c.so
[ 82%] Linking CXX shared library libtensorrt_detect_msgs__rosidl_typesupport_introspection_cpp.so
[ 82%] Built target tensorrt_detect_msgs__rosidl_typesupport_fastrtps_c
[ 82%] Built target tensorrt_detect_msgs__rosidl_typesupport_introspection_cpp
[ 82%] Built target tensorrt_detect_msgs__rosidl_typesupport_fastrtps_cpp
[ 82%] Built target tensorrt_detect_msgs
[ 84%] Generating Python code for ROS interfaces
[ 84%] Built target tensorrt_detect_msgs__py
[ 89%] Building C object CMakeFiles/tensorrt_detect_msgs__rosidl_generator_py.dir/rosidl_generator_py/tensorrt_detect_msgs/msg/_world_target_s.c.o
[ 89%] Building C object CMakeFiles/tensorrt_detect_msgs__rosidl_generator_py.dir/rosidl_generator_py/tensorrt_detect_msgs/msg/_detection_box_s.c.o
[ 89%] Building C object CMakeFiles/tensorrt_detect_msgs__rosidl_generator_py.dir/rosidl_generator_py/tensorrt_detect_msgs/msg/_world_target_array_s.c.o
[ 89%] Building C object CMakeFiles/tensorrt_detect_msgs__rosidl_generator_py.dir/rosidl_generator_py/tensorrt_detect_msgs/msg/_radar_map_s.c.o
[ 90%] Building C object CMakeFiles/tensorrt_detect_msgs__rosidl_generator_py.dir/rosidl_generator_py/tensorrt_detect_msgs/msg/_detection_array_s.c.o
[ 92%] Linking C shared library libtensorrt_detect_msgs__rosidl_generator_py.so
[ 92%] Built target tensorrt_detect_msgs__rosidl_generator_py
[ 94%] Building C object CMakeFiles/tensorrt_detect_msgs_s__rosidl_typesupport_introspection_c.dir/rosidl_generator_py/tensorrt_detect_msgs/_tensorrt_detect_msgs_s.ep.rosidl_typesupport_introspection_c.c.o
[ 94%] Building C object CMakeFiles/tensorrt_detect_msgs_s__rosidl_typesupport_fastrtps_c.dir/rosidl_generator_py/tensorrt_detect_msgs/_tensorrt_detect_msgs_s.ep.rosidl_typesupport_fastrtps_c.c.o
[ 96%] Building C object CMakeFiles/tensorrt_detect_msgs_s__rosidl_typesupport_c.dir/rosidl_generator_py/tensorrt_detect_msgs/_tensorrt_detect_msgs_s.ep.rosidl_typesupport_c.c.o
[ 98%] Linking C shared module rosidl_generator_py/tensorrt_detect_msgs/tensorrt_detect_msgs_s__rosidl_typesupport_fastrtps_c.so
[ 98%] Linking C shared module rosidl_generator_py/tensorrt_detect_msgs/tensorrt_detect_msgs_s__rosidl_typesupport_c.so
[100%] Linking C shared module rosidl_generator_py/tensorrt_detect_msgs/tensorrt_detect_msgs_s__rosidl_typesupport_introspection_c.so
[100%] Built target tensorrt_detect_msgs_s__rosidl_typesupport_introspection_c
[100%] Built target tensorrt_detect_msgs_s__rosidl_typesupport_c
[100%] Built target tensorrt_detect_msgs_s__rosidl_typesupport_fastrtps_c
-- Install configuration: ""
-- Up-to-date: /home/delphine/rm/tensorrt10_detect/install/tensorrt_detect_msgs/share/ament_index/resource_index/rosidl_interfaces/tensorrt_detect_msgs
-- Installing: /home/delphine/rm/tensorrt10_detect/install/tensorrt_detect_msgs/share/tensorrt_detect_msgs/msg/DetectionBox.json
-- Installing: /home/delphine/rm/tensorrt10_detect/install/tensorrt_detect_msgs/share/tensorrt_detect_msgs/msg/DetectionArray.json
-- Installing: /home/delphine/rm/tensorrt10_detect/install/tensorrt_detect_msgs/share/tensorrt_detect_msgs/msg/WorldTarget.json
-- Installing: /home/delphine/rm/tensorrt10_detect/install/tensorrt_detect_msgs/share/tensorrt_detect_msgs/msg/WorldTargetArray.json
-- Installing: /home/delphine/rm/tensorrt10_detect/install/tensorrt_detect_msgs/share/tensorrt_detect_msgs/msg/RadarMap.json
-- Up-to-date: /home/delphine/rm/tensorrt10_detect/install/tensorrt_detect_msgs/include/tensorrt_detect_msgs/tensorrt_detect_msgs
-- Up-to-date: /home/delphine/rm/tensorrt10_detect/install/tensorrt_detect_msgs/include/tensorrt_detect_msgs/tensorrt_detect_msgs/msg
-- Installing: /home/delphine/rm/tensorrt10_detect/install/tensorrt_detect_msgs/include/tensorrt_detect_msgs/tensorrt_detect_msgs/msg/world_target_array.h
-- Installing: /home/delphine/rm/tensorrt10_detect/install/tensorrt_detect_msgs/include/tensorrt_detect_msgs/tensorrt_detect_msgs/msg/detection_box.h
-- Installing: /home/delphine/rm/tensorrt10_detect/install/tensorrt_detect_msgs/include/tensorrt_detect_msgs/tensorrt_detect_msgs/msg/world_target.h
-- Up-to-date: /home/delphine/rm/tensorrt10_detect/install/tensorrt_detect_msgs/include/tensorrt_detect_msgs/tensorrt_detect_msgs/msg/rosidl_generator_c__visibility_control.h
-- Installing: /home/delphine/rm/tensorrt10_detect/install/tensorrt_detect_msgs/include/tensorrt_detect_msgs/tensorrt_detect_msgs/msg/radar_map.h
-- Installing: /home/delphine/rm/tensorrt10_detect/install/tensorrt_detect_msgs/include/tensorrt_detect_msgs/tensorrt_detect_msgs/msg/detection_array.h
-- Up-to-date: /home/delphine/rm/tensorrt10_detect/install/tensorrt_detect_msgs/include/tensorrt_detect_msgs/tensorrt_detect_msgs/msg/detail
-- Installing: /home/delphine/rm/tensorrt10_detect/install/tensorrt_detect_msgs/include/tensorrt_detect_msgs/tensorrt_detect_msgs/msg/detail/detection_box__description.c
-- Installing: /home/delphine/rm/tensorrt10_detect/install/tensorrt_detect_msgs/include/tensorrt_detect_msgs/tensorrt_detect_msgs/msg/detail/detection_box__struct.h
-- Installing: /home/delphine/rm/tensorrt10_detect/install/tensorrt_detect_msgs/include/tensorrt_detect_msgs/tensorrt_detect_msgs/msg/detail/radar_map__description.c
-- Installing: /home/delphine/rm/tensorrt10_detect/install/tensorrt_detect_msgs/include/tensorrt_detect_msgs/tensorrt_detect_msgs/msg/detail/radar_map__type_support.c
-- Installing: /home/delphine/rm/tensorrt10_detect/install/tensorrt_detect_msgs/include/tensorrt_detect_msgs/tensorrt_detect_msgs/msg/detail/world_target__type_support.c
-- Installing: /home/delphine/rm/tensorrt10_detect/install/tensorrt_detect_msgs/include/tensorrt_detect_msgs/tensorrt_detect_msgs/msg/detail/detection_array__type_support.c
-- Installing: /home/delphine/rm/tensorrt10_detect/install/tensorrt_detect_msgs/include/tensorrt_detect_msgs/tensorrt_detect_msgs/msg/detail/world_target_array__type_support.h
-- Installing: /home/delphine/rm/tensorrt10_detect/install/tensorrt_detect_msgs/include/tensorrt_detect_msgs/tensorrt_detect_msgs/msg/detail/world_target__functions.h
-- Installing: /home/delphine/rm/tensorrt10_detect/install/tensorrt_detect_msgs/include/tensorrt_detect_msgs/tensorrt_detect_msgs/msg/detail/detection_box__functions.c
-- Installing: /home/delphine/rm/tensorrt10_detect/install/tensorrt_detect_msgs/include/tensorrt_detect_msgs/tensorrt_detect_msgs/msg/detail/world_target_array__type_support.c
-- Installing: /home/delphine/rm/tensorrt10_detect/install/tensorrt_detect_msgs/include/tensorrt_detect_msgs/tensorrt_detect_msgs/msg/detail/detection_box__type_support.c
-- Installing: /home/delphine/rm/tensorrt10_detect/install/tensorrt_detect_msgs/include/tensorrt_detect_msgs/tensorrt_detect_msgs/msg/detail/world_target__type_support.h
-- Installing: /home/delphine/rm/tensorrt10_detect/install/tensorrt_detect_msgs/include/tensorrt_detect_msgs/tensorrt_detect_msgs/msg/detail/detection_array__functions.h
-- Installing: /home/delphine/rm/tensorrt10_detect/install/tensorrt_detect_msgs/include/tensorrt_detect_msgs/tensorrt_detect_msgs/msg/detail/detection_box__type_support.h
-- Installing: /home/delphine/rm/tensorrt10_detect/install/tensorrt_detect_msgs/include/tensorrt_detect_msgs/tensorrt_detect_msgs/msg/detail/detection_array__struct.h
-- Installing: /home/delphine/rm/tensorrt10_detect/install/tensorrt_detect_msgs/include/tensorrt_detect_msgs/tensorrt_detect_msgs/msg/detail/world_target__functions.c
-- Installing: /home/delphine/rm/tensorrt10_detect/install/tensorrt_detect_msgs/include/tensorrt_detect_msgs/tensorrt_detect_msgs/msg/detail/world_target__description.c
-- Installing: /home/delphine/rm/tensorrt10_detect/install/tensorrt_detect_msgs/include/tensorrt_detect_msgs/tensorrt_detect_msgs/msg/detail/detection_array__functions.c
-- Installing: /home/delphine/rm/tensorrt10_detect/install/tensorrt_detect_msgs/include/tensorrt_detect_msgs/tensorrt_detect_msgs/msg/detail/detection_array__description.c
-- Installing: /home/delphine/rm/tensorrt10_detect/install/tensorrt_detect_msgs/include/tensorrt_detect_msgs/tensorrt_detect_msgs/msg/detail/radar_map__functions.h
-- Installing: /home/delphine/rm/tensorrt10_detect/install/tensorrt_detect_msgs/include/tensorrt_detect_msgs/tensorrt_detect_msgs/msg/detail/world_target_array__description.c
-- Installing: /home/delphine/rm/tensorrt10_detect/install/tensorrt_detect_msgs/include/tensorrt_detect_msgs/tensorrt_detect_msgs/msg/detail/detection_array__type_support.h
-- Installing: /home/delphine/rm/tensorrt10_detect/install/tensorrt_detect_msgs/include/tensorrt_detect_msgs/tensorrt_detect_msgs/msg/detail/radar_map__functions.c
-- Installing: /home/delphine/rm/tensorrt10_detect/install/tensorrt_detect_msgs/include/tensorrt_detect_msgs/tensorrt_detect_msgs/msg/detail/radar_map__type_support.h
-- Installing: /home/delphine/rm/tensorrt10_detect/install/tensorrt_detect_msgs/include/tensorrt_detect_msgs/tensorrt_detect_msgs/msg/detail/detection_box__functions.h
-- Installing: /home/delphine/rm/tensorrt10_detect/install/tensorrt_detect_msgs/include/tensorrt_detect_msgs/tensorrt_detect_msgs/msg/detail/world_target_array__functions.c
-- Installing: /home/delphine/rm/tensorrt10_detect/install/tensorrt_detect_msgs/include/tensorrt_detect_msgs/tensorrt_detect_msgs/msg/detail/world_target_array__functions.h
-- Installing: /home/delphine/rm/tensorrt10_detect/install/tensorrt_detect_msgs/include/tensorrt_detect_msgs/tensorrt_detect_msgs/msg/detail/world_target_array__struct.h
-- Installing: /home/delphine/rm/tensorrt10_detect/install/tensorrt_detect_msgs/include/tensorrt_detect_msgs/tensorrt_detect_msgs/msg/detail/world_target__struct.h
-- Installing: /home/delphine/rm/tensorrt10_detect/install/tensorrt_detect_msgs/include/tensorrt_detect_msgs/tensorrt_detect_msgs/msg/detail/radar_map__struct.h
-- Up-to-date: /home/delphine/rm/tensorrt10_detect/install/tensorrt_detect_msgs/share/tensorrt_detect_msgs/environment/library_path.sh
-- Up-to-date: /home/delphine/rm/tensorrt10_detect/install/tensorrt_detect_msgs/share/tensorrt_detect_msgs/environment/library_path.dsv
-- Installing: /home/delphine/rm/tensorrt10_detect/install/tensorrt_detect_msgs/lib/libtensorrt_detect_msgs__rosidl_generator_c.so
-- Set non-toolchain portion of runtime path of "/home/delphine/rm/tensorrt10_detect/install/tensorrt_detect_msgs/lib/libtensorrt_detect_msgs__rosidl_generator_c.so" to ""
-- Up-to-date: /home/delphine/rm/tensorrt10_detect/install/tensorrt_detect_msgs/include/tensorrt_detect_msgs/tensorrt_detect_msgs
-- Up-to-date: /home/delphine/rm/tensorrt10_detect/install/tensorrt_detect_msgs/include/tensorrt_detect_msgs/tensorrt_detect_msgs/msg
-- Up-to-date: /home/delphine/rm/tensorrt10_detect/install/tensorrt_detect_msgs/include/tensorrt_detect_msgs/tensorrt_detect_msgs/msg/rosidl_typesupport_fastrtps_c__visibility_control.h
-- Up-to-date: /home/delphine/rm/tensorrt10_detect/install/tensorrt_detect_msgs/include/tensorrt_detect_msgs/tensorrt_detect_msgs/msg/detail
-- Installing: /home/delphine/rm/tensorrt10_detect/install/tensorrt_detect_msgs/include/tensorrt_detect_msgs/tensorrt_detect_msgs/msg/detail/detection_array__rosidl_typesupport_fastrtps_c.h
-- Installing: /home/delphine/rm/tensorrt10_detect/install/tensorrt_detect_msgs/include/tensorrt_detect_msgs/tensorrt_detect_msgs/msg/detail/radar_map__rosidl_typesupport_fastrtps_c.h
-- Installing: /home/delphine/rm/tensorrt10_detect/install/tensorrt_detect_msgs/include/tensorrt_detect_msgs/tensorrt_detect_msgs/msg/detail/world_target_array__rosidl_typesupport_fastrtps_c.h
-- Installing: /home/delphine/rm/tensorrt10_detect/install/tensorrt_detect_msgs/include/tensorrt_detect_msgs/tensorrt_detect_msgs/msg/detail/detection_box__rosidl_typesupport_fastrtps_c.h
-- Installing: /home/delphine/rm/tensorrt10_detect/install/tensorrt_detect_msgs/include/tensorrt_detect_msgs/tensorrt_detect_msgs/msg/detail/world_target__rosidl_typesupport_fastrtps_c.h
-- Installing: /home/delphine/rm/tensorrt10_detect/install/tensorrt_detect_msgs/lib/libtensorrt_detect_msgs__rosidl_typesupport_fastrtps_c.so
-- Set non-toolchain portion of runtime path of "/home/delphine/rm/tensorrt10_detect/install/tensorrt_detect_msgs/lib/libtensorrt_detect_msgs__rosidl_typesupport_fastrtps_c.so" to ""
-- Up-to-date: /home/delphine/rm/tensorrt10_detect/install/tensorrt_detect_msgs/include/tensorrt_detect_msgs/tensorrt_detect_msgs
-- Up-to-date: /home/delphine/rm/tensorrt10_detect/install/tensorrt_detect_msgs/include/tensorrt_detect_msgs/tensorrt_detect_msgs/msg
-- Up-to-date: /home/delphine/rm/tensorrt10_detect/install/tensorrt_detect_msgs/include/tensorrt_detect_msgs/tensorrt_detect_msgs/msg/rosidl_typesupport_introspection_c__visibility_control.h
-- Up-to-date: /home/delphine/rm/tensorrt10_detect/install/tensorrt_detect_msgs/include/tensorrt_detect_msgs/tensorrt_detect_msgs/msg/detail
-- Installing: /home/delphine/rm/tensorrt10_detect/install/tensorrt_detect_msgs/include/tensorrt_detect_msgs/tensorrt_detect_msgs/msg/detail/world_target__rosidl_typesupport_introspection_c.h
-- Installing: /home/delphine/rm/tensorrt10_detect/install/tensorrt_detect_msgs/include/tensorrt_detect_msgs/tensorrt_detect_msgs/msg/detail/detection_box__rosidl_typesupport_introspection_c.h
-- Up-to-date: /home/delphine/rm/tensorrt10_detect/install/tensorrt_detect_msgs/include/tensorrt_detect_msgs/tensorrt_detect_msgs/msg/detail/radar_map__type_support.c
-- Up-to-date: /home/delphine/rm/tensorrt10_detect/install/tensorrt_detect_msgs/include/tensorrt_detect_msgs/tensorrt_detect_msgs/msg/detail/world_target__type_support.c
-- Up-to-date: /home/delphine/rm/tensorrt10_detect/install/tensorrt_detect_msgs/include/tensorrt_detect_msgs/tensorrt_detect_msgs/msg/detail/detection_array__type_support.c
-- Up-to-date: /home/delphine/rm/tensorrt10_detect/install/tensorrt_detect_msgs/include/tensorrt_detect_msgs/tensorrt_detect_msgs/msg/detail/world_target_array__type_support.c
-- Up-to-date: /home/delphine/rm/tensorrt10_detect/install/tensorrt_detect_msgs/include/tensorrt_detect_msgs/tensorrt_detect_msgs/msg/detail/detection_box__type_support.c
-- Installing: /home/delphine/rm/tensorrt10_detect/install/tensorrt_detect_msgs/include/tensorrt_detect_msgs/tensorrt_detect_msgs/msg/detail/radar_map__rosidl_typesupport_introspection_c.h
-- Installing: /home/delphine/rm/tensorrt10_detect/install/tensorrt_detect_msgs/include/tensorrt_detect_msgs/tensorrt_detect_msgs/msg/detail/world_target_array__rosidl_typesupport_introspection_c.h
-- Installing: /home/delphine/rm/tensorrt10_detect/install/tensorrt_detect_msgs/include/tensorrt_detect_msgs/tensorrt_detect_msgs/msg/detail/detection_array__rosidl_typesupport_introspection_c.h
-- Installing: /home/delphine/rm/tensorrt10_detect/install/tensorrt_detect_msgs/lib/libtensorrt_detect_msgs__rosidl_typesupport_introspection_c.so
-- Set non-toolchain portion of runtime path of "/home/delphine/rm/tensorrt10_detect/install/tensorrt_detect_msgs/lib/libtensorrt_detect_msgs__rosidl_typesupport_introspection_c.so" to ""
-- Installing: /home/delphine/rm/tensorrt10_detect/install/tensorrt_detect_msgs/lib/libtensorrt_detect_msgs__rosidl_typesupport_c.so
-- Set non-toolchain portion of runtime path of "/home/delphine/rm/tensorrt10_detect/install/tensorrt_detect_msgs/lib/libtensorrt_detect_msgs__rosidl_typesupport_c.so" to ""
-- Up-to-date: /home/delphine/rm/tensorrt10_detect/install/tensorrt_detect_msgs/include/tensorrt_detect_msgs/tensorrt_detect_msgs
-- Up-to-date: /home/delphine/rm/tensorrt10_detect/install/tensorrt_detect_msgs/include/tensorrt_detect_msgs/tensorrt_detect_msgs/msg
-- Installing: /home/delphine/rm/tensorrt10_detect/install/tensorrt_detect_msgs/include/tensorrt_detect_msgs/tensorrt_detect_msgs/msg/detection_array.hpp
-- Installing: /home/delphine/rm/tensorrt10_detect/install/tensorrt_detect_msgs/include/tensorrt_detect_msgs/tensorrt_detect_msgs/msg/world_target_array.hpp
-- Up-to-date: /home/delphine/rm/tensorrt10_detect/install/tensorrt_detect_msgs/include/tensorrt_detect_msgs/tensorrt_detect_msgs/msg/detail
-- Installing: /home/delphine/rm/tensorrt10_detect/install/tensorrt_detect_msgs/include/tensorrt_detect_msgs/tensorrt_detect_msgs/msg/detail/detection_box__type_support.hpp
-- Installing: /home/delphine/rm/tensorrt10_detect/install/tensorrt_detect_msgs/include/tensorrt_detect_msgs/tensorrt_detect_msgs/msg/detail/world_target__traits.hpp
-- Installing: /home/delphine/rm/tensorrt10_detect/install/tensorrt_detect_msgs/include/tensorrt_detect_msgs/tensorrt_detect_msgs/msg/detail/radar_map__struct.hpp
-- Installing: /home/delphine/rm/tensorrt10_detect/install/tensorrt_detect_msgs/include/tensorrt_detect_msgs/tensorrt_detect_msgs/msg/detail/radar_map__type_support.hpp
-- Installing: /home/delphine/rm/tensorrt10_detect/install/tensorrt_detect_msgs/include/tensorrt_detect_msgs/tensorrt_detect_msgs/msg/detail/world_target__struct.hpp
-- Installing: /home/delphine/rm/tensorrt10_detect/install/tensorrt_detect_msgs/include/tensorrt_detect_msgs/tensorrt_detect_msgs/msg/detail/detection_array__traits.hpp
-- Installing: /home/delphine/rm/tensorrt10_detect/install/tensorrt_detect_msgs/include/tensorrt_detect_msgs/tensorrt_detect_msgs/msg/detail/world_target_array__builder.hpp
-- Installing: /home/delphine/rm/tensorrt10_detect/install/tensorrt_detect_msgs/include/tensorrt_detect_msgs/tensorrt_detect_msgs/msg/detail/radar_map__traits.hpp
-- Installing: /home/delphine/rm/tensorrt10_detect/install/tensorrt_detect_msgs/include/tensorrt_detect_msgs/tensorrt_detect_msgs/msg/detail/detection_box__builder.hpp
-- Installing: /home/delphine/rm/tensorrt10_detect/install/tensorrt_detect_msgs/include/tensorrt_detect_msgs/tensorrt_detect_msgs/msg/detail/detection_array__type_support.hpp
-- Installing: /home/delphine/rm/tensorrt10_detect/install/tensorrt_detect_msgs/include/tensorrt_detect_msgs/tensorrt_detect_msgs/msg/detail/detection_array__struct.hpp
-- Installing: /home/delphine/rm/tensorrt10_detect/install/tensorrt_detect_msgs/include/tensorrt_detect_msgs/tensorrt_detect_msgs/msg/detail/world_target__type_support.hpp
-- Installing: /home/delphine/rm/tensorrt10_detect/install/tensorrt_detect_msgs/include/tensorrt_detect_msgs/tensorrt_detect_msgs/msg/detail/detection_box__traits.hpp
-- Installing: /home/delphine/rm/tensorrt10_detect/install/tensorrt_detect_msgs/include/tensorrt_detect_msgs/tensorrt_detect_msgs/msg/detail/world_target_array__struct.hpp
-- Installing: /home/delphine/rm/tensorrt10_detect/install/tensorrt_detect_msgs/include/tensorrt_detect_msgs/tensorrt_detect_msgs/msg/detail/world_target_array__type_support.hpp
-- Installing: /home/delphine/rm/tensorrt10_detect/install/tensorrt_detect_msgs/include/tensorrt_detect_msgs/tensorrt_detect_msgs/msg/detail/world_target__builder.hpp
-- Installing: /home/delphine/rm/tensorrt10_detect/install/tensorrt_detect_msgs/include/tensorrt_detect_msgs/tensorrt_detect_msgs/msg/detail/world_target_array__traits.hpp
-- Installing: /home/delphine/rm/tensorrt10_detect/install/tensorrt_detect_msgs/include/tensorrt_detect_msgs/tensorrt_detect_msgs/msg/detail/detection_box__struct.hpp
-- Installing: /home/delphine/rm/tensorrt10_detect/install/tensorrt_detect_msgs/include/tensorrt_detect_msgs/tensorrt_detect_msgs/msg/detail/radar_map__builder.hpp
-- Installing: /home/delphine/rm/tensorrt10_detect/install/tensorrt_detect_msgs/include/tensorrt_detect_msgs/tensorrt_detect_msgs/msg/detail/detection_array__builder.hpp
-- Installing: /home/delphine/rm/tensorrt10_detect/install/tensorrt_detect_msgs/include/tensorrt_detect_msgs/tensorrt_detect_msgs/msg/detection_box.hpp
-- Installing: /home/delphine/rm/tensorrt10_detect/install/tensorrt_detect_msgs/include/tensorrt_detect_msgs/tensorrt_detect_msgs/msg/rosidl_generator_cpp__visibility_control.hpp
-- Installing: /home/delphine/rm/tensorrt10_detect/install/tensorrt_detect_msgs/include/tensorrt_detect_msgs/tensorrt_detect_msgs/msg/world_target.hpp
-- Installing: /home/delphine/rm/tensorrt10_detect/install/tensorrt_detect_msgs/include/tensorrt_detect_msgs/tensorrt_detect_msgs/msg/radar_map.hpp
-- Up-to-date: /home/delphine/rm/tensorrt10_detect/install/tensorrt_detect_msgs/include/tensorrt_detect_msgs/tensorrt_detect_msgs
-- Up-to-date: /home/delphine/rm/tensorrt10_detect/install/tensorrt_detect_msgs/include/tensorrt_detect_msgs/tensorrt_detect_msgs/msg
-- Up-to-date: /home/delphine/rm/tensorrt10_detect/install/tensorrt_detect_msgs/include/tensorrt_detect_msgs/tensorrt_detect_msgs/msg/rosidl_typesupport_fastrtps_cpp__visibility_control.h
-- Up-to-date: /home/delphine/rm/tensorrt10_detect/install/tensorrt_detect_msgs/include/tensorrt_detect_msgs/tensorrt_detect_msgs/msg/detail
-- Installing: /home/delphine/rm/tensorrt10_detect/install/tensorrt_detect_msgs/include/tensorrt_detect_msgs/tensorrt_detect_msgs/msg/detail/world_target_array__rosidl_typesupport_fastrtps_cpp.hpp
-- Installing: /home/delphine/rm/tensorrt10_detect/install/tensorrt_detect_msgs/include/tensorrt_detect_msgs/tensorrt_detect_msgs/msg/detail/radar_map__rosidl_typesupport_fastrtps_cpp.hpp
-- Installing: /home/delphine/rm/tensorrt10_detect/install/tensorrt_detect_msgs/include/tensorrt_detect_msgs/tensorrt_detect_msgs/msg/detail/world_target__rosidl_typesupport_fastrtps_cpp.hpp
-- Installing: /home/delphine/rm/tensorrt10_detect/install/tensorrt_detect_msgs/include/tensorrt_detect_msgs/tensorrt_detect_msgs/msg/detail/detection_box__rosidl_typesupport_fastrtps_cpp.hpp
-- Up-to-date: /home/delphine/rm/tensorrt10_detect/install/tensorrt_detect_msgs/include/tensorrt_detect_msgs/tensorrt_detect_msgs/msg/detail/dds_fastrtps
-- Installing: /home/delphine/rm/tensorrt10_detect/install/tensorrt_detect_msgs/include/tensorrt_detect_msgs/tensorrt_detect_msgs/msg/detail/detection_array__rosidl_typesupport_fastrtps_cpp.hpp
-- Installing: /home/delphine/rm/tensorrt10_detect/install/tensorrt_detect_msgs/lib/libtensorrt_detect_msgs__rosidl_typesupport_fastrtps_cpp.so
-- Set non-toolchain portion of runtime path of "/home/delphine/rm/tensorrt10_detect/install/tensorrt_detect_msgs/lib/libtensorrt_detect_msgs__rosidl_typesupport_fastrtps_cpp.so" to ""
-- Up-to-date: /home/delphine/rm/tensorrt10_detect/install/tensorrt_detect_msgs/include/tensorrt_detect_msgs/tensorrt_detect_msgs
-- Up-to-date: /home/delphine/rm/tensorrt10_detect/install/tensorrt_detect_msgs/include/tensorrt_detect_msgs/tensorrt_detect_msgs/msg
-- Up-to-date: /home/delphine/rm/tensorrt10_detect/install/tensorrt_detect_msgs/include/tensorrt_detect_msgs/tensorrt_detect_msgs/msg/detail
-- Installing: /home/delphine/rm/tensorrt10_detect/install/tensorrt_detect_msgs/include/tensorrt_detect_msgs/tensorrt_detect_msgs/msg/detail/world_target_array__rosidl_typesupport_introspection_cpp.hpp
-- Installing: /home/delphine/rm/tensorrt10_detect/install/tensorrt_detect_msgs/include/tensorrt_detect_msgs/tensorrt_detect_msgs/msg/detail/radar_map__rosidl_typesupport_introspection_cpp.hpp
-- Installing: /home/delphine/rm/tensorrt10_detect/install/tensorrt_detect_msgs/include/tensorrt_detect_msgs/tensorrt_detect_msgs/msg/detail/detection_array__type_support.cpp
-- Installing: /home/delphine/rm/tensorrt10_detect/install/tensorrt_detect_msgs/include/tensorrt_detect_msgs/tensorrt_detect_msgs/msg/detail/world_target__rosidl_typesupport_introspection_cpp.hpp
-- Installing: /home/delphine/rm/tensorrt10_detect/install/tensorrt_detect_msgs/include/tensorrt_detect_msgs/tensorrt_detect_msgs/msg/detail/detection_array__rosidl_typesupport_introspection_cpp.hpp
-- Installing: /home/delphine/rm/tensorrt10_detect/install/tensorrt_detect_msgs/include/tensorrt_detect_msgs/tensorrt_detect_msgs/msg/detail/detection_box__rosidl_typesupport_introspection_cpp.hpp
-- Installing: /home/delphine/rm/tensorrt10_detect/install/tensorrt_detect_msgs/include/tensorrt_detect_msgs/tensorrt_detect_msgs/msg/detail/radar_map__type_support.cpp
-- Installing: /home/delphine/rm/tensorrt10_detect/install/tensorrt_detect_msgs/include/tensorrt_detect_msgs/tensorrt_detect_msgs/msg/detail/detection_box__type_support.cpp
-- Installing: /home/delphine/rm/tensorrt10_detect/install/tensorrt_detect_msgs/include/tensorrt_detect_msgs/tensorrt_detect_msgs/msg/detail/world_target_array__type_support.cpp
-- Installing: /home/delphine/rm/tensorrt10_detect/install/tensorrt_detect_msgs/include/tensorrt_detect_msgs/tensorrt_detect_msgs/msg/detail/world_target__type_support.cpp
-- Installing: /home/delphine/rm/tensorrt10_detect/install/tensorrt_detect_msgs/lib/libtensorrt_detect_msgs__rosidl_typesupport_introspection_cpp.so
-- Set non-toolchain portion of runtime path of "/home/delphine/rm/tensorrt10_detect/install/tensorrt_detect_msgs/lib/libtensorrt_detect_msgs__rosidl_typesupport_introspection_cpp.so" to ""
-- Installing: /home/delphine/rm/tensorrt10_detect/install/tensorrt_detect_msgs/lib/libtensorrt_detect_msgs__rosidl_typesupport_cpp.so
-- Set non-toolchain portion of runtime path of "/home/delphine/rm/tensorrt10_detect/install/tensorrt_detect_msgs/lib/libtensorrt_detect_msgs__rosidl_typesupport_cpp.so" to ""
-- Up-to-date: /home/delphine/rm/tensorrt10_detect/install/tensorrt_detect_msgs/share/tensorrt_detect_msgs/environment/pythonpath.sh
-- Up-to-date: /home/delphine/rm/tensorrt10_detect/install/tensorrt_detect_msgs/share/tensorrt_detect_msgs/environment/pythonpath.dsv
-- Up-to-date: /home/delphine/rm/tensorrt10_detect/install/tensorrt_detect_msgs/lib/python3.13/site-packages/tensorrt_detect_msgs-0.0.1-py3.13.egg-info
-- Installing: /home/delphine/rm/tensorrt10_detect/install/tensorrt_detect_msgs/lib/python3.13/site-packages/tensorrt_detect_msgs-0.0.1-py3.13.egg-info/SOURCES.txt
-- Installing: /home/delphine/rm/tensorrt10_detect/install/tensorrt_detect_msgs/lib/python3.13/site-packages/tensorrt_detect_msgs-0.0.1-py3.13.egg-info/dependency_links.txt
-- Installing: /home/delphine/rm/tensorrt10_detect/install/tensorrt_detect_msgs/lib/python3.13/site-packages/tensorrt_detect_msgs-0.0.1-py3.13.egg-info/PKG-INFO
-- Installing: /home/delphine/rm/tensorrt10_detect/install/tensorrt_detect_msgs/lib/python3.13/site-packages/tensorrt_detect_msgs-0.0.1-py3.13.egg-info/top_level.txt
-- Up-to-date: /home/delphine/rm/tensorrt10_detect/install/tensorrt_detect_msgs/lib/python3.13/site-packages/tensorrt_detect_msgs
-- Installing: /home/delphine/rm/tensorrt10_detect/install/tensorrt_detect_msgs/lib/python3.13/site-packages/tensorrt_detect_msgs/tensorrt_detect_msgs_s__rosidl_typesupport_introspection_c.so
-- Installing: /home/delphine/rm/tensorrt10_detect/install/tensorrt_detect_msgs/lib/python3.13/site-packages/tensorrt_detect_msgs/_tensorrt_detect_msgs_s.ep.rosidl_typesupport_introspection_c.c
-- Installing: /home/delphine/rm/tensorrt10_detect/install/tensorrt_detect_msgs/lib/python3.13/site-packages/tensorrt_detect_msgs/__init__.py
-- Installing: /home/delphine/rm/tensorrt10_detect/install/tensorrt_detect_msgs/lib/python3.13/site-packages/tensorrt_detect_msgs/tensorrt_detect_msgs_s__rosidl_typesupport_c.so
-- Up-to-date: /home/delphine/rm/tensorrt10_detect/install/tensorrt_detect_msgs/lib/python3.13/site-packages/tensorrt_detect_msgs/msg
-- Installing: /home/delphine/rm/tensorrt10_detect/install/tensorrt_detect_msgs/lib/python3.13/site-packages/tensorrt_detect_msgs/msg/__init__.py
-- Installing: /home/delphine/rm/tensorrt10_detect/install/tensorrt_detect_msgs/lib/python3.13/site-packages/tensorrt_detect_msgs/msg/_detection_box_s.c
-- Installing: /home/delphine/rm/tensorrt10_detect/install/tensorrt_detect_msgs/lib/python3.13/site-packages/tensorrt_detect_msgs/msg/_world_target_s.c
-- Installing: /home/delphine/rm/tensorrt10_detect/install/tensorrt_detect_msgs/lib/python3.13/site-packages/tensorrt_detect_msgs/msg/_world_target_array.py
-- Installing: /home/delphine/rm/tensorrt10_detect/install/tensorrt_detect_msgs/lib/python3.13/site-packages/tensorrt_detect_msgs/msg/_world_target.py
-- Installing: /home/delphine/rm/tensorrt10_detect/install/tensorrt_detect_msgs/lib/python3.13/site-packages/tensorrt_detect_msgs/msg/_radar_map_s.c
-- Installing: /home/delphine/rm/tensorrt10_detect/install/tensorrt_detect_msgs/lib/python3.13/site-packages/tensorrt_detect_msgs/msg/_radar_map.py
-- Installing: /home/delphine/rm/tensorrt10_detect/install/tensorrt_detect_msgs/lib/python3.13/site-packages/tensorrt_detect_msgs/msg/_detection_box.py
-- Installing: /home/delphine/rm/tensorrt10_detect/install/tensorrt_detect_msgs/lib/python3.13/site-packages/tensorrt_detect_msgs/msg/_detection_array_s.c
-- Installing: /home/delphine/rm/tensorrt10_detect/install/tensorrt_detect_msgs/lib/python3.13/site-packages/tensorrt_detect_msgs/msg/_detection_array.py
-- Installing: /home/delphine/rm/tensorrt10_detect/install/tensorrt_detect_msgs/lib/python3.13/site-packages/tensorrt_detect_msgs/msg/_world_target_array_s.c
-- Installing: /home/delphine/rm/tensorrt10_detect/install/tensorrt_detect_msgs/lib/python3.13/site-packages/tensorrt_detect_msgs/tensorrt_detect_msgs_s__rosidl_typesupport_fastrtps_c.so
-- Installing: /home/delphine/rm/tensorrt10_detect/install/tensorrt_detect_msgs/lib/python3.13/site-packages/tensorrt_detect_msgs/_tensorrt_detect_msgs_s.ep.rosidl_typesupport_fastrtps_c.c
-- Installing: /home/delphine/rm/tensorrt10_detect/install/tensorrt_detect_msgs/lib/python3.13/site-packages/tensorrt_detect_msgs/_tensorrt_detect_msgs_s.ep.rosidl_typesupport_c.c
Listing '/home/delphine/rm/tensorrt10_detect/install/tensorrt_detect_msgs/lib/python3.13/site-packages/tensorrt_detect_msgs'...
Compiling '/home/delphine/rm/tensorrt10_detect/install/tensorrt_detect_msgs/lib/python3.13/site-packages/tensorrt_detect_msgs/__init__.py'...
Listing '/home/delphine/rm/tensorrt10_detect/install/tensorrt_detect_msgs/lib/python3.13/site-packages/tensorrt_detect_msgs/msg'...
Compiling '/home/delphine/rm/tensorrt10_detect/install/tensorrt_detect_msgs/lib/python3.13/site-packages/tensorrt_detect_msgs/msg/__init__.py'...
Compiling '/home/delphine/rm/tensorrt10_detect/install/tensorrt_detect_msgs/lib/python3.13/site-packages/tensorrt_detect_msgs/msg/_detection_array.py'...
Compiling '/home/delphine/rm/tensorrt10_detect/install/tensorrt_detect_msgs/lib/python3.13/site-packages/tensorrt_detect_msgs/msg/_detection_box.py'...
Compiling '/home/delphine/rm/tensorrt10_detect/install/tensorrt_detect_msgs/lib/python3.13/site-packages/tensorrt_detect_msgs/msg/_radar_map.py'...
Compiling '/home/delphine/rm/tensorrt10_detect/install/tensorrt_detect_msgs/lib/python3.13/site-packages/tensorrt_detect_msgs/msg/_world_target.py'...
Compiling '/home/delphine/rm/tensorrt10_detect/install/tensorrt_detect_msgs/lib/python3.13/site-packages/tensorrt_detect_msgs/msg/_world_target_array.py'...
-- Installing: /home/delphine/rm/tensorrt10_detect/install/tensorrt_detect_msgs/lib/python3.13/site-packages/tensorrt_detect_msgs/tensorrt_detect_msgs_s__rosidl_typesupport_fastrtps_c.so
-- Set non-toolchain portion of runtime path of "/home/delphine/rm/tensorrt10_detect/install/tensorrt_detect_msgs/lib/python3.13/site-packages/tensorrt_detect_msgs/tensorrt_detect_msgs_s__rosidl_typesupport_fastrtps_c.so" to ""
-- Installing: /home/delphine/rm/tensorrt10_detect/install/tensorrt_detect_msgs/lib/python3.13/site-packages/tensorrt_detect_msgs/tensorrt_detect_msgs_s__rosidl_typesupport_introspection_c.so
-- Set non-toolchain portion of runtime path of "/home/delphine/rm/tensorrt10_detect/install/tensorrt_detect_msgs/lib/python3.13/site-packages/tensorrt_detect_msgs/tensorrt_detect_msgs_s__rosidl_typesupport_introspection_c.so" to ""
-- Installing: /home/delphine/rm/tensorrt10_detect/install/tensorrt_detect_msgs/lib/python3.13/site-packages/tensorrt_detect_msgs/tensorrt_detect_msgs_s__rosidl_typesupport_c.so
-- Set non-toolchain portion of runtime path of "/home/delphine/rm/tensorrt10_detect/install/tensorrt_detect_msgs/lib/python3.13/site-packages/tensorrt_detect_msgs/tensorrt_detect_msgs_s__rosidl_typesupport_c.so" to ""
-- Installing: /home/delphine/rm/tensorrt10_detect/install/tensorrt_detect_msgs/lib/libtensorrt_detect_msgs__rosidl_generator_py.so
-- Set non-toolchain portion of runtime path of "/home/delphine/rm/tensorrt10_detect/install/tensorrt_detect_msgs/lib/libtensorrt_detect_msgs__rosidl_generator_py.so" to ""
-- Up-to-date: /home/delphine/rm/tensorrt10_detect/install/tensorrt_detect_msgs/share/ament_index/resource_index/rust_packages/tensorrt_detect_msgs
-- Up-to-date: /home/delphine/rm/tensorrt10_detect/install/tensorrt_detect_msgs/share/tensorrt_detect_msgs/rust
-- Installing: /home/delphine/rm/tensorrt10_detect/install/tensorrt_detect_msgs/share/tensorrt_detect_msgs/rust/build.rs
-- Up-to-date: /home/delphine/rm/tensorrt10_detect/install/tensorrt_detect_msgs/share/tensorrt_detect_msgs/rust/src
-- Installing: /home/delphine/rm/tensorrt10_detect/install/tensorrt_detect_msgs/share/tensorrt_detect_msgs/rust/src/msg.rs
-- Up-to-date: /home/delphine/rm/tensorrt10_detect/install/tensorrt_detect_msgs/share/tensorrt_detect_msgs/rust/src/msg
-- Installing: /home/delphine/rm/tensorrt10_detect/install/tensorrt_detect_msgs/share/tensorrt_detect_msgs/rust/src/msg/rmw.rs
-- Installing: /home/delphine/rm/tensorrt10_detect/install/tensorrt_detect_msgs/share/tensorrt_detect_msgs/rust/src/lib.rs
-- Installing: /home/delphine/rm/tensorrt10_detect/install/tensorrt_detect_msgs/share/tensorrt_detect_msgs/rust/Cargo.toml
-- Up-to-date: /home/delphine/rm/tensorrt10_detect/install/tensorrt_detect_msgs/share/tensorrt_detect_msgs/msg/DetectionBox.idl
-- Up-to-date: /home/delphine/rm/tensorrt10_detect/install/tensorrt_detect_msgs/share/tensorrt_detect_msgs/msg/DetectionArray.idl
-- Up-to-date: /home/delphine/rm/tensorrt10_detect/install/tensorrt_detect_msgs/share/tensorrt_detect_msgs/msg/WorldTarget.idl
-- Up-to-date: /home/delphine/rm/tensorrt10_detect/install/tensorrt_detect_msgs/share/tensorrt_detect_msgs/msg/WorldTargetArray.idl
-- Installing: /home/delphine/rm/tensorrt10_detect/install/tensorrt_detect_msgs/share/tensorrt_detect_msgs/msg/RadarMap.idl
-- Up-to-date: /home/delphine/rm/tensorrt10_detect/install/tensorrt_detect_msgs/share/tensorrt_detect_msgs/msg/DetectionBox.msg
-- Up-to-date: /home/delphine/rm/tensorrt10_detect/install/tensorrt_detect_msgs/share/tensorrt_detect_msgs/msg/DetectionArray.msg
-- Up-to-date: /home/delphine/rm/tensorrt10_detect/install/tensorrt_detect_msgs/share/tensorrt_detect_msgs/msg/WorldTarget.msg
-- Up-to-date: /home/delphine/rm/tensorrt10_detect/install/tensorrt_detect_msgs/share/tensorrt_detect_msgs/msg/WorldTargetArray.msg
-- Installing: /home/delphine/rm/tensorrt10_detect/install/tensorrt_detect_msgs/share/tensorrt_detect_msgs/msg/RadarMap.msg
-- Up-to-date: /home/delphine/rm/tensorrt10_detect/install/tensorrt_detect_msgs/share/ament_index/resource_index/package_run_dependencies/tensorrt_detect_msgs
-- Up-to-date: /home/delphine/rm/tensorrt10_detect/install/tensorrt_detect_msgs/share/ament_index/resource_index/parent_prefix_path/tensorrt_detect_msgs
-- Up-to-date: /home/delphine/rm/tensorrt10_detect/install/tensorrt_detect_msgs/share/tensorrt_detect_msgs/environment/ament_prefix_path.sh
-- Up-to-date: /home/delphine/rm/tensorrt10_detect/install/tensorrt_detect_msgs/share/tensorrt_detect_msgs/environment/ament_prefix_path.dsv
-- Up-to-date: /home/delphine/rm/tensorrt10_detect/install/tensorrt_detect_msgs/share/tensorrt_detect_msgs/environment/path.sh
-- Up-to-date: /home/delphine/rm/tensorrt10_detect/install/tensorrt_detect_msgs/share/tensorrt_detect_msgs/environment/path.dsv
-- Up-to-date: /home/delphine/rm/tensorrt10_detect/install/tensorrt_detect_msgs/share/tensorrt_detect_msgs/local_setup.bash
-- Up-to-date: /home/delphine/rm/tensorrt10_detect/install/tensorrt_detect_msgs/share/tensorrt_detect_msgs/local_setup.sh
-- Up-to-date: /home/delphine/rm/tensorrt10_detect/install/tensorrt_detect_msgs/share/tensorrt_detect_msgs/local_setup.zsh
-- Up-to-date: /home/delphine/rm/tensorrt10_detect/install/tensorrt_detect_msgs/share/tensorrt_detect_msgs/local_setup.dsv
-- Installing: /home/delphine/rm/tensorrt10_detect/install/tensorrt_detect_msgs/share/tensorrt_detect_msgs/package.dsv
-- Up-to-date: /home/delphine/rm/tensorrt10_detect/install/tensorrt_detect_msgs/share/ament_index/resource_index/packages/tensorrt_detect_msgs
-- Up-to-date: /home/delphine/rm/tensorrt10_detect/install/tensorrt_detect_msgs/share/tensorrt_detect_msgs/cmake/export_tensorrt_detect_msgs__rosidl_generator_cExport.cmake
-- Up-to-date: /home/delphine/rm/tensorrt10_detect/install/tensorrt_detect_msgs/share/tensorrt_detect_msgs/cmake/export_tensorrt_detect_msgs__rosidl_generator_cExport-noconfig.cmake
-- Up-to-date: /home/delphine/rm/tensorrt10_detect/install/tensorrt_detect_msgs/share/tensorrt_detect_msgs/cmake/export_tensorrt_detect_msgs__rosidl_typesupport_fastrtps_cExport.cmake
-- Up-to-date: /home/delphine/rm/tensorrt10_detect/install/tensorrt_detect_msgs/share/tensorrt_detect_msgs/cmake/export_tensorrt_detect_msgs__rosidl_typesupport_fastrtps_cExport-noconfig.cmake
-- Up-to-date: /home/delphine/rm/tensorrt10_detect/install/tensorrt_detect_msgs/share/tensorrt_detect_msgs/cmake/tensorrt_detect_msgs__rosidl_typesupport_introspection_cExport.cmake
-- Up-to-date: /home/delphine/rm/tensorrt10_detect/install/tensorrt_detect_msgs/share/tensorrt_detect_msgs/cmake/tensorrt_detect_msgs__rosidl_typesupport_introspection_cExport-noconfig.cmake
-- Up-to-date: /home/delphine/rm/tensorrt10_detect/install/tensorrt_detect_msgs/share/tensorrt_detect_msgs/cmake/tensorrt_detect_msgs__rosidl_typesupport_cExport.cmake
-- Up-to-date: /home/delphine/rm/tensorrt10_detect/install/tensorrt_detect_msgs/share/tensorrt_detect_msgs/cmake/tensorrt_detect_msgs__rosidl_typesupport_cExport-noconfig.cmake
-- Up-to-date: /home/delphine/rm/tensorrt10_detect/install/tensorrt_detect_msgs/share/tensorrt_detect_msgs/cmake/export_tensorrt_detect_msgs__rosidl_generator_cppExport.cmake
-- Up-to-date: /home/delphine/rm/tensorrt10_detect/install/tensorrt_detect_msgs/share/tensorrt_detect_msgs/cmake/export_tensorrt_detect_msgs__rosidl_typesupport_fastrtps_cppExport.cmake
-- Up-to-date: /home/delphine/rm/tensorrt10_detect/install/tensorrt_detect_msgs/share/tensorrt_detect_msgs/cmake/export_tensorrt_detect_msgs__rosidl_typesupport_fastrtps_cppExport-noconfig.cmake
-- Up-to-date: /home/delphine/rm/tensorrt10_detect/install/tensorrt_detect_msgs/share/tensorrt_detect_msgs/cmake/tensorrt_detect_msgs__rosidl_typesupport_introspection_cppExport.cmake
-- Up-to-date: /home/delphine/rm/tensorrt10_detect/install/tensorrt_detect_msgs/share/tensorrt_detect_msgs/cmake/tensorrt_detect_msgs__rosidl_typesupport_introspection_cppExport-noconfig.cmake
-- Up-to-date: /home/delphine/rm/tensorrt10_detect/install/tensorrt_detect_msgs/share/tensorrt_detect_msgs/cmake/tensorrt_detect_msgs__rosidl_typesupport_cppExport.cmake
-- Up-to-date: /home/delphine/rm/tensorrt10_detect/install/tensorrt_detect_msgs/share/tensorrt_detect_msgs/cmake/tensorrt_detect_msgs__rosidl_typesupport_cppExport-noconfig.cmake
-- Up-to-date: /home/delphine/rm/tensorrt10_detect/install/tensorrt_detect_msgs/share/tensorrt_detect_msgs/cmake/export_tensorrt_detect_msgs__rosidl_generator_pyExport.cmake
-- Up-to-date: /home/delphine/rm/tensorrt10_detect/install/tensorrt_detect_msgs/share/tensorrt_detect_msgs/cmake/export_tensorrt_detect_msgs__rosidl_generator_pyExport-noconfig.cmake
-- Up-to-date: /home/delphine/rm/tensorrt10_detect/install/tensorrt_detect_msgs/share/tensorrt_detect_msgs/cmake/rosidl_cmake-extras.cmake
-- Up-to-date: /home/delphine/rm/tensorrt10_detect/install/tensorrt_detect_msgs/share/tensorrt_detect_msgs/cmake/ament_cmake_export_dependencies-extras.cmake
-- Up-to-date: /home/delphine/rm/tensorrt10_detect/install/tensorrt_detect_msgs/share/tensorrt_detect_msgs/cmake/ament_cmake_export_include_directories-extras.cmake
-- Up-to-date: /home/delphine/rm/tensorrt10_detect/install/tensorrt_detect_msgs/share/tensorrt_detect_msgs/cmake/ament_cmake_export_libraries-extras.cmake
-- Up-to-date: /home/delphine/rm/tensorrt10_detect/install/tensorrt_detect_msgs/share/tensorrt_detect_msgs/cmake/ament_cmake_export_targets-extras.cmake
-- Up-to-date: /home/delphine/rm/tensorrt10_detect/install/tensorrt_detect_msgs/share/tensorrt_detect_msgs/cmake/rosidl_cmake_export_typesupport_targets-extras.cmake
-- Up-to-date: /home/delphine/rm/tensorrt10_detect/install/tensorrt_detect_msgs/share/tensorrt_detect_msgs/cmake/rosidl_cmake_export_typesupport_libraries-extras.cmake
-- Up-to-date: /home/delphine/rm/tensorrt10_detect/install/tensorrt_detect_msgs/share/tensorrt_detect_msgs/cmake/tensorrt_detect_msgsConfig.cmake
-- Up-to-date: /home/delphine/rm/tensorrt10_detect/install/tensorrt_detect_msgs/share/tensorrt_detect_msgs/cmake/tensorrt_detect_msgsConfig-version.cmake
-- Up-to-date: /home/delphine/rm/tensorrt10_detect/install/tensorrt_detect_msgs/share/tensorrt_detect_msgs/package.xml
