[0.008s] Invoking command in '/home/delphine/rm/tensorrt10_detect/build/tensorrt_detect_msgs': CMAKE_PREFIX_PATH=${CMAKE_PREFIX_PATH}:/opt/ros/jazzy CONDA_PROMPT_MODIFIER=(base) DEBUGINFOD_URLS=https://debuginfod.ubuntu.com /usr/bin/cmake --build /home/delphine/rm/tensorrt10_detect/build/tensorrt_detect_msgs -- -j20 -l20
[0.033s] -- Found ament_cmake: 2.5.6 (/opt/ros/jazzy/share/ament_cmake/cmake)
[0.116s] -- Found rosidl_default_generators: 1.6.0 (/opt/ros/jazzy/share/rosidl_default_generators/cmake)
[0.117s] -- Using all available rosidl_typesupport_c: rosidl_typesupport_fastrtps_c;rosidl_typesupport_introspection_c
[0.141s] -- Using all available rosidl_typesupport_cpp: rosidl_typesupport_fastrtps_cpp;rosidl_typesupport_introspection_cpp
[0.164s] -- Found rosidl_adapter: 4.6.7 (/opt/ros/jazzy/share/rosidl_adapter/cmake)
[0.166s] -- Found std_msgs: 5.3.7 (/opt/ros/jazzy/share/std_msgs/cmake)
[0.393s] -- Found ament_cmake_ros: 0.12.0 (/opt/ros/jazzy/share/ament_cmake_ros/cmake)
[0.483s] -- Using all available rosidl_typesupport_c: rosidl_typesupport_fastrtps_c;rosidl_typesupport_introspection_c
[0.597s] -- Using all available rosidl_typesupport_cpp: rosidl_typesupport_fastrtps_cpp;rosidl_typesupport_introspection_cpp
[0.597s] -- Found python_cmake_module: 0.11.1 (/opt/ros/jazzy/share/python_cmake_module/cmake)
[0.924s] -- Found Python3: /home/delphine/miniconda3/bin/python3 (found version "3.13.12") found components: Interpreter Development NumPy Development.Module Development.Embed 
[0.967s] -- Found Python3: /home/delphine/miniconda3/bin/python3 (found version "3.13.12") found components: Interpreter 
[0.971s] -- Configuring done (0.9s)
[1.001s] -- Generating done (0.0s)
[1.010s] -- Build files have been written to: /home/delphine/rm/tensorrt10_detect/build/tensorrt_detect_msgs
[1.043s] [  1%] Generating Rust code for ROS interfaces
[1.047s] [  2%] Generating type hashes for ROS interfaces
[1.053s] [  2%] Built target ament_cmake_python_copy_tensorrt_detect_msgs
[1.218s] running egg_info
[1.228s] writing tensorrt_detect_msgs.egg-info/PKG-INFO
[1.228s] writing dependency_links to tensorrt_detect_msgs.egg-info/dependency_links.txt
[1.229s] writing top-level names to tensorrt_detect_msgs.egg-info/top_level.txt
[1.249s] [  2%] Built target tensorrt_detect_msgs__rosidl_generator_type_description
[1.255s] reading manifest file 'tensorrt_detect_msgs.egg-info/SOURCES.txt'
[1.255s] writing manifest file 'tensorrt_detect_msgs.egg-info/SOURCES.txt'
[1.262s] [  4%] Generating C code for ROS interfaces
[1.271s] [  5%] Generating C++ code for ROS interfaces
[1.273s] [  5%] Built target tensorrt_detect_msgs__rs
[1.304s] [  5%] Built target ament_cmake_python_build_tensorrt_detect_msgs_egg
[1.557s] [  5%] Built target tensorrt_detect_msgs__cpp
[1.617s] [ 16%] Building C object CMakeFiles/tensorrt_detect_msgs__rosidl_generator_c.dir/rosidl_generator_c/tensorrt_detect_msgs/msg/detail/detection_box__description.c.o
[1.618s] [ 16%] Building C object CMakeFiles/tensorrt_detect_msgs__rosidl_generator_c.dir/rosidl_generator_c/tensorrt_detect_msgs/msg/detail/world_target__type_support.c.o
[1.618s] [ 16%] Building C object CMakeFiles/tensorrt_detect_msgs__rosidl_generator_c.dir/rosidl_generator_c/tensorrt_detect_msgs/msg/detail/detection_array__type_support.c.o
[1.618s] [ 16%] Building C object CMakeFiles/tensorrt_detect_msgs__rosidl_generator_c.dir/rosidl_generator_c/tensorrt_detect_msgs/msg/detail/detection_array__description.c.o
[1.618s] [ 16%] Building C object CMakeFiles/tensorrt_detect_msgs__rosidl_generator_c.dir/rosidl_generator_c/tensorrt_detect_msgs/msg/detail/world_target__functions.c.o
[1.618s] [ 16%] Building C object CMakeFiles/tensorrt_detect_msgs__rosidl_generator_c.dir/rosidl_generator_c/tensorrt_detect_msgs/msg/detail/detection_array__functions.c.o
[1.618s] [ 16%] Building C object CMakeFiles/tensorrt_detect_msgs__rosidl_generator_c.dir/rosidl_generator_c/tensorrt_detect_msgs/msg/detail/detection_box__type_support.c.o
[1.618s] [ 16%] Building C object CMakeFiles/tensorrt_detect_msgs__rosidl_generator_c.dir/rosidl_generator_c/tensorrt_detect_msgs/msg/detail/world_target_array__description.c.o
[1.619s] [ 17%] Building C object CMakeFiles/tensorrt_detect_msgs__rosidl_generator_c.dir/rosidl_generator_c/tensorrt_detect_msgs/msg/detail/radar_map__description.c.o
[1.620s] [ 21%] Building C object CMakeFiles/tensorrt_detect_msgs__rosidl_generator_c.dir/rosidl_generator_c/tensorrt_detect_msgs/msg/detail/detection_box__functions.c.o
[1.620s] [ 21%] Building C object CMakeFiles/tensorrt_detect_msgs__rosidl_generator_c.dir/rosidl_generator_c/tensorrt_detect_msgs/msg/detail/world_target_array__functions.c.o
[1.620s] [ 22%] Building C object CMakeFiles/tensorrt_detect_msgs__rosidl_generator_c.dir/rosidl_generator_c/tensorrt_detect_msgs/msg/detail/radar_map__functions.c.o
[1.620s] [ 21%] Building C object CMakeFiles/tensorrt_detect_msgs__rosidl_generator_c.dir/rosidl_generator_c/tensorrt_detect_msgs/msg/detail/world_target__description.c.o
[1.620s] [ 24%] Building C object CMakeFiles/tensorrt_detect_msgs__rosidl_generator_c.dir/rosidl_generator_c/tensorrt_detect_msgs/msg/detail/radar_map__type_support.c.o
[1.620s] [ 25%] Building C object CMakeFiles/tensorrt_detect_msgs__rosidl_generator_c.dir/rosidl_generator_c/tensorrt_detect_msgs/msg/detail/world_target_array__type_support.c.o
[1.689s] [ 26%] Linking C shared library libtensorrt_detect_msgs__rosidl_generator_c.so
[1.736s] [ 26%] Built target tensorrt_detect_msgs__rosidl_generator_c
[1.747s] [ 32%] Generating C type support dispatch for ROS interfaces
[1.747s] [ 32%] Generating C++ type support dispatch for ROS interfaces
[1.747s] [ 32%] Generating C++ type support for eProsima Fast-RTPS
[1.747s] [ 32%] Generating C introspection for ROS interfaces
[1.747s] [ 33%] Generating C type support for eProsima Fast-RTPS
[1.747s] [ 34%] Generating C++ introspection for ROS interfaces
[1.993s] [ 36%] Building CXX object CMakeFiles/tensorrt_detect_msgs__rosidl_typesupport_cpp.dir/rosidl_typesupport_cpp/tensorrt_detect_msgs/msg/detection_array__type_support.cpp.o
[1.993s] [ 37%] Building CXX object CMakeFiles/tensorrt_detect_msgs__rosidl_typesupport_cpp.dir/rosidl_typesupport_cpp/tensorrt_detect_msgs/msg/radar_map__type_support.cpp.o
[1.994s] [ 40%] Building CXX object CMakeFiles/tensorrt_detect_msgs__rosidl_typesupport_cpp.dir/rosidl_typesupport_cpp/tensorrt_detect_msgs/msg/detection_box__type_support.cpp.o
[1.994s] [ 40%] Building CXX object CMakeFiles/tensorrt_detect_msgs__rosidl_typesupport_cpp.dir/rosidl_typesupport_cpp/tensorrt_detect_msgs/msg/world_target__type_support.cpp.o
[1.995s] [ 41%] Building CXX object CMakeFiles/tensorrt_detect_msgs__rosidl_typesupport_cpp.dir/rosidl_typesupport_cpp/tensorrt_detect_msgs/msg/world_target_array__type_support.cpp.o
[2.006s] [ 45%] Building CXX object CMakeFiles/tensorrt_detect_msgs__rosidl_typesupport_c.dir/rosidl_typesupport_c/tensorrt_detect_msgs/msg/detection_array__type_support.cpp.o
[2.006s] [ 45%] Building CXX object CMakeFiles/tensorrt_detect_msgs__rosidl_typesupport_c.dir/rosidl_typesupport_c/tensorrt_detect_msgs/msg/detection_box__type_support.cpp.o
[2.006s] [ 45%] Building CXX object CMakeFiles/tensorrt_detect_msgs__rosidl_typesupport_c.dir/rosidl_typesupport_c/tensorrt_detect_msgs/msg/world_target__type_support.cpp.o
[2.006s] [ 46%] Building CXX object CMakeFiles/tensorrt_detect_msgs__rosidl_typesupport_c.dir/rosidl_typesupport_c/tensorrt_detect_msgs/msg/world_target_array__type_support.cpp.o
[2.011s] [ 48%] Building CXX object CMakeFiles/tensorrt_detect_msgs__rosidl_typesupport_c.dir/rosidl_typesupport_c/tensorrt_detect_msgs/msg/radar_map__type_support.cpp.o
[2.054s] [ 52%] Building C object CMakeFiles/tensorrt_detect_msgs__rosidl_typesupport_introspection_c.dir/rosidl_typesupport_introspection_c/tensorrt_detect_msgs/msg/detail/radar_map__type_support.c.o
[2.055s] [ 52%] Building C object CMakeFiles/tensorrt_detect_msgs__rosidl_typesupport_introspection_c.dir/rosidl_typesupport_introspection_c/tensorrt_detect_msgs/msg/detail/detection_array__type_support.c.o
[2.055s] [ 54%] Building C object CMakeFiles/tensorrt_detect_msgs__rosidl_typesupport_introspection_c.dir/rosidl_typesupport_introspection_c/tensorrt_detect_msgs/msg/detail/world_target__type_support.c.o
[2.055s] [ 54%] Building C object CMakeFiles/tensorrt_detect_msgs__rosidl_typesupport_introspection_c.dir/rosidl_typesupport_introspection_c/tensorrt_detect_msgs/msg/detail/world_target_array__type_support.c.o
[2.055s] [ 54%] Building C object CMakeFiles/tensorrt_detect_msgs__rosidl_typesupport_introspection_c.dir/rosidl_typesupport_introspection_c/tensorrt_detect_msgs/msg/detail/detection_box__type_support.c.o
[2.069s] [ 56%] Linking CXX shared library libtensorrt_detect_msgs__rosidl_typesupport_c.so
[2.103s] [ 57%] Linking C shared library libtensorrt_detect_msgs__rosidl_typesupport_introspection_c.so
[2.134s] [ 57%] Built target tensorrt_detect_msgs__rosidl_typesupport_c
[2.149s] [ 60%] Building CXX object CMakeFiles/tensorrt_detect_msgs__rosidl_typesupport_fastrtps_cpp.dir/rosidl_typesupport_fastrtps_cpp/tensorrt_detect_msgs/msg/detail/dds_fastrtps/radar_map__type_support.cpp.o
[2.149s] [ 60%] Building CXX object CMakeFiles/tensorrt_detect_msgs__rosidl_typesupport_fastrtps_cpp.dir/rosidl_typesupport_fastrtps_cpp/tensorrt_detect_msgs/msg/detail/dds_fastrtps/detection_box__type_support.cpp.o
[2.149s] [ 60%] Built target tensorrt_detect_msgs__rosidl_typesupport_introspection_c
[2.150s] [ 61%] Building CXX object CMakeFiles/tensorrt_detect_msgs__rosidl_typesupport_fastrtps_cpp.dir/rosidl_typesupport_fastrtps_cpp/tensorrt_detect_msgs/msg/detail/dds_fastrtps/world_target__type_support.cpp.o
[2.150s] [ 62%] Building CXX object CMakeFiles/tensorrt_detect_msgs__rosidl_typesupport_fastrtps_cpp.dir/rosidl_typesupport_fastrtps_cpp/tensorrt_detect_msgs/msg/detail/dds_fastrtps/detection_array__type_support.cpp.o
[2.151s] [ 64%] Building CXX object CMakeFiles/tensorrt_detect_msgs__rosidl_typesupport_fastrtps_cpp.dir/rosidl_typesupport_fastrtps_cpp/tensorrt_detect_msgs/msg/detail/dds_fastrtps/world_target_array__type_support.cpp.o
[2.168s] [ 66%] Building CXX object CMakeFiles/tensorrt_detect_msgs__rosidl_typesupport_fastrtps_c.dir/rosidl_typesupport_fastrtps_c/tensorrt_detect_msgs/msg/detail/detection_array__type_support_c.cpp.o
[2.169s] [ 66%] Building CXX object CMakeFiles/tensorrt_detect_msgs__rosidl_typesupport_fastrtps_c.dir/rosidl_typesupport_fastrtps_c/tensorrt_detect_msgs/msg/detail/detection_box__type_support_c.cpp.o
[2.173s] [ 69%] Building CXX object CMakeFiles/tensorrt_detect_msgs__rosidl_typesupport_fastrtps_c.dir/rosidl_typesupport_fastrtps_c/tensorrt_detect_msgs/msg/detail/world_target__type_support_c.cpp.o
[2.173s] [ 69%] Building CXX object CMakeFiles/tensorrt_detect_msgs__rosidl_typesupport_fastrtps_c.dir/rosidl_typesupport_fastrtps_c/tensorrt_detect_msgs/msg/detail/world_target_array__type_support_c.cpp.o
[2.186s] [ 70%] Building CXX object CMakeFiles/tensorrt_detect_msgs__rosidl_typesupport_fastrtps_c.dir/rosidl_typesupport_fastrtps_c/tensorrt_detect_msgs/msg/detail/radar_map__type_support_c.cpp.o
[2.340s] [ 73%] Building CXX object CMakeFiles/tensorrt_detect_msgs__rosidl_typesupport_introspection_cpp.dir/rosidl_typesupport_introspection_cpp/tensorrt_detect_msgs/msg/detail/radar_map__type_support.cpp.o
[2.340s] [ 76%] Building CXX object CMakeFiles/tensorrt_detect_msgs__rosidl_typesupport_introspection_cpp.dir/rosidl_typesupport_introspection_cpp/tensorrt_detect_msgs/msg/detail/world_target_array__type_support.cpp.o
[2.340s] [ 77%] Building CXX object CMakeFiles/tensorrt_detect_msgs__rosidl_typesupport_introspection_cpp.dir/rosidl_typesupport_introspection_cpp/tensorrt_detect_msgs/msg/detail/world_target__type_support.cpp.o
[2.342s] [ 77%] Building CXX object CMakeFiles/tensorrt_detect_msgs__rosidl_typesupport_introspection_cpp.dir/rosidl_typesupport_introspection_cpp/tensorrt_detect_msgs/msg/detail/detection_box__type_support.cpp.o
[2.344s] [ 77%] Building CXX object CMakeFiles/tensorrt_detect_msgs__rosidl_typesupport_introspection_cpp.dir/rosidl_typesupport_introspection_cpp/tensorrt_detect_msgs/msg/detail/detection_array__type_support.cpp.o
[2.452s] [ 78%] Linking CXX shared library libtensorrt_detect_msgs__rosidl_typesupport_cpp.so
[2.538s] [ 78%] Built target tensorrt_detect_msgs__rosidl_typesupport_cpp
[2.829s] [ 80%] Linking CXX shared library libtensorrt_detect_msgs__rosidl_typesupport_fastrtps_cpp.so
[2.845s] [ 81%] Linking CXX shared library libtensorrt_detect_msgs__rosidl_typesupport_fastrtps_c.so
[2.853s] [ 82%] Linking CXX shared library libtensorrt_detect_msgs__rosidl_typesupport_introspection_cpp.so
[2.900s] [ 82%] Built target tensorrt_detect_msgs__rosidl_typesupport_fastrtps_c
[2.932s] [ 82%] Built target tensorrt_detect_msgs__rosidl_typesupport_introspection_cpp
[2.938s] [ 82%] Built target tensorrt_detect_msgs__rosidl_typesupport_fastrtps_cpp
[2.963s] [ 82%] Built target tensorrt_detect_msgs
[2.986s] [ 84%] Generating Python code for ROS interfaces
[3.364s] [ 84%] Built target tensorrt_detect_msgs__py
[3.394s] [ 89%] Building C object CMakeFiles/tensorrt_detect_msgs__rosidl_generator_py.dir/rosidl_generator_py/tensorrt_detect_msgs/msg/_world_target_s.c.o
[3.394s] [ 89%] Building C object CMakeFiles/tensorrt_detect_msgs__rosidl_generator_py.dir/rosidl_generator_py/tensorrt_detect_msgs/msg/_detection_box_s.c.o
[3.394s] [ 89%] Building C object CMakeFiles/tensorrt_detect_msgs__rosidl_generator_py.dir/rosidl_generator_py/tensorrt_detect_msgs/msg/_world_target_array_s.c.o
[3.394s] [ 89%] Building C object CMakeFiles/tensorrt_detect_msgs__rosidl_generator_py.dir/rosidl_generator_py/tensorrt_detect_msgs/msg/_radar_map_s.c.o
[3.395s] [ 90%] Building C object CMakeFiles/tensorrt_detect_msgs__rosidl_generator_py.dir/rosidl_generator_py/tensorrt_detect_msgs/msg/_detection_array_s.c.o
[3.537s] [ 92%] Linking C shared library libtensorrt_detect_msgs__rosidl_generator_py.so
[3.589s] [ 92%] Built target tensorrt_detect_msgs__rosidl_generator_py
[3.612s] [ 94%] Building C object CMakeFiles/tensorrt_detect_msgs_s__rosidl_typesupport_introspection_c.dir/rosidl_generator_py/tensorrt_detect_msgs/_tensorrt_detect_msgs_s.ep.rosidl_typesupport_introspection_c.c.o
[3.612s] [ 94%] Building C object CMakeFiles/tensorrt_detect_msgs_s__rosidl_typesupport_fastrtps_c.dir/rosidl_generator_py/tensorrt_detect_msgs/_tensorrt_detect_msgs_s.ep.rosidl_typesupport_fastrtps_c.c.o
[3.612s] [ 96%] Building C object CMakeFiles/tensorrt_detect_msgs_s__rosidl_typesupport_c.dir/rosidl_generator_py/tensorrt_detect_msgs/_tensorrt_detect_msgs_s.ep.rosidl_typesupport_c.c.o
[3.692s] [ 98%] Linking C shared module rosidl_generator_py/tensorrt_detect_msgs/tensorrt_detect_msgs_s__rosidl_typesupport_fastrtps_c.so
[3.693s] [ 98%] Linking C shared module rosidl_generator_py/tensorrt_detect_msgs/tensorrt_detect_msgs_s__rosidl_typesupport_c.so
[3.693s] [100%] Linking C shared module rosidl_generator_py/tensorrt_detect_msgs/tensorrt_detect_msgs_s__rosidl_typesupport_introspection_c.so
[3.724s] [100%] Built target tensorrt_detect_msgs_s__rosidl_typesupport_introspection_c
[3.725s] [100%] Built target tensorrt_detect_msgs_s__rosidl_typesupport_c
[3.725s] [100%] Built target tensorrt_detect_msgs_s__rosidl_typesupport_fastrtps_c
[3.736s] Invoked command in '/home/delphine/rm/tensorrt10_detect/build/tensorrt_detect_msgs' returned '0': CMAKE_PREFIX_PATH=${CMAKE_PREFIX_PATH}:/opt/ros/jazzy CONDA_PROMPT_MODIFIER=(base) DEBUGINFOD_URLS=https://debuginfod.ubuntu.com /usr/bin/cmake --build /home/delphine/rm/tensorrt10_detect/build/tensorrt_detect_msgs -- -j20 -l20
[3.749s] Invoking command in '/home/delphine/rm/tensorrt10_detect/build/tensorrt_detect_msgs': CMAKE_PREFIX_PATH=${CMAKE_PREFIX_PATH}:/opt/ros/jazzy CONDA_PROMPT_MODIFIER=(base) DEBUGINFOD_URLS=https://debuginfod.ubuntu.com /usr/bin/cmake --install /home/delphine/rm/tensorrt10_detect/build/tensorrt_detect_msgs
[3.758s] -- Install configuration: ""
[3.758s] -- Up-to-date: /home/delphine/rm/tensorrt10_detect/install/tensorrt_detect_msgs/share/ament_index/resource_index/rosidl_interfaces/tensorrt_detect_msgs
[3.758s] -- Installing: /home/delphine/rm/tensorrt10_detect/install/tensorrt_detect_msgs/share/tensorrt_detect_msgs/msg/DetectionBox.json
[3.758s] -- Installing: /home/delphine/rm/tensorrt10_detect/install/tensorrt_detect_msgs/share/tensorrt_detect_msgs/msg/DetectionArray.json
[3.758s] -- Installing: /home/delphine/rm/tensorrt10_detect/install/tensorrt_detect_msgs/share/tensorrt_detect_msgs/msg/WorldTarget.json
[3.758s] -- Installing: /home/delphine/rm/tensorrt10_detect/install/tensorrt_detect_msgs/share/tensorrt_detect_msgs/msg/WorldTargetArray.json
[3.758s] -- Installing: /home/delphine/rm/tensorrt10_detect/install/tensorrt_detect_msgs/share/tensorrt_detect_msgs/msg/RadarMap.json
[3.758s] -- Up-to-date: /home/delphine/rm/tensorrt10_detect/install/tensorrt_detect_msgs/include/tensorrt_detect_msgs/tensorrt_detect_msgs
[3.758s] -- Up-to-date: /home/delphine/rm/tensorrt10_detect/install/tensorrt_detect_msgs/include/tensorrt_detect_msgs/tensorrt_detect_msgs/msg
[3.759s] -- Installing: /home/delphine/rm/tensorrt10_detect/install/tensorrt_detect_msgs/include/tensorrt_detect_msgs/tensorrt_detect_msgs/msg/world_target_array.h
[3.759s] -- Installing: /home/delphine/rm/tensorrt10_detect/install/tensorrt_detect_msgs/include/tensorrt_detect_msgs/tensorrt_detect_msgs/msg/detection_box.h
[3.759s] -- Installing: /home/delphine/rm/tensorrt10_detect/install/tensorrt_detect_msgs/include/tensorrt_detect_msgs/tensorrt_detect_msgs/msg/world_target.h
[3.759s] -- Up-to-date: /home/delphine/rm/tensorrt10_detect/install/tensorrt_detect_msgs/include/tensorrt_detect_msgs/tensorrt_detect_msgs/msg/rosidl_generator_c__visibility_control.h
[3.759s] -- Installing: /home/delphine/rm/tensorrt10_detect/install/tensorrt_detect_msgs/include/tensorrt_detect_msgs/tensorrt_detect_msgs/msg/radar_map.h
[3.759s] -- Installing: /home/delphine/rm/tensorrt10_detect/install/tensorrt_detect_msgs/include/tensorrt_detect_msgs/tensorrt_detect_msgs/msg/detection_array.h
[3.759s] -- Up-to-date: /home/delphine/rm/tensorrt10_detect/install/tensorrt_detect_msgs/include/tensorrt_detect_msgs/tensorrt_detect_msgs/msg/detail
[3.759s] -- Installing: /home/delphine/rm/tensorrt10_detect/install/tensorrt_detect_msgs/include/tensorrt_detect_msgs/tensorrt_detect_msgs/msg/detail/detection_box__description.c
[3.759s] -- Installing: /home/delphine/rm/tensorrt10_detect/install/tensorrt_detect_msgs/include/tensorrt_detect_msgs/tensorrt_detect_msgs/msg/detail/detection_box__struct.h
[3.759s] -- Installing: /home/delphine/rm/tensorrt10_detect/install/tensorrt_detect_msgs/include/tensorrt_detect_msgs/tensorrt_detect_msgs/msg/detail/radar_map__description.c
[3.759s] -- Installing: /home/delphine/rm/tensorrt10_detect/install/tensorrt_detect_msgs/include/tensorrt_detect_msgs/tensorrt_detect_msgs/msg/detail/radar_map__type_support.c
[3.759s] -- Installing: /home/delphine/rm/tensorrt10_detect/install/tensorrt_detect_msgs/include/tensorrt_detect_msgs/tensorrt_detect_msgs/msg/detail/world_target__type_support.c
[3.759s] -- Installing: /home/delphine/rm/tensorrt10_detect/install/tensorrt_detect_msgs/include/tensorrt_detect_msgs/tensorrt_detect_msgs/msg/detail/detection_array__type_support.c
[3.759s] -- Installing: /home/delphine/rm/tensorrt10_detect/install/tensorrt_detect_msgs/include/tensorrt_detect_msgs/tensorrt_detect_msgs/msg/detail/world_target_array__type_support.h
[3.759s] -- Installing: /home/delphine/rm/tensorrt10_detect/install/tensorrt_detect_msgs/include/tensorrt_detect_msgs/tensorrt_detect_msgs/msg/detail/world_target__functions.h
[3.759s] -- Installing: /home/delphine/rm/tensorrt10_detect/install/tensorrt_detect_msgs/include/tensorrt_detect_msgs/tensorrt_detect_msgs/msg/detail/detection_box__functions.c
[3.759s] -- Installing: /home/delphine/rm/tensorrt10_detect/install/tensorrt_detect_msgs/include/tensorrt_detect_msgs/tensorrt_detect_msgs/msg/detail/world_target_array__type_support.c
[3.760s] -- Installing: /home/delphine/rm/tensorrt10_detect/install/tensorrt_detect_msgs/include/tensorrt_detect_msgs/tensorrt_detect_msgs/msg/detail/detection_box__type_support.c
[3.760s] -- Installing: /home/delphine/rm/tensorrt10_detect/install/tensorrt_detect_msgs/include/tensorrt_detect_msgs/tensorrt_detect_msgs/msg/detail/world_target__type_support.h
[3.760s] -- Installing: /home/delphine/rm/tensorrt10_detect/install/tensorrt_detect_msgs/include/tensorrt_detect_msgs/tensorrt_detect_msgs/msg/detail/detection_array__functions.h
[3.760s] -- Installing: /home/delphine/rm/tensorrt10_detect/install/tensorrt_detect_msgs/include/tensorrt_detect_msgs/tensorrt_detect_msgs/msg/detail/detection_box__type_support.h
[3.760s] -- Installing: /home/delphine/rm/tensorrt10_detect/install/tensorrt_detect_msgs/include/tensorrt_detect_msgs/tensorrt_detect_msgs/msg/detail/detection_array__struct.h
[3.760s] -- Installing: /home/delphine/rm/tensorrt10_detect/install/tensorrt_detect_msgs/include/tensorrt_detect_msgs/tensorrt_detect_msgs/msg/detail/world_target__functions.c
[3.760s] -- Installing: /home/delphine/rm/tensorrt10_detect/install/tensorrt_detect_msgs/include/tensorrt_detect_msgs/tensorrt_detect_msgs/msg/detail/world_target__description.c
[3.760s] -- Installing: /home/delphine/rm/tensorrt10_detect/install/tensorrt_detect_msgs/include/tensorrt_detect_msgs/tensorrt_detect_msgs/msg/detail/detection_array__functions.c
[3.760s] -- Installing: /home/delphine/rm/tensorrt10_detect/install/tensorrt_detect_msgs/include/tensorrt_detect_msgs/tensorrt_detect_msgs/msg/detail/detection_array__description.c
[3.760s] -- Installing: /home/delphine/rm/tensorrt10_detect/install/tensorrt_detect_msgs/include/tensorrt_detect_msgs/tensorrt_detect_msgs/msg/detail/radar_map__functions.h
[3.761s] -- Installing: /home/delphine/rm/tensorrt10_detect/install/tensorrt_detect_msgs/include/tensorrt_detect_msgs/tensorrt_detect_msgs/msg/detail/world_target_array__description.c
[3.761s] -- Installing: /home/delphine/rm/tensorrt10_detect/install/tensorrt_detect_msgs/include/tensorrt_detect_msgs/tensorrt_detect_msgs/msg/detail/detection_array__type_support.h
[3.761s] -- Installing: /home/delphine/rm/tensorrt10_detect/install/tensorrt_detect_msgs/include/tensorrt_detect_msgs/tensorrt_detect_msgs/msg/detail/radar_map__functions.c
[3.761s] -- Installing: /home/delphine/rm/tensorrt10_detect/install/tensorrt_detect_msgs/include/tensorrt_detect_msgs/tensorrt_detect_msgs/msg/detail/radar_map__type_support.h
[3.761s] -- Installing: /home/delphine/rm/tensorrt10_detect/install/tensorrt_detect_msgs/include/tensorrt_detect_msgs/tensorrt_detect_msgs/msg/detail/detection_box__functions.h
[3.761s] -- Installing: /home/delphine/rm/tensorrt10_detect/install/tensorrt_detect_msgs/include/tensorrt_detect_msgs/tensorrt_detect_msgs/msg/detail/world_target_array__functions.c
[3.761s] -- Installing: /home/delphine/rm/tensorrt10_detect/install/tensorrt_detect_msgs/include/tensorrt_detect_msgs/tensorrt_detect_msgs/msg/detail/world_target_array__functions.h
[3.761s] -- Installing: /home/delphine/rm/tensorrt10_detect/install/tensorrt_detect_msgs/include/tensorrt_detect_msgs/tensorrt_detect_msgs/msg/detail/world_target_array__struct.h
[3.761s] -- Installing: /home/delphine/rm/tensorrt10_detect/install/tensorrt_detect_msgs/include/tensorrt_detect_msgs/tensorrt_detect_msgs/msg/detail/world_target__struct.h
[3.761s] -- Installing: /home/delphine/rm/tensorrt10_detect/install/tensorrt_detect_msgs/include/tensorrt_detect_msgs/tensorrt_detect_msgs/msg/detail/radar_map__struct.h
[3.761s] -- Up-to-date: /home/delphine/rm/tensorrt10_detect/install/tensorrt_detect_msgs/share/tensorrt_detect_msgs/environment/library_path.sh
[3.761s] -- Up-to-date: /home/delphine/rm/tensorrt10_detect/install/tensorrt_detect_msgs/share/tensorrt_detect_msgs/environment/library_path.dsv
[3.761s] -- Installing: /home/delphine/rm/tensorrt10_detect/install/tensorrt_detect_msgs/lib/libtensorrt_detect_msgs__rosidl_generator_c.so
[3.762s] -- Set non-toolchain portion of runtime path of "/home/delphine/rm/tensorrt10_detect/install/tensorrt_detect_msgs/lib/libtensorrt_detect_msgs__rosidl_generator_c.so" to ""
[3.762s] -- Up-to-date: /home/delphine/rm/tensorrt10_detect/install/tensorrt_detect_msgs/include/tensorrt_detect_msgs/tensorrt_detect_msgs
[3.762s] -- Up-to-date: /home/delphine/rm/tensorrt10_detect/install/tensorrt_detect_msgs/include/tensorrt_detect_msgs/tensorrt_detect_msgs/msg
[3.762s] -- Up-to-date: /home/delphine/rm/tensorrt10_detect/install/tensorrt_detect_msgs/include/tensorrt_detect_msgs/tensorrt_detect_msgs/msg/rosidl_typesupport_fastrtps_c__visibility_control.h
[3.762s] -- Up-to-date: /home/delphine/rm/tensorrt10_detect/install/tensorrt_detect_msgs/include/tensorrt_detect_msgs/tensorrt_detect_msgs/msg/detail
[3.762s] -- Installing: /home/delphine/rm/tensorrt10_detect/install/tensorrt_detect_msgs/include/tensorrt_detect_msgs/tensorrt_detect_msgs/msg/detail/detection_array__rosidl_typesupport_fastrtps_c.h
[3.762s] -- Installing: /home/delphine/rm/tensorrt10_detect/install/tensorrt_detect_msgs/include/tensorrt_detect_msgs/tensorrt_detect_msgs/msg/detail/radar_map__rosidl_typesupport_fastrtps_c.h
[3.762s] -- Installing: /home/delphine/rm/tensorrt10_detect/install/tensorrt_detect_msgs/include/tensorrt_detect_msgs/tensorrt_detect_msgs/msg/detail/world_target_array__rosidl_typesupport_fastrtps_c.h
[3.762s] -- Installing: /home/delphine/rm/tensorrt10_detect/install/tensorrt_detect_msgs/include/tensorrt_detect_msgs/tensorrt_detect_msgs/msg/detail/detection_box__rosidl_typesupport_fastrtps_c.h
[3.762s] -- Installing: /home/delphine/rm/tensorrt10_detect/install/tensorrt_detect_msgs/include/tensorrt_detect_msgs/tensorrt_detect_msgs/msg/detail/world_target__rosidl_typesupport_fastrtps_c.h
[3.762s] -- Installing: /home/delphine/rm/tensorrt10_detect/install/tensorrt_detect_msgs/lib/libtensorrt_detect_msgs__rosidl_typesupport_fastrtps_c.so
[3.763s] -- Set non-toolchain portion of runtime path of "/home/delphine/rm/tensorrt10_detect/install/tensorrt_detect_msgs/lib/libtensorrt_detect_msgs__rosidl_typesupport_fastrtps_c.so" to ""
[3.763s] -- Up-to-date: /home/delphine/rm/tensorrt10_detect/install/tensorrt_detect_msgs/include/tensorrt_detect_msgs/tensorrt_detect_msgs
[3.763s] -- Up-to-date: /home/delphine/rm/tensorrt10_detect/install/tensorrt_detect_msgs/include/tensorrt_detect_msgs/tensorrt_detect_msgs/msg
[3.763s] -- Up-to-date: /home/delphine/rm/tensorrt10_detect/install/tensorrt_detect_msgs/include/tensorrt_detect_msgs/tensorrt_detect_msgs/msg/rosidl_typesupport_introspection_c__visibility_control.h
[3.763s] -- Up-to-date: /home/delphine/rm/tensorrt10_detect/install/tensorrt_detect_msgs/include/tensorrt_detect_msgs/tensorrt_detect_msgs/msg/detail
[3.763s] -- Installing: /home/delphine/rm/tensorrt10_detect/install/tensorrt_detect_msgs/include/tensorrt_detect_msgs/tensorrt_detect_msgs/msg/detail/world_target__rosidl_typesupport_introspection_c.h
[3.763s] -- Installing: /home/delphine/rm/tensorrt10_detect/install/tensorrt_detect_msgs/include/tensorrt_detect_msgs/tensorrt_detect_msgs/msg/detail/detection_box__rosidl_typesupport_introspection_c.h
[3.763s] -- Up-to-date: /home/delphine/rm/tensorrt10_detect/install/tensorrt_detect_msgs/include/tensorrt_detect_msgs/tensorrt_detect_msgs/msg/detail/radar_map__type_support.c
[3.763s] -- Up-to-date: /home/delphine/rm/tensorrt10_detect/install/tensorrt_detect_msgs/include/tensorrt_detect_msgs/tensorrt_detect_msgs/msg/detail/world_target__type_support.c
[3.763s] -- Up-to-date: /home/delphine/rm/tensorrt10_detect/install/tensorrt_detect_msgs/include/tensorrt_detect_msgs/tensorrt_detect_msgs/msg/detail/detection_array__type_support.c
[3.763s] -- Up-to-date: /home/delphine/rm/tensorrt10_detect/install/tensorrt_detect_msgs/include/tensorrt_detect_msgs/tensorrt_detect_msgs/msg/detail/world_target_array__type_support.c
[3.763s] -- Up-to-date: /home/delphine/rm/tensorrt10_detect/install/tensorrt_detect_msgs/include/tensorrt_detect_msgs/tensorrt_detect_msgs/msg/detail/detection_box__type_support.c
[3.763s] -- Installing: /home/delphine/rm/tensorrt10_detect/install/tensorrt_detect_msgs/include/tensorrt_detect_msgs/tensorrt_detect_msgs/msg/detail/radar_map__rosidl_typesupport_introspection_c.h
[3.763s] -- Installing: /home/delphine/rm/tensorrt10_detect/install/tensorrt_detect_msgs/include/tensorrt_detect_msgs/tensorrt_detect_msgs/msg/detail/world_target_array__rosidl_typesupport_introspection_c.h
[3.763s] -- Installing: /home/delphine/rm/tensorrt10_detect/install/tensorrt_detect_msgs/include/tensorrt_detect_msgs/tensorrt_detect_msgs/msg/detail/detection_array__rosidl_typesupport_introspection_c.h
[3.763s] -- Installing: /home/delphine/rm/tensorrt10_detect/install/tensorrt_detect_msgs/lib/libtensorrt_detect_msgs__rosidl_typesupport_introspection_c.so
[3.764s] -- Set non-toolchain portion of runtime path of "/home/delphine/rm/tensorrt10_detect/install/tensorrt_detect_msgs/lib/libtensorrt_detect_msgs__rosidl_typesupport_introspection_c.so" to ""
[3.764s] -- Installing: /home/delphine/rm/tensorrt10_detect/install/tensorrt_detect_msgs/lib/libtensorrt_detect_msgs__rosidl_typesupport_c.so
[3.764s] -- Set non-toolchain portion of runtime path of "/home/delphine/rm/tensorrt10_detect/install/tensorrt_detect_msgs/lib/libtensorrt_detect_msgs__rosidl_typesupport_c.so" to ""
[3.764s] -- Up-to-date: /home/delphine/rm/tensorrt10_detect/install/tensorrt_detect_msgs/include/tensorrt_detect_msgs/tensorrt_detect_msgs
[3.764s] -- Up-to-date: /home/delphine/rm/tensorrt10_detect/install/tensorrt_detect_msgs/include/tensorrt_detect_msgs/tensorrt_detect_msgs/msg
[3.764s] -- Installing: /home/delphine/rm/tensorrt10_detect/install/tensorrt_detect_msgs/include/tensorrt_detect_msgs/tensorrt_detect_msgs/msg/detection_array.hpp
[3.764s] -- Installing: /home/delphine/rm/tensorrt10_detect/install/tensorrt_detect_msgs/include/tensorrt_detect_msgs/tensorrt_detect_msgs/msg/world_target_array.hpp
[3.764s] -- Up-to-date: /home/delphine/rm/tensorrt10_detect/install/tensorrt_detect_msgs/include/tensorrt_detect_msgs/tensorrt_detect_msgs/msg/detail
[3.764s] -- Installing: /home/delphine/rm/tensorrt10_detect/install/tensorrt_detect_msgs/include/tensorrt_detect_msgs/tensorrt_detect_msgs/msg/detail/detection_box__type_support.hpp
[3.764s] -- Installing: /home/delphine/rm/tensorrt10_detect/install/tensorrt_detect_msgs/include/tensorrt_detect_msgs/tensorrt_detect_msgs/msg/detail/world_target__traits.hpp
[3.764s] -- Installing: /home/delphine/rm/tensorrt10_detect/install/tensorrt_detect_msgs/include/tensorrt_detect_msgs/tensorrt_detect_msgs/msg/detail/radar_map__struct.hpp
[3.764s] -- Installing: /home/delphine/rm/tensorrt10_detect/install/tensorrt_detect_msgs/include/tensorrt_detect_msgs/tensorrt_detect_msgs/msg/detail/radar_map__type_support.hpp
[3.764s] -- Installing: /home/delphine/rm/tensorrt10_detect/install/tensorrt_detect_msgs/include/tensorrt_detect_msgs/tensorrt_detect_msgs/msg/detail/world_target__struct.hpp
[3.765s] -- Installing: /home/delphine/rm/tensorrt10_detect/install/tensorrt_detect_msgs/include/tensorrt_detect_msgs/tensorrt_detect_msgs/msg/detail/detection_array__traits.hpp
[3.765s] -- Installing: /home/delphine/rm/tensorrt10_detect/install/tensorrt_detect_msgs/include/tensorrt_detect_msgs/tensorrt_detect_msgs/msg/detail/world_target_array__builder.hpp
[3.765s] -- Installing: /home/delphine/rm/tensorrt10_detect/install/tensorrt_detect_msgs/include/tensorrt_detect_msgs/tensorrt_detect_msgs/msg/detail/radar_map__traits.hpp
[3.765s] -- Installing: /home/delphine/rm/tensorrt10_detect/install/tensorrt_detect_msgs/include/tensorrt_detect_msgs/tensorrt_detect_msgs/msg/detail/detection_box__builder.hpp
[3.765s] -- Installing: /home/delphine/rm/tensorrt10_detect/install/tensorrt_detect_msgs/include/tensorrt_detect_msgs/tensorrt_detect_msgs/msg/detail/detection_array__type_support.hpp
[3.765s] -- Installing: /home/delphine/rm/tensorrt10_detect/install/tensorrt_detect_msgs/include/tensorrt_detect_msgs/tensorrt_detect_msgs/msg/detail/detection_array__struct.hpp
[3.765s] -- Installing: /home/delphine/rm/tensorrt10_detect/install/tensorrt_detect_msgs/include/tensorrt_detect_msgs/tensorrt_detect_msgs/msg/detail/world_target__type_support.hpp
[3.765s] -- Installing: /home/delphine/rm/tensorrt10_detect/install/tensorrt_detect_msgs/include/tensorrt_detect_msgs/tensorrt_detect_msgs/msg/detail/detection_box__traits.hpp
[3.765s] -- Installing: /home/delphine/rm/tensorrt10_detect/install/tensorrt_detect_msgs/include/tensorrt_detect_msgs/tensorrt_detect_msgs/msg/detail/world_target_array__struct.hpp
[3.765s] -- Installing: /home/delphine/rm/tensorrt10_detect/install/tensorrt_detect_msgs/include/tensorrt_detect_msgs/tensorrt_detect_msgs/msg/detail/world_target_array__type_support.hpp
[3.765s] -- Installing: /home/delphine/rm/tensorrt10_detect/install/tensorrt_detect_msgs/include/tensorrt_detect_msgs/tensorrt_detect_msgs/msg/detail/world_target__builder.hpp
[3.765s] -- Installing: /home/delphine/rm/tensorrt10_detect/install/tensorrt_detect_msgs/include/tensorrt_detect_msgs/tensorrt_detect_msgs/msg/detail/world_target_array__traits.hpp
[3.765s] -- Installing: /home/delphine/rm/tensorrt10_detect/install/tensorrt_detect_msgs/include/tensorrt_detect_msgs/tensorrt_detect_msgs/msg/detail/detection_box__struct.hpp
[3.766s] -- Installing: /home/delphine/rm/tensorrt10_detect/install/tensorrt_detect_msgs/include/tensorrt_detect_msgs/tensorrt_detect_msgs/msg/detail/radar_map__builder.hpp
[3.766s] -- Installing: /home/delphine/rm/tensorrt10_detect/install/tensorrt_detect_msgs/include/tensorrt_detect_msgs/tensorrt_detect_msgs/msg/detail/detection_array__builder.hpp
[3.766s] -- Installing: /home/delphine/rm/tensorrt10_detect/install/tensorrt_detect_msgs/include/tensorrt_detect_msgs/tensorrt_detect_msgs/msg/detection_box.hpp
[3.766s] -- Installing: /home/delphine/rm/tensorrt10_detect/install/tensorrt_detect_msgs/include/tensorrt_detect_msgs/tensorrt_detect_msgs/msg/rosidl_generator_cpp__visibility_control.hpp
[3.766s] -- Installing: /home/delphine/rm/tensorrt10_detect/install/tensorrt_detect_msgs/include/tensorrt_detect_msgs/tensorrt_detect_msgs/msg/world_target.hpp
[3.766s] -- Installing: /home/delphine/rm/tensorrt10_detect/install/tensorrt_detect_msgs/include/tensorrt_detect_msgs/tensorrt_detect_msgs/msg/radar_map.hpp
[3.766s] -- Up-to-date: /home/delphine/rm/tensorrt10_detect/install/tensorrt_detect_msgs/include/tensorrt_detect_msgs/tensorrt_detect_msgs
[3.766s] -- Up-to-date: /home/delphine/rm/tensorrt10_detect/install/tensorrt_detect_msgs/include/tensorrt_detect_msgs/tensorrt_detect_msgs/msg
[3.766s] -- Up-to-date: /home/delphine/rm/tensorrt10_detect/install/tensorrt_detect_msgs/include/tensorrt_detect_msgs/tensorrt_detect_msgs/msg/rosidl_typesupport_fastrtps_cpp__visibility_control.h
[3.766s] -- Up-to-date: /home/delphine/rm/tensorrt10_detect/install/tensorrt_detect_msgs/include/tensorrt_detect_msgs/tensorrt_detect_msgs/msg/detail
[3.766s] -- Installing: /home/delphine/rm/tensorrt10_detect/install/tensorrt_detect_msgs/include/tensorrt_detect_msgs/tensorrt_detect_msgs/msg/detail/world_target_array__rosidl_typesupport_fastrtps_cpp.hpp
[3.766s] -- Installing: /home/delphine/rm/tensorrt10_detect/install/tensorrt_detect_msgs/include/tensorrt_detect_msgs/tensorrt_detect_msgs/msg/detail/radar_map__rosidl_typesupport_fastrtps_cpp.hpp
[3.766s] -- Installing: /home/delphine/rm/tensorrt10_detect/install/tensorrt_detect_msgs/include/tensorrt_detect_msgs/tensorrt_detect_msgs/msg/detail/world_target__rosidl_typesupport_fastrtps_cpp.hpp
[3.766s] -- Installing: /home/delphine/rm/tensorrt10_detect/install/tensorrt_detect_msgs/include/tensorrt_detect_msgs/tensorrt_detect_msgs/msg/detail/detection_box__rosidl_typesupport_fastrtps_cpp.hpp
[3.767s] -- Up-to-date: /home/delphine/rm/tensorrt10_detect/install/tensorrt_detect_msgs/include/tensorrt_detect_msgs/tensorrt_detect_msgs/msg/detail/dds_fastrtps
[3.767s] -- Installing: /home/delphine/rm/tensorrt10_detect/install/tensorrt_detect_msgs/include/tensorrt_detect_msgs/tensorrt_detect_msgs/msg/detail/detection_array__rosidl_typesupport_fastrtps_cpp.hpp
[3.767s] -- Installing: /home/delphine/rm/tensorrt10_detect/install/tensorrt_detect_msgs/lib/libtensorrt_detect_msgs__rosidl_typesupport_fastrtps_cpp.so
[3.767s] -- Set non-toolchain portion of runtime path of "/home/delphine/rm/tensorrt10_detect/install/tensorrt_detect_msgs/lib/libtensorrt_detect_msgs__rosidl_typesupport_fastrtps_cpp.so" to ""
[3.767s] -- Up-to-date: /home/delphine/rm/tensorrt10_detect/install/tensorrt_detect_msgs/include/tensorrt_detect_msgs/tensorrt_detect_msgs
[3.767s] -- Up-to-date: /home/delphine/rm/tensorrt10_detect/install/tensorrt_detect_msgs/include/tensorrt_detect_msgs/tensorrt_detect_msgs/msg
[3.767s] -- Up-to-date: /home/delphine/rm/tensorrt10_detect/install/tensorrt_detect_msgs/include/tensorrt_detect_msgs/tensorrt_detect_msgs/msg/detail
[3.767s] -- Installing: /home/delphine/rm/tensorrt10_detect/install/tensorrt_detect_msgs/include/tensorrt_detect_msgs/tensorrt_detect_msgs/msg/detail/world_target_array__rosidl_typesupport_introspection_cpp.hpp
[3.767s] -- Installing: /home/delphine/rm/tensorrt10_detect/install/tensorrt_detect_msgs/include/tensorrt_detect_msgs/tensorrt_detect_msgs/msg/detail/radar_map__rosidl_typesupport_introspection_cpp.hpp
[3.767s] -- Installing: /home/delphine/rm/tensorrt10_detect/install/tensorrt_detect_msgs/include/tensorrt_detect_msgs/tensorrt_detect_msgs/msg/detail/detection_array__type_support.cpp
[3.767s] -- Installing: /home/delphine/rm/tensorrt10_detect/install/tensorrt_detect_msgs/include/tensorrt_detect_msgs/tensorrt_detect_msgs/msg/detail/world_target__rosidl_typesupport_introspection_cpp.hpp
[3.767s] -- Installing: /home/delphine/rm/tensorrt10_detect/install/tensorrt_detect_msgs/include/tensorrt_detect_msgs/tensorrt_detect_msgs/msg/detail/detection_array__rosidl_typesupport_introspection_cpp.hpp
[3.767s] -- Installing: /home/delphine/rm/tensorrt10_detect/install/tensorrt_detect_msgs/include/tensorrt_detect_msgs/tensorrt_detect_msgs/msg/detail/detection_box__rosidl_typesupport_introspection_cpp.hpp
[3.767s] -- Installing: /home/delphine/rm/tensorrt10_detect/install/tensorrt_detect_msgs/include/tensorrt_detect_msgs/tensorrt_detect_msgs/msg/detail/radar_map__type_support.cpp
[3.767s] -- Installing: /home/delphine/rm/tensorrt10_detect/install/tensorrt_detect_msgs/include/tensorrt_detect_msgs/tensorrt_detect_msgs/msg/detail/detection_box__type_support.cpp
[3.768s] -- Installing: /home/delphine/rm/tensorrt10_detect/install/tensorrt_detect_msgs/include/tensorrt_detect_msgs/tensorrt_detect_msgs/msg/detail/world_target_array__type_support.cpp
[3.768s] -- Installing: /home/delphine/rm/tensorrt10_detect/install/tensorrt_detect_msgs/include/tensorrt_detect_msgs/tensorrt_detect_msgs/msg/detail/world_target__type_support.cpp
[3.768s] -- Installing: /home/delphine/rm/tensorrt10_detect/install/tensorrt_detect_msgs/lib/libtensorrt_detect_msgs__rosidl_typesupport_introspection_cpp.so
[3.768s] -- Set non-toolchain portion of runtime path of "/home/delphine/rm/tensorrt10_detect/install/tensorrt_detect_msgs/lib/libtensorrt_detect_msgs__rosidl_typesupport_introspection_cpp.so" to ""
[3.768s] -- Installing: /home/delphine/rm/tensorrt10_detect/install/tensorrt_detect_msgs/lib/libtensorrt_detect_msgs__rosidl_typesupport_cpp.so
[3.768s] -- Set non-toolchain portion of runtime path of "/home/delphine/rm/tensorrt10_detect/install/tensorrt_detect_msgs/lib/libtensorrt_detect_msgs__rosidl_typesupport_cpp.so" to ""
[3.768s] -- Up-to-date: /home/delphine/rm/tensorrt10_detect/install/tensorrt_detect_msgs/share/tensorrt_detect_msgs/environment/pythonpath.sh
[3.768s] -- Up-to-date: /home/delphine/rm/tensorrt10_detect/install/tensorrt_detect_msgs/share/tensorrt_detect_msgs/environment/pythonpath.dsv
[3.768s] -- Up-to-date: /home/delphine/rm/tensorrt10_detect/install/tensorrt_detect_msgs/lib/python3.13/site-packages/tensorrt_detect_msgs-0.0.1-py3.13.egg-info
[3.768s] -- Installing: /home/delphine/rm/tensorrt10_detect/install/tensorrt_detect_msgs/lib/python3.13/site-packages/tensorrt_detect_msgs-0.0.1-py3.13.egg-info/SOURCES.txt
[3.768s] -- Installing: /home/delphine/rm/tensorrt10_detect/install/tensorrt_detect_msgs/lib/python3.13/site-packages/tensorrt_detect_msgs-0.0.1-py3.13.egg-info/dependency_links.txt
[3.769s] -- Installing: /home/delphine/rm/tensorrt10_detect/install/tensorrt_detect_msgs/lib/python3.13/site-packages/tensorrt_detect_msgs-0.0.1-py3.13.egg-info/PKG-INFO
[3.769s] -- Installing: /home/delphine/rm/tensorrt10_detect/install/tensorrt_detect_msgs/lib/python3.13/site-packages/tensorrt_detect_msgs-0.0.1-py3.13.egg-info/top_level.txt
[3.769s] -- Up-to-date: /home/delphine/rm/tensorrt10_detect/install/tensorrt_detect_msgs/lib/python3.13/site-packages/tensorrt_detect_msgs
[3.769s] -- Installing: /home/delphine/rm/tensorrt10_detect/install/tensorrt_detect_msgs/lib/python3.13/site-packages/tensorrt_detect_msgs/tensorrt_detect_msgs_s__rosidl_typesupport_introspection_c.so
[3.769s] -- Installing: /home/delphine/rm/tensorrt10_detect/install/tensorrt_detect_msgs/lib/python3.13/site-packages/tensorrt_detect_msgs/_tensorrt_detect_msgs_s.ep.rosidl_typesupport_introspection_c.c
[3.769s] -- Installing: /home/delphine/rm/tensorrt10_detect/install/tensorrt_detect_msgs/lib/python3.13/site-packages/tensorrt_detect_msgs/__init__.py
[3.769s] -- Installing: /home/delphine/rm/tensorrt10_detect/install/tensorrt_detect_msgs/lib/python3.13/site-packages/tensorrt_detect_msgs/tensorrt_detect_msgs_s__rosidl_typesupport_c.so
[3.769s] -- Up-to-date: /home/delphine/rm/tensorrt10_detect/install/tensorrt_detect_msgs/lib/python3.13/site-packages/tensorrt_detect_msgs/msg
[3.769s] -- Installing: /home/delphine/rm/tensorrt10_detect/install/tensorrt_detect_msgs/lib/python3.13/site-packages/tensorrt_detect_msgs/msg/__init__.py
[3.769s] -- Installing: /home/delphine/rm/tensorrt10_detect/install/tensorrt_detect_msgs/lib/python3.13/site-packages/tensorrt_detect_msgs/msg/_detection_box_s.c
[3.769s] -- Installing: /home/delphine/rm/tensorrt10_detect/install/tensorrt_detect_msgs/lib/python3.13/site-packages/tensorrt_detect_msgs/msg/_world_target_s.c
[3.769s] -- Installing: /home/delphine/rm/tensorrt10_detect/install/tensorrt_detect_msgs/lib/python3.13/site-packages/tensorrt_detect_msgs/msg/_world_target_array.py
[3.769s] -- Installing: /home/delphine/rm/tensorrt10_detect/install/tensorrt_detect_msgs/lib/python3.13/site-packages/tensorrt_detect_msgs/msg/_world_target.py
[3.769s] -- Installing: /home/delphine/rm/tensorrt10_detect/install/tensorrt_detect_msgs/lib/python3.13/site-packages/tensorrt_detect_msgs/msg/_radar_map_s.c
[3.769s] -- Installing: /home/delphine/rm/tensorrt10_detect/install/tensorrt_detect_msgs/lib/python3.13/site-packages/tensorrt_detect_msgs/msg/_radar_map.py
[3.769s] -- Installing: /home/delphine/rm/tensorrt10_detect/install/tensorrt_detect_msgs/lib/python3.13/site-packages/tensorrt_detect_msgs/msg/_detection_box.py
[3.770s] -- Installing: /home/delphine/rm/tensorrt10_detect/install/tensorrt_detect_msgs/lib/python3.13/site-packages/tensorrt_detect_msgs/msg/_detection_array_s.c
[3.770s] -- Installing: /home/delphine/rm/tensorrt10_detect/install/tensorrt_detect_msgs/lib/python3.13/site-packages/tensorrt_detect_msgs/msg/_detection_array.py
[3.770s] -- Installing: /home/delphine/rm/tensorrt10_detect/install/tensorrt_detect_msgs/lib/python3.13/site-packages/tensorrt_detect_msgs/msg/_world_target_array_s.c
[3.770s] -- Installing: /home/delphine/rm/tensorrt10_detect/install/tensorrt_detect_msgs/lib/python3.13/site-packages/tensorrt_detect_msgs/tensorrt_detect_msgs_s__rosidl_typesupport_fastrtps_c.so
[3.770s] -- Installing: /home/delphine/rm/tensorrt10_detect/install/tensorrt_detect_msgs/lib/python3.13/site-packages/tensorrt_detect_msgs/_tensorrt_detect_msgs_s.ep.rosidl_typesupport_fastrtps_c.c
[3.770s] -- Installing: /home/delphine/rm/tensorrt10_detect/install/tensorrt_detect_msgs/lib/python3.13/site-packages/tensorrt_detect_msgs/_tensorrt_detect_msgs_s.ep.rosidl_typesupport_c.c
[3.802s] Listing '/home/delphine/rm/tensorrt10_detect/install/tensorrt_detect_msgs/lib/python3.13/site-packages/tensorrt_detect_msgs'...
[3.802s] Compiling '/home/delphine/rm/tensorrt10_detect/install/tensorrt_detect_msgs/lib/python3.13/site-packages/tensorrt_detect_msgs/__init__.py'...
[3.802s] Listing '/home/delphine/rm/tensorrt10_detect/install/tensorrt_detect_msgs/lib/python3.13/site-packages/tensorrt_detect_msgs/msg'...
[3.802s] Compiling '/home/delphine/rm/tensorrt10_detect/install/tensorrt_detect_msgs/lib/python3.13/site-packages/tensorrt_detect_msgs/msg/__init__.py'...
[3.802s] Compiling '/home/delphine/rm/tensorrt10_detect/install/tensorrt_detect_msgs/lib/python3.13/site-packages/tensorrt_detect_msgs/msg/_detection_array.py'...
[3.802s] Compiling '/home/delphine/rm/tensorrt10_detect/install/tensorrt_detect_msgs/lib/python3.13/site-packages/tensorrt_detect_msgs/msg/_detection_box.py'...
[3.803s] Compiling '/home/delphine/rm/tensorrt10_detect/install/tensorrt_detect_msgs/lib/python3.13/site-packages/tensorrt_detect_msgs/msg/_radar_map.py'...
[3.803s] Compiling '/home/delphine/rm/tensorrt10_detect/install/tensorrt_detect_msgs/lib/python3.13/site-packages/tensorrt_detect_msgs/msg/_world_target.py'...
[3.803s] Compiling '/home/delphine/rm/tensorrt10_detect/install/tensorrt_detect_msgs/lib/python3.13/site-packages/tensorrt_detect_msgs/msg/_world_target_array.py'...
[3.807s] -- Installing: /home/delphine/rm/tensorrt10_detect/install/tensorrt_detect_msgs/lib/python3.13/site-packages/tensorrt_detect_msgs/tensorrt_detect_msgs_s__rosidl_typesupport_fastrtps_c.so
[3.807s] -- Set non-toolchain portion of runtime path of "/home/delphine/rm/tensorrt10_detect/install/tensorrt_detect_msgs/lib/python3.13/site-packages/tensorrt_detect_msgs/tensorrt_detect_msgs_s__rosidl_typesupport_fastrtps_c.so" to ""
[3.807s] -- Installing: /home/delphine/rm/tensorrt10_detect/install/tensorrt_detect_msgs/lib/python3.13/site-packages/tensorrt_detect_msgs/tensorrt_detect_msgs_s__rosidl_typesupport_introspection_c.so
[3.807s] -- Set non-toolchain portion of runtime path of "/home/delphine/rm/tensorrt10_detect/install/tensorrt_detect_msgs/lib/python3.13/site-packages/tensorrt_detect_msgs/tensorrt_detect_msgs_s__rosidl_typesupport_introspection_c.so" to ""
[3.807s] -- Installing: /home/delphine/rm/tensorrt10_detect/install/tensorrt_detect_msgs/lib/python3.13/site-packages/tensorrt_detect_msgs/tensorrt_detect_msgs_s__rosidl_typesupport_c.so
[3.807s] -- Set non-toolchain portion of runtime path of "/home/delphine/rm/tensorrt10_detect/install/tensorrt_detect_msgs/lib/python3.13/site-packages/tensorrt_detect_msgs/tensorrt_detect_msgs_s__rosidl_typesupport_c.so" to ""
[3.807s] -- Installing: /home/delphine/rm/tensorrt10_detect/install/tensorrt_detect_msgs/lib/libtensorrt_detect_msgs__rosidl_generator_py.so
[3.807s] -- Set non-toolchain portion of runtime path of "/home/delphine/rm/tensorrt10_detect/install/tensorrt_detect_msgs/lib/libtensorrt_detect_msgs__rosidl_generator_py.so" to ""
[3.808s] -- Up-to-date: /home/delphine/rm/tensorrt10_detect/install/tensorrt_detect_msgs/share/ament_index/resource_index/rust_packages/tensorrt_detect_msgs
[3.808s] -- Up-to-date: /home/delphine/rm/tensorrt10_detect/install/tensorrt_detect_msgs/share/tensorrt_detect_msgs/rust
[3.808s] -- Installing: /home/delphine/rm/tensorrt10_detect/install/tensorrt_detect_msgs/share/tensorrt_detect_msgs/rust/build.rs
[3.808s] -- Up-to-date: /home/delphine/rm/tensorrt10_detect/install/tensorrt_detect_msgs/share/tensorrt_detect_msgs/rust/src
[3.808s] -- Installing: /home/delphine/rm/tensorrt10_detect/install/tensorrt_detect_msgs/share/tensorrt_detect_msgs/rust/src/msg.rs
[3.808s] -- Up-to-date: /home/delphine/rm/tensorrt10_detect/install/tensorrt_detect_msgs/share/tensorrt_detect_msgs/rust/src/msg
[3.808s] -- Installing: /home/delphine/rm/tensorrt10_detect/install/tensorrt_detect_msgs/share/tensorrt_detect_msgs/rust/src/msg/rmw.rs
[3.808s] -- Installing: /home/delphine/rm/tensorrt10_detect/install/tensorrt_detect_msgs/share/tensorrt_detect_msgs/rust/src/lib.rs
[3.808s] -- Installing: /home/delphine/rm/tensorrt10_detect/install/tensorrt_detect_msgs/share/tensorrt_detect_msgs/rust/Cargo.toml
[3.809s] -- Up-to-date: /home/delphine/rm/tensorrt10_detect/install/tensorrt_detect_msgs/share/tensorrt_detect_msgs/msg/DetectionBox.idl
[3.809s] -- Up-to-date: /home/delphine/rm/tensorrt10_detect/install/tensorrt_detect_msgs/share/tensorrt_detect_msgs/msg/DetectionArray.idl
[3.809s] -- Up-to-date: /home/delphine/rm/tensorrt10_detect/install/tensorrt_detect_msgs/share/tensorrt_detect_msgs/msg/WorldTarget.idl
[3.809s] -- Up-to-date: /home/delphine/rm/tensorrt10_detect/install/tensorrt_detect_msgs/share/tensorrt_detect_msgs/msg/WorldTargetArray.idl
[3.809s] -- Installing: /home/delphine/rm/tensorrt10_detect/install/tensorrt_detect_msgs/share/tensorrt_detect_msgs/msg/RadarMap.idl
[3.809s] -- Up-to-date: /home/delphine/rm/tensorrt10_detect/install/tensorrt_detect_msgs/share/tensorrt_detect_msgs/msg/DetectionBox.msg
[3.809s] -- Up-to-date: /home/delphine/rm/tensorrt10_detect/install/tensorrt_detect_msgs/share/tensorrt_detect_msgs/msg/DetectionArray.msg
[3.809s] -- Up-to-date: /home/delphine/rm/tensorrt10_detect/install/tensorrt_detect_msgs/share/tensorrt_detect_msgs/msg/WorldTarget.msg
[3.810s] -- Up-to-date: /home/delphine/rm/tensorrt10_detect/install/tensorrt_detect_msgs/share/tensorrt_detect_msgs/msg/WorldTargetArray.msg
[3.810s] -- Installing: /home/delphine/rm/tensorrt10_detect/install/tensorrt_detect_msgs/share/tensorrt_detect_msgs/msg/RadarMap.msg
[3.810s] -- Up-to-date: /home/delphine/rm/tensorrt10_detect/install/tensorrt_detect_msgs/share/ament_index/resource_index/package_run_dependencies/tensorrt_detect_msgs
[3.810s] -- Up-to-date: /home/delphine/rm/tensorrt10_detect/install/tensorrt_detect_msgs/share/ament_index/resource_index/parent_prefix_path/tensorrt_detect_msgs
[3.810s] -- Up-to-date: /home/delphine/rm/tensorrt10_detect/install/tensorrt_detect_msgs/share/tensorrt_detect_msgs/environment/ament_prefix_path.sh
[3.810s] -- Up-to-date: /home/delphine/rm/tensorrt10_detect/install/tensorrt_detect_msgs/share/tensorrt_detect_msgs/environment/ament_prefix_path.dsv
[3.810s] -- Up-to-date: /home/delphine/rm/tensorrt10_detect/install/tensorrt_detect_msgs/share/tensorrt_detect_msgs/environment/path.sh
[3.810s] -- Up-to-date: /home/delphine/rm/tensorrt10_detect/install/tensorrt_detect_msgs/share/tensorrt_detect_msgs/environment/path.dsv
[3.810s] -- Up-to-date: /home/delphine/rm/tensorrt10_detect/install/tensorrt_detect_msgs/share/tensorrt_detect_msgs/local_setup.bash
[3.810s] -- Up-to-date: /home/delphine/rm/tensorrt10_detect/install/tensorrt_detect_msgs/share/tensorrt_detect_msgs/local_setup.sh
[3.810s] -- Up-to-date: /home/delphine/rm/tensorrt10_detect/install/tensorrt_detect_msgs/share/tensorrt_detect_msgs/local_setup.zsh
[3.811s] -- Up-to-date: /home/delphine/rm/tensorrt10_detect/install/tensorrt_detect_msgs/share/tensorrt_detect_msgs/local_setup.dsv
[3.811s] -- Installing: /home/delphine/rm/tensorrt10_detect/install/tensorrt_detect_msgs/share/tensorrt_detect_msgs/package.dsv
[3.811s] -- Up-to-date: /home/delphine/rm/tensorrt10_detect/install/tensorrt_detect_msgs/share/ament_index/resource_index/packages/tensorrt_detect_msgs
[3.811s] -- Up-to-date: /home/delphine/rm/tensorrt10_detect/install/tensorrt_detect_msgs/share/tensorrt_detect_msgs/cmake/export_tensorrt_detect_msgs__rosidl_generator_cExport.cmake
[3.811s] -- Up-to-date: /home/delphine/rm/tensorrt10_detect/install/tensorrt_detect_msgs/share/tensorrt_detect_msgs/cmake/export_tensorrt_detect_msgs__rosidl_generator_cExport-noconfig.cmake
[3.811s] -- Up-to-date: /home/delphine/rm/tensorrt10_detect/install/tensorrt_detect_msgs/share/tensorrt_detect_msgs/cmake/export_tensorrt_detect_msgs__rosidl_typesupport_fastrtps_cExport.cmake
[3.811s] -- Up-to-date: /home/delphine/rm/tensorrt10_detect/install/tensorrt_detect_msgs/share/tensorrt_detect_msgs/cmake/export_tensorrt_detect_msgs__rosidl_typesupport_fastrtps_cExport-noconfig.cmake
[3.811s] -- Up-to-date: /home/delphine/rm/tensorrt10_detect/install/tensorrt_detect_msgs/share/tensorrt_detect_msgs/cmake/tensorrt_detect_msgs__rosidl_typesupport_introspection_cExport.cmake
[3.811s] -- Up-to-date: /home/delphine/rm/tensorrt10_detect/install/tensorrt_detect_msgs/share/tensorrt_detect_msgs/cmake/tensorrt_detect_msgs__rosidl_typesupport_introspection_cExport-noconfig.cmake
[3.811s] -- Up-to-date: /home/delphine/rm/tensorrt10_detect/install/tensorrt_detect_msgs/share/tensorrt_detect_msgs/cmake/tensorrt_detect_msgs__rosidl_typesupport_cExport.cmake
[3.811s] -- Up-to-date: /home/delphine/rm/tensorrt10_detect/install/tensorrt_detect_msgs/share/tensorrt_detect_msgs/cmake/tensorrt_detect_msgs__rosidl_typesupport_cExport-noconfig.cmake
[3.811s] -- Up-to-date: /home/delphine/rm/tensorrt10_detect/install/tensorrt_detect_msgs/share/tensorrt_detect_msgs/cmake/export_tensorrt_detect_msgs__rosidl_generator_cppExport.cmake
[3.811s] -- Up-to-date: /home/delphine/rm/tensorrt10_detect/install/tensorrt_detect_msgs/share/tensorrt_detect_msgs/cmake/export_tensorrt_detect_msgs__rosidl_typesupport_fastrtps_cppExport.cmake
[3.811s] -- Up-to-date: /home/delphine/rm/tensorrt10_detect/install/tensorrt_detect_msgs/share/tensorrt_detect_msgs/cmake/export_tensorrt_detect_msgs__rosidl_typesupport_fastrtps_cppExport-noconfig.cmake
[3.811s] -- Up-to-date: /home/delphine/rm/tensorrt10_detect/install/tensorrt_detect_msgs/share/tensorrt_detect_msgs/cmake/tensorrt_detect_msgs__rosidl_typesupport_introspection_cppExport.cmake
[3.811s] -- Up-to-date: /home/delphine/rm/tensorrt10_detect/install/tensorrt_detect_msgs/share/tensorrt_detect_msgs/cmake/tensorrt_detect_msgs__rosidl_typesupport_introspection_cppExport-noconfig.cmake
[3.811s] -- Up-to-date: /home/delphine/rm/tensorrt10_detect/install/tensorrt_detect_msgs/share/tensorrt_detect_msgs/cmake/tensorrt_detect_msgs__rosidl_typesupport_cppExport.cmake
[3.811s] -- Up-to-date: /home/delphine/rm/tensorrt10_detect/install/tensorrt_detect_msgs/share/tensorrt_detect_msgs/cmake/tensorrt_detect_msgs__rosidl_typesupport_cppExport-noconfig.cmake
[3.811s] -- Up-to-date: /home/delphine/rm/tensorrt10_detect/install/tensorrt_detect_msgs/share/tensorrt_detect_msgs/cmake/export_tensorrt_detect_msgs__rosidl_generator_pyExport.cmake
[3.812s] -- Up-to-date: /home/delphine/rm/tensorrt10_detect/install/tensorrt_detect_msgs/share/tensorrt_detect_msgs/cmake/export_tensorrt_detect_msgs__rosidl_generator_pyExport-noconfig.cmake
[3.812s] -- Up-to-date: /home/delphine/rm/tensorrt10_detect/install/tensorrt_detect_msgs/share/tensorrt_detect_msgs/cmake/rosidl_cmake-extras.cmake
[3.812s] -- Up-to-date: /home/delphine/rm/tensorrt10_detect/install/tensorrt_detect_msgs/share/tensorrt_detect_msgs/cmake/ament_cmake_export_dependencies-extras.cmake
[3.812s] -- Up-to-date: /home/delphine/rm/tensorrt10_detect/install/tensorrt_detect_msgs/share/tensorrt_detect_msgs/cmake/ament_cmake_export_include_directories-extras.cmake
[3.812s] -- Up-to-date: /home/delphine/rm/tensorrt10_detect/install/tensorrt_detect_msgs/share/tensorrt_detect_msgs/cmake/ament_cmake_export_libraries-extras.cmake
[3.812s] -- Up-to-date: /home/delphine/rm/tensorrt10_detect/install/tensorrt_detect_msgs/share/tensorrt_detect_msgs/cmake/ament_cmake_export_targets-extras.cmake
[3.812s] -- Up-to-date: /home/delphine/rm/tensorrt10_detect/install/tensorrt_detect_msgs/share/tensorrt_detect_msgs/cmake/rosidl_cmake_export_typesupport_targets-extras.cmake
[3.812s] -- Up-to-date: /home/delphine/rm/tensorrt10_detect/install/tensorrt_detect_msgs/share/tensorrt_detect_msgs/cmake/rosidl_cmake_export_typesupport_libraries-extras.cmake
[3.812s] -- Up-to-date: /home/delphine/rm/tensorrt10_detect/install/tensorrt_detect_msgs/share/tensorrt_detect_msgs/cmake/tensorrt_detect_msgsConfig.cmake
[3.812s] -- Up-to-date: /home/delphine/rm/tensorrt10_detect/install/tensorrt_detect_msgs/share/tensorrt_detect_msgs/cmake/tensorrt_detect_msgsConfig-version.cmake
[3.812s] -- Up-to-date: /home/delphine/rm/tensorrt10_detect/install/tensorrt_detect_msgs/share/tensorrt_detect_msgs/package.xml
[3.813s] Invoked command in '/home/delphine/rm/tensorrt10_detect/build/tensorrt_detect_msgs' returned '0': CMAKE_PREFIX_PATH=${CMAKE_PREFIX_PATH}:/opt/ros/jazzy CONDA_PROMPT_MODIFIER=(base) DEBUGINFOD_URLS=https://debuginfod.ubuntu.com /usr/bin/cmake --install /home/delphine/rm/tensorrt10_detect/build/tensorrt_detect_msgs
