[0.008s] Invoking command in '/home/delphine/rm/tensorrt10_detect/build/tensorrt_detect_msgs': CMAKE_PREFIX_PATH=${CMAKE_PREFIX_PATH}:/opt/ros/jazzy DEBUGINFOD_URLS=https://debuginfod.ubuntu.com /usr/bin/cmake /home/delphine/rm/tensorrt10_detect/src/tensorrt_detect_msgs -DCMAKE_INSTALL_PREFIX=/home/delphine/rm/tensorrt10_detect/install/tensorrt_detect_msgs
[0.028s] -- Found ament_cmake: 2.5.6 (/opt/ros/jazzy/share/ament_cmake/cmake)
[0.121s] -- Found rosidl_default_generators: 1.6.0 (/opt/ros/jazzy/share/rosidl_default_generators/cmake)
[0.125s] -- Using all available rosidl_typesupport_c: rosidl_typesupport_fastrtps_c;rosidl_typesupport_introspection_c
[0.161s] -- Using all available rosidl_typesupport_cpp: rosidl_typesupport_fastrtps_cpp;rosidl_typesupport_introspection_cpp
[0.194s] -- Found rosidl_adapter: 4.6.7 (/opt/ros/jazzy/share/rosidl_adapter/cmake)
[0.197s] -- Found std_msgs: 5.3.7 (/opt/ros/jazzy/share/std_msgs/cmake)
[0.464s] -- Found ament_cmake_ros: 0.12.0 (/opt/ros/jazzy/share/ament_cmake_ros/cmake)
[0.554s] -- Using all available rosidl_typesupport_c: rosidl_typesupport_fastrtps_c;rosidl_typesupport_introspection_c
[0.668s] -- Using all available rosidl_typesupport_cpp: rosidl_typesupport_fastrtps_cpp;rosidl_typesupport_introspection_cpp
[0.670s] -- Found python_cmake_module: 0.11.1 (/opt/ros/jazzy/share/python_cmake_module/cmake)
[1.032s] -- Found Python3: /home/delphine/miniconda3/bin/python3 (found version "3.13.12") found components: Interpreter Development NumPy Development.Module Development.Embed 
[1.078s] -- Found Python3: /home/delphine/miniconda3/bin/python3 (found version "3.13.12") found components: Interpreter 
[1.091s] -- Configuring done (1.1s)
[1.135s] -- Generating done (0.0s)
[1.146s] -- Build files have been written to: /home/delphine/rm/tensorrt10_detect/build/tensorrt_detect_msgs
[1.152s] Invoked command in '/home/delphine/rm/tensorrt10_detect/build/tensorrt_detect_msgs' returned '0': CMAKE_PREFIX_PATH=${CMAKE_PREFIX_PATH}:/opt/ros/jazzy DEBUGINFOD_URLS=https://debuginfod.ubuntu.com /usr/bin/cmake /home/delphine/rm/tensorrt10_detect/src/tensorrt_detect_msgs -DCMAKE_INSTALL_PREFIX=/home/delphine/rm/tensorrt10_detect/install/tensorrt_detect_msgs
[1.153s] Invoking command in '/home/delphine/rm/tensorrt10_detect/build/tensorrt_detect_msgs': CMAKE_PREFIX_PATH=${CMAKE_PREFIX_PATH}:/opt/ros/jazzy DEBUGINFOD_URLS=https://debuginfod.ubuntu.com /usr/bin/cmake --build /home/delphine/rm/tensorrt10_detect/build/tensorrt_detect_msgs -- -j20 -l20
[1.202s] [  1%] Built target tensorrt_detect_msgs__rosidl_generator_type_description
[1.204s] [  2%] Built target tensorrt_detect_msgs__rs
[1.213s] [  2%] Built target ament_cmake_python_copy_tensorrt_detect_msgs
[1.222s] [  4%] Built target tensorrt_detect_msgs__cpp
[1.231s] [ 26%] Built target tensorrt_detect_msgs__rosidl_generator_c
[1.254s] [ 45%] Built target tensorrt_detect_msgs__rosidl_typesupport_introspection_c
[1.254s] [ 45%] Built target tensorrt_detect_msgs__rosidl_typesupport_c
[1.257s] [ 54%] Built target tensorrt_detect_msgs__rosidl_typesupport_fastrtps_cpp
[1.257s] [ 64%] Built target tensorrt_detect_msgs__rosidl_typesupport_fastrtps_c
[1.261s] [ 73%] Built target tensorrt_detect_msgs__rosidl_typesupport_introspection_cpp
[1.263s] [ 82%] Built target tensorrt_detect_msgs__rosidl_typesupport_cpp
[1.282s] [ 82%] Built target tensorrt_detect_msgs
[1.302s] [ 84%] Built target tensorrt_detect_msgs__py
[1.338s] [ 92%] Built target tensorrt_detect_msgs__rosidl_generator_py
[1.363s] [ 94%] Built target tensorrt_detect_msgs_s__rosidl_typesupport_c
[1.364s] [100%] Built target tensorrt_detect_msgs_s__rosidl_typesupport_fastrtps_c
[1.364s] [100%] Built target tensorrt_detect_msgs_s__rosidl_typesupport_introspection_c
[1.370s] running egg_info
[1.380s] writing tensorrt_detect_msgs.egg-info/PKG-INFO
[1.380s] writing dependency_links to tensorrt_detect_msgs.egg-info/dependency_links.txt
[1.381s] writing top-level names to tensorrt_detect_msgs.egg-info/top_level.txt
[1.407s] reading manifest file 'tensorrt_detect_msgs.egg-info/SOURCES.txt'
[1.407s] writing manifest file 'tensorrt_detect_msgs.egg-info/SOURCES.txt'
[1.439s] [100%] Built target ament_cmake_python_build_tensorrt_detect_msgs_egg
[1.451s] Invoked command in '/home/delphine/rm/tensorrt10_detect/build/tensorrt_detect_msgs' returned '0': CMAKE_PREFIX_PATH=${CMAKE_PREFIX_PATH}:/opt/ros/jazzy DEBUGINFOD_URLS=https://debuginfod.ubuntu.com /usr/bin/cmake --build /home/delphine/rm/tensorrt10_detect/build/tensorrt_detect_msgs -- -j20 -l20
[1.460s] Invoking command in '/home/delphine/rm/tensorrt10_detect/build/tensorrt_detect_msgs': CMAKE_PREFIX_PATH=${CMAKE_PREFIX_PATH}:/opt/ros/jazzy DEBUGINFOD_URLS=https://debuginfod.ubuntu.com /usr/bin/cmake --install /home/delphine/rm/tensorrt10_detect/build/tensorrt_detect_msgs
[1.467s] -- Install configuration: "RelWithDebInfo"
[1.467s] -- Up-to-date: /home/delphine/rm/tensorrt10_detect/install/tensorrt_detect_msgs/share/ament_index/resource_index/rosidl_interfaces/tensorrt_detect_msgs
[1.467s] -- Up-to-date: /home/delphine/rm/tensorrt10_detect/install/tensorrt_detect_msgs/share/tensorrt_detect_msgs/msg/DetectionBox.json
[1.467s] -- Up-to-date: /home/delphine/rm/tensorrt10_detect/install/tensorrt_detect_msgs/share/tensorrt_detect_msgs/msg/DetectionArray.json
[1.467s] -- Up-to-date: /home/delphine/rm/tensorrt10_detect/install/tensorrt_detect_msgs/share/tensorrt_detect_msgs/msg/WorldTarget.json
[1.467s] -- Up-to-date: /home/delphine/rm/tensorrt10_detect/install/tensorrt_detect_msgs/share/tensorrt_detect_msgs/msg/WorldTargetArray.json
[1.467s] -- Up-to-date: /home/delphine/rm/tensorrt10_detect/install/tensorrt_detect_msgs/share/tensorrt_detect_msgs/msg/RadarMap.json
[1.467s] -- Up-to-date: /home/delphine/rm/tensorrt10_detect/install/tensorrt_detect_msgs/include/tensorrt_detect_msgs/tensorrt_detect_msgs
[1.467s] -- Up-to-date: /home/delphine/rm/tensorrt10_detect/install/tensorrt_detect_msgs/include/tensorrt_detect_msgs/tensorrt_detect_msgs/msg
[1.468s] -- Up-to-date: /home/delphine/rm/tensorrt10_detect/install/tensorrt_detect_msgs/include/tensorrt_detect_msgs/tensorrt_detect_msgs/msg/world_target_array.h
[1.468s] -- Up-to-date: /home/delphine/rm/tensorrt10_detect/install/tensorrt_detect_msgs/include/tensorrt_detect_msgs/tensorrt_detect_msgs/msg/detection_box.h
[1.468s] -- Up-to-date: /home/delphine/rm/tensorrt10_detect/install/tensorrt_detect_msgs/include/tensorrt_detect_msgs/tensorrt_detect_msgs/msg/world_target.h
[1.468s] -- Up-to-date: /home/delphine/rm/tensorrt10_detect/install/tensorrt_detect_msgs/include/tensorrt_detect_msgs/tensorrt_detect_msgs/msg/rosidl_generator_c__visibility_control.h
[1.468s] -- Up-to-date: /home/delphine/rm/tensorrt10_detect/install/tensorrt_detect_msgs/include/tensorrt_detect_msgs/tensorrt_detect_msgs/msg/radar_map.h
[1.468s] -- Up-to-date: /home/delphine/rm/tensorrt10_detect/install/tensorrt_detect_msgs/include/tensorrt_detect_msgs/tensorrt_detect_msgs/msg/detection_array.h
[1.469s] -- Up-to-date: /home/delphine/rm/tensorrt10_detect/install/tensorrt_detect_msgs/include/tensorrt_detect_msgs/tensorrt_detect_msgs/msg/detail
[1.469s] -- Up-to-date: /home/delphine/rm/tensorrt10_detect/install/tensorrt_detect_msgs/include/tensorrt_detect_msgs/tensorrt_detect_msgs/msg/detail/detection_box__description.c
[1.469s] -- Up-to-date: /home/delphine/rm/tensorrt10_detect/install/tensorrt_detect_msgs/include/tensorrt_detect_msgs/tensorrt_detect_msgs/msg/detail/detection_box__struct.h
[1.469s] -- Up-to-date: /home/delphine/rm/tensorrt10_detect/install/tensorrt_detect_msgs/include/tensorrt_detect_msgs/tensorrt_detect_msgs/msg/detail/radar_map__description.c
[1.469s] -- Up-to-date: /home/delphine/rm/tensorrt10_detect/install/tensorrt_detect_msgs/include/tensorrt_detect_msgs/tensorrt_detect_msgs/msg/detail/radar_map__type_support.c
[1.470s] -- Up-to-date: /home/delphine/rm/tensorrt10_detect/install/tensorrt_detect_msgs/include/tensorrt_detect_msgs/tensorrt_detect_msgs/msg/detail/world_target__type_support.c
[1.470s] -- Up-to-date: /home/delphine/rm/tensorrt10_detect/install/tensorrt_detect_msgs/include/tensorrt_detect_msgs/tensorrt_detect_msgs/msg/detail/detection_array__type_support.c
[1.470s] -- Up-to-date: /home/delphine/rm/tensorrt10_detect/install/tensorrt_detect_msgs/include/tensorrt_detect_msgs/tensorrt_detect_msgs/msg/detail/world_target_array__type_support.h
[1.470s] -- Up-to-date: /home/delphine/rm/tensorrt10_detect/install/tensorrt_detect_msgs/include/tensorrt_detect_msgs/tensorrt_detect_msgs/msg/detail/world_target__functions.h
[1.470s] -- Up-to-date: /home/delphine/rm/tensorrt10_detect/install/tensorrt_detect_msgs/include/tensorrt_detect_msgs/tensorrt_detect_msgs/msg/detail/detection_box__functions.c
[1.470s] -- Up-to-date: /home/delphine/rm/tensorrt10_detect/install/tensorrt_detect_msgs/include/tensorrt_detect_msgs/tensorrt_detect_msgs/msg/detail/world_target_array__type_support.c
[1.470s] -- Up-to-date: /home/delphine/rm/tensorrt10_detect/install/tensorrt_detect_msgs/include/tensorrt_detect_msgs/tensorrt_detect_msgs/msg/detail/detection_box__type_support.c
[1.470s] -- Up-to-date: /home/delphine/rm/tensorrt10_detect/install/tensorrt_detect_msgs/include/tensorrt_detect_msgs/tensorrt_detect_msgs/msg/detail/world_target__type_support.h
[1.471s] -- Up-to-date: /home/delphine/rm/tensorrt10_detect/install/tensorrt_detect_msgs/include/tensorrt_detect_msgs/tensorrt_detect_msgs/msg/detail/detection_array__functions.h
[1.471s] -- Up-to-date: /home/delphine/rm/tensorrt10_detect/install/tensorrt_detect_msgs/include/tensorrt_detect_msgs/tensorrt_detect_msgs/msg/detail/detection_box__type_support.h
[1.471s] -- Up-to-date: /home/delphine/rm/tensorrt10_detect/install/tensorrt_detect_msgs/include/tensorrt_detect_msgs/tensorrt_detect_msgs/msg/detail/detection_array__struct.h
[1.471s] -- Up-to-date: /home/delphine/rm/tensorrt10_detect/install/tensorrt_detect_msgs/include/tensorrt_detect_msgs/tensorrt_detect_msgs/msg/detail/world_target__functions.c
[1.471s] -- Up-to-date: /home/delphine/rm/tensorrt10_detect/install/tensorrt_detect_msgs/include/tensorrt_detect_msgs/tensorrt_detect_msgs/msg/detail/world_target__description.c
[1.471s] -- Up-to-date: /home/delphine/rm/tensorrt10_detect/install/tensorrt_detect_msgs/include/tensorrt_detect_msgs/tensorrt_detect_msgs/msg/detail/detection_array__functions.c
[1.472s] -- Up-to-date: /home/delphine/rm/tensorrt10_detect/install/tensorrt_detect_msgs/include/tensorrt_detect_msgs/tensorrt_detect_msgs/msg/detail/detection_array__description.c
[1.472s] -- Up-to-date: /home/delphine/rm/tensorrt10_detect/install/tensorrt_detect_msgs/include/tensorrt_detect_msgs/tensorrt_detect_msgs/msg/detail/radar_map__functions.h
[1.472s] -- Up-to-date: /home/delphine/rm/tensorrt10_detect/install/tensorrt_detect_msgs/include/tensorrt_detect_msgs/tensorrt_detect_msgs/msg/detail/world_target_array__description.c
[1.472s] -- Up-to-date: /home/delphine/rm/tensorrt10_detect/install/tensorrt_detect_msgs/include/tensorrt_detect_msgs/tensorrt_detect_msgs/msg/detail/detection_array__type_support.h
[1.472s] -- Up-to-date: /home/delphine/rm/tensorrt10_detect/install/tensorrt_detect_msgs/include/tensorrt_detect_msgs/tensorrt_detect_msgs/msg/detail/radar_map__functions.c
[1.472s] -- Up-to-date: /home/delphine/rm/tensorrt10_detect/install/tensorrt_detect_msgs/include/tensorrt_detect_msgs/tensorrt_detect_msgs/msg/detail/radar_map__type_support.h
[1.472s] -- Up-to-date: /home/delphine/rm/tensorrt10_detect/install/tensorrt_detect_msgs/include/tensorrt_detect_msgs/tensorrt_detect_msgs/msg/detail/detection_box__functions.h
[1.472s] -- Up-to-date: /home/delphine/rm/tensorrt10_detect/install/tensorrt_detect_msgs/include/tensorrt_detect_msgs/tensorrt_detect_msgs/msg/detail/world_target_array__functions.c
[1.472s] -- Up-to-date: /home/delphine/rm/tensorrt10_detect/install/tensorrt_detect_msgs/include/tensorrt_detect_msgs/tensorrt_detect_msgs/msg/detail/world_target_array__functions.h
[1.472s] -- Up-to-date: /home/delphine/rm/tensorrt10_detect/install/tensorrt_detect_msgs/include/tensorrt_detect_msgs/tensorrt_detect_msgs/msg/detail/world_target_array__struct.h
[1.472s] -- Up-to-date: /home/delphine/rm/tensorrt10_detect/install/tensorrt_detect_msgs/include/tensorrt_detect_msgs/tensorrt_detect_msgs/msg/detail/world_target__struct.h
[1.472s] -- Up-to-date: /home/delphine/rm/tensorrt10_detect/install/tensorrt_detect_msgs/include/tensorrt_detect_msgs/tensorrt_detect_msgs/msg/detail/radar_map__struct.h
[1.472s] -- Up-to-date: /home/delphine/rm/tensorrt10_detect/install/tensorrt_detect_msgs/share/tensorrt_detect_msgs/environment/library_path.sh
[1.472s] -- Up-to-date: /home/delphine/rm/tensorrt10_detect/install/tensorrt_detect_msgs/share/tensorrt_detect_msgs/environment/library_path.dsv
[1.472s] -- Up-to-date: /home/delphine/rm/tensorrt10_detect/install/tensorrt_detect_msgs/lib/libtensorrt_detect_msgs__rosidl_generator_c.so
[1.472s] -- Up-to-date: /home/delphine/rm/tensorrt10_detect/install/tensorrt_detect_msgs/include/tensorrt_detect_msgs/tensorrt_detect_msgs
[1.472s] -- Up-to-date: /home/delphine/rm/tensorrt10_detect/install/tensorrt_detect_msgs/include/tensorrt_detect_msgs/tensorrt_detect_msgs/msg
[1.472s] -- Up-to-date: /home/delphine/rm/tensorrt10_detect/install/tensorrt_detect_msgs/include/tensorrt_detect_msgs/tensorrt_detect_msgs/msg/rosidl_typesupport_fastrtps_c__visibility_control.h
[1.472s] -- Up-to-date: /home/delphine/rm/tensorrt10_detect/install/tensorrt_detect_msgs/include/tensorrt_detect_msgs/tensorrt_detect_msgs/msg/detail
[1.472s] -- Up-to-date: /home/delphine/rm/tensorrt10_detect/install/tensorrt_detect_msgs/include/tensorrt_detect_msgs/tensorrt_detect_msgs/msg/detail/detection_array__rosidl_typesupport_fastrtps_c.h
[1.472s] -- Up-to-date: /home/delphine/rm/tensorrt10_detect/install/tensorrt_detect_msgs/include/tensorrt_detect_msgs/tensorrt_detect_msgs/msg/detail/radar_map__rosidl_typesupport_fastrtps_c.h
[1.472s] -- Up-to-date: /home/delphine/rm/tensorrt10_detect/install/tensorrt_detect_msgs/include/tensorrt_detect_msgs/tensorrt_detect_msgs/msg/detail/world_target_array__rosidl_typesupport_fastrtps_c.h
[1.473s] -- Up-to-date: /home/delphine/rm/tensorrt10_detect/install/tensorrt_detect_msgs/include/tensorrt_detect_msgs/tensorrt_detect_msgs/msg/detail/detection_box__rosidl_typesupport_fastrtps_c.h
[1.473s] -- Up-to-date: /home/delphine/rm/tensorrt10_detect/install/tensorrt_detect_msgs/include/tensorrt_detect_msgs/tensorrt_detect_msgs/msg/detail/world_target__rosidl_typesupport_fastrtps_c.h
[1.473s] -- Up-to-date: /home/delphine/rm/tensorrt10_detect/install/tensorrt_detect_msgs/lib/libtensorrt_detect_msgs__rosidl_typesupport_fastrtps_c.so
[1.473s] -- Up-to-date: /home/delphine/rm/tensorrt10_detect/install/tensorrt_detect_msgs/include/tensorrt_detect_msgs/tensorrt_detect_msgs
[1.473s] -- Up-to-date: /home/delphine/rm/tensorrt10_detect/install/tensorrt_detect_msgs/include/tensorrt_detect_msgs/tensorrt_detect_msgs/msg
[1.473s] -- Up-to-date: /home/delphine/rm/tensorrt10_detect/install/tensorrt_detect_msgs/include/tensorrt_detect_msgs/tensorrt_detect_msgs/msg/rosidl_typesupport_introspection_c__visibility_control.h
[1.473s] -- Up-to-date: /home/delphine/rm/tensorrt10_detect/install/tensorrt_detect_msgs/include/tensorrt_detect_msgs/tensorrt_detect_msgs/msg/detail
[1.473s] -- Up-to-date: /home/delphine/rm/tensorrt10_detect/install/tensorrt_detect_msgs/include/tensorrt_detect_msgs/tensorrt_detect_msgs/msg/detail/world_target__rosidl_typesupport_introspection_c.h
[1.473s] -- Up-to-date: /home/delphine/rm/tensorrt10_detect/install/tensorrt_detect_msgs/include/tensorrt_detect_msgs/tensorrt_detect_msgs/msg/detail/detection_box__rosidl_typesupport_introspection_c.h
[1.473s] -- Up-to-date: /home/delphine/rm/tensorrt10_detect/install/tensorrt_detect_msgs/include/tensorrt_detect_msgs/tensorrt_detect_msgs/msg/detail/radar_map__type_support.c
[1.473s] -- Up-to-date: /home/delphine/rm/tensorrt10_detect/install/tensorrt_detect_msgs/include/tensorrt_detect_msgs/tensorrt_detect_msgs/msg/detail/world_target__type_support.c
[1.473s] -- Up-to-date: /home/delphine/rm/tensorrt10_detect/install/tensorrt_detect_msgs/include/tensorrt_detect_msgs/tensorrt_detect_msgs/msg/detail/detection_array__type_support.c
[1.473s] -- Up-to-date: /home/delphine/rm/tensorrt10_detect/install/tensorrt_detect_msgs/include/tensorrt_detect_msgs/tensorrt_detect_msgs/msg/detail/world_target_array__type_support.c
[1.473s] -- Up-to-date: /home/delphine/rm/tensorrt10_detect/install/tensorrt_detect_msgs/include/tensorrt_detect_msgs/tensorrt_detect_msgs/msg/detail/detection_box__type_support.c
[1.473s] -- Up-to-date: /home/delphine/rm/tensorrt10_detect/install/tensorrt_detect_msgs/include/tensorrt_detect_msgs/tensorrt_detect_msgs/msg/detail/radar_map__rosidl_typesupport_introspection_c.h
[1.473s] -- Up-to-date: /home/delphine/rm/tensorrt10_detect/install/tensorrt_detect_msgs/include/tensorrt_detect_msgs/tensorrt_detect_msgs/msg/detail/world_target_array__rosidl_typesupport_introspection_c.h
[1.473s] -- Up-to-date: /home/delphine/rm/tensorrt10_detect/install/tensorrt_detect_msgs/include/tensorrt_detect_msgs/tensorrt_detect_msgs/msg/detail/detection_array__rosidl_typesupport_introspection_c.h
[1.473s] -- Up-to-date: /home/delphine/rm/tensorrt10_detect/install/tensorrt_detect_msgs/lib/libtensorrt_detect_msgs__rosidl_typesupport_introspection_c.so
[1.473s] -- Up-to-date: /home/delphine/rm/tensorrt10_detect/install/tensorrt_detect_msgs/lib/libtensorrt_detect_msgs__rosidl_typesupport_c.so
[1.473s] -- Up-to-date: /home/delphine/rm/tensorrt10_detect/install/tensorrt_detect_msgs/include/tensorrt_detect_msgs/tensorrt_detect_msgs
[1.473s] -- Up-to-date: /home/delphine/rm/tensorrt10_detect/install/tensorrt_detect_msgs/include/tensorrt_detect_msgs/tensorrt_detect_msgs/msg
[1.473s] -- Up-to-date: /home/delphine/rm/tensorrt10_detect/install/tensorrt_detect_msgs/include/tensorrt_detect_msgs/tensorrt_detect_msgs/msg/detection_array.hpp
[1.473s] -- Up-to-date: /home/delphine/rm/tensorrt10_detect/install/tensorrt_detect_msgs/include/tensorrt_detect_msgs/tensorrt_detect_msgs/msg/world_target_array.hpp
[1.474s] -- Up-to-date: /home/delphine/rm/tensorrt10_detect/install/tensorrt_detect_msgs/include/tensorrt_detect_msgs/tensorrt_detect_msgs/msg/detail
[1.474s] -- Up-to-date: /home/delphine/rm/tensorrt10_detect/install/tensorrt_detect_msgs/include/tensorrt_detect_msgs/tensorrt_detect_msgs/msg/detail/detection_box__type_support.hpp
[1.474s] -- Up-to-date: /home/delphine/rm/tensorrt10_detect/install/tensorrt_detect_msgs/include/tensorrt_detect_msgs/tensorrt_detect_msgs/msg/detail/world_target__traits.hpp
[1.474s] -- Up-to-date: /home/delphine/rm/tensorrt10_detect/install/tensorrt_detect_msgs/include/tensorrt_detect_msgs/tensorrt_detect_msgs/msg/detail/radar_map__struct.hpp
[1.474s] -- Up-to-date: /home/delphine/rm/tensorrt10_detect/install/tensorrt_detect_msgs/include/tensorrt_detect_msgs/tensorrt_detect_msgs/msg/detail/radar_map__type_support.hpp
[1.474s] -- Up-to-date: /home/delphine/rm/tensorrt10_detect/install/tensorrt_detect_msgs/include/tensorrt_detect_msgs/tensorrt_detect_msgs/msg/detail/world_target__struct.hpp
[1.474s] -- Up-to-date: /home/delphine/rm/tensorrt10_detect/install/tensorrt_detect_msgs/include/tensorrt_detect_msgs/tensorrt_detect_msgs/msg/detail/detection_array__traits.hpp
[1.474s] -- Up-to-date: /home/delphine/rm/tensorrt10_detect/install/tensorrt_detect_msgs/include/tensorrt_detect_msgs/tensorrt_detect_msgs/msg/detail/world_target_array__builder.hpp
[1.474s] -- Up-to-date: /home/delphine/rm/tensorrt10_detect/install/tensorrt_detect_msgs/include/tensorrt_detect_msgs/tensorrt_detect_msgs/msg/detail/radar_map__traits.hpp
[1.474s] -- Up-to-date: /home/delphine/rm/tensorrt10_detect/install/tensorrt_detect_msgs/include/tensorrt_detect_msgs/tensorrt_detect_msgs/msg/detail/detection_box__builder.hpp
[1.474s] -- Up-to-date: /home/delphine/rm/tensorrt10_detect/install/tensorrt_detect_msgs/include/tensorrt_detect_msgs/tensorrt_detect_msgs/msg/detail/detection_array__type_support.hpp
[1.474s] -- Up-to-date: /home/delphine/rm/tensorrt10_detect/install/tensorrt_detect_msgs/include/tensorrt_detect_msgs/tensorrt_detect_msgs/msg/detail/detection_array__struct.hpp
[1.474s] -- Up-to-date: /home/delphine/rm/tensorrt10_detect/install/tensorrt_detect_msgs/include/tensorrt_detect_msgs/tensorrt_detect_msgs/msg/detail/world_target__type_support.hpp
[1.474s] -- Up-to-date: /home/delphine/rm/tensorrt10_detect/install/tensorrt_detect_msgs/include/tensorrt_detect_msgs/tensorrt_detect_msgs/msg/detail/detection_box__traits.hpp
[1.474s] -- Up-to-date: /home/delphine/rm/tensorrt10_detect/install/tensorrt_detect_msgs/include/tensorrt_detect_msgs/tensorrt_detect_msgs/msg/detail/world_target_array__struct.hpp
[1.474s] -- Up-to-date: /home/delphine/rm/tensorrt10_detect/install/tensorrt_detect_msgs/include/tensorrt_detect_msgs/tensorrt_detect_msgs/msg/detail/world_target_array__type_support.hpp
[1.474s] -- Up-to-date: /home/delphine/rm/tensorrt10_detect/install/tensorrt_detect_msgs/include/tensorrt_detect_msgs/tensorrt_detect_msgs/msg/detail/world_target__builder.hpp
[1.474s] -- Up-to-date: /home/delphine/rm/tensorrt10_detect/install/tensorrt_detect_msgs/include/tensorrt_detect_msgs/tensorrt_detect_msgs/msg/detail/world_target_array__traits.hpp
[1.474s] -- Up-to-date: /home/delphine/rm/tensorrt10_detect/install/tensorrt_detect_msgs/include/tensorrt_detect_msgs/tensorrt_detect_msgs/msg/detail/detection_box__struct.hpp
[1.474s] -- Up-to-date: /home/delphine/rm/tensorrt10_detect/install/tensorrt_detect_msgs/include/tensorrt_detect_msgs/tensorrt_detect_msgs/msg/detail/radar_map__builder.hpp
[1.475s] -- Up-to-date: /home/delphine/rm/tensorrt10_detect/install/tensorrt_detect_msgs/include/tensorrt_detect_msgs/tensorrt_detect_msgs/msg/detail/detection_array__builder.hpp
[1.475s] -- Up-to-date: /home/delphine/rm/tensorrt10_detect/install/tensorrt_detect_msgs/include/tensorrt_detect_msgs/tensorrt_detect_msgs/msg/detection_box.hpp
[1.475s] -- Up-to-date: /home/delphine/rm/tensorrt10_detect/install/tensorrt_detect_msgs/include/tensorrt_detect_msgs/tensorrt_detect_msgs/msg/rosidl_generator_cpp__visibility_control.hpp
[1.475s] -- Up-to-date: /home/delphine/rm/tensorrt10_detect/install/tensorrt_detect_msgs/include/tensorrt_detect_msgs/tensorrt_detect_msgs/msg/world_target.hpp
[1.475s] -- Up-to-date: /home/delphine/rm/tensorrt10_detect/install/tensorrt_detect_msgs/include/tensorrt_detect_msgs/tensorrt_detect_msgs/msg/radar_map.hpp
[1.475s] -- Up-to-date: /home/delphine/rm/tensorrt10_detect/install/tensorrt_detect_msgs/include/tensorrt_detect_msgs/tensorrt_detect_msgs
[1.475s] -- Up-to-date: /home/delphine/rm/tensorrt10_detect/install/tensorrt_detect_msgs/include/tensorrt_detect_msgs/tensorrt_detect_msgs/msg
[1.475s] -- Up-to-date: /home/delphine/rm/tensorrt10_detect/install/tensorrt_detect_msgs/include/tensorrt_detect_msgs/tensorrt_detect_msgs/msg/rosidl_typesupport_fastrtps_cpp__visibility_control.h
[1.475s] -- Up-to-date: /home/delphine/rm/tensorrt10_detect/install/tensorrt_detect_msgs/include/tensorrt_detect_msgs/tensorrt_detect_msgs/msg/detail
[1.475s] -- Up-to-date: /home/delphine/rm/tensorrt10_detect/install/tensorrt_detect_msgs/include/tensorrt_detect_msgs/tensorrt_detect_msgs/msg/detail/world_target_array__rosidl_typesupport_fastrtps_cpp.hpp
[1.475s] -- Up-to-date: /home/delphine/rm/tensorrt10_detect/install/tensorrt_detect_msgs/include/tensorrt_detect_msgs/tensorrt_detect_msgs/msg/detail/radar_map__rosidl_typesupport_fastrtps_cpp.hpp
[1.475s] -- Up-to-date: /home/delphine/rm/tensorrt10_detect/install/tensorrt_detect_msgs/include/tensorrt_detect_msgs/tensorrt_detect_msgs/msg/detail/world_target__rosidl_typesupport_fastrtps_cpp.hpp
[1.475s] -- Up-to-date: /home/delphine/rm/tensorrt10_detect/install/tensorrt_detect_msgs/include/tensorrt_detect_msgs/tensorrt_detect_msgs/msg/detail/detection_box__rosidl_typesupport_fastrtps_cpp.hpp
[1.475s] -- Up-to-date: /home/delphine/rm/tensorrt10_detect/install/tensorrt_detect_msgs/include/tensorrt_detect_msgs/tensorrt_detect_msgs/msg/detail/dds_fastrtps
[1.475s] -- Up-to-date: /home/delphine/rm/tensorrt10_detect/install/tensorrt_detect_msgs/include/tensorrt_detect_msgs/tensorrt_detect_msgs/msg/detail/detection_array__rosidl_typesupport_fastrtps_cpp.hpp
[1.475s] -- Up-to-date: /home/delphine/rm/tensorrt10_detect/install/tensorrt_detect_msgs/lib/libtensorrt_detect_msgs__rosidl_typesupport_fastrtps_cpp.so
[1.475s] -- Up-to-date: /home/delphine/rm/tensorrt10_detect/install/tensorrt_detect_msgs/include/tensorrt_detect_msgs/tensorrt_detect_msgs
[1.475s] -- Up-to-date: /home/delphine/rm/tensorrt10_detect/install/tensorrt_detect_msgs/include/tensorrt_detect_msgs/tensorrt_detect_msgs/msg
[1.475s] -- Up-to-date: /home/delphine/rm/tensorrt10_detect/install/tensorrt_detect_msgs/include/tensorrt_detect_msgs/tensorrt_detect_msgs/msg/detail
[1.475s] -- Up-to-date: /home/delphine/rm/tensorrt10_detect/install/tensorrt_detect_msgs/include/tensorrt_detect_msgs/tensorrt_detect_msgs/msg/detail/world_target_array__rosidl_typesupport_introspection_cpp.hpp
[1.475s] -- Up-to-date: /home/delphine/rm/tensorrt10_detect/install/tensorrt_detect_msgs/include/tensorrt_detect_msgs/tensorrt_detect_msgs/msg/detail/radar_map__rosidl_typesupport_introspection_cpp.hpp
[1.476s] -- Up-to-date: /home/delphine/rm/tensorrt10_detect/install/tensorrt_detect_msgs/include/tensorrt_detect_msgs/tensorrt_detect_msgs/msg/detail/detection_array__type_support.cpp
[1.476s] -- Up-to-date: /home/delphine/rm/tensorrt10_detect/install/tensorrt_detect_msgs/include/tensorrt_detect_msgs/tensorrt_detect_msgs/msg/detail/world_target__rosidl_typesupport_introspection_cpp.hpp
[1.476s] -- Up-to-date: /home/delphine/rm/tensorrt10_detect/install/tensorrt_detect_msgs/include/tensorrt_detect_msgs/tensorrt_detect_msgs/msg/detail/detection_array__rosidl_typesupport_introspection_cpp.hpp
[1.476s] -- Up-to-date: /home/delphine/rm/tensorrt10_detect/install/tensorrt_detect_msgs/include/tensorrt_detect_msgs/tensorrt_detect_msgs/msg/detail/detection_box__rosidl_typesupport_introspection_cpp.hpp
[1.476s] -- Up-to-date: /home/delphine/rm/tensorrt10_detect/install/tensorrt_detect_msgs/include/tensorrt_detect_msgs/tensorrt_detect_msgs/msg/detail/radar_map__type_support.cpp
[1.476s] -- Up-to-date: /home/delphine/rm/tensorrt10_detect/install/tensorrt_detect_msgs/include/tensorrt_detect_msgs/tensorrt_detect_msgs/msg/detail/detection_box__type_support.cpp
[1.476s] -- Up-to-date: /home/delphine/rm/tensorrt10_detect/install/tensorrt_detect_msgs/include/tensorrt_detect_msgs/tensorrt_detect_msgs/msg/detail/world_target_array__type_support.cpp
[1.476s] -- Up-to-date: /home/delphine/rm/tensorrt10_detect/install/tensorrt_detect_msgs/include/tensorrt_detect_msgs/tensorrt_detect_msgs/msg/detail/world_target__type_support.cpp
[1.476s] -- Up-to-date: /home/delphine/rm/tensorrt10_detect/install/tensorrt_detect_msgs/lib/libtensorrt_detect_msgs__rosidl_typesupport_introspection_cpp.so
[1.476s] -- Up-to-date: /home/delphine/rm/tensorrt10_detect/install/tensorrt_detect_msgs/lib/libtensorrt_detect_msgs__rosidl_typesupport_cpp.so
[1.476s] -- Up-to-date: /home/delphine/rm/tensorrt10_detect/install/tensorrt_detect_msgs/share/tensorrt_detect_msgs/environment/pythonpath.sh
[1.476s] -- Up-to-date: /home/delphine/rm/tensorrt10_detect/install/tensorrt_detect_msgs/share/tensorrt_detect_msgs/environment/pythonpath.dsv
[1.476s] -- Up-to-date: /home/delphine/rm/tensorrt10_detect/install/tensorrt_detect_msgs/lib/python3.13/site-packages/tensorrt_detect_msgs-0.0.1-py3.13.egg-info
[1.476s] -- Installing: /home/delphine/rm/tensorrt10_detect/install/tensorrt_detect_msgs/lib/python3.13/site-packages/tensorrt_detect_msgs-0.0.1-py3.13.egg-info/SOURCES.txt
[1.476s] -- Installing: /home/delphine/rm/tensorrt10_detect/install/tensorrt_detect_msgs/lib/python3.13/site-packages/tensorrt_detect_msgs-0.0.1-py3.13.egg-info/dependency_links.txt
[1.476s] -- Installing: /home/delphine/rm/tensorrt10_detect/install/tensorrt_detect_msgs/lib/python3.13/site-packages/tensorrt_detect_msgs-0.0.1-py3.13.egg-info/PKG-INFO
[1.476s] -- Installing: /home/delphine/rm/tensorrt10_detect/install/tensorrt_detect_msgs/lib/python3.13/site-packages/tensorrt_detect_msgs-0.0.1-py3.13.egg-info/top_level.txt
[1.476s] -- Up-to-date: /home/delphine/rm/tensorrt10_detect/install/tensorrt_detect_msgs/lib/python3.13/site-packages/tensorrt_detect_msgs
[1.476s] -- Up-to-date: /home/delphine/rm/tensorrt10_detect/install/tensorrt_detect_msgs/lib/python3.13/site-packages/tensorrt_detect_msgs/tensorrt_detect_msgs_s__rosidl_typesupport_introspection_c.so
[1.476s] -- Up-to-date: /home/delphine/rm/tensorrt10_detect/install/tensorrt_detect_msgs/lib/python3.13/site-packages/tensorrt_detect_msgs/_tensorrt_detect_msgs_s.ep.rosidl_typesupport_introspection_c.c
[1.477s] -- Installing: /home/delphine/rm/tensorrt10_detect/install/tensorrt_detect_msgs/lib/python3.13/site-packages/tensorrt_detect_msgs/__init__.py
[1.477s] -- Up-to-date: /home/delphine/rm/tensorrt10_detect/install/tensorrt_detect_msgs/lib/python3.13/site-packages/tensorrt_detect_msgs/tensorrt_detect_msgs_s__rosidl_typesupport_c.so
[1.477s] -- Up-to-date: /home/delphine/rm/tensorrt10_detect/install/tensorrt_detect_msgs/lib/python3.13/site-packages/tensorrt_detect_msgs/msg
[1.477s] -- Up-to-date: /home/delphine/rm/tensorrt10_detect/install/tensorrt_detect_msgs/lib/python3.13/site-packages/tensorrt_detect_msgs/msg/__init__.py
[1.477s] -- Up-to-date: /home/delphine/rm/tensorrt10_detect/install/tensorrt_detect_msgs/lib/python3.13/site-packages/tensorrt_detect_msgs/msg/_detection_box_s.c
[1.477s] -- Up-to-date: /home/delphine/rm/tensorrt10_detect/install/tensorrt_detect_msgs/lib/python3.13/site-packages/tensorrt_detect_msgs/msg/_world_target_s.c
[1.477s] -- Up-to-date: /home/delphine/rm/tensorrt10_detect/install/tensorrt_detect_msgs/lib/python3.13/site-packages/tensorrt_detect_msgs/msg/_world_target_array.py
[1.477s] -- Up-to-date: /home/delphine/rm/tensorrt10_detect/install/tensorrt_detect_msgs/lib/python3.13/site-packages/tensorrt_detect_msgs/msg/_world_target.py
[1.477s] -- Up-to-date: /home/delphine/rm/tensorrt10_detect/install/tensorrt_detect_msgs/lib/python3.13/site-packages/tensorrt_detect_msgs/msg/_radar_map_s.c
[1.477s] -- Up-to-date: /home/delphine/rm/tensorrt10_detect/install/tensorrt_detect_msgs/lib/python3.13/site-packages/tensorrt_detect_msgs/msg/_radar_map.py
[1.477s] -- Up-to-date: /home/delphine/rm/tensorrt10_detect/install/tensorrt_detect_msgs/lib/python3.13/site-packages/tensorrt_detect_msgs/msg/_detection_box.py
[1.477s] -- Up-to-date: /home/delphine/rm/tensorrt10_detect/install/tensorrt_detect_msgs/lib/python3.13/site-packages/tensorrt_detect_msgs/msg/_detection_array_s.c
[1.477s] -- Up-to-date: /home/delphine/rm/tensorrt10_detect/install/tensorrt_detect_msgs/lib/python3.13/site-packages/tensorrt_detect_msgs/msg/_detection_array.py
[1.477s] -- Up-to-date: /home/delphine/rm/tensorrt10_detect/install/tensorrt_detect_msgs/lib/python3.13/site-packages/tensorrt_detect_msgs/msg/_world_target_array_s.c
[1.477s] -- Up-to-date: /home/delphine/rm/tensorrt10_detect/install/tensorrt_detect_msgs/lib/python3.13/site-packages/tensorrt_detect_msgs/tensorrt_detect_msgs_s__rosidl_typesupport_fastrtps_c.so
[1.477s] -- Up-to-date: /home/delphine/rm/tensorrt10_detect/install/tensorrt_detect_msgs/lib/python3.13/site-packages/tensorrt_detect_msgs/_tensorrt_detect_msgs_s.ep.rosidl_typesupport_fastrtps_c.c
[1.477s] -- Up-to-date: /home/delphine/rm/tensorrt10_detect/install/tensorrt_detect_msgs/lib/python3.13/site-packages/tensorrt_detect_msgs/_tensorrt_detect_msgs_s.ep.rosidl_typesupport_c.c
[1.500s] Listing '/home/delphine/rm/tensorrt10_detect/install/tensorrt_detect_msgs/lib/python3.13/site-packages/tensorrt_detect_msgs'...
[1.500s] Compiling '/home/delphine/rm/tensorrt10_detect/install/tensorrt_detect_msgs/lib/python3.13/site-packages/tensorrt_detect_msgs/__init__.py'...
[1.500s] Listing '/home/delphine/rm/tensorrt10_detect/install/tensorrt_detect_msgs/lib/python3.13/site-packages/tensorrt_detect_msgs/msg'...
[1.505s] -- Up-to-date: /home/delphine/rm/tensorrt10_detect/install/tensorrt_detect_msgs/lib/python3.13/site-packages/tensorrt_detect_msgs/tensorrt_detect_msgs_s__rosidl_typesupport_fastrtps_c.so
[1.505s] -- Up-to-date: /home/delphine/rm/tensorrt10_detect/install/tensorrt_detect_msgs/lib/python3.13/site-packages/tensorrt_detect_msgs/tensorrt_detect_msgs_s__rosidl_typesupport_introspection_c.so
[1.505s] -- Up-to-date: /home/delphine/rm/tensorrt10_detect/install/tensorrt_detect_msgs/lib/python3.13/site-packages/tensorrt_detect_msgs/tensorrt_detect_msgs_s__rosidl_typesupport_c.so
[1.505s] -- Up-to-date: /home/delphine/rm/tensorrt10_detect/install/tensorrt_detect_msgs/lib/libtensorrt_detect_msgs__rosidl_generator_py.so
[1.505s] -- Up-to-date: /home/delphine/rm/tensorrt10_detect/install/tensorrt_detect_msgs/share/ament_index/resource_index/rust_packages/tensorrt_detect_msgs
[1.505s] -- Up-to-date: /home/delphine/rm/tensorrt10_detect/install/tensorrt_detect_msgs/share/tensorrt_detect_msgs/rust
[1.505s] -- Up-to-date: /home/delphine/rm/tensorrt10_detect/install/tensorrt_detect_msgs/share/tensorrt_detect_msgs/rust/build.rs
[1.505s] -- Up-to-date: /home/delphine/rm/tensorrt10_detect/install/tensorrt_detect_msgs/share/tensorrt_detect_msgs/rust/src
[1.506s] -- Up-to-date: /home/delphine/rm/tensorrt10_detect/install/tensorrt_detect_msgs/share/tensorrt_detect_msgs/rust/src/msg.rs
[1.506s] -- Up-to-date: /home/delphine/rm/tensorrt10_detect/install/tensorrt_detect_msgs/share/tensorrt_detect_msgs/rust/src/msg
[1.506s] -- Up-to-date: /home/delphine/rm/tensorrt10_detect/install/tensorrt_detect_msgs/share/tensorrt_detect_msgs/rust/src/msg/rmw.rs
[1.506s] -- Up-to-date: /home/delphine/rm/tensorrt10_detect/install/tensorrt_detect_msgs/share/tensorrt_detect_msgs/rust/src/lib.rs
[1.506s] -- Up-to-date: /home/delphine/rm/tensorrt10_detect/install/tensorrt_detect_msgs/share/tensorrt_detect_msgs/rust/Cargo.toml
[1.506s] -- Up-to-date: /home/delphine/rm/tensorrt10_detect/install/tensorrt_detect_msgs/share/tensorrt_detect_msgs/msg/DetectionBox.idl
[1.506s] -- Up-to-date: /home/delphine/rm/tensorrt10_detect/install/tensorrt_detect_msgs/share/tensorrt_detect_msgs/msg/DetectionArray.idl
[1.506s] -- Up-to-date: /home/delphine/rm/tensorrt10_detect/install/tensorrt_detect_msgs/share/tensorrt_detect_msgs/msg/WorldTarget.idl
[1.506s] -- Up-to-date: /home/delphine/rm/tensorrt10_detect/install/tensorrt_detect_msgs/share/tensorrt_detect_msgs/msg/WorldTargetArray.idl
[1.506s] -- Up-to-date: /home/delphine/rm/tensorrt10_detect/install/tensorrt_detect_msgs/share/tensorrt_detect_msgs/msg/RadarMap.idl
[1.506s] -- Up-to-date: /home/delphine/rm/tensorrt10_detect/install/tensorrt_detect_msgs/share/tensorrt_detect_msgs/msg/DetectionBox.msg
[1.506s] -- Up-to-date: /home/delphine/rm/tensorrt10_detect/install/tensorrt_detect_msgs/share/tensorrt_detect_msgs/msg/DetectionArray.msg
[1.506s] -- Up-to-date: /home/delphine/rm/tensorrt10_detect/install/tensorrt_detect_msgs/share/tensorrt_detect_msgs/msg/WorldTarget.msg
[1.506s] -- Up-to-date: /home/delphine/rm/tensorrt10_detect/install/tensorrt_detect_msgs/share/tensorrt_detect_msgs/msg/WorldTargetArray.msg
[1.506s] -- Up-to-date: /home/delphine/rm/tensorrt10_detect/install/tensorrt_detect_msgs/share/tensorrt_detect_msgs/msg/RadarMap.msg
[1.506s] -- Up-to-date: /home/delphine/rm/tensorrt10_detect/install/tensorrt_detect_msgs/share/ament_index/resource_index/package_run_dependencies/tensorrt_detect_msgs
[1.507s] -- Up-to-date: /home/delphine/rm/tensorrt10_detect/install/tensorrt_detect_msgs/share/ament_index/resource_index/parent_prefix_path/tensorrt_detect_msgs
[1.507s] -- Up-to-date: /home/delphine/rm/tensorrt10_detect/install/tensorrt_detect_msgs/share/tensorrt_detect_msgs/environment/ament_prefix_path.sh
[1.507s] -- Up-to-date: /home/delphine/rm/tensorrt10_detect/install/tensorrt_detect_msgs/share/tensorrt_detect_msgs/environment/ament_prefix_path.dsv
[1.507s] -- Up-to-date: /home/delphine/rm/tensorrt10_detect/install/tensorrt_detect_msgs/share/tensorrt_detect_msgs/environment/path.sh
[1.507s] -- Up-to-date: /home/delphine/rm/tensorrt10_detect/install/tensorrt_detect_msgs/share/tensorrt_detect_msgs/environment/path.dsv
[1.507s] -- Up-to-date: /home/delphine/rm/tensorrt10_detect/install/tensorrt_detect_msgs/share/tensorrt_detect_msgs/local_setup.bash
[1.507s] -- Up-to-date: /home/delphine/rm/tensorrt10_detect/install/tensorrt_detect_msgs/share/tensorrt_detect_msgs/local_setup.sh
[1.507s] -- Up-to-date: /home/delphine/rm/tensorrt10_detect/install/tensorrt_detect_msgs/share/tensorrt_detect_msgs/local_setup.zsh
[1.507s] -- Up-to-date: /home/delphine/rm/tensorrt10_detect/install/tensorrt_detect_msgs/share/tensorrt_detect_msgs/local_setup.dsv
[1.507s] -- Installing: /home/delphine/rm/tensorrt10_detect/install/tensorrt_detect_msgs/share/tensorrt_detect_msgs/package.dsv
[1.507s] -- Up-to-date: /home/delphine/rm/tensorrt10_detect/install/tensorrt_detect_msgs/share/ament_index/resource_index/packages/tensorrt_detect_msgs
[1.508s] -- Up-to-date: /home/delphine/rm/tensorrt10_detect/install/tensorrt_detect_msgs/share/tensorrt_detect_msgs/cmake/export_tensorrt_detect_msgs__rosidl_generator_cExport.cmake
[1.508s] -- Up-to-date: /home/delphine/rm/tensorrt10_detect/install/tensorrt_detect_msgs/share/tensorrt_detect_msgs/cmake/export_tensorrt_detect_msgs__rosidl_generator_cExport-relwithdebinfo.cmake
[1.508s] -- Up-to-date: /home/delphine/rm/tensorrt10_detect/install/tensorrt_detect_msgs/share/tensorrt_detect_msgs/cmake/export_tensorrt_detect_msgs__rosidl_typesupport_fastrtps_cExport.cmake
[1.508s] -- Up-to-date: /home/delphine/rm/tensorrt10_detect/install/tensorrt_detect_msgs/share/tensorrt_detect_msgs/cmake/export_tensorrt_detect_msgs__rosidl_typesupport_fastrtps_cExport-relwithdebinfo.cmake
[1.508s] -- Up-to-date: /home/delphine/rm/tensorrt10_detect/install/tensorrt_detect_msgs/share/tensorrt_detect_msgs/cmake/tensorrt_detect_msgs__rosidl_typesupport_introspection_cExport.cmake
[1.508s] -- Up-to-date: /home/delphine/rm/tensorrt10_detect/install/tensorrt_detect_msgs/share/tensorrt_detect_msgs/cmake/tensorrt_detect_msgs__rosidl_typesupport_introspection_cExport-relwithdebinfo.cmake
[1.508s] -- Up-to-date: /home/delphine/rm/tensorrt10_detect/install/tensorrt_detect_msgs/share/tensorrt_detect_msgs/cmake/tensorrt_detect_msgs__rosidl_typesupport_cExport.cmake
[1.508s] -- Up-to-date: /home/delphine/rm/tensorrt10_detect/install/tensorrt_detect_msgs/share/tensorrt_detect_msgs/cmake/tensorrt_detect_msgs__rosidl_typesupport_cExport-relwithdebinfo.cmake
[1.508s] -- Up-to-date: /home/delphine/rm/tensorrt10_detect/install/tensorrt_detect_msgs/share/tensorrt_detect_msgs/cmake/export_tensorrt_detect_msgs__rosidl_generator_cppExport.cmake
[1.508s] -- Up-to-date: /home/delphine/rm/tensorrt10_detect/install/tensorrt_detect_msgs/share/tensorrt_detect_msgs/cmake/export_tensorrt_detect_msgs__rosidl_typesupport_fastrtps_cppExport.cmake
[1.508s] -- Up-to-date: /home/delphine/rm/tensorrt10_detect/install/tensorrt_detect_msgs/share/tensorrt_detect_msgs/cmake/export_tensorrt_detect_msgs__rosidl_typesupport_fastrtps_cppExport-relwithdebinfo.cmake
[1.509s] -- Up-to-date: /home/delphine/rm/tensorrt10_detect/install/tensorrt_detect_msgs/share/tensorrt_detect_msgs/cmake/tensorrt_detect_msgs__rosidl_typesupport_introspection_cppExport.cmake
[1.509s] -- Up-to-date: /home/delphine/rm/tensorrt10_detect/install/tensorrt_detect_msgs/share/tensorrt_detect_msgs/cmake/tensorrt_detect_msgs__rosidl_typesupport_introspection_cppExport-relwithdebinfo.cmake
[1.509s] -- Up-to-date: /home/delphine/rm/tensorrt10_detect/install/tensorrt_detect_msgs/share/tensorrt_detect_msgs/cmake/tensorrt_detect_msgs__rosidl_typesupport_cppExport.cmake
[1.509s] -- Up-to-date: /home/delphine/rm/tensorrt10_detect/install/tensorrt_detect_msgs/share/tensorrt_detect_msgs/cmake/tensorrt_detect_msgs__rosidl_typesupport_cppExport-relwithdebinfo.cmake
[1.509s] -- Up-to-date: /home/delphine/rm/tensorrt10_detect/install/tensorrt_detect_msgs/share/tensorrt_detect_msgs/cmake/export_tensorrt_detect_msgs__rosidl_generator_pyExport.cmake
[1.509s] -- Up-to-date: /home/delphine/rm/tensorrt10_detect/install/tensorrt_detect_msgs/share/tensorrt_detect_msgs/cmake/export_tensorrt_detect_msgs__rosidl_generator_pyExport-relwithdebinfo.cmake
[1.509s] -- Up-to-date: /home/delphine/rm/tensorrt10_detect/install/tensorrt_detect_msgs/share/tensorrt_detect_msgs/cmake/rosidl_cmake-extras.cmake
[1.509s] -- Up-to-date: /home/delphine/rm/tensorrt10_detect/install/tensorrt_detect_msgs/share/tensorrt_detect_msgs/cmake/ament_cmake_export_dependencies-extras.cmake
[1.509s] -- Up-to-date: /home/delphine/rm/tensorrt10_detect/install/tensorrt_detect_msgs/share/tensorrt_detect_msgs/cmake/ament_cmake_export_include_directories-extras.cmake
[1.509s] -- Up-to-date: /home/delphine/rm/tensorrt10_detect/install/tensorrt_detect_msgs/share/tensorrt_detect_msgs/cmake/ament_cmake_export_libraries-extras.cmake
[1.509s] -- Up-to-date: /home/delphine/rm/tensorrt10_detect/install/tensorrt_detect_msgs/share/tensorrt_detect_msgs/cmake/ament_cmake_export_targets-extras.cmake
[1.509s] -- Up-to-date: /home/delphine/rm/tensorrt10_detect/install/tensorrt_detect_msgs/share/tensorrt_detect_msgs/cmake/rosidl_cmake_export_typesupport_targets-extras.cmake
[1.509s] -- Up-to-date: /home/delphine/rm/tensorrt10_detect/install/tensorrt_detect_msgs/share/tensorrt_detect_msgs/cmake/rosidl_cmake_export_typesupport_libraries-extras.cmake
[1.509s] -- Up-to-date: /home/delphine/rm/tensorrt10_detect/install/tensorrt_detect_msgs/share/tensorrt_detect_msgs/cmake/tensorrt_detect_msgsConfig.cmake
[1.509s] -- Up-to-date: /home/delphine/rm/tensorrt10_detect/install/tensorrt_detect_msgs/share/tensorrt_detect_msgs/cmake/tensorrt_detect_msgsConfig-version.cmake
[1.509s] -- Up-to-date: /home/delphine/rm/tensorrt10_detect/install/tensorrt_detect_msgs/share/tensorrt_detect_msgs/package.xml
[1.511s] Invoked command in '/home/delphine/rm/tensorrt10_detect/build/tensorrt_detect_msgs' returned '0': CMAKE_PREFIX_PATH=${CMAKE_PREFIX_PATH}:/opt/ros/jazzy DEBUGINFOD_URLS=https://debuginfod.ubuntu.com /usr/bin/cmake --install /home/delphine/rm/tensorrt10_detect/build/tensorrt_detect_msgs
