[0.010s] Invoking command in '/home/delphine/rm/tensorrt10_detect/build/tensorrt_detect': CMAKE_PREFIX_PATH=/home/delphine/rm/tensorrt10_detect/install/tensorrt_detect_msgs:/home/delphine/rm/tensorrt10_detect/install/tensorrt_detect:/opt/ros/jazzy/opt/gz_math_vendor:/opt/ros/jazzy/opt/gz_utils_vendor:/opt/ros/jazzy/opt/gz_cmake_vendor:/opt/ros/jazzy CONDA_PROMPT_MODIFIER=(base) DEBUGINFOD_URLS=https://debuginfod.ubuntu.com LD_LIBRARY_PATH=/home/delphine/rm/tensorrt10_detect/install/tensorrt_detect_msgs/lib:/opt/MVS/lib/64:/opt/MVS/lib/32:/opt/ros/jazzy/opt/rviz_ogre_vendor/lib:/opt/ros/jazzy/lib/x86_64-linux-gnu:/opt/ros/jazzy/opt/gz_math_vendor/lib:/opt/ros/jazzy/opt/gz_utils_vendor/lib:/opt/ros/jazzy/opt/gz_cmake_vendor/lib:/opt/ros/jazzy/lib:/opt/MVS/lib/64:/opt/MVS/lib/32:/opt/TensorRT/TensorRT-10.2.0.19/lib:/opt/TensorRT/TensorRT-10.2.0/lib:/usr/local/cuda-12.6/lib64:/opt/MVS/lib/64:/opt/MVS/lib/32:/opt/MVS/lib/64:/opt/MVS/lib/32:/opt/MVS/lib/64:/opt/MVS/lib/32 PYTHONPATH=/home/delphine/rm/tensorrt10_detect/install/tensorrt_detect_msgs/lib/python3.13/site-packages:${PYTHONPATH} /usr/bin/cmake --build /home/delphine/rm/tensorrt10_detect/build/tensorrt_detect -- -j20 -l20
[0.029s] -- Found ament_cmake: 2.5.6 (/opt/ros/jazzy/share/ament_cmake/cmake)
[0.162s] -- Override CMake install command with custom implementation using symlinks instead of copying resources
[0.168s] -- Found rclcpp: 28.1.18 (/opt/ros/jazzy/share/rclcpp/cmake)
[0.187s] -- Found rosidl_generator_c: 4.6.7 (/opt/ros/jazzy/share/rosidl_generator_c/cmake)
[0.192s] -- Found rosidl_generator_cpp: 4.6.7 (/opt/ros/jazzy/share/rosidl_generator_cpp/cmake)
[0.199s] -- Using all available rosidl_typesupport_c: rosidl_typesupport_fastrtps_c;rosidl_typesupport_introspection_c
[0.207s] -- Using all available rosidl_typesupport_cpp: rosidl_typesupport_fastrtps_cpp;rosidl_typesupport_introspection_cpp
[0.247s] -- Found rmw_implementation_cmake: 7.3.3 (/opt/ros/jazzy/share/rmw_implementation_cmake/cmake)
[0.248s] -- Found rmw_fastrtps_cpp: 8.4.3 (/opt/ros/jazzy/share/rmw_fastrtps_cpp/cmake)
[0.295s] -- Using RMW implementation 'rmw_fastrtps_cpp' as default
[0.342s] -- Found sensor_msgs: 5.3.7 (/opt/ros/jazzy/share/sensor_msgs/cmake)
[0.385s] -- Found cv_bridge: 4.1.0 (/opt/ros/jazzy/share/cv_bridge/cmake)
[0.393s] -- Found std_srvs: 5.3.7 (/opt/ros/jazzy/share/std_srvs/cmake)
[0.405s] -- Found tensorrt_detect_msgs: 0.0.1 (/home/delphine/rm/tensorrt10_detect/install/tensorrt_detect_msgs/share/tensorrt_detect_msgs/cmake)
[0.463s] CMake Deprecation Warning at /home/delphine/open3d-devel-linux-x86_64-cxx11-abi-cuda-0.19.0/lib/cmake/Open3D/Open3DConfig.cmake:18 (cmake_policy):
[0.463s]   The OLD behavior for policy CMP0072 will be removed from a future version
[0.463s]   of CMake.
[0.463s] 
[0.463s]   The cmake-policies(7) manual explains that the OLD behaviors of all
[0.463s]   policies are deprecated and that a policy should be set to OLD only under
[0.463s]   specific short-term circumstances.  Projects should be ported to the NEW
[0.463s]   behavior and not rely on setting a policy to OLD.
[0.463s] Call Stack (most recent call first):
[0.463s]   CMakeLists.txt:29 (find_package)
[0.463s] 
[0.463s] 
[0.550s] -- Configuring done (0.5s)
[0.608s] -- Generating done (0.0s)
[0.620s] -- Build files have been written to: /home/delphine/rm/tensorrt10_detect/build/tensorrt_detect
[0.667s] [ 11%] Built target display_node
[0.667s] [ 11%] Building CXX object CMakeFiles/video_node.dir/src/nodes/video_node.cpp.o
[0.678s] [ 50%] Built target tensorrt_detect_core
[0.700s] [ 57%] Built target standard
[0.706s] [ 65%] Built target detect_node
[0.707s] [ 80%] Built target qt_display_node
[0.707s] [ 80%] Built target map_node
[0.709s] [ 88%] Built target pose_node
[0.712s] [ 92%] Building CXX object CMakeFiles/calibrate_node.dir/src/nodes/calibrate_node.cpp.o
[3.426s] /home/delphine/rm/tensorrt10_detect/src/tensorrt_detect/src/nodes/calibrate_node.cpp: In member function ‘bool CalibrateNode::callVideoPause(bool)’:
[3.426s] /home/delphine/rm/tensorrt10_detect/src/tensorrt_detect/src/nodes/calibrate_node.cpp:328:58: error: ‘SetBool’ is not a member of ‘std_srvs::srv’
[3.426s]   328 |         auto client = this->create_client<std_srvs::srv::SetBool>("/video_node/set_pause");
[3.426s]       |                                                          ^~~~~~~
[3.426s] /home/delphine/rm/tensorrt10_detect/src/tensorrt_detect/src/nodes/calibrate_node.cpp:328:66: error: no matching function for call to ‘CalibrateNode::create_client<<expression error> >(const char [22])’
[3.426s]   328 |         auto client = this->create_client<std_srvs::srv::SetBool>("/video_node/set_pause");
[3.427s]       |                       ~~~~~~~~~~~~~~~~~~~~~~~~~~~~~~~~~~~~~~~~~~~^~~~~~~~~~~~~~~~~~~~~~~~~
[3.427s] In file included from /opt/ros/jazzy/include/rclcpp/rclcpp/executors/single_threaded_executor.hpp:28,
[3.427s]                  from /opt/ros/jazzy/include/rclcpp/rclcpp/executors.hpp:22,
[3.427s]                  from /opt/ros/jazzy/include/rclcpp/rclcpp/rclcpp.hpp:172,
[3.427s]                  from /home/delphine/rm/tensorrt10_detect/src/tensorrt_detect/src/nodes/calibrate_node.cpp:1:
[3.427s] /opt/ros/jazzy/include/rclcpp/rclcpp/node.hpp:271:3: note: candidate: ‘template<class ServiceT> typename rclcpp::Client<ServiceT>::SharedPtr rclcpp::Node::create_client(const std::string&, const rmw_qos_profile_t&, rclcpp::CallbackGroup::SharedPtr)’
[3.427s]   271 |   create_client(
[3.427s]       |   ^~~~~~~~~~~~~
[3.454s] /opt/ros/jazzy/include/rclcpp/rclcpp/node.hpp:271:3: note:   candidate expects 2 arguments, 1 provided
[3.454s] /opt/ros/jazzy/include/rclcpp/rclcpp/node.hpp:285:3: note: candidate: ‘template<class ServiceT> typename rclcpp::Client<ServiceT>::SharedPtr rclcpp::Node::create_client(const std::string&, const rclcpp::QoS&, rclcpp::CallbackGroup::SharedPtr)’
[3.454s]   285 |   create_client(
[3.454s]       |   ^~~~~~~~~~~~~
[3.454s] /opt/ros/jazzy/include/rclcpp/rclcpp/node.hpp:285:3: note:   template argument deduction/substitution failed:
[3.454s] /home/delphine/rm/tensorrt10_detect/src/tensorrt_detect/src/nodes/calibrate_node.cpp:328:66: error: template argument 1 is invalid
[3.454s]   328 |         auto client = this->create_client<std_srvs::srv::SetBool>("/video_node/set_pause");
[3.454s]       |                       ~~~~~~~~~~~~~~~~~~~~~~~~~~~~~~~~~~~~~~~~~~~^~~~~~~~~~~~~~~~~~~~~~~~~
[3.455s] /home/delphine/rm/tensorrt10_detect/src/tensorrt_detect/src/nodes/calibrate_node.cpp:335:56: error: ‘SetBool’ is not a member of ‘std_srvs::srv’
[3.455s]   335 |         auto request = std::make_shared<std_srvs::srv::SetBool::Request>();
[3.456s]       |                                                        ^~~~~~~
[3.456s] /home/delphine/rm/tensorrt10_detect/src/tensorrt_detect/src/nodes/calibrate_node.cpp:335:29: error: parse error in template argument list
[3.456s]   335 |         auto request = std::make_shared<std_srvs::srv::SetBool::Request>();
[3.456s]       |                             ^~~~~~~~~~~~~~~~~~~~~~~~~~~~~~~~~~~~~~~~~~~~
[3.456s] /home/delphine/rm/tensorrt10_detect/src/tensorrt_detect/src/nodes/calibrate_node.cpp:335:73: error: no matching function for call to ‘make_shared<<expression error> >()’
[3.456s]   335 |         auto request = std::make_shared<std_srvs::srv::SetBool::Request>();
[3.456s]       |                        ~~~~~~~~~~~~~~~~~~~~~~~~~~~~~~~~~~~~~~~~~~~~~~~~~^~
[3.456s] In file included from /usr/include/c++/13/memory:80,
[3.456s]                  from /opt/ros/jazzy/include/rclcpp/rclcpp/rclcpp.hpp:169:
[3.456s] /usr/include/c++/13/bits/shared_ptr.h:1005:5: note: candidate: ‘template<class _Tp, class ... _Args> std::shared_ptr<typename std::enable_if<(! std::is_array< <template-parameter-1-1> >::value), _Tp>::type> std::make_shared(_Args&& ...)’
[3.456s]  1005 |     make_shared(_Args&&... __args)
[3.456s]       |     ^~~~~~~~~~~
[3.456s] /usr/include/c++/13/bits/shared_ptr.h:1005:5: note:   template argument deduction/substitution failed:
[3.456s] /home/delphine/rm/tensorrt10_detect/src/tensorrt_detect/src/nodes/calibrate_node.cpp:335:73: error: template argument 1 is invalid
[3.456s]   335 |         auto request = std::make_shared<std_srvs::srv::SetBool::Request>();
[3.456s]       |                        ~~~~~~~~~~~~~~~~~~~~~~~~~~~~~~~~~~~~~~~~~~~~~~~~~^~
[5.005s] /home/delphine/rm/tensorrt10_detect/src/tensorrt_detect/src/nodes/calibrate_node.cpp:353:5: warning: control reaches end of non-void function [-Wreturn-type]
[5.005s]   353 |     }
[5.005s]       |     ^
[5.179s] gmake[2]: *** [CMakeFiles/calibrate_node.dir/build.make:76: CMakeFiles/calibrate_node.dir/src/nodes/calibrate_node.cpp.o] Error 1
[5.179s] gmake[1]: *** [CMakeFiles/Makefile2:335: CMakeFiles/calibrate_node.dir/all] Error 2
[5.179s] gmake[1]: *** Waiting for unfinished jobs....
[9.693s] [ 96%] Linking CXX executable video_node
[10.164s] [ 96%] Built target video_node
[10.165s] gmake: *** [Makefile:146: all] Error 2
[10.167s] Invoked command in '/home/delphine/rm/tensorrt10_detect/build/tensorrt_detect' returned '2': CMAKE_PREFIX_PATH=/home/delphine/rm/tensorrt10_detect/install/tensorrt_detect_msgs:/home/delphine/rm/tensorrt10_detect/install/tensorrt_detect:/opt/ros/jazzy/opt/gz_math_vendor:/opt/ros/jazzy/opt/gz_utils_vendor:/opt/ros/jazzy/opt/gz_cmake_vendor:/opt/ros/jazzy CONDA_PROMPT_MODIFIER=(base) DEBUGINFOD_URLS=https://debuginfod.ubuntu.com LD_LIBRARY_PATH=/home/delphine/rm/tensorrt10_detect/install/tensorrt_detect_msgs/lib:/opt/MVS/lib/64:/opt/MVS/lib/32:/opt/ros/jazzy/opt/rviz_ogre_vendor/lib:/opt/ros/jazzy/lib/x86_64-linux-gnu:/opt/ros/jazzy/opt/gz_math_vendor/lib:/opt/ros/jazzy/opt/gz_utils_vendor/lib:/opt/ros/jazzy/opt/gz_cmake_vendor/lib:/opt/ros/jazzy/lib:/opt/MVS/lib/64:/opt/MVS/lib/32:/opt/TensorRT/TensorRT-10.2.0.19/lib:/opt/TensorRT/TensorRT-10.2.0/lib:/usr/local/cuda-12.6/lib64:/opt/MVS/lib/64:/opt/MVS/lib/32:/opt/MVS/lib/64:/opt/MVS/lib/32:/opt/MVS/lib/64:/opt/MVS/lib/32 PYTHONPATH=/home/delphine/rm/tensorrt10_detect/install/tensorrt_detect_msgs/lib/python3.13/site-packages:${PYTHONPATH} /usr/bin/cmake --build /home/delphine/rm/tensorrt10_detect/build/tensorrt_detect -- -j20 -l20
