[0.015s] Invoking command in '/home/delphine/rm/tensorrt10_detect/build/tensorrt_detect': CMAKE_PREFIX_PATH=/home/delphine/rm/tensorrt10_detect/install/tensorrt_detect_msgs:/home/delphine/rm/tensorrt10_detect/install/tensorrt_detect:/opt/ros/jazzy/opt/gz_math_vendor:/opt/ros/jazzy/opt/gz_utils_vendor:/opt/ros/jazzy/opt/gz_cmake_vendor:/opt/ros/jazzy CONDA_PROMPT_MODIFIER=(base) DEBUGINFOD_URLS=https://debuginfod.ubuntu.com LD_LIBRARY_PATH=/home/delphine/rm/tensorrt10_detect/install/tensorrt_detect_msgs/lib:/opt/MVS/lib/64:/opt/MVS/lib/32:/opt/ros/jazzy/opt/rviz_ogre_vendor/lib:/opt/ros/jazzy/lib/x86_64-linux-gnu:/opt/ros/jazzy/opt/gz_math_vendor/lib:/opt/ros/jazzy/opt/gz_utils_vendor/lib:/opt/ros/jazzy/opt/gz_cmake_vendor/lib:/opt/ros/jazzy/lib:/opt/MVS/lib/64:/opt/MVS/lib/32:/opt/TensorRT/TensorRT-10.2.0.19/lib:/opt/TensorRT/TensorRT-10.2.0/lib:/usr/local/cuda-12.6/lib64:/opt/MVS/lib/64:/opt/MVS/lib/32:/opt/MVS/lib/64:/opt/MVS/lib/32:/opt/MVS/lib/64:/opt/MVS/lib/32 /usr/bin/cmake --build /home/delphine/rm/tensorrt10_detect/build/tensorrt_detect -- -j20 -l20
[0.045s] -- Found ament_cmake: 2.5.6 (/opt/ros/jazzy/share/ament_cmake/cmake)
[0.228s] -- Override CMake install command with custom implementation using symlinks instead of copying resources
[0.241s] -- Found rclcpp: 28.1.18 (/opt/ros/jazzy/share/rclcpp/cmake)
[0.269s] -- Found rosidl_generator_c: 4.6.7 (/opt/ros/jazzy/share/rosidl_generator_c/cmake)
[0.278s] -- Found rosidl_generator_cpp: 4.6.7 (/opt/ros/jazzy/share/rosidl_generator_cpp/cmake)
[0.290s] -- Using all available rosidl_typesupport_c: rosidl_typesupport_fastrtps_c;rosidl_typesupport_introspection_c
[0.302s] -- Using all available rosidl_typesupport_cpp: rosidl_typesupport_fastrtps_cpp;rosidl_typesupport_introspection_cpp
[0.364s] -- Found rmw_implementation_cmake: 7.3.3 (/opt/ros/jazzy/share/rmw_implementation_cmake/cmake)
[0.366s] -- Found rmw_fastrtps_cpp: 8.4.3 (/opt/ros/jazzy/share/rmw_fastrtps_cpp/cmake)
[0.430s] -- Using RMW implementation 'rmw_fastrtps_cpp' as default
[0.494s] -- Found sensor_msgs: 5.3.7 (/opt/ros/jazzy/share/sensor_msgs/cmake)
[0.545s] -- Found cv_bridge: 4.1.0 (/opt/ros/jazzy/share/cv_bridge/cmake)
[0.555s] -- Found std_srvs: 5.3.7 (/opt/ros/jazzy/share/std_srvs/cmake)
[0.572s] -- Found tensorrt_detect_msgs: 0.0.1 (/home/delphine/rm/tensorrt10_detect/install/tensorrt_detect_msgs/share/tensorrt_detect_msgs/cmake)
[0.650s] CMake Deprecation Warning at /home/delphine/open3d-devel-linux-x86_64-cxx11-abi-cuda-0.19.0/lib/cmake/Open3D/Open3DConfig.cmake:18 (cmake_policy):
[0.650s]   The OLD behavior for policy CMP0072 will be removed from a future version
[0.650s]   of CMake.
[0.650s] 
[0.650s]   The cmake-policies(7) manual explains that the OLD behaviors of all
[0.650s]   policies are deprecated and that a policy should be set to OLD only under
[0.650s]   specific short-term circumstances.  Projects should be ported to the NEW
[0.650s]   behavior and not rely on setting a policy to OLD.
[0.650s] Call Stack (most recent call first):
[0.650s]   CMakeLists.txt:29 (find_package)
[0.651s] 
[0.651s] 
[0.778s] -- Configuring done (0.7s)
[0.849s] -- Generating done (0.1s)
[0.864s] -- Build files have been written to: /home/delphine/rm/tensorrt10_detect/build/tensorrt_detect
[0.910s] [  7%] Built target video_node
[0.913s] [ 14%] Built target display_node
[0.923s] [ 50%] Built target tensorrt_detect_core
[0.948s] [ 57%] Built target standard
[0.953s] [ 64%] Built target roi_set_node
[0.954s] [ 75%] Built target calibrate_node
[0.954s] [ 75%] Building CXX object CMakeFiles/detect_node.dir/src/nodes/detect_node.cpp.o
[0.955s] [ 82%] Built target pose_node
[0.959s] [ 89%] Built target map_node
[0.959s] [ 96%] Built target qt_display_node
[3.681s] /home/delphine/rm/tensorrt10_detect/src/tensorrt_detect/src/nodes/detect_node.cpp: In member function ‘void DetectNode::reloadROI(std_srvs::srv::Trigger_Request_<std::allocator<void> >::SharedPtr, std_srvs::srv::Trigger_Response_<std::allocator<void> >::SharedPtr)’:
[3.681s] /home/delphine/rm/tensorrt10_detect/src/tensorrt_detect/src/nodes/detect_node.cpp:168:13: error: ‘YAML’ has not been declared
[3.681s]   168 |             YAML::Node cfg = YAML::LoadFile(model_yaml);
[3.681s]       |             ^~~~
[3.691s] /home/delphine/rm/tensorrt10_detect/src/tensorrt_detect/src/nodes/detect_node.cpp:169:42: error: ‘cfg’ was not declared in this scope; did you mean ‘cfg_’?
[3.691s]   169 |             cfg_->model.outpostEnabled = cfg["outpost_enabled"]
[3.691s]       |                                          ^~~
[3.691s]       |                                          cfg_
[3.691s] /home/delphine/rm/tensorrt10_detect/src/tensorrt_detect/src/nodes/detect_node.cpp:170:73: error: expected primary-expression before ‘bool’
[3.691s]   170 |                                             ? cfg["outpost_enabled"].as<bool>()
[3.691s]       |                                                                         ^~~~
[3.691s] /home/delphine/rm/tensorrt10_detect/src/tensorrt_detect/src/nodes/detect_node.cpp:170:73: error: expected ‘:’ before ‘bool’
[3.692s] /home/delphine/rm/tensorrt10_detect/src/tensorrt_detect/src/nodes/detect_node.cpp:170:73: error: expected primary-expression before ‘bool’
[3.692s] /home/delphine/rm/tensorrt10_detect/src/tensorrt_detect/src/nodes/detect_node.cpp:173:79: error: expected primary-expression before ‘>’ token
[3.692s]   173 |                 cfg_->model.outpostRoi = cfg["outpost_roi"].as<std::vector<int>>();
[3.692s]       |                                                                               ^~
[3.692s] /home/delphine/rm/tensorrt10_detect/src/tensorrt_detect/src/nodes/detect_node.cpp:173:82: error: expected primary-expression before ‘)’ token
[3.692s]   173 |                 cfg_->model.outpostRoi = cfg["outpost_roi"].as<std::vector<int>>();
[3.692s]       |                                                                                  ^
[3.692s] /home/delphine/rm/tensorrt10_detect/src/tensorrt_detect/src/nodes/detect_node.cpp:176:89: error: expected primary-expression before ‘float’
[3.692s]   176 |                                                     ? cfg["outpost_score_threshold"].as<float>()
[3.692s]       |                                                                                         ^~~~~
[3.692s] /home/delphine/rm/tensorrt10_detect/src/tensorrt_detect/src/nodes/detect_node.cpp:176:89: error: expected ‘:’ before ‘float’
[3.692s] /home/delphine/rm/tensorrt10_detect/src/tensorrt_detect/src/nodes/detect_node.cpp:176:89: error: expected primary-expression before ‘float’
[5.555s] gmake[2]: *** [CMakeFiles/detect_node.dir/build.make:76: CMakeFiles/detect_node.dir/src/nodes/detect_node.cpp.o] Error 1
[5.555s] gmake[1]: *** [CMakeFiles/Makefile2:207: CMakeFiles/detect_node.dir/all] Error 2
[5.555s] gmake: *** [Makefile:146: all] Error 2
[5.557s] Invoked command in '/home/delphine/rm/tensorrt10_detect/build/tensorrt_detect' returned '2': CMAKE_PREFIX_PATH=/home/delphine/rm/tensorrt10_detect/install/tensorrt_detect_msgs:/home/delphine/rm/tensorrt10_detect/install/tensorrt_detect:/opt/ros/jazzy/opt/gz_math_vendor:/opt/ros/jazzy/opt/gz_utils_vendor:/opt/ros/jazzy/opt/gz_cmake_vendor:/opt/ros/jazzy CONDA_PROMPT_MODIFIER=(base) DEBUGINFOD_URLS=https://debuginfod.ubuntu.com LD_LIBRARY_PATH=/home/delphine/rm/tensorrt10_detect/install/tensorrt_detect_msgs/lib:/opt/MVS/lib/64:/opt/MVS/lib/32:/opt/ros/jazzy/opt/rviz_ogre_vendor/lib:/opt/ros/jazzy/lib/x86_64-linux-gnu:/opt/ros/jazzy/opt/gz_math_vendor/lib:/opt/ros/jazzy/opt/gz_utils_vendor/lib:/opt/ros/jazzy/opt/gz_cmake_vendor/lib:/opt/ros/jazzy/lib:/opt/MVS/lib/64:/opt/MVS/lib/32:/opt/TensorRT/TensorRT-10.2.0.19/lib:/opt/TensorRT/TensorRT-10.2.0/lib:/usr/local/cuda-12.6/lib64:/opt/MVS/lib/64:/opt/MVS/lib/32:/opt/MVS/lib/64:/opt/MVS/lib/32:/opt/MVS/lib/64:/opt/MVS/lib/32 /usr/bin/cmake --build /home/delphine/rm/tensorrt10_detect/build/tensorrt_detect -- -j20 -l20
