[0.000000] (-) TimerEvent: {}
[0.000193] (-) JobUnselected: {'identifier': 'tensorrt_detect_msgs'}
[0.000236] (tensorrt_detect) JobQueued: {'identifier': 'tensorrt_detect', 'dependencies': OrderedDict({'tensorrt_detect_msgs': '/home/delphine/rm/tensorrt10_detect/install/tensorrt_detect_msgs'})}
[0.000541] (tensorrt_detect) JobStarted: {'identifier': 'tensorrt_detect'}
[0.051550] (tensorrt_detect) JobProgress: {'identifier': 'tensorrt_detect', 'progress': 'cmake'}
[0.052153] (tensorrt_detect) JobProgress: {'identifier': 'tensorrt_detect', 'progress': 'build'}
[0.052619] (tensorrt_detect) Command: {'cmd': ['/usr/bin/cmake', '--build', '/home/delphine/rm/tensorrt10_detect/build/tensorrt_detect', '--', '-j20', '-l20'], 'cwd': '/home/delphine/rm/tensorrt10_detect/build/tensorrt_detect', 'env': OrderedDict({'GJS_DEBUG_TOPICS': 'JS ERROR;JS LOG', 'LESSOPEN': '| /usr/bin/lesspipe %s', 'VSCODE_CWD': '/home/delphine', 'VSCODE_ESM_ENTRYPOINT': 'vs/workbench/api/node/extensionHostProcess', 'CONDA_PROMPT_MODIFIER': '(base)', 'TENSORRT_PATH': '/opt/TensorRT/TensorRT-10.2.0.19', '_PYI_ARCHIVE_FILE': '/home/delphine/.config/Code/User/globalStorage/moonshot-ai.kimi-code/bin/kimi/kimi', 'USER': 'delphine', 'SNAP_COMMON': '/var/snap/code/common', 'VSCODE_NLS_CONFIG': '{"userLocale":"zh-cn","osLocale":"zh-cn","resolvedLanguage":"zh-cn","defaultMessagesFile":"/snap/code/235/usr/share/code/resources/app/out/nls.messages.json","languagePack":{"translationsConfigFile":"/home/delphine/.config/Code/clp/d0651a1affd1762543293c9208481d53.zh-cn/tcf.json","messagesFile":"/home/delphine/.config/Code/clp/d0651a1affd1762543293c9208481d53.zh-cn/10c8e557c8b9f9ed0a87f61f1c9a44bde731c409/nls.messages.json","corruptMarkerFile":"/home/delphine/.config/Code/clp/d0651a1affd1762543293c9208481d53.zh-cn/corrupted.info"},"locale":"zh-cn","availableLanguages":{"*":"zh-cn"},"_languagePackId":"d0651a1affd1762543293c9208481d53.zh-cn","_languagePackSupport":true,"_translationsConfigFile":"/home/delphine/.config/Code/clp/d0651a1affd1762543293c9208481d53.zh-cn/tcf.json","_cacheRoot":"/home/delphine/.config/Code/clp/d0651a1affd1762543293c9208481d53.zh-cn","_resolvedLanguagePackCoreLocation":"/home/delphine/.config/Code/clp/d0651a1affd1762543293c9208481d53.zh-cn/10c8e557c8b9f9ed0a87f61f1c9a44bde731c409","_corruptedFile":"/home/delphine/.config/Code/clp/d0651a1affd1762543293c9208481d53.zh-cn/corrupted.info"}', 'FONTCONFIG_PATH': '/etc/fonts', 'GIO_MODULE_DIR': '/home/delphine/snap/code/common/.cache/gio-modules', 'VSCODE_HANDLES_UNCAUGHT_ERRORS': 'true', 'XDG_SESSION_TYPE': 'x11', 'ALLUSERSPROFILE': '/opt/MVS/MVFG', 'SNAP_UID': '1000', 'CLUTTER_DISABLE_MIPMAPPED_TEXT': '1', 'SHLVL': '1', 'LD_LIBRARY_PATH': '/home/delphine/rm/tensorrt10_detect/install/tensorrt_detect_msgs/lib:/opt/MVS/lib/64:/opt/MVS/lib/32:/opt/ros/jazzy/opt/rviz_ogre_vendor/lib:/opt/ros/jazzy/lib/x86_64-linux-gnu:/opt/ros/jazzy/opt/gz_math_vendor/lib:/opt/ros/jazzy/opt/gz_utils_vendor/lib:/opt/ros/jazzy/opt/gz_cmake_vendor/lib:/opt/ros/jazzy/lib:/opt/MVS/lib/64:/opt/MVS/lib/32:/opt/TensorRT/TensorRT-10.2.0.19/lib:/opt/TensorRT/TensorRT-10.2.0/lib:/usr/local/cuda-12.6/lib64:/opt/MVS/lib/64:/opt/MVS/lib/32:/opt/MVS/lib/64:/opt/MVS/lib/32:/opt/MVS/lib/64:/opt/MVS/lib/32', 'HOME': '/home/delphine', 'CHROME_DESKTOP': 'code.desktop', 'CONDA_SHLVL': '1', 'SNAP_LIBRARY_PATH': '/var/lib/snapd/lib/gl:/var/lib/snapd/lib/gl32', 'DESKTOP_SESSION': 'ubuntu', 'SNAP_USER_DATA': '/home/delphine/snap/code/235', 'GTK_PATH': '/snap/code/235/usr/lib/x86_64-linux-gnu/gtk-3.0', 'VSCODE_IPC_HOOK': '/run/user/1000/vscode-93a8e15f-1.11-main.sock', 'GTK_IM_MODULE_FILE': '/home/delphine/snap/code/common/.cache/immodules/immodules.cache', 'GIO_LAUNCHED_DESKTOP_FILE': '/var/lib/snapd/desktop/applications/code_code.desktop', 'ROS_PYTHON_VERSION': '3', 'GNOME_SHELL_SESSION_MODE': 'ubuntu', 'GTK_MODULES': 'gail:atk-bridge', 'SDL_IM_MODULE': 'fcitx', '_PYI_PARENT_PROCESS_LEVEL': '1', 'COPILOT_OTEL_FILE_EXPORTER_PATH': '/dev/null', 'MANAGERPID': '4504', 'LC_CTYPE': 'C.UTF-8', 'SYSTEMD_EXEC_PID': '5004', 'GSM_SKIP_SSH_AGENT_WORKAROUND': 'true', 'DBUS_SESSION_BUS_ADDRESS': 'unix:path=/run/user/1000/bus', 'SNAP_REVISION': '235', '_CONDA_ROOT': '/home/delphine/miniconda3', 'GIO_LAUNCHED_DESKTOP_FILE_PID': '7028', 'VSCODE_CRASH_REPORTER_PROCESS_TYPE': 'extensionHost', 'DEBUGINFOD_URLS': 'https://debuginfod.ubuntu.com', 'IM_CONFIG_PHASE': '1', 'VSCODE_L10N_BUNDLE_LOCATION': 'file:///home/delphine/.vscode/extensions/ms-ceintl.vscode-language-pack-zh-hans-1.110.2026050117/translations/extensions/vscode.json-language-features.i18n.json', 'COLCON_PREFIX_PATH': '/home/delphine/rm/tensorrt10_detect/install', 'APPLICATION_INSIGHTS_NO_STATSBEAT': 'true', 'ROS_DISTRO': 'jazzy', 'GTK_IM_MODULE': 'fcitx', 'LOGNAME': 'delphine', 'LD_LIBRARY_PATH_ORIG': '/opt/MVS/lib/64:/opt/MVS/lib/32:/home/delphine/rm/tensorrt10_detect/install/tensorrt_detect_msgs/lib:/opt/ros/jazzy/opt/rviz_ogre_vendor/lib:/opt/ros/jazzy/lib/x86_64-linux-gnu:/opt/ros/jazzy/opt/gz_math_vendor/lib:/opt/ros/jazzy/opt/gz_utils_vendor/lib:/opt/ros/jazzy/opt/gz_cmake_vendor/lib:/opt/ros/jazzy/lib:/opt/MVS/lib/64:/opt/MVS/lib/32:/opt/TensorRT/TensorRT-10.2.0.19/lib:/opt/TensorRT/TensorRT-10.2.0/lib:/usr/local/cuda-12.6/lib64:/opt/MVS/lib/64:/opt/MVS/lib/32:/opt/MVS/lib/64:/opt/MVS/lib/32:/opt/MVS/lib/64:/opt/MVS/lib/32:', 'OTEL_INSTRUMENTATION_GENAI_CAPTURE_MESSAGE_CONTENT': 'true', '_': '/usr/bin/colcon', 'SNAP_CONTEXT': '4hthZVkfk3FmjmWELQ5WWj5SvvO2JkVAfH3laZGolRSGZZBDstYm', 'JOURNAL_STREAM': '9:29836', 'ROS_VERSION': '2', 'XDG_CONFIG_DIRS_VSCODE_SNAP_ORIG': '/etc/xdg/xdg-ubuntu:/etc/xdg', 'MEMORY_PRESSURE_WATCH': '/sys/fs/cgroup/user.slice/user-1000.slice/user@1000.service/session.slice/org.gnome.Shell@x11.service/memory.pressure', 'XDG_SESSION_CLASS': 'user', 'SNAP_VERSION': '10c8e557', 'XDG_DATA_DIRS_VSCODE_SNAP_ORIG': '/usr/share/ubuntu:/usr/share/gnome:/usr/local/share/:/usr/share/:/var/lib/snapd/desktop', 'USERNAME': 'delphine', 'GNOME_DESKTOP_SESSION_ID': 'this-is-deprecated', 'SNAP_INSTANCE_NAME': 'code', 'FC_FONTATIONS': '1', 'WINDOWPATH': '2', '_PYI_LINUX_PROCESS_NAME': 'kimi', 'MVCAM_SDK_PATH': '/opt/MVS', 'PATH': '/home/delphine/.local/bin:/opt/ros/jazzy/bin:/home/delphine/.npm-global/bin:/home/delphine/miniconda3/bin:/home/delphine/miniconda3/condabin:/opt/TensorRT/TensorRT-10.2.0.19/bin:/opt/TensorRT/TensorRT-10.2.0/bin:/usr/local/cuda-12.6/bin:/usr/bin:/home/delphine/.local/bin:/usr/local/sbin:/usr/local/bin:/usr/sbin:/usr/bin:/sbin:/bin:/usr/games:/usr/local/games:/snap/bin:/snap/bin:/opt/MVS/bin', 'SESSION_MANAGER': 'local/delphine-ASUS-TUF-Gaming-F16-FX607JV-FX607JV:@/tmp/.ICE-unix/4960,unix/delphine-ASUS-TUF-Gaming-F16-FX607JV-FX607JV:/tmp/.ICE-unix/4960', 'GTK_EXE_PREFIX': '/snap/code/235/usr', 'INVOCATION_ID': '51b8b0eb9c2f4e379f5d678ce9e614cd', 'MVCAM_GENICAM_CLPROTOCOL': '/opt/MVS/lib/CLProtocol', 'XDG_MENU_PREFIX': 'gnome-', 'SNAP_DATA': '/var/snap/code/235', 'XDG_RUNTIME_DIR': '/run/user/1000', 'GDK_BACKEND': 'x11', 'DISPLAY': ':1', 'LOCPATH': '/snap/code/235/usr/lib/locale', 'LANG': 'C', 'XDG_CURRENT_DESKTOP': 'ubuntu:GNOME', 'XDG_DATA_HOME': '/home/delphine/snap/code/235/.local/share', 'XMODIFIERS': '@im=fcitx', 'XDG_SESSION_DESKTOP': 'ubuntu', 'XAUTHORITY': '/run/user/1000/gdm/Xauthority', 'COPILOT_OTEL_ENABLED': 'true', 'SNAP_USER_COMMON': '/home/delphine/snap/code/common', 'SSH_AUTH_SOCK': '/run/user/1000/keyring/ssh', 'GSETTINGS_SCHEMA_DIR': '/home/delphine/snap/code/235/.local/share/glib-2.0/schemas', 'SNAP_ARCH': 'amd64', 'AMENT_PREFIX_PATH': '/home/delphine/rm/tensorrt10_detect/install/tensorrt_detect:/home/delphine/rm/tensorrt10_detect/install/tensorrt_detect_msgs:/opt/ros/jazzy', 'SNAP_COOKIE': '4hthZVkfk3FmjmWELQ5WWj5SvvO2JkVAfH3laZGolRSGZZBDstYm', 'CONDA_PYTHON_EXE': '/home/delphine/miniconda3/bin/python', 'SHELL': '/bin/bash', 'GDK_PIXBUF_MODULEDIR': '/snap/code/235/usr/lib/x86_64-linux-gnu/gdk-pixbuf-2.0/2.10.0/loaders', 'GIT_TERMINAL_PROMPT': '0', 'QT_ACCESSIBILITY': '1', 'ELECTRON_RUN_AS_NODE': '1', 'GDMSESSION': 'ubuntu', 'LESSCLOSE': '/usr/bin/lesspipe %s %s', 'CONDA_DEFAULT_ENV': 'base', 'SNAP_NAME': 'code', 'FONTCONFIG_FILE': '/etc/fonts/fonts.conf', 'GDK_PIXBUF_MODULE_FILE': '/home/delphine/snap/code/common/.cache/gdk-pixbuf-loaders.cache', 'GPG_AGENT_INFO': '/run/user/1000/gnupg/S.gpg-agent:0:1', 'GJS_DEBUG_OUTPUT': 'stderr', '_CONDA_EXE': '/home/delphine/miniconda3/bin/conda', 'ROS_AUTOMATIC_DISCOVERY_RANGE': 'SUBNET', 'SNAP_LAUNCHER_ARCH_TRIPLET': 'x86_64-linux-gnu', 'QT_IM_MODULE': 'fcitx', 'PWD': '/home/delphine/rm/tensorrt10_detect/build/tensorrt_detect', 'VSCODE_CLI': '1', 'XDG_CONFIG_DIRS': '/etc/xdg/xdg-ubuntu:/etc/xdg', 'CONDA_EXE': '/home/delphine/miniconda3/bin/conda', 'SNAP_REAL_HOME': '/home/delphine', 'VSCODE_CODE_CACHE_PATH': '/home/delphine/.config/Code/CachedData/10c8e557c8b9f9ed0a87f61f1c9a44bde731c409', 'CLUTTER_IM_MODULE': 'fcitx', 'XDG_DATA_DIRS': '/home/delphine/snap/code/235/.local/share:/home/delphine/snap/code/235:/snap/code/235/usr/share:/usr/share/ubuntu:/usr/share/gnome:/usr/local/share/:/usr/share/:/var/lib/snapd/desktop', 'SNAP_EUID': '1000', 'PYTHONPATH': '/home/delphine/rm/tensorrt10_detect/install/tensorrt_detect_msgs/lib/python3.13/site-packages:/opt/ros/jazzy/lib/python3.12/site-packages', 'SNAP': '/snap/code/235', 'CONDA_PREFIX': '/home/delphine/miniconda3', 'COLCON': '1', 'MEMORY_PRESSURE_WRITE': 'c29tZSAyMDAwMDAgMjAwMDAwMAA=', 'ELECTRON_NO_ATTACH_CONSOLE': '1', 'CMAKE_PREFIX_PATH': '/home/delphine/rm/tensorrt10_detect/install/tensorrt_detect_msgs:/home/delphine/rm/tensorrt10_detect/install/tensorrt_detect:/opt/ros/jazzy/opt/gz_math_vendor:/opt/ros/jazzy/opt/gz_utils_vendor:/opt/ros/jazzy/opt/gz_cmake_vendor:/opt/ros/jazzy', 'VSCODE_PID': '7081', 'MVCAM_COMMON_RUNENV': '/opt/MVS/lib', 'COPILOT_OTEL_EXPORTER_TYPE': 'file'}), 'shell': False}
[0.077817] (tensorrt_detect) StdoutLine: {'line': b'-- Found ament_cmake: 2.5.6 (/opt/ros/jazzy/share/ament_cmake/cmake)\n'}
[0.099940] (-) TimerEvent: {}
[0.200066] (-) TimerEvent: {}
[0.239894] (tensorrt_detect) StdoutLine: {'line': b'-- Override CMake install command with custom implementation using symlinks instead of copying resources\n'}
[0.245797] (tensorrt_detect) StdoutLine: {'line': b'-- Found rclcpp: 28.1.18 (/opt/ros/jazzy/share/rclcpp/cmake)\n'}
[0.266942] (tensorrt_detect) StdoutLine: {'line': b'-- Found rosidl_generator_c: 4.6.7 (/opt/ros/jazzy/share/rosidl_generator_c/cmake)\n'}
[0.274383] (tensorrt_detect) StdoutLine: {'line': b'-- Found rosidl_generator_cpp: 4.6.7 (/opt/ros/jazzy/share/rosidl_generator_cpp/cmake)\n'}
[0.283862] (tensorrt_detect) StdoutLine: {'line': b'-- Using all available rosidl_typesupport_c: rosidl_typesupport_fastrtps_c;rosidl_typesupport_introspection_c\n'}
[0.294687] (tensorrt_detect) StdoutLine: {'line': b'-- Using all available rosidl_typesupport_cpp: rosidl_typesupport_fastrtps_cpp;rosidl_typesupport_introspection_cpp\n'}
[0.300175] (-) TimerEvent: {}
[0.344304] (tensorrt_detect) StdoutLine: {'line': b'-- Found rmw_implementation_cmake: 7.3.3 (/opt/ros/jazzy/share/rmw_implementation_cmake/cmake)\n'}
[0.345736] (tensorrt_detect) StdoutLine: {'line': b'-- Found rmw_fastrtps_cpp: 8.4.3 (/opt/ros/jazzy/share/rmw_fastrtps_cpp/cmake)\n'}
[0.400291] (-) TimerEvent: {}
[0.406450] (tensorrt_detect) StdoutLine: {'line': b"-- Using RMW implementation 'rmw_fastrtps_cpp' as default\n"}
[0.458371] (tensorrt_detect) StdoutLine: {'line': b'-- Found sensor_msgs: 5.3.7 (/opt/ros/jazzy/share/sensor_msgs/cmake)\n'}
[0.500399] (-) TimerEvent: {}
[0.501521] (tensorrt_detect) StdoutLine: {'line': b'-- Found cv_bridge: 4.1.0 (/opt/ros/jazzy/share/cv_bridge/cmake)\n'}
[0.510354] (tensorrt_detect) StdoutLine: {'line': b'-- Found std_srvs: 5.3.7 (/opt/ros/jazzy/share/std_srvs/cmake)\n'}
[0.523161] (tensorrt_detect) StdoutLine: {'line': b'-- Found tensorrt_detect_msgs: 0.0.1 (/home/delphine/rm/tensorrt10_detect/install/tensorrt_detect_msgs/share/tensorrt_detect_msgs/cmake)\n'}
[0.585340] (tensorrt_detect) StderrLine: {'line': b'CMake Deprecation Warning at /home/delphine/open3d-devel-linux-x86_64-cxx11-abi-cuda-0.19.0/lib/cmake/Open3D/Open3DConfig.cmake:18 (cmake_policy):\n'}
[0.585649] (tensorrt_detect) StderrLine: {'line': b'  The OLD behavior for policy CMP0072 will be removed from a future version\n'}
[0.585788] (tensorrt_detect) StderrLine: {'line': b'  of CMake.\n'}
[0.585904] (tensorrt_detect) StderrLine: {'line': b'\n'}
[0.586009] (tensorrt_detect) StderrLine: {'line': b'  The cmake-policies(7) manual explains that the OLD behaviors of all\n'}
[0.586190] (tensorrt_detect) StderrLine: {'line': b'  policies are deprecated and that a policy should be set to OLD only under\n'}
[0.586266] (tensorrt_detect) StderrLine: {'line': b'  specific short-term circumstances.  Projects should be ported to the NEW\n'}
[0.586312] (tensorrt_detect) StderrLine: {'line': b'  behavior and not rely on setting a policy to OLD.\n'}
[0.586356] (tensorrt_detect) StderrLine: {'line': b'Call Stack (most recent call first):\n'}
[0.586396] (tensorrt_detect) StderrLine: {'line': b'  CMakeLists.txt:29 (find_package)\n'}
[0.586438] (tensorrt_detect) StderrLine: {'line': b'\n'}
[0.586475] (tensorrt_detect) StderrLine: {'line': b'\n'}
[0.600529] (-) TimerEvent: {}
[0.685768] (tensorrt_detect) StdoutLine: {'line': b'-- Configuring done (0.6s)\n'}
[0.700608] (-) TimerEvent: {}
[0.752632] (tensorrt_detect) StdoutLine: {'line': b'-- Generating done (0.1s)\n'}
[0.765498] (tensorrt_detect) StdoutLine: {'line': b'-- Build files have been written to: /home/delphine/rm/tensorrt10_detect/build/tensorrt_detect\n'}
[0.800700] (-) TimerEvent: {}
[0.815978] (tensorrt_detect) StdoutLine: {'line': b'[  7%] Built target video_node\n'}
[0.816171] (tensorrt_detect) StdoutLine: {'line': b'[ 14%] Built target display_node\n'}
[0.822322] (tensorrt_detect) StdoutLine: {'line': b'[ 17%] Building CXX object CMakeFiles/tensorrt_detect_core.dir/src/core/pipeline.cpp.o\n'}
[0.824463] (tensorrt_detect) StdoutLine: {'line': b'[ 21%] Building CXX object CMakeFiles/tensorrt_detect_core.dir/src/config/ConfigManager.cpp.o\n'}
[0.900795] (-) TimerEvent: {}
[1.000995] (-) TimerEvent: {}
[1.101195] (-) TimerEvent: {}
[1.201402] (-) TimerEvent: {}
[1.301593] (-) TimerEvent: {}
[1.401883] (-) TimerEvent: {}
[1.502068] (-) TimerEvent: {}
[1.602271] (-) TimerEvent: {}
[1.702604] (-) TimerEvent: {}
[1.802805] (-) TimerEvent: {}
[1.903117] (-) TimerEvent: {}
[2.003286] (-) TimerEvent: {}
[2.103483] (-) TimerEvent: {}
[2.203653] (-) TimerEvent: {}
[2.303819] (-) TimerEvent: {}
[2.403981] (-) TimerEvent: {}
[2.504204] (-) TimerEvent: {}
[2.604351] (-) TimerEvent: {}
[2.704508] (-) TimerEvent: {}
[2.804706] (-) TimerEvent: {}
[2.904969] (-) TimerEvent: {}
[3.005219] (-) TimerEvent: {}
[3.105411] (-) TimerEvent: {}
[3.205619] (-) TimerEvent: {}
[3.305788] (-) TimerEvent: {}
[3.406126] (-) TimerEvent: {}
[3.506290] (-) TimerEvent: {}
[3.606527] (-) TimerEvent: {}
[3.706726] (-) TimerEvent: {}
[3.806945] (-) TimerEvent: {}
[3.907178] (-) TimerEvent: {}
[4.007353] (-) TimerEvent: {}
[4.107710] (-) TimerEvent: {}
[4.207961] (-) TimerEvent: {}
[4.308184] (-) TimerEvent: {}
[4.408378] (-) TimerEvent: {}
[4.508522] (-) TimerEvent: {}
[4.608671] (-) TimerEvent: {}
[4.708938] (-) TimerEvent: {}
[4.809234] (-) TimerEvent: {}
[4.909468] (-) TimerEvent: {}
[5.009750] (-) TimerEvent: {}
[5.110028] (-) TimerEvent: {}
[5.210290] (-) TimerEvent: {}
[5.309252] (tensorrt_detect) StdoutLine: {'line': b'[ 25%] Linking CXX static library libtensorrt_detect_core.a\n'}
[5.310331] (-) TimerEvent: {}
[5.395204] (tensorrt_detect) StdoutLine: {'line': b'[ 50%] Built target tensorrt_detect_core\n'}
[5.410456] (-) TimerEvent: {}
[5.426867] (tensorrt_detect) StdoutLine: {'line': b'[ 57%] Building CXX object CMakeFiles/roi_set_node.dir/src/nodes/roi_set_node.cpp.o\n'}
[5.427213] (tensorrt_detect) StdoutLine: {'line': b'[ 57%] Building CXX object CMakeFiles/standard.dir/apps/standalone_main.cpp.o\n'}
[5.427697] (tensorrt_detect) StdoutLine: {'line': b'[ 60%] Building CXX object CMakeFiles/map_node.dir/src/nodes/map_node.cpp.o\n'}
[5.428961] (tensorrt_detect) StdoutLine: {'line': b'[ 64%] Linking CXX executable calibrate_node\n'}
[5.430232] (tensorrt_detect) StdoutLine: {'line': b'[ 67%] Building CXX object CMakeFiles/detect_node.dir/src/nodes/detect_node.cpp.o\n'}
[5.431262] (tensorrt_detect) StdoutLine: {'line': b'[ 71%] Building CXX object CMakeFiles/qt_display_node.dir/src/nodes/qt_display_node.cpp.o\n'}
[5.433678] (tensorrt_detect) StdoutLine: {'line': b'[ 75%] Building CXX object CMakeFiles/pose_node.dir/src/nodes/pose_node.cpp.o\n'}
[5.510585] (-) TimerEvent: {}
[5.610796] (-) TimerEvent: {}
[5.711036] (-) TimerEvent: {}
[5.811305] (-) TimerEvent: {}
[5.911590] (-) TimerEvent: {}
[6.011938] (-) TimerEvent: {}
[6.112223] (-) TimerEvent: {}
[6.212491] (-) TimerEvent: {}
[6.312718] (-) TimerEvent: {}
[6.412956] (-) TimerEvent: {}
[6.462247] (tensorrt_detect) StdoutLine: {'line': b'[ 78%] Built target calibrate_node\n'}
[6.513192] (-) TimerEvent: {}
[6.613436] (-) TimerEvent: {}
[6.713763] (-) TimerEvent: {}
[6.813992] (-) TimerEvent: {}
[6.914235] (-) TimerEvent: {}
[7.014469] (-) TimerEvent: {}
[7.114744] (-) TimerEvent: {}
[7.215094] (-) TimerEvent: {}
[7.315359] (-) TimerEvent: {}
[7.415577] (-) TimerEvent: {}
[7.515806] (-) TimerEvent: {}
[7.616089] (-) TimerEvent: {}
[7.716348] (-) TimerEvent: {}
[7.816597] (-) TimerEvent: {}
[7.916829] (-) TimerEvent: {}
[8.017104] (-) TimerEvent: {}
[8.117331] (-) TimerEvent: {}
[8.217595] (-) TimerEvent: {}
[8.317785] (-) TimerEvent: {}
[8.418090] (-) TimerEvent: {}
[8.518317] (-) TimerEvent: {}
[8.618566] (-) TimerEvent: {}
[8.718832] (-) TimerEvent: {}
[8.819102] (-) TimerEvent: {}
[8.919317] (-) TimerEvent: {}
[9.019559] (-) TimerEvent: {}
[9.119804] (-) TimerEvent: {}
[9.220114] (-) TimerEvent: {}
[9.320414] (-) TimerEvent: {}
[9.420623] (-) TimerEvent: {}
[9.520867] (-) TimerEvent: {}
[9.621133] (-) TimerEvent: {}
[9.634783] (tensorrt_detect) StdoutLine: {'line': b'[ 82%] Linking CXX executable standard\n'}
[9.721271] (-) TimerEvent: {}
[9.821523] (-) TimerEvent: {}
[9.921739] (-) TimerEvent: {}
[10.021989] (-) TimerEvent: {}
[10.122219] (-) TimerEvent: {}
[10.222489] (-) TimerEvent: {}
[10.322792] (-) TimerEvent: {}
[10.382209] (tensorrt_detect) StdoutLine: {'line': b'[ 82%] Built target standard\n'}
[10.422940] (-) TimerEvent: {}
[10.523179] (-) TimerEvent: {}
[10.623406] (-) TimerEvent: {}
[10.723656] (-) TimerEvent: {}
[10.823864] (-) TimerEvent: {}
[10.924119] (-) TimerEvent: {}
[11.024330] (-) TimerEvent: {}
[11.124583] (-) TimerEvent: {}
[11.224882] (-) TimerEvent: {}
[11.325097] (-) TimerEvent: {}
[11.425322] (-) TimerEvent: {}
[11.525538] (-) TimerEvent: {}
[11.625758] (-) TimerEvent: {}
[11.726039] (-) TimerEvent: {}
[11.826272] (-) TimerEvent: {}
[11.926580] (-) TimerEvent: {}
[12.026839] (-) TimerEvent: {}
[12.127136] (-) TimerEvent: {}
[12.227435] (-) TimerEvent: {}
[12.327677] (-) TimerEvent: {}
[12.427909] (-) TimerEvent: {}
[12.528114] (-) TimerEvent: {}
[12.628364] (-) TimerEvent: {}
[12.728636] (-) TimerEvent: {}
[12.828895] (-) TimerEvent: {}
[12.929167] (-) TimerEvent: {}
[13.029483] (-) TimerEvent: {}
[13.129732] (-) TimerEvent: {}
[13.229950] (-) TimerEvent: {}
[13.330220] (-) TimerEvent: {}
[13.430454] (-) TimerEvent: {}
[13.530702] (-) TimerEvent: {}
[13.630946] (-) TimerEvent: {}
[13.731157] (-) TimerEvent: {}
[13.831364] (-) TimerEvent: {}
[13.931601] (-) TimerEvent: {}
[14.031825] (-) TimerEvent: {}
[14.132078] (-) TimerEvent: {}
[14.232288] (-) TimerEvent: {}
[14.332498] (-) TimerEvent: {}
[14.432716] (-) TimerEvent: {}
[14.532975] (-) TimerEvent: {}
[14.633205] (-) TimerEvent: {}
[14.733411] (-) TimerEvent: {}
[14.833636] (-) TimerEvent: {}
[14.933875] (-) TimerEvent: {}
[15.034122] (-) TimerEvent: {}
[15.134352] (-) TimerEvent: {}
[15.234630] (-) TimerEvent: {}
[15.334863] (-) TimerEvent: {}
[15.435090] (-) TimerEvent: {}
[15.535303] (-) TimerEvent: {}
[15.635535] (-) TimerEvent: {}
[15.735756] (-) TimerEvent: {}
[15.836004] (-) TimerEvent: {}
[15.936241] (-) TimerEvent: {}
[16.036496] (-) TimerEvent: {}
[16.136730] (-) TimerEvent: {}
[16.237072] (-) TimerEvent: {}
[16.337322] (-) TimerEvent: {}
[16.437597] (-) TimerEvent: {}
[16.537837] (-) TimerEvent: {}
[16.638071] (-) TimerEvent: {}
[16.738313] (-) TimerEvent: {}
[16.838546] (-) TimerEvent: {}
[16.938742] (-) TimerEvent: {}
[17.038972] (-) TimerEvent: {}
[17.139215] (-) TimerEvent: {}
[17.239410] (-) TimerEvent: {}
[17.339619] (-) TimerEvent: {}
[17.439823] (-) TimerEvent: {}
[17.540044] (-) TimerEvent: {}
[17.640293] (-) TimerEvent: {}
[17.740519] (-) TimerEvent: {}
[17.840716] (-) TimerEvent: {}
[17.940930] (-) TimerEvent: {}
[18.041101] (-) TimerEvent: {}
[18.141301] (-) TimerEvent: {}
[18.241489] (-) TimerEvent: {}
[18.341711] (-) TimerEvent: {}
[18.441950] (-) TimerEvent: {}
[18.542182] (-) TimerEvent: {}
[18.642404] (-) TimerEvent: {}
[18.742646] (-) TimerEvent: {}
[18.842861] (-) TimerEvent: {}
[18.943079] (-) TimerEvent: {}
[19.043300] (-) TimerEvent: {}
[19.143531] (-) TimerEvent: {}
[19.243737] (-) TimerEvent: {}
[19.343985] (-) TimerEvent: {}
[19.444174] (-) TimerEvent: {}
[19.544397] (-) TimerEvent: {}
[19.644646] (-) TimerEvent: {}
[19.744868] (-) TimerEvent: {}
[19.845134] (-) TimerEvent: {}
[19.945330] (-) TimerEvent: {}
[20.045525] (-) TimerEvent: {}
[20.145800] (-) TimerEvent: {}
[20.246104] (-) TimerEvent: {}
[20.346308] (-) TimerEvent: {}
[20.446507] (-) TimerEvent: {}
[20.546699] (-) TimerEvent: {}
[20.646991] (-) TimerEvent: {}
[20.747309] (-) TimerEvent: {}
[20.847565] (-) TimerEvent: {}
[20.947771] (-) TimerEvent: {}
[21.048047] (-) TimerEvent: {}
[21.148267] (-) TimerEvent: {}
[21.248484] (-) TimerEvent: {}
[21.348758] (-) TimerEvent: {}
[21.448956] (-) TimerEvent: {}
[21.549168] (-) TimerEvent: {}
[21.649379] (-) TimerEvent: {}
[21.749632] (-) TimerEvent: {}
[21.849844] (-) TimerEvent: {}
[21.950092] (-) TimerEvent: {}
[22.050329] (-) TimerEvent: {}
[22.150566] (-) TimerEvent: {}
[22.250775] (-) TimerEvent: {}
[22.350982] (-) TimerEvent: {}
[22.451211] (-) TimerEvent: {}
[22.551435] (-) TimerEvent: {}
[22.651657] (-) TimerEvent: {}
[22.751882] (-) TimerEvent: {}
[22.852146] (-) TimerEvent: {}
[22.952391] (-) TimerEvent: {}
[23.052644] (-) TimerEvent: {}
[23.152869] (-) TimerEvent: {}
[23.253090] (-) TimerEvent: {}
[23.353288] (-) TimerEvent: {}
[23.453500] (-) TimerEvent: {}
[23.553733] (-) TimerEvent: {}
[23.653978] (-) TimerEvent: {}
[23.754290] (-) TimerEvent: {}
[23.854599] (-) TimerEvent: {}
[23.954903] (-) TimerEvent: {}
[24.001281] (tensorrt_detect) StdoutLine: {'line': b'[ 85%] Linking CXX executable pose_node\n'}
[24.055037] (-) TimerEvent: {}
[24.155262] (-) TimerEvent: {}
[24.255459] (-) TimerEvent: {}
[24.355661] (-) TimerEvent: {}
[24.455916] (-) TimerEvent: {}
[24.556183] (-) TimerEvent: {}
[24.650578] (tensorrt_detect) StdoutLine: {'line': b'[ 85%] Built target pose_node\n'}
[24.656326] (-) TimerEvent: {}
[24.756535] (-) TimerEvent: {}
[24.856721] (-) TimerEvent: {}
[24.956919] (-) TimerEvent: {}
[25.057154] (-) TimerEvent: {}
[25.157389] (-) TimerEvent: {}
[25.257597] (-) TimerEvent: {}
[25.357797] (-) TimerEvent: {}
[25.457973] (-) TimerEvent: {}
[25.558292] (-) TimerEvent: {}
[25.658471] (-) TimerEvent: {}
[25.758811] (-) TimerEvent: {}
[25.859056] (-) TimerEvent: {}
[25.959290] (-) TimerEvent: {}
[26.059504] (-) TimerEvent: {}
[26.159695] (-) TimerEvent: {}
[26.259886] (-) TimerEvent: {}
[26.360106] (-) TimerEvent: {}
[26.460336] (-) TimerEvent: {}
[26.560570] (-) TimerEvent: {}
[26.660870] (-) TimerEvent: {}
[26.761082] (-) TimerEvent: {}
[26.861278] (-) TimerEvent: {}
[26.961516] (-) TimerEvent: {}
[27.061767] (-) TimerEvent: {}
[27.161920] (-) TimerEvent: {}
[27.262096] (-) TimerEvent: {}
[27.362349] (-) TimerEvent: {}
[27.462725] (-) TimerEvent: {}
[27.563049] (-) TimerEvent: {}
[27.663397] (-) TimerEvent: {}
[27.763687] (-) TimerEvent: {}
[27.863946] (-) TimerEvent: {}
[27.964202] (-) TimerEvent: {}
[27.970729] (tensorrt_detect) StdoutLine: {'line': b'[ 89%] Linking CXX executable roi_set_node\n'}
[28.064498] (-) TimerEvent: {}
[28.072553] (tensorrt_detect) StdoutLine: {'line': b'[ 92%] Linking CXX executable detect_node\n'}
[28.164775] (-) TimerEvent: {}
[28.265174] (-) TimerEvent: {}
[28.365473] (-) TimerEvent: {}
[28.465833] (-) TimerEvent: {}
[28.566071] (-) TimerEvent: {}
[28.666317] (-) TimerEvent: {}
[28.766558] (-) TimerEvent: {}
[28.824133] (tensorrt_detect) StdoutLine: {'line': b'[ 92%] Built target detect_node\n'}
[28.858859] (tensorrt_detect) StdoutLine: {'line': b'[ 92%] Built target roi_set_node\n'}
[28.866727] (-) TimerEvent: {}
[28.967008] (-) TimerEvent: {}
[29.067215] (-) TimerEvent: {}
[29.167413] (-) TimerEvent: {}
[29.267626] (-) TimerEvent: {}
[29.367876] (-) TimerEvent: {}
[29.468246] (-) TimerEvent: {}
[29.568564] (-) TimerEvent: {}
[29.668771] (-) TimerEvent: {}
[29.768947] (-) TimerEvent: {}
[29.869206] (-) TimerEvent: {}
[29.969421] (-) TimerEvent: {}
[30.069634] (-) TimerEvent: {}
[30.169853] (-) TimerEvent: {}
[30.187345] (tensorrt_detect) StdoutLine: {'line': b'[ 96%] Linking CXX executable map_node\n'}
[30.269959] (-) TimerEvent: {}
[30.370205] (-) TimerEvent: {}
[30.470401] (-) TimerEvent: {}
[30.570606] (-) TimerEvent: {}
[30.641281] (tensorrt_detect) StdoutLine: {'line': b'[100%] Linking CXX executable qt_display_node\n'}
[30.670701] (-) TimerEvent: {}
[30.763515] (tensorrt_detect) StdoutLine: {'line': b'[100%] Built target map_node\n'}
[30.770849] (-) TimerEvent: {}
[30.871065] (-) TimerEvent: {}
[30.971274] (-) TimerEvent: {}
[31.071462] (-) TimerEvent: {}
[31.171654] (-) TimerEvent: {}
[31.271880] (-) TimerEvent: {}
[31.372225] (-) TimerEvent: {}
[31.472395] (-) TimerEvent: {}
[31.505690] (tensorrt_detect) StdoutLine: {'line': b'[100%] Built target qt_display_node\n'}
[31.552641] (tensorrt_detect) CommandEnded: {'returncode': 0}
[31.553253] (tensorrt_detect) JobProgress: {'identifier': 'tensorrt_detect', 'progress': 'install'}
[31.564045] (tensorrt_detect) Command: {'cmd': ['/usr/bin/cmake', '--install', '/home/delphine/rm/tensorrt10_detect/build/tensorrt_detect'], 'cwd': '/home/delphine/rm/tensorrt10_detect/build/tensorrt_detect', 'env': OrderedDict({'GJS_DEBUG_TOPICS': 'JS ERROR;JS LOG', 'LESSOPEN': '| /usr/bin/lesspipe %s', 'VSCODE_CWD': '/home/delphine', 'VSCODE_ESM_ENTRYPOINT': 'vs/workbench/api/node/extensionHostProcess', 'CONDA_PROMPT_MODIFIER': '(base)', 'TENSORRT_PATH': '/opt/TensorRT/TensorRT-10.2.0.19', '_PYI_ARCHIVE_FILE': '/home/delphine/.config/Code/User/globalStorage/moonshot-ai.kimi-code/bin/kimi/kimi', 'USER': 'delphine', 'SNAP_COMMON': '/var/snap/code/common', 'VSCODE_NLS_CONFIG': '{"userLocale":"zh-cn","osLocale":"zh-cn","resolvedLanguage":"zh-cn","defaultMessagesFile":"/snap/code/235/usr/share/code/resources/app/out/nls.messages.json","languagePack":{"translationsConfigFile":"/home/delphine/.config/Code/clp/d0651a1affd1762543293c9208481d53.zh-cn/tcf.json","messagesFile":"/home/delphine/.config/Code/clp/d0651a1affd1762543293c9208481d53.zh-cn/10c8e557c8b9f9ed0a87f61f1c9a44bde731c409/nls.messages.json","corruptMarkerFile":"/home/delphine/.config/Code/clp/d0651a1affd1762543293c9208481d53.zh-cn/corrupted.info"},"locale":"zh-cn","availableLanguages":{"*":"zh-cn"},"_languagePackId":"d0651a1affd1762543293c9208481d53.zh-cn","_languagePackSupport":true,"_translationsConfigFile":"/home/delphine/.config/Code/clp/d0651a1affd1762543293c9208481d53.zh-cn/tcf.json","_cacheRoot":"/home/delphine/.config/Code/clp/d0651a1affd1762543293c9208481d53.zh-cn","_resolvedLanguagePackCoreLocation":"/home/delphine/.config/Code/clp/d0651a1affd1762543293c9208481d53.zh-cn/10c8e557c8b9f9ed0a87f61f1c9a44bde731c409","_corruptedFile":"/home/delphine/.config/Code/clp/d0651a1affd1762543293c9208481d53.zh-cn/corrupted.info"}', 'FONTCONFIG_PATH': '/etc/fonts', 'GIO_MODULE_DIR': '/home/delphine/snap/code/common/.cache/gio-modules', 'VSCODE_HANDLES_UNCAUGHT_ERRORS': 'true', 'XDG_SESSION_TYPE': 'x11', 'ALLUSERSPROFILE': '/opt/MVS/MVFG', 'SNAP_UID': '1000', 'CLUTTER_DISABLE_MIPMAPPED_TEXT': '1', 'SHLVL': '1', 'LD_LIBRARY_PATH': '/home/delphine/rm/tensorrt10_detect/install/tensorrt_detect_msgs/lib:/opt/MVS/lib/64:/opt/MVS/lib/32:/opt/ros/jazzy/opt/rviz_ogre_vendor/lib:/opt/ros/jazzy/lib/x86_64-linux-gnu:/opt/ros/jazzy/opt/gz_math_vendor/lib:/opt/ros/jazzy/opt/gz_utils_vendor/lib:/opt/ros/jazzy/opt/gz_cmake_vendor/lib:/opt/ros/jazzy/lib:/opt/MVS/lib/64:/opt/MVS/lib/32:/opt/TensorRT/TensorRT-10.2.0.19/lib:/opt/TensorRT/TensorRT-10.2.0/lib:/usr/local/cuda-12.6/lib64:/opt/MVS/lib/64:/opt/MVS/lib/32:/opt/MVS/lib/64:/opt/MVS/lib/32:/opt/MVS/lib/64:/opt/MVS/lib/32', 'HOME': '/home/delphine', 'CHROME_DESKTOP': 'code.desktop', 'CONDA_SHLVL': '1', 'SNAP_LIBRARY_PATH': '/var/lib/snapd/lib/gl:/var/lib/snapd/lib/gl32', 'DESKTOP_SESSION': 'ubuntu', 'SNAP_USER_DATA': '/home/delphine/snap/code/235', 'GTK_PATH': '/snap/code/235/usr/lib/x86_64-linux-gnu/gtk-3.0', 'VSCODE_IPC_HOOK': '/run/user/1000/vscode-93a8e15f-1.11-main.sock', 'GTK_IM_MODULE_FILE': '/home/delphine/snap/code/common/.cache/immodules/immodules.cache', 'GIO_LAUNCHED_DESKTOP_FILE': '/var/lib/snapd/desktop/applications/code_code.desktop', 'ROS_PYTHON_VERSION': '3', 'GNOME_SHELL_SESSION_MODE': 'ubuntu', 'GTK_MODULES': 'gail:atk-bridge', 'SDL_IM_MODULE': 'fcitx', '_PYI_PARENT_PROCESS_LEVEL': '1', 'COPILOT_OTEL_FILE_EXPORTER_PATH': '/dev/null', 'MANAGERPID': '4504', 'LC_CTYPE': 'C.UTF-8', 'SYSTEMD_EXEC_PID': '5004', 'GSM_SKIP_SSH_AGENT_WORKAROUND': 'true', 'DBUS_SESSION_BUS_ADDRESS': 'unix:path=/run/user/1000/bus', 'SNAP_REVISION': '235', '_CONDA_ROOT': '/home/delphine/miniconda3', 'GIO_LAUNCHED_DESKTOP_FILE_PID': '7028', 'VSCODE_CRASH_REPORTER_PROCESS_TYPE': 'extensionHost', 'DEBUGINFOD_URLS': 'https://debuginfod.ubuntu.com', 'IM_CONFIG_PHASE': '1', 'VSCODE_L10N_BUNDLE_LOCATION': 'file:///home/delphine/.vscode/extensions/ms-ceintl.vscode-language-pack-zh-hans-1.110.2026050117/translations/extensions/vscode.json-language-features.i18n.json', 'COLCON_PREFIX_PATH': '/home/delphine/rm/tensorrt10_detect/install', 'APPLICATION_INSIGHTS_NO_STATSBEAT': 'true', 'ROS_DISTRO': 'jazzy', 'GTK_IM_MODULE': 'fcitx', 'LOGNAME': 'delphine', 'LD_LIBRARY_PATH_ORIG': '/opt/MVS/lib/64:/opt/MVS/lib/32:/home/delphine/rm/tensorrt10_detect/install/tensorrt_detect_msgs/lib:/opt/ros/jazzy/opt/rviz_ogre_vendor/lib:/opt/ros/jazzy/lib/x86_64-linux-gnu:/opt/ros/jazzy/opt/gz_math_vendor/lib:/opt/ros/jazzy/opt/gz_utils_vendor/lib:/opt/ros/jazzy/opt/gz_cmake_vendor/lib:/opt/ros/jazzy/lib:/opt/MVS/lib/64:/opt/MVS/lib/32:/opt/TensorRT/TensorRT-10.2.0.19/lib:/opt/TensorRT/TensorRT-10.2.0/lib:/usr/local/cuda-12.6/lib64:/opt/MVS/lib/64:/opt/MVS/lib/32:/opt/MVS/lib/64:/opt/MVS/lib/32:/opt/MVS/lib/64:/opt/MVS/lib/32:', 'OTEL_INSTRUMENTATION_GENAI_CAPTURE_MESSAGE_CONTENT': 'true', '_': '/usr/bin/colcon', 'SNAP_CONTEXT': '4hthZVkfk3FmjmWELQ5WWj5SvvO2JkVAfH3laZGolRSGZZBDstYm', 'JOURNAL_STREAM': '9:29836', 'ROS_VERSION': '2', 'XDG_CONFIG_DIRS_VSCODE_SNAP_ORIG': '/etc/xdg/xdg-ubuntu:/etc/xdg', 'MEMORY_PRESSURE_WATCH': '/sys/fs/cgroup/user.slice/user-1000.slice/user@1000.service/session.slice/org.gnome.Shell@x11.service/memory.pressure', 'XDG_SESSION_CLASS': 'user', 'SNAP_VERSION': '10c8e557', 'XDG_DATA_DIRS_VSCODE_SNAP_ORIG': '/usr/share/ubuntu:/usr/share/gnome:/usr/local/share/:/usr/share/:/var/lib/snapd/desktop', 'USERNAME': 'delphine', 'GNOME_DESKTOP_SESSION_ID': 'this-is-deprecated', 'SNAP_INSTANCE_NAME': 'code', 'FC_FONTATIONS': '1', 'WINDOWPATH': '2', '_PYI_LINUX_PROCESS_NAME': 'kimi', 'MVCAM_SDK_PATH': '/opt/MVS', 'PATH': '/home/delphine/.local/bin:/opt/ros/jazzy/bin:/home/delphine/.npm-global/bin:/home/delphine/miniconda3/bin:/home/delphine/miniconda3/condabin:/opt/TensorRT/TensorRT-10.2.0.19/bin:/opt/TensorRT/TensorRT-10.2.0/bin:/usr/local/cuda-12.6/bin:/usr/bin:/home/delphine/.local/bin:/usr/local/sbin:/usr/local/bin:/usr/sbin:/usr/bin:/sbin:/bin:/usr/games:/usr/local/games:/snap/bin:/snap/bin:/opt/MVS/bin', 'SESSION_MANAGER': 'local/delphine-ASUS-TUF-Gaming-F16-FX607JV-FX607JV:@/tmp/.ICE-unix/4960,unix/delphine-ASUS-TUF-Gaming-F16-FX607JV-FX607JV:/tmp/.ICE-unix/4960', 'GTK_EXE_PREFIX': '/snap/code/235/usr', 'INVOCATION_ID': '51b8b0eb9c2f4e379f5d678ce9e614cd', 'MVCAM_GENICAM_CLPROTOCOL': '/opt/MVS/lib/CLProtocol', 'XDG_MENU_PREFIX': 'gnome-', 'SNAP_DATA': '/var/snap/code/235', 'XDG_RUNTIME_DIR': '/run/user/1000', 'GDK_BACKEND': 'x11', 'DISPLAY': ':1', 'LOCPATH': '/snap/code/235/usr/lib/locale', 'LANG': 'C', 'XDG_CURRENT_DESKTOP': 'ubuntu:GNOME', 'XDG_DATA_HOME': '/home/delphine/snap/code/235/.local/share', 'XMODIFIERS': '@im=fcitx', 'XDG_SESSION_DESKTOP': 'ubuntu', 'XAUTHORITY': '/run/user/1000/gdm/Xauthority', 'COPILOT_OTEL_ENABLED': 'true', 'SNAP_USER_COMMON': '/home/delphine/snap/code/common', 'SSH_AUTH_SOCK': '/run/user/1000/keyring/ssh', 'GSETTINGS_SCHEMA_DIR': '/home/delphine/snap/code/235/.local/share/glib-2.0/schemas', 'SNAP_ARCH': 'amd64', 'AMENT_PREFIX_PATH': '/home/delphine/rm/tensorrt10_detect/install/tensorrt_detect:/home/delphine/rm/tensorrt10_detect/install/tensorrt_detect_msgs:/opt/ros/jazzy', 'SNAP_COOKIE': '4hthZVkfk3FmjmWELQ5WWj5SvvO2JkVAfH3laZGolRSGZZBDstYm', 'CONDA_PYTHON_EXE': '/home/delphine/miniconda3/bin/python', 'SHELL': '/bin/bash', 'GDK_PIXBUF_MODULEDIR': '/snap/code/235/usr/lib/x86_64-linux-gnu/gdk-pixbuf-2.0/2.10.0/loaders', 'GIT_TERMINAL_PROMPT': '0', 'QT_ACCESSIBILITY': '1', 'ELECTRON_RUN_AS_NODE': '1', 'GDMSESSION': 'ubuntu', 'LESSCLOSE': '/usr/bin/lesspipe %s %s', 'CONDA_DEFAULT_ENV': 'base', 'SNAP_NAME': 'code', 'FONTCONFIG_FILE': '/etc/fonts/fonts.conf', 'GDK_PIXBUF_MODULE_FILE': '/home/delphine/snap/code/common/.cache/gdk-pixbuf-loaders.cache', 'GPG_AGENT_INFO': '/run/user/1000/gnupg/S.gpg-agent:0:1', 'GJS_DEBUG_OUTPUT': 'stderr', '_CONDA_EXE': '/home/delphine/miniconda3/bin/conda', 'ROS_AUTOMATIC_DISCOVERY_RANGE': 'SUBNET', 'SNAP_LAUNCHER_ARCH_TRIPLET': 'x86_64-linux-gnu', 'QT_IM_MODULE': 'fcitx', 'PWD': '/home/delphine/rm/tensorrt10_detect/build/tensorrt_detect', 'VSCODE_CLI': '1', 'XDG_CONFIG_DIRS': '/etc/xdg/xdg-ubuntu:/etc/xdg', 'CONDA_EXE': '/home/delphine/miniconda3/bin/conda', 'SNAP_REAL_HOME': '/home/delphine', 'VSCODE_CODE_CACHE_PATH': '/home/delphine/.config/Code/CachedData/10c8e557c8b9f9ed0a87f61f1c9a44bde731c409', 'CLUTTER_IM_MODULE': 'fcitx', 'XDG_DATA_DIRS': '/home/delphine/snap/code/235/.local/share:/home/delphine/snap/code/235:/snap/code/235/usr/share:/usr/share/ubuntu:/usr/share/gnome:/usr/local/share/:/usr/share/:/var/lib/snapd/desktop', 'SNAP_EUID': '1000', 'PYTHONPATH': '/home/delphine/rm/tensorrt10_detect/install/tensorrt_detect_msgs/lib/python3.13/site-packages:/opt/ros/jazzy/lib/python3.12/site-packages', 'SNAP': '/snap/code/235', 'CONDA_PREFIX': '/home/delphine/miniconda3', 'COLCON': '1', 'MEMORY_PRESSURE_WRITE': 'c29tZSAyMDAwMDAgMjAwMDAwMAA=', 'ELECTRON_NO_ATTACH_CONSOLE': '1', 'CMAKE_PREFIX_PATH': '/home/delphine/rm/tensorrt10_detect/install/tensorrt_detect_msgs:/home/delphine/rm/tensorrt10_detect/install/tensorrt_detect:/opt/ros/jazzy/opt/gz_math_vendor:/opt/ros/jazzy/opt/gz_utils_vendor:/opt/ros/jazzy/opt/gz_cmake_vendor:/opt/ros/jazzy', 'VSCODE_PID': '7081', 'MVCAM_COMMON_RUNENV': '/opt/MVS/lib', 'COPILOT_OTEL_EXPORTER_TYPE': 'file'}), 'shell': False}
[31.570586] (tensorrt_detect) StdoutLine: {'line': b'-- Install configuration: "RelWithDebInfo"\n'}
[31.570752] (tensorrt_detect) StdoutLine: {'line': b'-- Execute custom install script\n'}
[31.571304] (tensorrt_detect) StdoutLine: {'line': b'-- Up-to-date symlink: /home/delphine/rm/tensorrt10_detect/install/tensorrt_detect/lib/tensorrt_detect/standard\n'}
[31.571484] (tensorrt_detect) StdoutLine: {'line': b'-- Up-to-date symlink: /home/delphine/rm/tensorrt10_detect/install/tensorrt_detect/lib/tensorrt_detect/detect_node\n'}
[31.571575] (tensorrt_detect) StdoutLine: {'line': b'-- Up-to-date symlink: /home/delphine/rm/tensorrt10_detect/install/tensorrt_detect/lib/tensorrt_detect/display_node\n'}
[31.571650] (tensorrt_detect) StdoutLine: {'line': b'-- Up-to-date symlink: /home/delphine/rm/tensorrt10_detect/install/tensorrt_detect/lib/tensorrt_detect/video_node\n'}
[31.571693] (tensorrt_detect) StdoutLine: {'line': b'-- Up-to-date symlink: /home/delphine/rm/tensorrt10_detect/install/tensorrt_detect/lib/tensorrt_detect/pose_node\n'}
[31.571779] (tensorrt_detect) StdoutLine: {'line': b'-- Up-to-date symlink: /home/delphine/rm/tensorrt10_detect/install/tensorrt_detect/lib/tensorrt_detect/map_node\n'}
[31.571852] (tensorrt_detect) StdoutLine: {'line': b'-- Up-to-date symlink: /home/delphine/rm/tensorrt10_detect/install/tensorrt_detect/lib/tensorrt_detect/calibrate_node\n'}
[31.571937] (tensorrt_detect) StdoutLine: {'line': b'-- Up-to-date symlink: /home/delphine/rm/tensorrt10_detect/install/tensorrt_detect/lib/tensorrt_detect/roi_set_node\n'}
[31.572009] (tensorrt_detect) StdoutLine: {'line': b'-- Up-to-date symlink: /home/delphine/rm/tensorrt10_detect/install/tensorrt_detect/lib/tensorrt_detect/qt_display_node\n'}
[31.572507] (tensorrt_detect) StdoutLine: {'line': b'-- Up-to-date symlink: /home/delphine/rm/tensorrt10_detect/install/tensorrt_detect/share/tensorrt_detect/launch/detect_pipeline.launch.py\n'}
[31.572568] (-) TimerEvent: {}
[31.572620] (tensorrt_detect) StdoutLine: {'line': b'-- Up-to-date symlink: /home/delphine/rm/tensorrt10_detect/install/tensorrt_detect/share/tensorrt_detect/config/ros2_params.yaml\n'}
[31.572735] (tensorrt_detect) StdoutLine: {'line': b'-- Up-to-date symlink: /home/delphine/rm/tensorrt10_detect/install/tensorrt_detect/share/ament_index/resource_index/package_run_dependencies/tensorrt_detect\n'}
[31.572837] (tensorrt_detect) StdoutLine: {'line': b'-- Up-to-date symlink: /home/delphine/rm/tensorrt10_detect/install/tensorrt_detect/share/ament_index/resource_index/parent_prefix_path/tensorrt_detect\n'}
[31.572945] (tensorrt_detect) StdoutLine: {'line': b'-- Up-to-date symlink: /home/delphine/rm/tensorrt10_detect/install/tensorrt_detect/share/tensorrt_detect/environment/ament_prefix_path.sh\n'}
[31.573052] (tensorrt_detect) StdoutLine: {'line': b'-- Up-to-date symlink: /home/delphine/rm/tensorrt10_detect/install/tensorrt_detect/share/tensorrt_detect/environment/ament_prefix_path.dsv\n'}
[31.573152] (tensorrt_detect) StdoutLine: {'line': b'-- Up-to-date symlink: /home/delphine/rm/tensorrt10_detect/install/tensorrt_detect/share/tensorrt_detect/environment/path.sh\n'}
[31.573248] (tensorrt_detect) StdoutLine: {'line': b'-- Up-to-date symlink: /home/delphine/rm/tensorrt10_detect/install/tensorrt_detect/share/tensorrt_detect/environment/path.dsv\n'}
[31.573346] (tensorrt_detect) StdoutLine: {'line': b'-- Up-to-date symlink: /home/delphine/rm/tensorrt10_detect/install/tensorrt_detect/share/tensorrt_detect/local_setup.bash\n'}
[31.573443] (tensorrt_detect) StdoutLine: {'line': b'-- Up-to-date symlink: /home/delphine/rm/tensorrt10_detect/install/tensorrt_detect/share/tensorrt_detect/local_setup.sh\n'}
[31.573542] (tensorrt_detect) StdoutLine: {'line': b'-- Up-to-date symlink: /home/delphine/rm/tensorrt10_detect/install/tensorrt_detect/share/tensorrt_detect/local_setup.zsh\n'}
[31.573634] (tensorrt_detect) StdoutLine: {'line': b'-- Up-to-date symlink: /home/delphine/rm/tensorrt10_detect/install/tensorrt_detect/share/tensorrt_detect/local_setup.dsv\n'}
[31.573710] (tensorrt_detect) StdoutLine: {'line': b'-- Symlinking: /home/delphine/rm/tensorrt10_detect/install/tensorrt_detect/share/tensorrt_detect/package.dsv\n'}
[31.581752] (tensorrt_detect) StdoutLine: {'line': b'-- Up-to-date symlink: /home/delphine/rm/tensorrt10_detect/install/tensorrt_detect/share/ament_index/resource_index/packages/tensorrt_detect\n'}
[31.581996] (tensorrt_detect) StdoutLine: {'line': b'-- Up-to-date symlink: /home/delphine/rm/tensorrt10_detect/install/tensorrt_detect/share/tensorrt_detect/cmake/tensorrt_detectConfig.cmake\n'}
[31.582204] (tensorrt_detect) StdoutLine: {'line': b'-- Up-to-date symlink: /home/delphine/rm/tensorrt10_detect/install/tensorrt_detect/share/tensorrt_detect/cmake/tensorrt_detectConfig-version.cmake\n'}
[31.582320] (tensorrt_detect) StdoutLine: {'line': b'-- Up-to-date symlink: /home/delphine/rm/tensorrt10_detect/install/tensorrt_detect/share/tensorrt_detect/package.xml\n'}
[31.583524] (tensorrt_detect) CommandEnded: {'returncode': 0}
[31.603871] (tensorrt_detect) JobEnded: {'identifier': 'tensorrt_detect', 'rc': 0}
[31.604363] (-) EventReactorShutdown: {}
