[0.000000] (-) TimerEvent: {}
[0.000172] (-) JobUnselected: {'identifier': 'tensorrt_detect_msgs'}
[0.000323] (tensorrt_detect) JobQueued: {'identifier': 'tensorrt_detect', 'dependencies': OrderedDict({'tensorrt_detect_msgs': '/home/delphine/rm/tensorrt10_detect/install/tensorrt_detect_msgs'})}
[0.000412] (tensorrt_detect) JobStarted: {'identifier': 'tensorrt_detect'}
[0.008254] (tensorrt_detect) JobProgress: {'identifier': 'tensorrt_detect', 'progress': 'cmake'}
[0.009411] (tensorrt_detect) Command: {'cmd': ['/usr/bin/cmake', '/home/delphine/rm/tensorrt10_detect/src/tensorrt_detect', '-DCMAKE_INSTALL_PREFIX=/home/delphine/rm/tensorrt10_detect/install/tensorrt_detect'], 'cwd': '/home/delphine/rm/tensorrt10_detect/build/tensorrt_detect', 'env': OrderedDict({'GJS_DEBUG_TOPICS': 'JS ERROR;JS LOG', 'LESSOPEN': '| /usr/bin/lesspipe %s', 'VSCODE_CWD': '/home/delphine', 'VSCODE_ESM_ENTRYPOINT': 'vs/workbench/api/node/extensionHostProcess', 'CONDA_PROMPT_MODIFIER': '(base)', 'TENSORRT_PATH': '/opt/TensorRT/TensorRT-10.2.0.19', '_PYI_ARCHIVE_FILE': '/home/delphine/.config/Code/User/globalStorage/moonshot-ai.kimi-code/bin/kimi/kimi', 'USER': 'delphine', 'SNAP_COMMON': '/var/snap/code/common', 'VSCODE_NLS_CONFIG': '{"userLocale":"zh-cn","osLocale":"zh-cn","resolvedLanguage":"zh-cn","defaultMessagesFile":"/snap/code/235/usr/share/code/resources/app/out/nls.messages.json","languagePack":{"translationsConfigFile":"/home/delphine/.config/Code/clp/b3d577d0e0e421f69f6e9379a6ee9c57.zh-cn/tcf.json","messagesFile":"/home/delphine/.config/Code/clp/b3d577d0e0e421f69f6e9379a6ee9c57.zh-cn/10c8e557c8b9f9ed0a87f61f1c9a44bde731c409/nls.messages.json","corruptMarkerFile":"/home/delphine/.config/Code/clp/b3d577d0e0e421f69f6e9379a6ee9c57.zh-cn/corrupted.info"},"locale":"zh-cn","availableLanguages":{"*":"zh-cn"},"_languagePackId":"b3d577d0e0e421f69f6e9379a6ee9c57.zh-cn","_languagePackSupport":true,"_translationsConfigFile":"/home/delphine/.config/Code/clp/b3d577d0e0e421f69f6e9379a6ee9c57.zh-cn/tcf.json","_cacheRoot":"/home/delphine/.config/Code/clp/b3d577d0e0e421f69f6e9379a6ee9c57.zh-cn","_resolvedLanguagePackCoreLocation":"/home/delphine/.config/Code/clp/b3d577d0e0e421f69f6e9379a6ee9c57.zh-cn/10c8e557c8b9f9ed0a87f61f1c9a44bde731c409","_corruptedFile":"/home/delphine/.config/Code/clp/b3d577d0e0e421f69f6e9379a6ee9c57.zh-cn/corrupted.info"}', 'FONTCONFIG_PATH': '/etc/fonts', 'GIO_MODULE_DIR': '/home/delphine/snap/code/common/.cache/gio-modules', 'VSCODE_HANDLES_UNCAUGHT_ERRORS': 'true', 'XDG_SESSION_TYPE': 'x11', 'ALLUSERSPROFILE': '/opt/MVS/MVFG', 'SNAP_UID': '1000', 'CLUTTER_DISABLE_MIPMAPPED_TEXT': '1', 'SHLVL': '1', 'LD_LIBRARY_PATH': '/home/delphine/rm/tensorrt10_detect/install/tensorrt_detect_msgs/lib:/opt/MVS/lib/64:/opt/MVS/lib/32:/opt/ros/jazzy/opt/rviz_ogre_vendor/lib:/opt/ros/jazzy/lib/x86_64-linux-gnu:/opt/ros/jazzy/opt/gz_math_vendor/lib:/opt/ros/jazzy/opt/gz_utils_vendor/lib:/opt/ros/jazzy/opt/gz_cmake_vendor/lib:/opt/ros/jazzy/lib:/opt/MVS/lib/64:/opt/MVS/lib/32:/opt/TensorRT/TensorRT-10.2.0.19/lib:/opt/TensorRT/TensorRT-10.2.0/lib:/usr/local/cuda-12.6/lib64:/opt/MVS/lib/64:/opt/MVS/lib/32:/opt/MVS/lib/64:/opt/MVS/lib/32:/opt/MVS/lib/64:/opt/MVS/lib/32', 'HOME': '/home/delphine', 'CHROME_DESKTOP': 'code.desktop', 'CONDA_SHLVL': '1', 'SNAP_LIBRARY_PATH': '/var/lib/snapd/lib/gl:/var/lib/snapd/lib/gl32', 'OLDPWD': '/home/delphine/rm/tensorrt10_detect', 'DESKTOP_SESSION': 'ubuntu', 'SNAP_USER_DATA': '/home/delphine/snap/code/235', 'GTK_PATH': '/snap/code/235/usr/lib/x86_64-linux-gnu/gtk-3.0', 'VSCODE_IPC_HOOK': '/run/user/1000/vscode-93a8e15f-1.11-main.sock', 'GTK_IM_MODULE_FILE': '/home/delphine/snap/code/common/.cache/immodules/immodules.cache', 'GIO_LAUNCHED_DESKTOP_FILE': '/var/lib/snapd/desktop/applications/code_code.desktop', 'ROS_PYTHON_VERSION': '3', 'GNOME_SHELL_SESSION_MODE': 'ubuntu', 'GTK_MODULES': 'gail:atk-bridge', 'SDL_IM_MODULE': 'fcitx', '_PYI_PARENT_PROCESS_LEVEL': '1', 'COPILOT_OTEL_FILE_EXPORTER_PATH': '/dev/null', 'MANAGERPID': '4578', 'LC_CTYPE': 'C.UTF-8', 'SYSTEMD_EXEC_PID': '4964', 'GSM_SKIP_SSH_AGENT_WORKAROUND': 'true', 'DBUS_SESSION_BUS_ADDRESS': 'unix:path=/run/user/1000/bus', 'SNAP_REVISION': '235', '_CONDA_ROOT': '/home/delphine/miniconda3', 'GIO_LAUNCHED_DESKTOP_FILE_PID': '6453', 'VSCODE_CRASH_REPORTER_PROCESS_TYPE': 'extensionHost', 'DEBUGINFOD_URLS': 'https://debuginfod.ubuntu.com', 'IM_CONFIG_PHASE': '1', 'VSCODE_L10N_BUNDLE_LOCATION': 'file:///home/delphine/.vscode/extensions/ms-ceintl.vscode-language-pack-zh-hans-1.110.2026041514/translations/extensions/vscode.json-language-features.i18n.json', 'COLCON_PREFIX_PATH': '/home/delphine/rm/tensorrt10_detect/install', 'APPLICATION_INSIGHTS_NO_STATSBEAT': 'true', 'ROS_DISTRO': 'jazzy', 'GTK_IM_MODULE': 'fcitx', 'LOGNAME': 'delphine', 'LD_LIBRARY_PATH_ORIG': '/opt/MVS/lib/64:/opt/MVS/lib/32:/home/delphine/rm/tensorrt10_detect/install/tensorrt_detect_msgs/lib:/opt/ros/jazzy/opt/rviz_ogre_vendor/lib:/opt/ros/jazzy/lib/x86_64-linux-gnu:/opt/ros/jazzy/opt/gz_math_vendor/lib:/opt/ros/jazzy/opt/gz_utils_vendor/lib:/opt/ros/jazzy/opt/gz_cmake_vendor/lib:/opt/ros/jazzy/lib:/opt/MVS/lib/64:/opt/MVS/lib/32:/opt/TensorRT/TensorRT-10.2.0.19/lib:/opt/TensorRT/TensorRT-10.2.0/lib:/usr/local/cuda-12.6/lib64:/opt/MVS/lib/64:/opt/MVS/lib/32:/opt/MVS/lib/64:/opt/MVS/lib/32:/opt/MVS/lib/64:/opt/MVS/lib/32:', 'OTEL_INSTRUMENTATION_GENAI_CAPTURE_MESSAGE_CONTENT': 'true', 'SNAP_CONTEXT': '4hthZVkfk3FmjmWELQ5WWj5SvvO2JkVAfH3laZGolRSGZZBDstYm', 'JOURNAL_STREAM': '9:32118', '_': '/usr/bin/colcon', 'ROS_VERSION': '2', 'XDG_CONFIG_DIRS_VSCODE_SNAP_ORIG': '/etc/xdg/xdg-ubuntu:/etc/xdg', 'MEMORY_PRESSURE_WATCH': '/sys/fs/cgroup/user.slice/user-1000.slice/user@1000.service/session.slice/org.gnome.Shell@x11.service/memory.pressure', 'XDG_SESSION_CLASS': 'user', 'SNAP_VERSION': '10c8e557', 'XDG_DATA_DIRS_VSCODE_SNAP_ORIG': '/usr/share/ubuntu:/usr/share/gnome:/usr/local/share/:/usr/share/:/var/lib/snapd/desktop', 'USERNAME': 'delphine', 'GNOME_DESKTOP_SESSION_ID': 'this-is-deprecated', 'SNAP_INSTANCE_NAME': 'code', 'FC_FONTATIONS': '1', 'WINDOWPATH': '2', '_PYI_LINUX_PROCESS_NAME': 'kimi', 'MVCAM_SDK_PATH': '/opt/MVS', 'PATH': '/home/delphine/.local/bin:/opt/ros/jazzy/bin:/home/delphine/.npm-global/bin:/home/delphine/miniconda3/bin:/home/delphine/miniconda3/condabin:/opt/TensorRT/TensorRT-10.2.0.19/bin:/opt/TensorRT/TensorRT-10.2.0/bin:/usr/local/cuda-12.6/bin:/usr/bin:/home/delphine/.local/bin:/usr/local/sbin:/usr/local/bin:/usr/sbin:/usr/bin:/sbin:/bin:/usr/games:/usr/local/games:/snap/bin:/snap/bin:/opt/MVS/bin', 'SESSION_MANAGER': 'local/delphine-ASUS-TUF-Gaming-F16-FX607JV-FX607JV:@/tmp/.ICE-unix/4931,unix/delphine-ASUS-TUF-Gaming-F16-FX607JV-FX607JV:/tmp/.ICE-unix/4931', 'GTK_EXE_PREFIX': '/snap/code/235/usr', 'INVOCATION_ID': '9ac5688cc7f14be082df9863f339e306', 'MVCAM_GENICAM_CLPROTOCOL': '/opt/MVS/lib/CLProtocol', 'XDG_MENU_PREFIX': 'gnome-', 'SNAP_DATA': '/var/snap/code/235', 'XDG_RUNTIME_DIR': '/run/user/1000', 'GDK_BACKEND': 'x11', 'DISPLAY': ':1', 'LOCPATH': '/snap/code/235/usr/lib/locale', 'LANG': 'C', 'XDG_CURRENT_DESKTOP': 'ubuntu:GNOME', 'XDG_DATA_HOME': '/home/delphine/snap/code/235/.local/share', 'XMODIFIERS': '@im=fcitx', 'XDG_SESSION_DESKTOP': 'ubuntu', 'XAUTHORITY': '/run/user/1000/gdm/Xauthority', 'COPILOT_OTEL_ENABLED': 'true', 'SNAP_USER_COMMON': '/home/delphine/snap/code/common', 'SSH_AUTH_SOCK': '/run/user/1000/keyring/ssh', 'GSETTINGS_SCHEMA_DIR': '/home/delphine/snap/code/235/.local/share/glib-2.0/schemas', 'SNAP_ARCH': 'amd64', 'AMENT_PREFIX_PATH': '/home/delphine/rm/tensorrt10_detect/install/tensorrt_detect:/home/delphine/rm/tensorrt10_detect/install/tensorrt_detect_msgs:/opt/ros/jazzy', 'SNAP_COOKIE': '4hthZVkfk3FmjmWELQ5WWj5SvvO2JkVAfH3laZGolRSGZZBDstYm', 'CONDA_PYTHON_EXE': '/home/delphine/miniconda3/bin/python', 'SHELL': '/bin/bash', 'GDK_PIXBUF_MODULEDIR': '/snap/code/235/usr/lib/x86_64-linux-gnu/gdk-pixbuf-2.0/2.10.0/loaders', 'GIT_TERMINAL_PROMPT': '0', 'QT_ACCESSIBILITY': '1', 'ELECTRON_RUN_AS_NODE': '1', 'GDMSESSION': 'ubuntu', 'LESSCLOSE': '/usr/bin/lesspipe %s %s', 'CONDA_DEFAULT_ENV': 'base', 'SNAP_NAME': 'code', 'FONTCONFIG_FILE': '/etc/fonts/fonts.conf', 'GDK_PIXBUF_MODULE_FILE': '/home/delphine/snap/code/common/.cache/gdk-pixbuf-loaders.cache', 'GPG_AGENT_INFO': '/run/user/1000/gnupg/S.gpg-agent:0:1', 'GJS_DEBUG_OUTPUT': 'stderr', '_CONDA_EXE': '/home/delphine/miniconda3/bin/conda', 'ROS_AUTOMATIC_DISCOVERY_RANGE': 'SUBNET', 'SNAP_LAUNCHER_ARCH_TRIPLET': 'x86_64-linux-gnu', 'QT_IM_MODULE': 'fcitx', 'PWD': '/home/delphine/rm/tensorrt10_detect/build/tensorrt_detect', 'VSCODE_CLI': '1', 'XDG_CONFIG_DIRS': '/etc/xdg/xdg-ubuntu:/etc/xdg', 'CONDA_EXE': '/home/delphine/miniconda3/bin/conda', 'SNAP_REAL_HOME': '/home/delphine', 'VSCODE_CODE_CACHE_PATH': '/home/delphine/.config/Code/CachedData/10c8e557c8b9f9ed0a87f61f1c9a44bde731c409', 'CLUTTER_IM_MODULE': 'fcitx', 'XDG_DATA_DIRS': '/home/delphine/snap/code/235/.local/share:/home/delphine/snap/code/235:/snap/code/235/usr/share:/usr/share/ubuntu:/usr/share/gnome:/usr/local/share/:/usr/share/:/var/lib/snapd/desktop', 'SNAP_EUID': '1000', 'PYTHONPATH': '/home/delphine/rm/tensorrt10_detect/install/tensorrt_detect_msgs/lib/python3.13/site-packages:/home/delphine/rm/tensorrt10_detect/install/tensorrt_detect_msgs/lib/python3.12/site-packages:/opt/ros/jazzy/lib/python3.12/site-packages', 'SNAP': '/snap/code/235', 'CONDA_PREFIX': '/home/delphine/miniconda3', 'COLCON': '1', 'MEMORY_PRESSURE_WRITE': 'c29tZSAyMDAwMDAgMjAwMDAwMAA=', 'ELECTRON_NO_ATTACH_CONSOLE': '1', 'CMAKE_PREFIX_PATH': '/home/delphine/rm/tensorrt10_detect/install/tensorrt_detect_msgs:/home/delphine/rm/tensorrt10_detect/install/tensorrt_detect:/opt/ros/jazzy/opt/gz_math_vendor:/opt/ros/jazzy/opt/gz_utils_vendor:/opt/ros/jazzy/opt/gz_cmake_vendor:/opt/ros/jazzy', 'VSCODE_PID': '6512', 'MVCAM_COMMON_RUNENV': '/opt/MVS/lib', 'COPILOT_OTEL_EXPORTER_TYPE': 'file'}), 'shell': False}
[0.024776] (tensorrt_detect) StdoutLine: {'line': b'-- Found ament_cmake: 2.5.6 (/opt/ros/jazzy/share/ament_cmake/cmake)\n'}
[0.099916] (-) TimerEvent: {}
[0.185401] (tensorrt_detect) StdoutLine: {'line': b'-- Override CMake install command with custom implementation using symlinks instead of copying resources\n'}
[0.190509] (tensorrt_detect) StdoutLine: {'line': b'-- Found rclcpp: 28.1.18 (/opt/ros/jazzy/share/rclcpp/cmake)\n'}
[0.199990] (-) TimerEvent: {}
[0.210033] (tensorrt_detect) StdoutLine: {'line': b'-- Found rosidl_generator_c: 4.6.7 (/opt/ros/jazzy/share/rosidl_generator_c/cmake)\n'}
[0.216246] (tensorrt_detect) StdoutLine: {'line': b'-- Found rosidl_generator_cpp: 4.6.7 (/opt/ros/jazzy/share/rosidl_generator_cpp/cmake)\n'}
[0.224972] (tensorrt_detect) StdoutLine: {'line': b'-- Using all available rosidl_typesupport_c: rosidl_typesupport_fastrtps_c;rosidl_typesupport_introspection_c\n'}
[0.234159] (tensorrt_detect) StdoutLine: {'line': b'-- Using all available rosidl_typesupport_cpp: rosidl_typesupport_fastrtps_cpp;rosidl_typesupport_introspection_cpp\n'}
[0.280134] (tensorrt_detect) StdoutLine: {'line': b'-- Found rmw_implementation_cmake: 7.3.3 (/opt/ros/jazzy/share/rmw_implementation_cmake/cmake)\n'}
[0.280955] (tensorrt_detect) StdoutLine: {'line': b'-- Found rmw_fastrtps_cpp: 8.4.3 (/opt/ros/jazzy/share/rmw_fastrtps_cpp/cmake)\n'}
[0.300091] (-) TimerEvent: {}
[0.336781] (tensorrt_detect) StdoutLine: {'line': b"-- Using RMW implementation 'rmw_fastrtps_cpp' as default\n"}
[0.393413] (tensorrt_detect) StdoutLine: {'line': b'-- Found sensor_msgs: 5.3.7 (/opt/ros/jazzy/share/sensor_msgs/cmake)\n'}
[0.400182] (-) TimerEvent: {}
[0.437481] (tensorrt_detect) StdoutLine: {'line': b'-- Found cv_bridge: 4.1.0 (/opt/ros/jazzy/share/cv_bridge/cmake)\n'}
[0.445451] (tensorrt_detect) StdoutLine: {'line': b'-- Found std_srvs: 5.3.7 (/opt/ros/jazzy/share/std_srvs/cmake)\n'}
[0.457459] (tensorrt_detect) StdoutLine: {'line': b'-- Found tensorrt_detect_msgs: 0.0.1 (/home/delphine/rm/tensorrt10_detect/install/tensorrt_detect_msgs/share/tensorrt_detect_msgs/cmake)\n'}
[0.500316] (-) TimerEvent: {}
[0.521543] (tensorrt_detect) StderrLine: {'line': b'CMake Deprecation Warning at /home/delphine/open3d-devel-linux-x86_64-cxx11-abi-cuda-0.19.0/lib/cmake/Open3D/Open3DConfig.cmake:18 (cmake_policy):\n'}
[0.521731] (tensorrt_detect) StderrLine: {'line': b'  The OLD behavior for policy CMP0072 will be removed from a future version\n'}
[0.521809] (tensorrt_detect) StderrLine: {'line': b'  of CMake.\n'}
[0.521863] (tensorrt_detect) StderrLine: {'line': b'\n'}
[0.521916] (tensorrt_detect) StderrLine: {'line': b'  The cmake-policies(7) manual explains that the OLD behaviors of all\n'}
[0.521974] (tensorrt_detect) StderrLine: {'line': b'  policies are deprecated and that a policy should be set to OLD only under\n'}
[0.522024] (tensorrt_detect) StderrLine: {'line': b'  specific short-term circumstances.  Projects should be ported to the NEW\n'}
[0.522070] (tensorrt_detect) StderrLine: {'line': b'  behavior and not rely on setting a policy to OLD.\n'}
[0.522118] (tensorrt_detect) StderrLine: {'line': b'Call Stack (most recent call first):\n'}
[0.522160] (tensorrt_detect) StderrLine: {'line': b'  CMakeLists.txt:29 (find_package)\n'}
[0.522210] (tensorrt_detect) StderrLine: {'line': b'\n'}
[0.522252] (tensorrt_detect) StderrLine: {'line': b'\n'}
[0.600479] (-) TimerEvent: {}
[0.620135] (tensorrt_detect) StdoutLine: {'line': b'-- Configuring done (0.6s)\n'}
[0.689004] (tensorrt_detect) StdoutLine: {'line': b'-- Generating done (0.0s)\n'}
[0.700589] (-) TimerEvent: {}
[0.701584] (tensorrt_detect) StdoutLine: {'line': b'-- Build files have been written to: /home/delphine/rm/tensorrt10_detect/build/tensorrt_detect\n'}
[0.711178] (tensorrt_detect) CommandEnded: {'returncode': 0}
[0.711968] (tensorrt_detect) JobProgress: {'identifier': 'tensorrt_detect', 'progress': 'build'}
[0.712547] (tensorrt_detect) Command: {'cmd': ['/usr/bin/cmake', '--build', '/home/delphine/rm/tensorrt10_detect/build/tensorrt_detect', '--', '-j20', '-l20'], 'cwd': '/home/delphine/rm/tensorrt10_detect/build/tensorrt_detect', 'env': OrderedDict({'GJS_DEBUG_TOPICS': 'JS ERROR;JS LOG', 'LESSOPEN': '| /usr/bin/lesspipe %s', 'VSCODE_CWD': '/home/delphine', 'VSCODE_ESM_ENTRYPOINT': 'vs/workbench/api/node/extensionHostProcess', 'CONDA_PROMPT_MODIFIER': '(base)', 'TENSORRT_PATH': '/opt/TensorRT/TensorRT-10.2.0.19', '_PYI_ARCHIVE_FILE': '/home/delphine/.config/Code/User/globalStorage/moonshot-ai.kimi-code/bin/kimi/kimi', 'USER': 'delphine', 'SNAP_COMMON': '/var/snap/code/common', 'VSCODE_NLS_CONFIG': '{"userLocale":"zh-cn","osLocale":"zh-cn","resolvedLanguage":"zh-cn","defaultMessagesFile":"/snap/code/235/usr/share/code/resources/app/out/nls.messages.json","languagePack":{"translationsConfigFile":"/home/delphine/.config/Code/clp/b3d577d0e0e421f69f6e9379a6ee9c57.zh-cn/tcf.json","messagesFile":"/home/delphine/.config/Code/clp/b3d577d0e0e421f69f6e9379a6ee9c57.zh-cn/10c8e557c8b9f9ed0a87f61f1c9a44bde731c409/nls.messages.json","corruptMarkerFile":"/home/delphine/.config/Code/clp/b3d577d0e0e421f69f6e9379a6ee9c57.zh-cn/corrupted.info"},"locale":"zh-cn","availableLanguages":{"*":"zh-cn"},"_languagePackId":"b3d577d0e0e421f69f6e9379a6ee9c57.zh-cn","_languagePackSupport":true,"_translationsConfigFile":"/home/delphine/.config/Code/clp/b3d577d0e0e421f69f6e9379a6ee9c57.zh-cn/tcf.json","_cacheRoot":"/home/delphine/.config/Code/clp/b3d577d0e0e421f69f6e9379a6ee9c57.zh-cn","_resolvedLanguagePackCoreLocation":"/home/delphine/.config/Code/clp/b3d577d0e0e421f69f6e9379a6ee9c57.zh-cn/10c8e557c8b9f9ed0a87f61f1c9a44bde731c409","_corruptedFile":"/home/delphine/.config/Code/clp/b3d577d0e0e421f69f6e9379a6ee9c57.zh-cn/corrupted.info"}', 'FONTCONFIG_PATH': '/etc/fonts', 'GIO_MODULE_DIR': '/home/delphine/snap/code/common/.cache/gio-modules', 'VSCODE_HANDLES_UNCAUGHT_ERRORS': 'true', 'XDG_SESSION_TYPE': 'x11', 'ALLUSERSPROFILE': '/opt/MVS/MVFG', 'SNAP_UID': '1000', 'CLUTTER_DISABLE_MIPMAPPED_TEXT': '1', 'SHLVL': '1', 'LD_LIBRARY_PATH': '/home/delphine/rm/tensorrt10_detect/install/tensorrt_detect_msgs/lib:/opt/MVS/lib/64:/opt/MVS/lib/32:/opt/ros/jazzy/opt/rviz_ogre_vendor/lib:/opt/ros/jazzy/lib/x86_64-linux-gnu:/opt/ros/jazzy/opt/gz_math_vendor/lib:/opt/ros/jazzy/opt/gz_utils_vendor/lib:/opt/ros/jazzy/opt/gz_cmake_vendor/lib:/opt/ros/jazzy/lib:/opt/MVS/lib/64:/opt/MVS/lib/32:/opt/TensorRT/TensorRT-10.2.0.19/lib:/opt/TensorRT/TensorRT-10.2.0/lib:/usr/local/cuda-12.6/lib64:/opt/MVS/lib/64:/opt/MVS/lib/32:/opt/MVS/lib/64:/opt/MVS/lib/32:/opt/MVS/lib/64:/opt/MVS/lib/32', 'HOME': '/home/delphine', 'CHROME_DESKTOP': 'code.desktop', 'CONDA_SHLVL': '1', 'SNAP_LIBRARY_PATH': '/var/lib/snapd/lib/gl:/var/lib/snapd/lib/gl32', 'OLDPWD': '/home/delphine/rm/tensorrt10_detect', 'DESKTOP_SESSION': 'ubuntu', 'SNAP_USER_DATA': '/home/delphine/snap/code/235', 'GTK_PATH': '/snap/code/235/usr/lib/x86_64-linux-gnu/gtk-3.0', 'VSCODE_IPC_HOOK': '/run/user/1000/vscode-93a8e15f-1.11-main.sock', 'GTK_IM_MODULE_FILE': '/home/delphine/snap/code/common/.cache/immodules/immodules.cache', 'GIO_LAUNCHED_DESKTOP_FILE': '/var/lib/snapd/desktop/applications/code_code.desktop', 'ROS_PYTHON_VERSION': '3', 'GNOME_SHELL_SESSION_MODE': 'ubuntu', 'GTK_MODULES': 'gail:atk-bridge', 'SDL_IM_MODULE': 'fcitx', '_PYI_PARENT_PROCESS_LEVEL': '1', 'COPILOT_OTEL_FILE_EXPORTER_PATH': '/dev/null', 'MANAGERPID': '4578', 'LC_CTYPE': 'C.UTF-8', 'SYSTEMD_EXEC_PID': '4964', 'GSM_SKIP_SSH_AGENT_WORKAROUND': 'true', 'DBUS_SESSION_BUS_ADDRESS': 'unix:path=/run/user/1000/bus', 'SNAP_REVISION': '235', '_CONDA_ROOT': '/home/delphine/miniconda3', 'GIO_LAUNCHED_DESKTOP_FILE_PID': '6453', 'VSCODE_CRASH_REPORTER_PROCESS_TYPE': 'extensionHost', 'DEBUGINFOD_URLS': 'https://debuginfod.ubuntu.com', 'IM_CONFIG_PHASE': '1', 'VSCODE_L10N_BUNDLE_LOCATION': 'file:///home/delphine/.vscode/extensions/ms-ceintl.vscode-language-pack-zh-hans-1.110.2026041514/translations/extensions/vscode.json-language-features.i18n.json', 'COLCON_PREFIX_PATH': '/home/delphine/rm/tensorrt10_detect/install', 'APPLICATION_INSIGHTS_NO_STATSBEAT': 'true', 'ROS_DISTRO': 'jazzy', 'GTK_IM_MODULE': 'fcitx', 'LOGNAME': 'delphine', 'LD_LIBRARY_PATH_ORIG': '/opt/MVS/lib/64:/opt/MVS/lib/32:/home/delphine/rm/tensorrt10_detect/install/tensorrt_detect_msgs/lib:/opt/ros/jazzy/opt/rviz_ogre_vendor/lib:/opt/ros/jazzy/lib/x86_64-linux-gnu:/opt/ros/jazzy/opt/gz_math_vendor/lib:/opt/ros/jazzy/opt/gz_utils_vendor/lib:/opt/ros/jazzy/opt/gz_cmake_vendor/lib:/opt/ros/jazzy/lib:/opt/MVS/lib/64:/opt/MVS/lib/32:/opt/TensorRT/TensorRT-10.2.0.19/lib:/opt/TensorRT/TensorRT-10.2.0/lib:/usr/local/cuda-12.6/lib64:/opt/MVS/lib/64:/opt/MVS/lib/32:/opt/MVS/lib/64:/opt/MVS/lib/32:/opt/MVS/lib/64:/opt/MVS/lib/32:', 'OTEL_INSTRUMENTATION_GENAI_CAPTURE_MESSAGE_CONTENT': 'true', 'SNAP_CONTEXT': '4hthZVkfk3FmjmWELQ5WWj5SvvO2JkVAfH3laZGolRSGZZBDstYm', 'JOURNAL_STREAM': '9:32118', '_': '/usr/bin/colcon', 'ROS_VERSION': '2', 'XDG_CONFIG_DIRS_VSCODE_SNAP_ORIG': '/etc/xdg/xdg-ubuntu:/etc/xdg', 'MEMORY_PRESSURE_WATCH': '/sys/fs/cgroup/user.slice/user-1000.slice/user@1000.service/session.slice/org.gnome.Shell@x11.service/memory.pressure', 'XDG_SESSION_CLASS': 'user', 'SNAP_VERSION': '10c8e557', 'XDG_DATA_DIRS_VSCODE_SNAP_ORIG': '/usr/share/ubuntu:/usr/share/gnome:/usr/local/share/:/usr/share/:/var/lib/snapd/desktop', 'USERNAME': 'delphine', 'GNOME_DESKTOP_SESSION_ID': 'this-is-deprecated', 'SNAP_INSTANCE_NAME': 'code', 'FC_FONTATIONS': '1', 'WINDOWPATH': '2', '_PYI_LINUX_PROCESS_NAME': 'kimi', 'MVCAM_SDK_PATH': '/opt/MVS', 'PATH': '/home/delphine/.local/bin:/opt/ros/jazzy/bin:/home/delphine/.npm-global/bin:/home/delphine/miniconda3/bin:/home/delphine/miniconda3/condabin:/opt/TensorRT/TensorRT-10.2.0.19/bin:/opt/TensorRT/TensorRT-10.2.0/bin:/usr/local/cuda-12.6/bin:/usr/bin:/home/delphine/.local/bin:/usr/local/sbin:/usr/local/bin:/usr/sbin:/usr/bin:/sbin:/bin:/usr/games:/usr/local/games:/snap/bin:/snap/bin:/opt/MVS/bin', 'SESSION_MANAGER': 'local/delphine-ASUS-TUF-Gaming-F16-FX607JV-FX607JV:@/tmp/.ICE-unix/4931,unix/delphine-ASUS-TUF-Gaming-F16-FX607JV-FX607JV:/tmp/.ICE-unix/4931', 'GTK_EXE_PREFIX': '/snap/code/235/usr', 'INVOCATION_ID': '9ac5688cc7f14be082df9863f339e306', 'MVCAM_GENICAM_CLPROTOCOL': '/opt/MVS/lib/CLProtocol', 'XDG_MENU_PREFIX': 'gnome-', 'SNAP_DATA': '/var/snap/code/235', 'XDG_RUNTIME_DIR': '/run/user/1000', 'GDK_BACKEND': 'x11', 'DISPLAY': ':1', 'LOCPATH': '/snap/code/235/usr/lib/locale', 'LANG': 'C', 'XDG_CURRENT_DESKTOP': 'ubuntu:GNOME', 'XDG_DATA_HOME': '/home/delphine/snap/code/235/.local/share', 'XMODIFIERS': '@im=fcitx', 'XDG_SESSION_DESKTOP': 'ubuntu', 'XAUTHORITY': '/run/user/1000/gdm/Xauthority', 'COPILOT_OTEL_ENABLED': 'true', 'SNAP_USER_COMMON': '/home/delphine/snap/code/common', 'SSH_AUTH_SOCK': '/run/user/1000/keyring/ssh', 'GSETTINGS_SCHEMA_DIR': '/home/delphine/snap/code/235/.local/share/glib-2.0/schemas', 'SNAP_ARCH': 'amd64', 'AMENT_PREFIX_PATH': '/home/delphine/rm/tensorrt10_detect/install/tensorrt_detect:/home/delphine/rm/tensorrt10_detect/install/tensorrt_detect_msgs:/opt/ros/jazzy', 'SNAP_COOKIE': '4hthZVkfk3FmjmWELQ5WWj5SvvO2JkVAfH3laZGolRSGZZBDstYm', 'CONDA_PYTHON_EXE': '/home/delphine/miniconda3/bin/python', 'SHELL': '/bin/bash', 'GDK_PIXBUF_MODULEDIR': '/snap/code/235/usr/lib/x86_64-linux-gnu/gdk-pixbuf-2.0/2.10.0/loaders', 'GIT_TERMINAL_PROMPT': '0', 'QT_ACCESSIBILITY': '1', 'ELECTRON_RUN_AS_NODE': '1', 'GDMSESSION': 'ubuntu', 'LESSCLOSE': '/usr/bin/lesspipe %s %s', 'CONDA_DEFAULT_ENV': 'base', 'SNAP_NAME': 'code', 'FONTCONFIG_FILE': '/etc/fonts/fonts.conf', 'GDK_PIXBUF_MODULE_FILE': '/home/delphine/snap/code/common/.cache/gdk-pixbuf-loaders.cache', 'GPG_AGENT_INFO': '/run/user/1000/gnupg/S.gpg-agent:0:1', 'GJS_DEBUG_OUTPUT': 'stderr', '_CONDA_EXE': '/home/delphine/miniconda3/bin/conda', 'ROS_AUTOMATIC_DISCOVERY_RANGE': 'SUBNET', 'SNAP_LAUNCHER_ARCH_TRIPLET': 'x86_64-linux-gnu', 'QT_IM_MODULE': 'fcitx', 'PWD': '/home/delphine/rm/tensorrt10_detect/build/tensorrt_detect', 'VSCODE_CLI': '1', 'XDG_CONFIG_DIRS': '/etc/xdg/xdg-ubuntu:/etc/xdg', 'CONDA_EXE': '/home/delphine/miniconda3/bin/conda', 'SNAP_REAL_HOME': '/home/delphine', 'VSCODE_CODE_CACHE_PATH': '/home/delphine/.config/Code/CachedData/10c8e557c8b9f9ed0a87f61f1c9a44bde731c409', 'CLUTTER_IM_MODULE': 'fcitx', 'XDG_DATA_DIRS': '/home/delphine/snap/code/235/.local/share:/home/delphine/snap/code/235:/snap/code/235/usr/share:/usr/share/ubuntu:/usr/share/gnome:/usr/local/share/:/usr/share/:/var/lib/snapd/desktop', 'SNAP_EUID': '1000', 'PYTHONPATH': '/home/delphine/rm/tensorrt10_detect/install/tensorrt_detect_msgs/lib/python3.13/site-packages:/home/delphine/rm/tensorrt10_detect/install/tensorrt_detect_msgs/lib/python3.12/site-packages:/opt/ros/jazzy/lib/python3.12/site-packages', 'SNAP': '/snap/code/235', 'CONDA_PREFIX': '/home/delphine/miniconda3', 'COLCON': '1', 'MEMORY_PRESSURE_WRITE': 'c29tZSAyMDAwMDAgMjAwMDAwMAA=', 'ELECTRON_NO_ATTACH_CONSOLE': '1', 'CMAKE_PREFIX_PATH': '/home/delphine/rm/tensorrt10_detect/install/tensorrt_detect_msgs:/home/delphine/rm/tensorrt10_detect/install/tensorrt_detect:/opt/ros/jazzy/opt/gz_math_vendor:/opt/ros/jazzy/opt/gz_utils_vendor:/opt/ros/jazzy/opt/gz_cmake_vendor:/opt/ros/jazzy', 'VSCODE_PID': '6512', 'MVCAM_COMMON_RUNENV': '/opt/MVS/lib', 'COPILOT_OTEL_EXPORTER_TYPE': 'file'}), 'shell': False}
[0.773934] (tensorrt_detect) StdoutLine: {'line': b'[  7%] Built target display_node\n'}
[0.774687] (tensorrt_detect) StdoutLine: {'line': b'[ 15%] Built target video_node\n'}
[0.783329] (tensorrt_detect) StdoutLine: {'line': b'[ 53%] Built target tensorrt_detect_core\n'}
[0.800701] (-) TimerEvent: {}
[0.813238] (tensorrt_detect) StdoutLine: {'line': b'[ 76%] Building CXX object CMakeFiles/calibrate_node.dir/src/nodes/calibrate_node.cpp.o\n'}
[0.813484] (tensorrt_detect) StdoutLine: {'line': b'[ 76%] Built target detect_node\n'}
[0.813587] (tensorrt_detect) StdoutLine: {'line': b'[ 76%] Built target standard\n'}
[0.813680] (tensorrt_detect) StdoutLine: {'line': b'[ 80%] Built target qt_display_node\n'}
[0.815341] (tensorrt_detect) StdoutLine: {'line': b'[ 88%] Built target map_node\n'}
[0.820853] (tensorrt_detect) StdoutLine: {'line': b'[ 96%] Built target pose_node\n'}
[0.900941] (-) TimerEvent: {}
[1.001181] (-) TimerEvent: {}
[1.101391] (-) TimerEvent: {}
[1.201599] (-) TimerEvent: {}
[1.301811] (-) TimerEvent: {}
[1.402093] (-) TimerEvent: {}
[1.502329] (-) TimerEvent: {}
[1.602672] (-) TimerEvent: {}
[1.702972] (-) TimerEvent: {}
[1.803284] (-) TimerEvent: {}
[1.903581] (-) TimerEvent: {}
[2.003848] (-) TimerEvent: {}
[2.104096] (-) TimerEvent: {}
[2.204365] (-) TimerEvent: {}
[2.304625] (-) TimerEvent: {}
[2.404923] (-) TimerEvent: {}
[2.505140] (-) TimerEvent: {}
[2.605385] (-) TimerEvent: {}
[2.705625] (-) TimerEvent: {}
[2.805872] (-) TimerEvent: {}
[2.906213] (-) TimerEvent: {}
[3.006503] (-) TimerEvent: {}
[3.106817] (-) TimerEvent: {}
[3.207028] (-) TimerEvent: {}
[3.307291] (-) TimerEvent: {}
[3.407518] (-) TimerEvent: {}
[3.507801] (-) TimerEvent: {}
[3.608014] (-) TimerEvent: {}
[3.708199] (-) TimerEvent: {}
[3.808380] (-) TimerEvent: {}
[3.908672] (-) TimerEvent: {}
[4.008901] (-) TimerEvent: {}
[4.109172] (-) TimerEvent: {}
[4.209384] (-) TimerEvent: {}
[4.309624] (-) TimerEvent: {}
[4.409820] (-) TimerEvent: {}
[4.510030] (-) TimerEvent: {}
[4.610242] (-) TimerEvent: {}
[4.710438] (-) TimerEvent: {}
[4.810632] (-) TimerEvent: {}
[4.910959] (-) TimerEvent: {}
[5.011168] (-) TimerEvent: {}
[5.111430] (-) TimerEvent: {}
[5.211706] (-) TimerEvent: {}
[5.312048] (-) TimerEvent: {}
[5.412527] (-) TimerEvent: {}
[5.512865] (-) TimerEvent: {}
[5.613131] (-) TimerEvent: {}
[5.713432] (-) TimerEvent: {}
[5.813628] (-) TimerEvent: {}
[5.913871] (-) TimerEvent: {}
[6.014103] (-) TimerEvent: {}
[6.114282] (-) TimerEvent: {}
[6.214509] (-) TimerEvent: {}
[6.314771] (-) TimerEvent: {}
[6.415049] (-) TimerEvent: {}
[6.515245] (-) TimerEvent: {}
[6.615516] (-) TimerEvent: {}
[6.715844] (-) TimerEvent: {}
[6.816059] (-) TimerEvent: {}
[6.916258] (-) TimerEvent: {}
[7.016444] (-) TimerEvent: {}
[7.116715] (-) TimerEvent: {}
[7.216926] (-) TimerEvent: {}
[7.317154] (-) TimerEvent: {}
[7.417339] (-) TimerEvent: {}
[7.517658] (-) TimerEvent: {}
[7.617983] (-) TimerEvent: {}
[7.718323] (-) TimerEvent: {}
[7.818607] (-) TimerEvent: {}
[7.918859] (-) TimerEvent: {}
[8.019067] (-) TimerEvent: {}
[8.119259] (-) TimerEvent: {}
[8.219494] (-) TimerEvent: {}
[8.319694] (-) TimerEvent: {}
[8.419981] (-) TimerEvent: {}
[8.520238] (-) TimerEvent: {}
[8.620521] (-) TimerEvent: {}
[8.720844] (-) TimerEvent: {}
[8.821043] (-) TimerEvent: {}
[8.921229] (-) TimerEvent: {}
[9.021602] (-) TimerEvent: {}
[9.121857] (-) TimerEvent: {}
[9.222055] (-) TimerEvent: {}
[9.322286] (-) TimerEvent: {}
[9.422510] (-) TimerEvent: {}
[9.522726] (-) TimerEvent: {}
[9.623077] (-) TimerEvent: {}
[9.723365] (-) TimerEvent: {}
[9.823631] (-) TimerEvent: {}
[9.923975] (-) TimerEvent: {}
[10.024142] (-) TimerEvent: {}
[10.124341] (-) TimerEvent: {}
[10.224512] (-) TimerEvent: {}
[10.324704] (-) TimerEvent: {}
[10.424909] (-) TimerEvent: {}
[10.525072] (-) TimerEvent: {}
[10.625219] (-) TimerEvent: {}
[10.725419] (-) TimerEvent: {}
[10.825589] (-) TimerEvent: {}
[10.925772] (-) TimerEvent: {}
[11.026002] (-) TimerEvent: {}
[11.126172] (-) TimerEvent: {}
[11.226387] (-) TimerEvent: {}
[11.326632] (-) TimerEvent: {}
[11.426808] (-) TimerEvent: {}
[11.527006] (-) TimerEvent: {}
[11.627226] (-) TimerEvent: {}
[11.727552] (-) TimerEvent: {}
[11.827720] (-) TimerEvent: {}
[11.927963] (-) TimerEvent: {}
[12.028187] (-) TimerEvent: {}
[12.128408] (-) TimerEvent: {}
[12.228864] (-) TimerEvent: {}
[12.329263] (-) TimerEvent: {}
[12.429442] (-) TimerEvent: {}
[12.529737] (-) TimerEvent: {}
[12.629945] (-) TimerEvent: {}
[12.730106] (-) TimerEvent: {}
[12.830340] (-) TimerEvent: {}
[12.930584] (-) TimerEvent: {}
[13.030968] (-) TimerEvent: {}
[13.131190] (-) TimerEvent: {}
[13.231439] (-) TimerEvent: {}
[13.331628] (-) TimerEvent: {}
[13.431978] (-) TimerEvent: {}
[13.532227] (-) TimerEvent: {}
[13.632469] (-) TimerEvent: {}
[13.732712] (-) TimerEvent: {}
[13.832956] (-) TimerEvent: {}
[13.933180] (-) TimerEvent: {}
[14.033417] (-) TimerEvent: {}
[14.133619] (-) TimerEvent: {}
[14.233918] (-) TimerEvent: {}
[14.334109] (-) TimerEvent: {}
[14.434308] (-) TimerEvent: {}
[14.534607] (-) TimerEvent: {}
[14.634985] (-) TimerEvent: {}
[14.735263] (-) TimerEvent: {}
[14.835505] (-) TimerEvent: {}
[14.935686] (-) TimerEvent: {}
[15.035854] (-) TimerEvent: {}
[15.136057] (-) TimerEvent: {}
[15.236233] (-) TimerEvent: {}
[15.336431] (-) TimerEvent: {}
[15.436740] (-) TimerEvent: {}
[15.536931] (-) TimerEvent: {}
[15.637136] (-) TimerEvent: {}
[15.737363] (-) TimerEvent: {}
[15.837566] (-) TimerEvent: {}
[15.937908] (-) TimerEvent: {}
[16.038115] (-) TimerEvent: {}
[16.138323] (-) TimerEvent: {}
[16.238552] (-) TimerEvent: {}
[16.338737] (-) TimerEvent: {}
[16.438953] (-) TimerEvent: {}
[16.539178] (-) TimerEvent: {}
[16.639410] (-) TimerEvent: {}
[16.739825] (-) TimerEvent: {}
[16.840048] (-) TimerEvent: {}
[16.940234] (-) TimerEvent: {}
[17.040491] (-) TimerEvent: {}
[17.140709] (-) TimerEvent: {}
[17.241128] (-) TimerEvent: {}
[17.341521] (-) TimerEvent: {}
[17.442011] (-) TimerEvent: {}
[17.542181] (-) TimerEvent: {}
[17.642372] (-) TimerEvent: {}
[17.742575] (-) TimerEvent: {}
[17.842812] (-) TimerEvent: {}
[17.943052] (-) TimerEvent: {}
[18.043302] (-) TimerEvent: {}
[18.143504] (-) TimerEvent: {}
[18.243760] (-) TimerEvent: {}
[18.343965] (-) TimerEvent: {}
[18.444269] (-) TimerEvent: {}
[18.544487] (-) TimerEvent: {}
[18.644676] (-) TimerEvent: {}
[18.744914] (-) TimerEvent: {}
[18.845108] (-) TimerEvent: {}
[18.945297] (-) TimerEvent: {}
[19.045502] (-) TimerEvent: {}
[19.145867] (-) TimerEvent: {}
[19.246061] (-) TimerEvent: {}
[19.346332] (-) TimerEvent: {}
[19.446524] (-) TimerEvent: {}
[19.546755] (-) TimerEvent: {}
[19.647144] (-) TimerEvent: {}
[19.747385] (-) TimerEvent: {}
[19.847807] (-) TimerEvent: {}
[19.947997] (-) TimerEvent: {}
[19.971599] (tensorrt_detect) StdoutLine: {'line': b'[100%] Linking CXX executable calibrate_node\n'}
[20.048147] (-) TimerEvent: {}
[20.148379] (-) TimerEvent: {}
[20.248619] (-) TimerEvent: {}
[20.348957] (-) TimerEvent: {}
[20.449206] (-) TimerEvent: {}
[20.549508] (-) TimerEvent: {}
[20.624071] (tensorrt_detect) StdoutLine: {'line': b'[100%] Built target calibrate_node\n'}
[20.633180] (tensorrt_detect) CommandEnded: {'returncode': 0}
[20.633735] (tensorrt_detect) JobProgress: {'identifier': 'tensorrt_detect', 'progress': 'install'}
[20.643174] (tensorrt_detect) Command: {'cmd': ['/usr/bin/cmake', '--install', '/home/delphine/rm/tensorrt10_detect/build/tensorrt_detect'], 'cwd': '/home/delphine/rm/tensorrt10_detect/build/tensorrt_detect', 'env': OrderedDict({'GJS_DEBUG_TOPICS': 'JS ERROR;JS LOG', 'LESSOPEN': '| /usr/bin/lesspipe %s', 'VSCODE_CWD': '/home/delphine', 'VSCODE_ESM_ENTRYPOINT': 'vs/workbench/api/node/extensionHostProcess', 'CONDA_PROMPT_MODIFIER': '(base)', 'TENSORRT_PATH': '/opt/TensorRT/TensorRT-10.2.0.19', '_PYI_ARCHIVE_FILE': '/home/delphine/.config/Code/User/globalStorage/moonshot-ai.kimi-code/bin/kimi/kimi', 'USER': 'delphine', 'SNAP_COMMON': '/var/snap/code/common', 'VSCODE_NLS_CONFIG': '{"userLocale":"zh-cn","osLocale":"zh-cn","resolvedLanguage":"zh-cn","defaultMessagesFile":"/snap/code/235/usr/share/code/resources/app/out/nls.messages.json","languagePack":{"translationsConfigFile":"/home/delphine/.config/Code/clp/b3d577d0e0e421f69f6e9379a6ee9c57.zh-cn/tcf.json","messagesFile":"/home/delphine/.config/Code/clp/b3d577d0e0e421f69f6e9379a6ee9c57.zh-cn/10c8e557c8b9f9ed0a87f61f1c9a44bde731c409/nls.messages.json","corruptMarkerFile":"/home/delphine/.config/Code/clp/b3d577d0e0e421f69f6e9379a6ee9c57.zh-cn/corrupted.info"},"locale":"zh-cn","availableLanguages":{"*":"zh-cn"},"_languagePackId":"b3d577d0e0e421f69f6e9379a6ee9c57.zh-cn","_languagePackSupport":true,"_translationsConfigFile":"/home/delphine/.config/Code/clp/b3d577d0e0e421f69f6e9379a6ee9c57.zh-cn/tcf.json","_cacheRoot":"/home/delphine/.config/Code/clp/b3d577d0e0e421f69f6e9379a6ee9c57.zh-cn","_resolvedLanguagePackCoreLocation":"/home/delphine/.config/Code/clp/b3d577d0e0e421f69f6e9379a6ee9c57.zh-cn/10c8e557c8b9f9ed0a87f61f1c9a44bde731c409","_corruptedFile":"/home/delphine/.config/Code/clp/b3d577d0e0e421f69f6e9379a6ee9c57.zh-cn/corrupted.info"}', 'FONTCONFIG_PATH': '/etc/fonts', 'GIO_MODULE_DIR': '/home/delphine/snap/code/common/.cache/gio-modules', 'VSCODE_HANDLES_UNCAUGHT_ERRORS': 'true', 'XDG_SESSION_TYPE': 'x11', 'ALLUSERSPROFILE': '/opt/MVS/MVFG', 'SNAP_UID': '1000', 'CLUTTER_DISABLE_MIPMAPPED_TEXT': '1', 'SHLVL': '1', 'LD_LIBRARY_PATH': '/home/delphine/rm/tensorrt10_detect/install/tensorrt_detect_msgs/lib:/opt/MVS/lib/64:/opt/MVS/lib/32:/opt/ros/jazzy/opt/rviz_ogre_vendor/lib:/opt/ros/jazzy/lib/x86_64-linux-gnu:/opt/ros/jazzy/opt/gz_math_vendor/lib:/opt/ros/jazzy/opt/gz_utils_vendor/lib:/opt/ros/jazzy/opt/gz_cmake_vendor/lib:/opt/ros/jazzy/lib:/opt/MVS/lib/64:/opt/MVS/lib/32:/opt/TensorRT/TensorRT-10.2.0.19/lib:/opt/TensorRT/TensorRT-10.2.0/lib:/usr/local/cuda-12.6/lib64:/opt/MVS/lib/64:/opt/MVS/lib/32:/opt/MVS/lib/64:/opt/MVS/lib/32:/opt/MVS/lib/64:/opt/MVS/lib/32', 'HOME': '/home/delphine', 'CHROME_DESKTOP': 'code.desktop', 'CONDA_SHLVL': '1', 'SNAP_LIBRARY_PATH': '/var/lib/snapd/lib/gl:/var/lib/snapd/lib/gl32', 'OLDPWD': '/home/delphine/rm/tensorrt10_detect', 'DESKTOP_SESSION': 'ubuntu', 'SNAP_USER_DATA': '/home/delphine/snap/code/235', 'GTK_PATH': '/snap/code/235/usr/lib/x86_64-linux-gnu/gtk-3.0', 'VSCODE_IPC_HOOK': '/run/user/1000/vscode-93a8e15f-1.11-main.sock', 'GTK_IM_MODULE_FILE': '/home/delphine/snap/code/common/.cache/immodules/immodules.cache', 'GIO_LAUNCHED_DESKTOP_FILE': '/var/lib/snapd/desktop/applications/code_code.desktop', 'ROS_PYTHON_VERSION': '3', 'GNOME_SHELL_SESSION_MODE': 'ubuntu', 'GTK_MODULES': 'gail:atk-bridge', 'SDL_IM_MODULE': 'fcitx', '_PYI_PARENT_PROCESS_LEVEL': '1', 'COPILOT_OTEL_FILE_EXPORTER_PATH': '/dev/null', 'MANAGERPID': '4578', 'LC_CTYPE': 'C.UTF-8', 'SYSTEMD_EXEC_PID': '4964', 'GSM_SKIP_SSH_AGENT_WORKAROUND': 'true', 'DBUS_SESSION_BUS_ADDRESS': 'unix:path=/run/user/1000/bus', 'SNAP_REVISION': '235', '_CONDA_ROOT': '/home/delphine/miniconda3', 'GIO_LAUNCHED_DESKTOP_FILE_PID': '6453', 'VSCODE_CRASH_REPORTER_PROCESS_TYPE': 'extensionHost', 'DEBUGINFOD_URLS': 'https://debuginfod.ubuntu.com', 'IM_CONFIG_PHASE': '1', 'VSCODE_L10N_BUNDLE_LOCATION': 'file:///home/delphine/.vscode/extensions/ms-ceintl.vscode-language-pack-zh-hans-1.110.2026041514/translations/extensions/vscode.json-language-features.i18n.json', 'COLCON_PREFIX_PATH': '/home/delphine/rm/tensorrt10_detect/install', 'APPLICATION_INSIGHTS_NO_STATSBEAT': 'true', 'ROS_DISTRO': 'jazzy', 'GTK_IM_MODULE': 'fcitx', 'LOGNAME': 'delphine', 'LD_LIBRARY_PATH_ORIG': '/opt/MVS/lib/64:/opt/MVS/lib/32:/home/delphine/rm/tensorrt10_detect/install/tensorrt_detect_msgs/lib:/opt/ros/jazzy/opt/rviz_ogre_vendor/lib:/opt/ros/jazzy/lib/x86_64-linux-gnu:/opt/ros/jazzy/opt/gz_math_vendor/lib:/opt/ros/jazzy/opt/gz_utils_vendor/lib:/opt/ros/jazzy/opt/gz_cmake_vendor/lib:/opt/ros/jazzy/lib:/opt/MVS/lib/64:/opt/MVS/lib/32:/opt/TensorRT/TensorRT-10.2.0.19/lib:/opt/TensorRT/TensorRT-10.2.0/lib:/usr/local/cuda-12.6/lib64:/opt/MVS/lib/64:/opt/MVS/lib/32:/opt/MVS/lib/64:/opt/MVS/lib/32:/opt/MVS/lib/64:/opt/MVS/lib/32:', 'OTEL_INSTRUMENTATION_GENAI_CAPTURE_MESSAGE_CONTENT': 'true', 'SNAP_CONTEXT': '4hthZVkfk3FmjmWELQ5WWj5SvvO2JkVAfH3laZGolRSGZZBDstYm', 'JOURNAL_STREAM': '9:32118', '_': '/usr/bin/colcon', 'ROS_VERSION': '2', 'XDG_CONFIG_DIRS_VSCODE_SNAP_ORIG': '/etc/xdg/xdg-ubuntu:/etc/xdg', 'MEMORY_PRESSURE_WATCH': '/sys/fs/cgroup/user.slice/user-1000.slice/user@1000.service/session.slice/org.gnome.Shell@x11.service/memory.pressure', 'XDG_SESSION_CLASS': 'user', 'SNAP_VERSION': '10c8e557', 'XDG_DATA_DIRS_VSCODE_SNAP_ORIG': '/usr/share/ubuntu:/usr/share/gnome:/usr/local/share/:/usr/share/:/var/lib/snapd/desktop', 'USERNAME': 'delphine', 'GNOME_DESKTOP_SESSION_ID': 'this-is-deprecated', 'SNAP_INSTANCE_NAME': 'code', 'FC_FONTATIONS': '1', 'WINDOWPATH': '2', '_PYI_LINUX_PROCESS_NAME': 'kimi', 'MVCAM_SDK_PATH': '/opt/MVS', 'PATH': '/home/delphine/.local/bin:/opt/ros/jazzy/bin:/home/delphine/.npm-global/bin:/home/delphine/miniconda3/bin:/home/delphine/miniconda3/condabin:/opt/TensorRT/TensorRT-10.2.0.19/bin:/opt/TensorRT/TensorRT-10.2.0/bin:/usr/local/cuda-12.6/bin:/usr/bin:/home/delphine/.local/bin:/usr/local/sbin:/usr/local/bin:/usr/sbin:/usr/bin:/sbin:/bin:/usr/games:/usr/local/games:/snap/bin:/snap/bin:/opt/MVS/bin', 'SESSION_MANAGER': 'local/delphine-ASUS-TUF-Gaming-F16-FX607JV-FX607JV:@/tmp/.ICE-unix/4931,unix/delphine-ASUS-TUF-Gaming-F16-FX607JV-FX607JV:/tmp/.ICE-unix/4931', 'GTK_EXE_PREFIX': '/snap/code/235/usr', 'INVOCATION_ID': '9ac5688cc7f14be082df9863f339e306', 'MVCAM_GENICAM_CLPROTOCOL': '/opt/MVS/lib/CLProtocol', 'XDG_MENU_PREFIX': 'gnome-', 'SNAP_DATA': '/var/snap/code/235', 'XDG_RUNTIME_DIR': '/run/user/1000', 'GDK_BACKEND': 'x11', 'DISPLAY': ':1', 'LOCPATH': '/snap/code/235/usr/lib/locale', 'LANG': 'C', 'XDG_CURRENT_DESKTOP': 'ubuntu:GNOME', 'XDG_DATA_HOME': '/home/delphine/snap/code/235/.local/share', 'XMODIFIERS': '@im=fcitx', 'XDG_SESSION_DESKTOP': 'ubuntu', 'XAUTHORITY': '/run/user/1000/gdm/Xauthority', 'COPILOT_OTEL_ENABLED': 'true', 'SNAP_USER_COMMON': '/home/delphine/snap/code/common', 'SSH_AUTH_SOCK': '/run/user/1000/keyring/ssh', 'GSETTINGS_SCHEMA_DIR': '/home/delphine/snap/code/235/.local/share/glib-2.0/schemas', 'SNAP_ARCH': 'amd64', 'AMENT_PREFIX_PATH': '/home/delphine/rm/tensorrt10_detect/install/tensorrt_detect:/home/delphine/rm/tensorrt10_detect/install/tensorrt_detect_msgs:/opt/ros/jazzy', 'SNAP_COOKIE': '4hthZVkfk3FmjmWELQ5WWj5SvvO2JkVAfH3laZGolRSGZZBDstYm', 'CONDA_PYTHON_EXE': '/home/delphine/miniconda3/bin/python', 'SHELL': '/bin/bash', 'GDK_PIXBUF_MODULEDIR': '/snap/code/235/usr/lib/x86_64-linux-gnu/gdk-pixbuf-2.0/2.10.0/loaders', 'GIT_TERMINAL_PROMPT': '0', 'QT_ACCESSIBILITY': '1', 'ELECTRON_RUN_AS_NODE': '1', 'GDMSESSION': 'ubuntu', 'LESSCLOSE': '/usr/bin/lesspipe %s %s', 'CONDA_DEFAULT_ENV': 'base', 'SNAP_NAME': 'code', 'FONTCONFIG_FILE': '/etc/fonts/fonts.conf', 'GDK_PIXBUF_MODULE_FILE': '/home/delphine/snap/code/common/.cache/gdk-pixbuf-loaders.cache', 'GPG_AGENT_INFO': '/run/user/1000/gnupg/S.gpg-agent:0:1', 'GJS_DEBUG_OUTPUT': 'stderr', '_CONDA_EXE': '/home/delphine/miniconda3/bin/conda', 'ROS_AUTOMATIC_DISCOVERY_RANGE': 'SUBNET', 'SNAP_LAUNCHER_ARCH_TRIPLET': 'x86_64-linux-gnu', 'QT_IM_MODULE': 'fcitx', 'PWD': '/home/delphine/rm/tensorrt10_detect/build/tensorrt_detect', 'VSCODE_CLI': '1', 'XDG_CONFIG_DIRS': '/etc/xdg/xdg-ubuntu:/etc/xdg', 'CONDA_EXE': '/home/delphine/miniconda3/bin/conda', 'SNAP_REAL_HOME': '/home/delphine', 'VSCODE_CODE_CACHE_PATH': '/home/delphine/.config/Code/CachedData/10c8e557c8b9f9ed0a87f61f1c9a44bde731c409', 'CLUTTER_IM_MODULE': 'fcitx', 'XDG_DATA_DIRS': '/home/delphine/snap/code/235/.local/share:/home/delphine/snap/code/235:/snap/code/235/usr/share:/usr/share/ubuntu:/usr/share/gnome:/usr/local/share/:/usr/share/:/var/lib/snapd/desktop', 'SNAP_EUID': '1000', 'PYTHONPATH': '/home/delphine/rm/tensorrt10_detect/install/tensorrt_detect_msgs/lib/python3.13/site-packages:/home/delphine/rm/tensorrt10_detect/install/tensorrt_detect_msgs/lib/python3.12/site-packages:/opt/ros/jazzy/lib/python3.12/site-packages', 'SNAP': '/snap/code/235', 'CONDA_PREFIX': '/home/delphine/miniconda3', 'COLCON': '1', 'MEMORY_PRESSURE_WRITE': 'c29tZSAyMDAwMDAgMjAwMDAwMAA=', 'ELECTRON_NO_ATTACH_CONSOLE': '1', 'CMAKE_PREFIX_PATH': '/home/delphine/rm/tensorrt10_detect/install/tensorrt_detect_msgs:/home/delphine/rm/tensorrt10_detect/install/tensorrt_detect:/opt/ros/jazzy/opt/gz_math_vendor:/opt/ros/jazzy/opt/gz_utils_vendor:/opt/ros/jazzy/opt/gz_cmake_vendor:/opt/ros/jazzy', 'VSCODE_PID': '6512', 'MVCAM_COMMON_RUNENV': '/opt/MVS/lib', 'COPILOT_OTEL_EXPORTER_TYPE': 'file'}), 'shell': False}
[20.649117] (tensorrt_detect) StdoutLine: {'line': b'-- Install configuration: "RelWithDebInfo"\n'}
[20.649337] (tensorrt_detect) StdoutLine: {'line': b'-- Execute custom install script\n'}
[20.649462] (tensorrt_detect) StdoutLine: {'line': b'-- Up-to-date symlink: /home/delphine/rm/tensorrt10_detect/install/tensorrt_detect/lib/tensorrt_detect/standard\n'}
[20.649511] (-) TimerEvent: {}
[20.649582] (tensorrt_detect) StdoutLine: {'line': b'-- Up-to-date symlink: /home/delphine/rm/tensorrt10_detect/install/tensorrt_detect/lib/tensorrt_detect/detect_node\n'}
[20.649673] (tensorrt_detect) StdoutLine: {'line': b'-- Up-to-date symlink: /home/delphine/rm/tensorrt10_detect/install/tensorrt_detect/lib/tensorrt_detect/display_node\n'}
[20.649763] (tensorrt_detect) StdoutLine: {'line': b'-- Up-to-date symlink: /home/delphine/rm/tensorrt10_detect/install/tensorrt_detect/lib/tensorrt_detect/video_node\n'}
[20.649854] (tensorrt_detect) StdoutLine: {'line': b'-- Up-to-date symlink: /home/delphine/rm/tensorrt10_detect/install/tensorrt_detect/lib/tensorrt_detect/pose_node\n'}
[20.649942] (tensorrt_detect) StdoutLine: {'line': b'-- Up-to-date symlink: /home/delphine/rm/tensorrt10_detect/install/tensorrt_detect/lib/tensorrt_detect/map_node\n'}
[20.650030] (tensorrt_detect) StdoutLine: {'line': b'-- Up-to-date symlink: /home/delphine/rm/tensorrt10_detect/install/tensorrt_detect/lib/tensorrt_detect/calibrate_node\n'}
[20.650114] (tensorrt_detect) StdoutLine: {'line': b'-- Up-to-date symlink: /home/delphine/rm/tensorrt10_detect/install/tensorrt_detect/lib/tensorrt_detect/qt_display_node\n'}
[20.650376] (tensorrt_detect) StdoutLine: {'line': b'-- Up-to-date symlink: /home/delphine/rm/tensorrt10_detect/install/tensorrt_detect/share/tensorrt_detect/launch/detect_pipeline.launch.py\n'}
[20.650571] (tensorrt_detect) StdoutLine: {'line': b'-- Up-to-date symlink: /home/delphine/rm/tensorrt10_detect/install/tensorrt_detect/share/tensorrt_detect/config/ros2_params.yaml\n'}
[20.650692] (tensorrt_detect) StdoutLine: {'line': b'-- Up-to-date symlink: /home/delphine/rm/tensorrt10_detect/install/tensorrt_detect/share/ament_index/resource_index/package_run_dependencies/tensorrt_detect\n'}
[20.650953] (tensorrt_detect) StdoutLine: {'line': b'-- Up-to-date symlink: /home/delphine/rm/tensorrt10_detect/install/tensorrt_detect/share/ament_index/resource_index/parent_prefix_path/tensorrt_detect\n'}
[20.651113] (tensorrt_detect) StdoutLine: {'line': b'-- Up-to-date symlink: /home/delphine/rm/tensorrt10_detect/install/tensorrt_detect/share/tensorrt_detect/environment/ament_prefix_path.sh\n'}
[20.651206] (tensorrt_detect) StdoutLine: {'line': b'-- Up-to-date symlink: /home/delphine/rm/tensorrt10_detect/install/tensorrt_detect/share/tensorrt_detect/environment/ament_prefix_path.dsv\n'}
[20.651283] (tensorrt_detect) StdoutLine: {'line': b'-- Up-to-date symlink: /home/delphine/rm/tensorrt10_detect/install/tensorrt_detect/share/tensorrt_detect/environment/path.sh\n'}
[20.651338] (tensorrt_detect) StdoutLine: {'line': b'-- Up-to-date symlink: /home/delphine/rm/tensorrt10_detect/install/tensorrt_detect/share/tensorrt_detect/environment/path.dsv\n'}
[20.651412] (tensorrt_detect) StdoutLine: {'line': b'-- Up-to-date symlink: /home/delphine/rm/tensorrt10_detect/install/tensorrt_detect/share/tensorrt_detect/local_setup.bash\n'}
[20.651454] (tensorrt_detect) StdoutLine: {'line': b'-- Up-to-date symlink: /home/delphine/rm/tensorrt10_detect/install/tensorrt_detect/share/tensorrt_detect/local_setup.sh\n'}
[20.651512] (tensorrt_detect) StdoutLine: {'line': b'-- Up-to-date symlink: /home/delphine/rm/tensorrt10_detect/install/tensorrt_detect/share/tensorrt_detect/local_setup.zsh\n'}
[20.651574] (tensorrt_detect) StdoutLine: {'line': b'-- Up-to-date symlink: /home/delphine/rm/tensorrt10_detect/install/tensorrt_detect/share/tensorrt_detect/local_setup.dsv\n'}
[20.651638] (tensorrt_detect) StdoutLine: {'line': b'-- Symlinking: /home/delphine/rm/tensorrt10_detect/install/tensorrt_detect/share/tensorrt_detect/package.dsv\n'}
[20.660524] (tensorrt_detect) StdoutLine: {'line': b'-- Up-to-date symlink: /home/delphine/rm/tensorrt10_detect/install/tensorrt_detect/share/ament_index/resource_index/packages/tensorrt_detect\n'}
[20.660687] (tensorrt_detect) StdoutLine: {'line': b'-- Up-to-date symlink: /home/delphine/rm/tensorrt10_detect/install/tensorrt_detect/share/tensorrt_detect/cmake/tensorrt_detectConfig.cmake\n'}
[20.660730] (tensorrt_detect) StdoutLine: {'line': b'-- Up-to-date symlink: /home/delphine/rm/tensorrt10_detect/install/tensorrt_detect/share/tensorrt_detect/cmake/tensorrt_detectConfig-version.cmake\n'}
[20.660772] (tensorrt_detect) StdoutLine: {'line': b'-- Up-to-date symlink: /home/delphine/rm/tensorrt10_detect/install/tensorrt_detect/share/tensorrt_detect/package.xml\n'}
[20.661802] (tensorrt_detect) CommandEnded: {'returncode': 0}
[20.673908] (tensorrt_detect) JobEnded: {'identifier': 'tensorrt_detect', 'rc': 0}
[20.674393] (-) EventReactorShutdown: {}
