-- The C compiler identification is GNU 13.3.0
-- The CXX compiler identification is GNU 13.3.0
-- Detecting C compiler ABI info
-- Detecting C compiler ABI info - done
-- Check for working C compiler: /usr/bin/cc - skipped
-- Detecting C compile features
-- Detecting C compile features - done
-- Detecting CXX compiler ABI info
-- Detecting CXX compiler ABI info - done
-- Check for working CXX compiler: /usr/bin/c++ - skipped
-- Detecting CXX compile features
-- Detecting CXX compile features - done
-- Found ament_cmake: 2.5.6 (/opt/ros/jazzy/share/ament_cmake/cmake)
-- Found Python3: /usr/bin/python3 (found version "3.12.3") found components: Interpreter 
-- Override CMake install command with custom implementation using symlinks instead of copying resources
-- Found rclcpp: 28.1.18 (/opt/ros/jazzy/share/rclcpp/cmake)
-- Found rosidl_generator_c: 4.6.7 (/opt/ros/jazzy/share/rosidl_generator_c/cmake)
-- Found rosidl_generator_cpp: 4.6.7 (/opt/ros/jazzy/share/rosidl_generator_cpp/cmake)
-- Using all available rosidl_typesupport_c: rosidl_typesupport_fastrtps_c;rosidl_typesupport_introspection_c
-- Using all available rosidl_typesupport_cpp: rosidl_typesupport_fastrtps_cpp;rosidl_typesupport_introspection_cpp
-- Found rmw_implementation_cmake: 7.3.3 (/opt/ros/jazzy/share/rmw_implementation_cmake/cmake)
-- Found rmw_fastrtps_cpp: 8.4.3 (/opt/ros/jazzy/share/rmw_fastrtps_cpp/cmake)
-- Found OpenSSL: /usr/lib/x86_64-linux-gnu/libcrypto.so (found version "3.0.13")  
-- Found FastRTPS: /opt/ros/jazzy/include (Required is at least version "2.13") 
-- Using RMW implementation 'rmw_fastrtps_cpp' as default
-- Found sensor_msgs: 5.3.7 (/opt/ros/jazzy/share/sensor_msgs/cmake)
-- Found cv_bridge: 4.1.0 (/opt/ros/jazzy/share/cv_bridge/cmake)
-- Found tensorrt_detect_msgs: 0.0.1 (/home/delphine/rm/tensorrt10_detect/install/tensorrt_detect_msgs/share/tensorrt_detect_msgs/cmake)
-- Found OpenCV: /usr (found version "4.6.0") 
-- Found CUDAToolkit: /usr/include (found version "12.0.140") 
-- Performing Test CMAKE_HAVE_LIBC_PTHREAD
-- Performing Test CMAKE_HAVE_LIBC_PTHREAD - Success
-- Found Threads: TRUE  
[0mCMake Deprecation Warning at /home/delphine/open3d-devel-linux-x86_64-cxx11-abi-cuda-0.19.0/lib/cmake/Open3D/Open3DConfig.cmake:18 (cmake_policy):
  The OLD behavior for policy CMP0072 will be removed from a future version
  of CMake.

  The cmake-policies(7) manual explains that the OLD behaviors of all
  policies are deprecated and that a policy should be set to OLD only under
  specific short-term circumstances.  Projects should be ported to the NEW
  behavior and not rely on setting a policy to OLD.
Call Stack (most recent call first):
  CMakeLists.txt:28 (find_package)

[0m
-- Found Open3D: /home/delphine/open3d-devel-linux-x86_64-cxx11-abi-cuda-0.19.0/lib/cmake/Open3D/Open3DConfig.cmake (found version "0.19.0") 
-- Configuring done (1.0s)
-- Generating done (0.0s)
-- Build files have been written to: /home/delphine/rm/tensorrt10_detect/build/tensorrt_detect
[  8%] [32mBuilding CXX object CMakeFiles/tensorrt_detect_core.dir/src/core/posesolver.cpp.o[0m
[  8%] [32mBuilding CXX object CMakeFiles/tensorrt_detect_core.dir/src/core/mouseback.cpp.o[0m
[ 12%] [32mBuilding CXX object CMakeFiles/tensorrt_detect_core.dir/src/visualization/draw.cpp.o[0m
[ 16%] [32mBuilding CXX object CMakeFiles/tensorrt_detect_core.dir/src/core/radarmap.cpp.o[0m
[ 20%] [32mBuilding CXX object CMakeFiles/tensorrt_detect_core.dir/src/core/model.cpp.o[0m
[ 25%] [32mBuilding CXX object CMakeFiles/tensorrt_detect_core.dir/src/core/raycaster.cpp.o[0m
[ 29%] [32mBuilding CXX object CMakeFiles/display_node.dir/src/nodes/display_node.cpp.o[0m
[ 33%] [32mBuilding CXX object CMakeFiles/tensorrt_detect_core.dir/src/core/pipeline.cpp.o[0m
[ 37%] [32mBuilding CXX object CMakeFiles/video_node.dir/src/nodes/video_node.cpp.o[0m
[ 41%] [32mBuilding CXX object CMakeFiles/tensorrt_detect_core.dir/src/visualization/ui.cpp.o[0m
[ 45%] [32mBuilding CXX object CMakeFiles/tensorrt_detect_core.dir/src/config/ConfigManager.cpp.o[0m
[ 50%] [32m[1mLinking CXX static library libtensorrt_detect_core.a[0m
[ 50%] Built target tensorrt_detect_core
[ 58%] [32mBuilding CXX object CMakeFiles/map_node.dir/src/nodes/map_node.cpp.o[0m
[ 58%] [32mBuilding CXX object CMakeFiles/standard.dir/apps/standalone_main.cpp.o[0m
[ 66%] [32mBuilding CXX object CMakeFiles/pose_node.dir/src/nodes/pose_node.cpp.o[0m
[ 66%] [32mBuilding CXX object CMakeFiles/qt_display_node.dir/src/nodes/qt_display_node.cpp.o[0m
[ 70%] [32mBuilding CXX object CMakeFiles/detect_node.dir/src/nodes/detect_node.cpp.o[0m
[ 75%] [32m[1mLinking CXX executable video_node[0m
[ 75%] Built target video_node
[ 79%] [32m[1mLinking CXX executable standard[0m
[ 79%] Built target standard
[ 83%] [32m[1mLinking CXX executable display_node[0m
[ 83%] Built target display_node
[ 87%] [32m[1mLinking CXX executable pose_node[0m
[ 87%] Built target pose_node
[ 91%] [32m[1mLinking CXX executable qt_display_node[0m
[ 91%] Built target qt_display_node
[ 95%] [32m[1mLinking CXX executable detect_node[0m
[ 95%] Built target detect_node
[100%] [32m[1mLinking CXX executable map_node[0m
[100%] Built target map_node
-- Install configuration: "RelWithDebInfo"
-- Execute custom install script
-- Symlinking: /home/delphine/rm/tensorrt10_detect/install/tensorrt_detect/lib/tensorrt_detect/standard
-- Symlinking: /home/delphine/rm/tensorrt10_detect/install/tensorrt_detect/lib/tensorrt_detect/detect_node
-- Symlinking: /home/delphine/rm/tensorrt10_detect/install/tensorrt_detect/lib/tensorrt_detect/display_node
-- Symlinking: /home/delphine/rm/tensorrt10_detect/install/tensorrt_detect/lib/tensorrt_detect/video_node
-- Symlinking: /home/delphine/rm/tensorrt10_detect/install/tensorrt_detect/lib/tensorrt_detect/pose_node
-- Symlinking: /home/delphine/rm/tensorrt10_detect/install/tensorrt_detect/lib/tensorrt_detect/map_node
-- Symlinking: /home/delphine/rm/tensorrt10_detect/install/tensorrt_detect/lib/tensorrt_detect/qt_display_node
-- Symlinking: /home/delphine/rm/tensorrt10_detect/install/tensorrt_detect/share/tensorrt_detect/launch/detect_pipeline.launch.py
-- Symlinking: /home/delphine/rm/tensorrt10_detect/install/tensorrt_detect/share/tensorrt_detect/config/ros2_params.yaml
-- Symlinking: /home/delphine/rm/tensorrt10_detect/install/tensorrt_detect/share/ament_index/resource_index/package_run_dependencies/tensorrt_detect
-- Symlinking: /home/delphine/rm/tensorrt10_detect/install/tensorrt_detect/share/ament_index/resource_index/parent_prefix_path/tensorrt_detect
-- Symlinking: /home/delphine/rm/tensorrt10_detect/install/tensorrt_detect/share/tensorrt_detect/environment/ament_prefix_path.sh
-- Symlinking: /home/delphine/rm/tensorrt10_detect/install/tensorrt_detect/share/tensorrt_detect/environment/ament_prefix_path.dsv
-- Symlinking: /home/delphine/rm/tensorrt10_detect/install/tensorrt_detect/share/tensorrt_detect/environment/path.sh
-- Symlinking: /home/delphine/rm/tensorrt10_detect/install/tensorrt_detect/share/tensorrt_detect/environment/path.dsv
-- Symlinking: /home/delphine/rm/tensorrt10_detect/install/tensorrt_detect/share/tensorrt_detect/local_setup.bash
-- Symlinking: /home/delphine/rm/tensorrt10_detect/install/tensorrt_detect/share/tensorrt_detect/local_setup.sh
-- Symlinking: /home/delphine/rm/tensorrt10_detect/install/tensorrt_detect/share/tensorrt_detect/local_setup.zsh
-- Symlinking: /home/delphine/rm/tensorrt10_detect/install/tensorrt_detect/share/tensorrt_detect/local_setup.dsv
-- Symlinking: /home/delphine/rm/tensorrt10_detect/install/tensorrt_detect/share/tensorrt_detect/package.dsv
-- Symlinking: /home/delphine/rm/tensorrt10_detect/install/tensorrt_detect/share/ament_index/resource_index/packages/tensorrt_detect
-- Symlinking: /home/delphine/rm/tensorrt10_detect/install/tensorrt_detect/share/tensorrt_detect/cmake/tensorrt_detectConfig.cmake
-- Symlinking: /home/delphine/rm/tensorrt10_detect/install/tensorrt_detect/share/tensorrt_detect/cmake/tensorrt_detectConfig-version.cmake
-- Symlinking: /home/delphine/rm/tensorrt10_detect/install/tensorrt_detect/share/tensorrt_detect/package.xml
