[0.010s] Invoking command in '/home/delphine/rm/tensorrt10_detect/build/tensorrt_detect': CMAKE_PREFIX_PATH=/home/delphine/rm/tensorrt10_detect/install/tensorrt_detect_msgs:/home/delphine/rm/tensorrt10_detect/install/tensorrt_detect:/opt/ros/jazzy/opt/gz_math_vendor:/opt/ros/jazzy/opt/gz_utils_vendor:/opt/ros/jazzy/opt/gz_cmake_vendor:/opt/ros/jazzy CONDA_PROMPT_MODIFIER=(base) DEBUGINFOD_URLS=https://debuginfod.ubuntu.com LD_LIBRARY_PATH=/home/delphine/rm/tensorrt10_detect/install/tensorrt_detect_msgs/lib:/opt/MVS/lib/64:/opt/MVS/lib/32:/opt/ros/jazzy/opt/rviz_ogre_vendor/lib:/opt/ros/jazzy/lib/x86_64-linux-gnu:/opt/ros/jazzy/opt/gz_math_vendor/lib:/opt/ros/jazzy/opt/gz_utils_vendor/lib:/opt/ros/jazzy/opt/gz_cmake_vendor/lib:/opt/ros/jazzy/lib:/opt/MVS/lib/64:/opt/MVS/lib/32:/opt/TensorRT/TensorRT-10.2.0.19/lib:/opt/TensorRT/TensorRT-10.2.0/lib:/usr/local/cuda-12.6/lib64:/opt/MVS/lib/64:/opt/MVS/lib/32:/opt/MVS/lib/64:/opt/MVS/lib/32:/opt/MVS/lib/64:/opt/MVS/lib/32 PYTHONPATH=/home/delphine/rm/tensorrt10_detect/install/tensorrt_detect_msgs/lib/python3.13/site-packages:${PYTHONPATH} /usr/bin/cmake /home/delphine/rm/tensorrt10_detect/src/tensorrt_detect -DCMAKE_INSTALL_PREFIX=/home/delphine/rm/tensorrt10_detect/install/tensorrt_detect
[0.025s] -- Found ament_cmake: 2.5.6 (/opt/ros/jazzy/share/ament_cmake/cmake)
[0.185s] -- Override CMake install command with custom implementation using symlinks instead of copying resources
[0.190s] -- Found rclcpp: 28.1.18 (/opt/ros/jazzy/share/rclcpp/cmake)
[0.210s] -- Found rosidl_generator_c: 4.6.7 (/opt/ros/jazzy/share/rosidl_generator_c/cmake)
[0.216s] -- Found rosidl_generator_cpp: 4.6.7 (/opt/ros/jazzy/share/rosidl_generator_cpp/cmake)
[0.225s] -- Using all available rosidl_typesupport_c: rosidl_typesupport_fastrtps_c;rosidl_typesupport_introspection_c
[0.234s] -- Using all available rosidl_typesupport_cpp: rosidl_typesupport_fastrtps_cpp;rosidl_typesupport_introspection_cpp
[0.280s] -- Found rmw_implementation_cmake: 7.3.3 (/opt/ros/jazzy/share/rmw_implementation_cmake/cmake)
[0.281s] -- Found rmw_fastrtps_cpp: 8.4.3 (/opt/ros/jazzy/share/rmw_fastrtps_cpp/cmake)
[0.336s] -- Using RMW implementation 'rmw_fastrtps_cpp' as default
[0.393s] -- Found sensor_msgs: 5.3.7 (/opt/ros/jazzy/share/sensor_msgs/cmake)
[0.437s] -- Found cv_bridge: 4.1.0 (/opt/ros/jazzy/share/cv_bridge/cmake)
[0.445s] -- Found std_srvs: 5.3.7 (/opt/ros/jazzy/share/std_srvs/cmake)
[0.457s] -- Found tensorrt_detect_msgs: 0.0.1 (/home/delphine/rm/tensorrt10_detect/install/tensorrt_detect_msgs/share/tensorrt_detect_msgs/cmake)
[0.521s] CMake Deprecation Warning at /home/delphine/open3d-devel-linux-x86_64-cxx11-abi-cuda-0.19.0/lib/cmake/Open3D/Open3DConfig.cmake:18 (cmake_policy):
[0.521s]   The OLD behavior for policy CMP0072 will be removed from a future version
[0.521s]   of CMake.
[0.521s] 
[0.521s]   The cmake-policies(7) manual explains that the OLD behaviors of all
[0.522s]   policies are deprecated and that a policy should be set to OLD only under
[0.522s]   specific short-term circumstances.  Projects should be ported to the NEW
[0.522s]   behavior and not rely on setting a policy to OLD.
[0.522s] Call Stack (most recent call first):
[0.522s]   CMakeLists.txt:29 (find_package)
[0.522s] 
[0.522s] 
[0.620s] -- Configuring done (0.6s)
[0.689s] -- Generating done (0.0s)
[0.701s] -- Build files have been written to: /home/delphine/rm/tensorrt10_detect/build/tensorrt_detect
[0.711s] Invoked command in '/home/delphine/rm/tensorrt10_detect/build/tensorrt_detect' returned '0': CMAKE_PREFIX_PATH=/home/delphine/rm/tensorrt10_detect/install/tensorrt_detect_msgs:/home/delphine/rm/tensorrt10_detect/install/tensorrt_detect:/opt/ros/jazzy/opt/gz_math_vendor:/opt/ros/jazzy/opt/gz_utils_vendor:/opt/ros/jazzy/opt/gz_cmake_vendor:/opt/ros/jazzy CONDA_PROMPT_MODIFIER=(base) DEBUGINFOD_URLS=https://debuginfod.ubuntu.com LD_LIBRARY_PATH=/home/delphine/rm/tensorrt10_detect/install/tensorrt_detect_msgs/lib:/opt/MVS/lib/64:/opt/MVS/lib/32:/opt/ros/jazzy/opt/rviz_ogre_vendor/lib:/opt/ros/jazzy/lib/x86_64-linux-gnu:/opt/ros/jazzy/opt/gz_math_vendor/lib:/opt/ros/jazzy/opt/gz_utils_vendor/lib:/opt/ros/jazzy/opt/gz_cmake_vendor/lib:/opt/ros/jazzy/lib:/opt/MVS/lib/64:/opt/MVS/lib/32:/opt/TensorRT/TensorRT-10.2.0.19/lib:/opt/TensorRT/TensorRT-10.2.0/lib:/usr/local/cuda-12.6/lib64:/opt/MVS/lib/64:/opt/MVS/lib/32:/opt/MVS/lib/64:/opt/MVS/lib/32:/opt/MVS/lib/64:/opt/MVS/lib/32 PYTHONPATH=/home/delphine/rm/tensorrt10_detect/install/tensorrt_detect_msgs/lib/python3.13/site-packages:${PYTHONPATH} /usr/bin/cmake /home/delphine/rm/tensorrt10_detect/src/tensorrt_detect -DCMAKE_INSTALL_PREFIX=/home/delphine/rm/tensorrt10_detect/install/tensorrt_detect
[0.712s] Invoking command in '/home/delphine/rm/tensorrt10_detect/build/tensorrt_detect': CMAKE_PREFIX_PATH=/home/delphine/rm/tensorrt10_detect/install/tensorrt_detect_msgs:/home/delphine/rm/tensorrt10_detect/install/tensorrt_detect:/opt/ros/jazzy/opt/gz_math_vendor:/opt/ros/jazzy/opt/gz_utils_vendor:/opt/ros/jazzy/opt/gz_cmake_vendor:/opt/ros/jazzy CONDA_PROMPT_MODIFIER=(base) DEBUGINFOD_URLS=https://debuginfod.ubuntu.com LD_LIBRARY_PATH=/home/delphine/rm/tensorrt10_detect/install/tensorrt_detect_msgs/lib:/opt/MVS/lib/64:/opt/MVS/lib/32:/opt/ros/jazzy/opt/rviz_ogre_vendor/lib:/opt/ros/jazzy/lib/x86_64-linux-gnu:/opt/ros/jazzy/opt/gz_math_vendor/lib:/opt/ros/jazzy/opt/gz_utils_vendor/lib:/opt/ros/jazzy/opt/gz_cmake_vendor/lib:/opt/ros/jazzy/lib:/opt/MVS/lib/64:/opt/MVS/lib/32:/opt/TensorRT/TensorRT-10.2.0.19/lib:/opt/TensorRT/TensorRT-10.2.0/lib:/usr/local/cuda-12.6/lib64:/opt/MVS/lib/64:/opt/MVS/lib/32:/opt/MVS/lib/64:/opt/MVS/lib/32:/opt/MVS/lib/64:/opt/MVS/lib/32 PYTHONPATH=/home/delphine/rm/tensorrt10_detect/install/tensorrt_detect_msgs/lib/python3.13/site-packages:${PYTHONPATH} /usr/bin/cmake --build /home/delphine/rm/tensorrt10_detect/build/tensorrt_detect -- -j20 -l20
[0.774s] [  7%] Built target display_node
[0.774s] [ 15%] Built target video_node
[0.783s] [ 53%] Built target tensorrt_detect_core
[0.813s] [ 76%] Building CXX object CMakeFiles/calibrate_node.dir/src/nodes/calibrate_node.cpp.o
[0.813s] [ 76%] Built target detect_node
[0.813s] [ 76%] Built target standard
[0.813s] [ 80%] Built target qt_display_node
[0.815s] [ 88%] Built target map_node
[0.821s] [ 96%] Built target pose_node
[19.971s] [100%] Linking CXX executable calibrate_node
[20.624s] [100%] Built target calibrate_node
[20.633s] Invoked command in '/home/delphine/rm/tensorrt10_detect/build/tensorrt_detect' returned '0': CMAKE_PREFIX_PATH=/home/delphine/rm/tensorrt10_detect/install/tensorrt_detect_msgs:/home/delphine/rm/tensorrt10_detect/install/tensorrt_detect:/opt/ros/jazzy/opt/gz_math_vendor:/opt/ros/jazzy/opt/gz_utils_vendor:/opt/ros/jazzy/opt/gz_cmake_vendor:/opt/ros/jazzy CONDA_PROMPT_MODIFIER=(base) DEBUGINFOD_URLS=https://debuginfod.ubuntu.com LD_LIBRARY_PATH=/home/delphine/rm/tensorrt10_detect/install/tensorrt_detect_msgs/lib:/opt/MVS/lib/64:/opt/MVS/lib/32:/opt/ros/jazzy/opt/rviz_ogre_vendor/lib:/opt/ros/jazzy/lib/x86_64-linux-gnu:/opt/ros/jazzy/opt/gz_math_vendor/lib:/opt/ros/jazzy/opt/gz_utils_vendor/lib:/opt/ros/jazzy/opt/gz_cmake_vendor/lib:/opt/ros/jazzy/lib:/opt/MVS/lib/64:/opt/MVS/lib/32:/opt/TensorRT/TensorRT-10.2.0.19/lib:/opt/TensorRT/TensorRT-10.2.0/lib:/usr/local/cuda-12.6/lib64:/opt/MVS/lib/64:/opt/MVS/lib/32:/opt/MVS/lib/64:/opt/MVS/lib/32:/opt/MVS/lib/64:/opt/MVS/lib/32 PYTHONPATH=/home/delphine/rm/tensorrt10_detect/install/tensorrt_detect_msgs/lib/python3.13/site-packages:${PYTHONPATH} /usr/bin/cmake --build /home/delphine/rm/tensorrt10_detect/build/tensorrt_detect -- -j20 -l20
[20.643s] Invoking command in '/home/delphine/rm/tensorrt10_detect/build/tensorrt_detect': CMAKE_PREFIX_PATH=/home/delphine/rm/tensorrt10_detect/install/tensorrt_detect_msgs:/home/delphine/rm/tensorrt10_detect/install/tensorrt_detect:/opt/ros/jazzy/opt/gz_math_vendor:/opt/ros/jazzy/opt/gz_utils_vendor:/opt/ros/jazzy/opt/gz_cmake_vendor:/opt/ros/jazzy CONDA_PROMPT_MODIFIER=(base) DEBUGINFOD_URLS=https://debuginfod.ubuntu.com LD_LIBRARY_PATH=/home/delphine/rm/tensorrt10_detect/install/tensorrt_detect_msgs/lib:/opt/MVS/lib/64:/opt/MVS/lib/32:/opt/ros/jazzy/opt/rviz_ogre_vendor/lib:/opt/ros/jazzy/lib/x86_64-linux-gnu:/opt/ros/jazzy/opt/gz_math_vendor/lib:/opt/ros/jazzy/opt/gz_utils_vendor/lib:/opt/ros/jazzy/opt/gz_cmake_vendor/lib:/opt/ros/jazzy/lib:/opt/MVS/lib/64:/opt/MVS/lib/32:/opt/TensorRT/TensorRT-10.2.0.19/lib:/opt/TensorRT/TensorRT-10.2.0/lib:/usr/local/cuda-12.6/lib64:/opt/MVS/lib/64:/opt/MVS/lib/32:/opt/MVS/lib/64:/opt/MVS/lib/32:/opt/MVS/lib/64:/opt/MVS/lib/32 PYTHONPATH=/home/delphine/rm/tensorrt10_detect/install/tensorrt_detect_msgs/lib/python3.13/site-packages:${PYTHONPATH} /usr/bin/cmake --install /home/delphine/rm/tensorrt10_detect/build/tensorrt_detect
[20.649s] -- Install configuration: "RelWithDebInfo"
[20.649s] -- Execute custom install script
[20.649s] -- Up-to-date symlink: /home/delphine/rm/tensorrt10_detect/install/tensorrt_detect/lib/tensorrt_detect/standard
[20.649s] -- Up-to-date symlink: /home/delphine/rm/tensorrt10_detect/install/tensorrt_detect/lib/tensorrt_detect/detect_node
[20.649s] -- Up-to-date symlink: /home/delphine/rm/tensorrt10_detect/install/tensorrt_detect/lib/tensorrt_detect/display_node
[20.649s] -- Up-to-date symlink: /home/delphine/rm/tensorrt10_detect/install/tensorrt_detect/lib/tensorrt_detect/video_node
[20.649s] -- Up-to-date symlink: /home/delphine/rm/tensorrt10_detect/install/tensorrt_detect/lib/tensorrt_detect/pose_node
[20.649s] -- Up-to-date symlink: /home/delphine/rm/tensorrt10_detect/install/tensorrt_detect/lib/tensorrt_detect/map_node
[20.650s] -- Up-to-date symlink: /home/delphine/rm/tensorrt10_detect/install/tensorrt_detect/lib/tensorrt_detect/calibrate_node
[20.650s] -- Up-to-date symlink: /home/delphine/rm/tensorrt10_detect/install/tensorrt_detect/lib/tensorrt_detect/qt_display_node
[20.650s] -- Up-to-date symlink: /home/delphine/rm/tensorrt10_detect/install/tensorrt_detect/share/tensorrt_detect/launch/detect_pipeline.launch.py
[20.650s] -- Up-to-date symlink: /home/delphine/rm/tensorrt10_detect/install/tensorrt_detect/share/tensorrt_detect/config/ros2_params.yaml
[20.650s] -- Up-to-date symlink: /home/delphine/rm/tensorrt10_detect/install/tensorrt_detect/share/ament_index/resource_index/package_run_dependencies/tensorrt_detect
[20.651s] -- Up-to-date symlink: /home/delphine/rm/tensorrt10_detect/install/tensorrt_detect/share/ament_index/resource_index/parent_prefix_path/tensorrt_detect
[20.651s] -- Up-to-date symlink: /home/delphine/rm/tensorrt10_detect/install/tensorrt_detect/share/tensorrt_detect/environment/ament_prefix_path.sh
[20.651s] -- Up-to-date symlink: /home/delphine/rm/tensorrt10_detect/install/tensorrt_detect/share/tensorrt_detect/environment/ament_prefix_path.dsv
[20.651s] -- Up-to-date symlink: /home/delphine/rm/tensorrt10_detect/install/tensorrt_detect/share/tensorrt_detect/environment/path.sh
[20.651s] -- Up-to-date symlink: /home/delphine/rm/tensorrt10_detect/install/tensorrt_detect/share/tensorrt_detect/environment/path.dsv
[20.651s] -- Up-to-date symlink: /home/delphine/rm/tensorrt10_detect/install/tensorrt_detect/share/tensorrt_detect/local_setup.bash
[20.651s] -- Up-to-date symlink: /home/delphine/rm/tensorrt10_detect/install/tensorrt_detect/share/tensorrt_detect/local_setup.sh
[20.651s] -- Up-to-date symlink: /home/delphine/rm/tensorrt10_detect/install/tensorrt_detect/share/tensorrt_detect/local_setup.zsh
[20.651s] -- Up-to-date symlink: /home/delphine/rm/tensorrt10_detect/install/tensorrt_detect/share/tensorrt_detect/local_setup.dsv
[20.651s] -- Symlinking: /home/delphine/rm/tensorrt10_detect/install/tensorrt_detect/share/tensorrt_detect/package.dsv
[20.660s] -- Up-to-date symlink: /home/delphine/rm/tensorrt10_detect/install/tensorrt_detect/share/ament_index/resource_index/packages/tensorrt_detect
[20.660s] -- Up-to-date symlink: /home/delphine/rm/tensorrt10_detect/install/tensorrt_detect/share/tensorrt_detect/cmake/tensorrt_detectConfig.cmake
[20.660s] -- Up-to-date symlink: /home/delphine/rm/tensorrt10_detect/install/tensorrt_detect/share/tensorrt_detect/cmake/tensorrt_detectConfig-version.cmake
[20.660s] -- Up-to-date symlink: /home/delphine/rm/tensorrt10_detect/install/tensorrt_detect/share/tensorrt_detect/package.xml
[20.662s] Invoked command in '/home/delphine/rm/tensorrt10_detect/build/tensorrt_detect' returned '0': CMAKE_PREFIX_PATH=/home/delphine/rm/tensorrt10_detect/install/tensorrt_detect_msgs:/home/delphine/rm/tensorrt10_detect/install/tensorrt_detect:/opt/ros/jazzy/opt/gz_math_vendor:/opt/ros/jazzy/opt/gz_utils_vendor:/opt/ros/jazzy/opt/gz_cmake_vendor:/opt/ros/jazzy CONDA_PROMPT_MODIFIER=(base) DEBUGINFOD_URLS=https://debuginfod.ubuntu.com LD_LIBRARY_PATH=/home/delphine/rm/tensorrt10_detect/install/tensorrt_detect_msgs/lib:/opt/MVS/lib/64:/opt/MVS/lib/32:/opt/ros/jazzy/opt/rviz_ogre_vendor/lib:/opt/ros/jazzy/lib/x86_64-linux-gnu:/opt/ros/jazzy/opt/gz_math_vendor/lib:/opt/ros/jazzy/opt/gz_utils_vendor/lib:/opt/ros/jazzy/opt/gz_cmake_vendor/lib:/opt/ros/jazzy/lib:/opt/MVS/lib/64:/opt/MVS/lib/32:/opt/TensorRT/TensorRT-10.2.0.19/lib:/opt/TensorRT/TensorRT-10.2.0/lib:/usr/local/cuda-12.6/lib64:/opt/MVS/lib/64:/opt/MVS/lib/32:/opt/MVS/lib/64:/opt/MVS/lib/32:/opt/MVS/lib/64:/opt/MVS/lib/32 PYTHONPATH=/home/delphine/rm/tensorrt10_detect/install/tensorrt_detect_msgs/lib/python3.13/site-packages:${PYTHONPATH} /usr/bin/cmake --install /home/delphine/rm/tensorrt10_detect/build/tensorrt_detect
