[0.012s] Invoking command in '/home/delphine/rm/tensorrt10_detect/build/tensorrt_detect_msgs': CMAKE_PREFIX_PATH=${CMAKE_PREFIX_PATH}:/opt/ros/jazzy CONDA_PROMPT_MODIFIER=(base) DEBUGINFOD_URLS=https://debuginfod.ubuntu.com /usr/bin/cmake /home/delphine/rm/tensorrt10_detect/src/tensorrt_detect_msgs -DCMAKE_BUILD_TYPE=RelWithDebInfo -DCMAKE_INSTALL_PREFIX=/home/delphine/rm/tensorrt10_detect/install/tensorrt_detect_msgs
[0.074s] -- The C compiler identification is GNU 13.3.0
[0.127s] -- The CXX compiler identification is GNU 13.3.0
[0.148s] -- Detecting C compiler ABI info
[0.231s] -- Detecting C compiler ABI info - done
[0.237s] -- Check for working C compiler: /usr/bin/cc - skipped
[0.237s] -- Detecting C compile features
[0.238s] -- Detecting C compile features - done
[0.251s] -- Detecting CXX compiler ABI info
[0.338s] -- Detecting CXX compiler ABI info - done
[0.346s] -- Check for working CXX compiler: /usr/bin/c++ - skipped
[0.346s] -- Detecting CXX compile features
[0.346s] -- Detecting CXX compile features - done
[0.349s] -- Found ament_cmake: 2.5.6 (/opt/ros/jazzy/share/ament_cmake/cmake)
[0.453s] -- Found Python3: /home/delphine/miniconda3/bin/python3 (found version "3.13.12") found components: Interpreter 
[0.544s] -- Found rosidl_default_generators: 1.6.0 (/opt/ros/jazzy/share/rosidl_default_generators/cmake)
[0.550s] -- Using all available rosidl_typesupport_c: rosidl_typesupport_fastrtps_c;rosidl_typesupport_introspection_c
[0.590s] -- Using all available rosidl_typesupport_cpp: rosidl_typesupport_fastrtps_cpp;rosidl_typesupport_introspection_cpp
[0.628s] -- Found rosidl_adapter: 4.6.7 (/opt/ros/jazzy/share/rosidl_adapter/cmake)
[0.631s] -- Found std_msgs: 5.3.7 (/opt/ros/jazzy/share/std_msgs/cmake)
[1.135s] -- Found ament_cmake_ros: 0.12.0 (/opt/ros/jazzy/share/ament_cmake_ros/cmake)
[1.621s] -- Using all available rosidl_typesupport_c: rosidl_typesupport_fastrtps_c;rosidl_typesupport_introspection_c
[2.047s] -- Using all available rosidl_typesupport_cpp: rosidl_typesupport_fastrtps_cpp;rosidl_typesupport_introspection_cpp
[2.053s] -- Found python_cmake_module: 0.11.1 (/opt/ros/jazzy/share/python_cmake_module/cmake)
[2.143s] -- Found PythonExtra: /home/delphine/miniconda3/bin/python3  
[2.620s] -- Found Python3: /home/delphine/miniconda3/bin/python3 (found version "3.13.12") found components: Interpreter Development NumPy Development.Module Development.Embed 
[2.730s] -- Found Python3: /home/delphine/miniconda3/bin/python3 (found version "3.13.12") found components: Interpreter 
[2.741s] -- Configuring done (2.7s)
[2.776s] -- Generating done (0.0s)
[2.786s] -- Build files have been written to: /home/delphine/rm/tensorrt10_detect/build/tensorrt_detect_msgs
[2.792s] Invoked command in '/home/delphine/rm/tensorrt10_detect/build/tensorrt_detect_msgs' returned '0': CMAKE_PREFIX_PATH=${CMAKE_PREFIX_PATH}:/opt/ros/jazzy CONDA_PROMPT_MODIFIER=(base) DEBUGINFOD_URLS=https://debuginfod.ubuntu.com /usr/bin/cmake /home/delphine/rm/tensorrt10_detect/src/tensorrt_detect_msgs -DCMAKE_BUILD_TYPE=RelWithDebInfo -DCMAKE_INSTALL_PREFIX=/home/delphine/rm/tensorrt10_detect/install/tensorrt_detect_msgs
[2.792s] Invoking command in '/home/delphine/rm/tensorrt10_detect/build/tensorrt_detect_msgs': CMAKE_PREFIX_PATH=${CMAKE_PREFIX_PATH}:/opt/ros/jazzy CONDA_PROMPT_MODIFIER=(base) DEBUGINFOD_URLS=https://debuginfod.ubuntu.com /usr/bin/cmake --build /home/delphine/rm/tensorrt10_detect/build/tensorrt_detect_msgs -- -j20 -l20
[2.843s] [  1%] Generating type hashes for ROS interfaces
[2.845s] [  2%] Generating Rust code for ROS interfaces
[2.852s] [  2%] Built target ament_cmake_python_copy_tensorrt_detect_msgs
[3.064s] running egg_info
[3.076s] creating tensorrt_detect_msgs.egg-info
[3.076s] writing tensorrt_detect_msgs.egg-info/PKG-INFO
[3.076s] writing dependency_links to tensorrt_detect_msgs.egg-info/dependency_links.txt
[3.076s] writing top-level names to tensorrt_detect_msgs.egg-info/top_level.txt
[3.076s] writing manifest file 'tensorrt_detect_msgs.egg-info/SOURCES.txt'
[3.078s] [  2%] Built target tensorrt_detect_msgs__rosidl_generator_type_description
[3.091s] [  4%] Generating C code for ROS interfaces
[3.099s] [  5%] Generating C++ code for ROS interfaces
[3.104s] [  5%] Built target tensorrt_detect_msgs__rs
[3.108s] reading manifest file 'tensorrt_detect_msgs.egg-info/SOURCES.txt'
[3.108s] writing manifest file 'tensorrt_detect_msgs.egg-info/SOURCES.txt'
[3.141s] [  5%] Built target ament_cmake_python_build_tensorrt_detect_msgs_egg
[3.546s] [  5%] Built target tensorrt_detect_msgs__cpp
[3.610s] [  6%] Building C object CMakeFiles/tensorrt_detect_msgs__rosidl_generator_c.dir/rosidl_generator_c/tensorrt_detect_msgs/msg/detail/world_target__functions.c.o
[3.610s] [  9%] Building C object CMakeFiles/tensorrt_detect_msgs__rosidl_generator_c.dir/rosidl_generator_c/tensorrt_detect_msgs/msg/detail/detection_box__type_support.c.o
[3.610s] [  9%] Building C object CMakeFiles/tensorrt_detect_msgs__rosidl_generator_c.dir/rosidl_generator_c/tensorrt_detect_msgs/msg/detail/detection_array__type_support.c.o
[3.610s] [ 10%] Building C object CMakeFiles/tensorrt_detect_msgs__rosidl_generator_c.dir/rosidl_generator_c/tensorrt_detect_msgs/msg/detail/world_target__type_support.c.o
[3.611s] [ 14%] Building C object CMakeFiles/tensorrt_detect_msgs__rosidl_generator_c.dir/rosidl_generator_c/tensorrt_detect_msgs/msg/detail/world_target_array__functions.c.o
[3.611s] [ 14%] Building C object CMakeFiles/tensorrt_detect_msgs__rosidl_generator_c.dir/rosidl_generator_c/tensorrt_detect_msgs/msg/detail/detection_box__description.c.o
[3.611s] [ 14%] Building C object CMakeFiles/tensorrt_detect_msgs__rosidl_generator_c.dir/rosidl_generator_c/tensorrt_detect_msgs/msg/detail/detection_box__functions.c.o
[3.611s] [ 16%] Building C object CMakeFiles/tensorrt_detect_msgs__rosidl_generator_c.dir/rosidl_generator_c/tensorrt_detect_msgs/msg/detail/radar_map__description.c.o
[3.611s] [ 17%] Building C object CMakeFiles/tensorrt_detect_msgs__rosidl_generator_c.dir/rosidl_generator_c/tensorrt_detect_msgs/msg/detail/detection_array__description.c.o
[3.612s] [ 18%] Building C object CMakeFiles/tensorrt_detect_msgs__rosidl_generator_c.dir/rosidl_generator_c/tensorrt_detect_msgs/msg/detail/detection_array__functions.c.o
[3.612s] [ 20%] Building C object CMakeFiles/tensorrt_detect_msgs__rosidl_generator_c.dir/rosidl_generator_c/tensorrt_detect_msgs/msg/detail/world_target_array__description.c.o
[3.613s] [ 21%] Building C object CMakeFiles/tensorrt_detect_msgs__rosidl_generator_c.dir/rosidl_generator_c/tensorrt_detect_msgs/msg/detail/world_target__description.c.o
[3.613s] [ 22%] Building C object CMakeFiles/tensorrt_detect_msgs__rosidl_generator_c.dir/rosidl_generator_c/tensorrt_detect_msgs/msg/detail/radar_map__type_support.c.o
[3.614s] [ 24%] Building C object CMakeFiles/tensorrt_detect_msgs__rosidl_generator_c.dir/rosidl_generator_c/tensorrt_detect_msgs/msg/detail/world_target_array__type_support.c.o
[3.615s] [ 25%] Building C object CMakeFiles/tensorrt_detect_msgs__rosidl_generator_c.dir/rosidl_generator_c/tensorrt_detect_msgs/msg/detail/radar_map__functions.c.o
[3.732s] [ 26%] Linking C shared library libtensorrt_detect_msgs__rosidl_generator_c.so
[3.775s] [ 26%] Built target tensorrt_detect_msgs__rosidl_generator_c
[3.786s] [ 28%] Generating C++ introspection for ROS interfaces
[3.786s] [ 29%] Generating C type support dispatch for ROS interfaces
[3.786s] [ 30%] Generating C++ type support dispatch for ROS interfaces
[3.786s] [ 32%] Generating C type support for eProsima Fast-RTPS
[3.787s] [ 33%] Generating C++ type support for eProsima Fast-RTPS
[3.787s] [ 34%] Generating C introspection for ROS interfaces
[4.199s] [ 36%] Building CXX object CMakeFiles/tensorrt_detect_msgs__rosidl_typesupport_cpp.dir/rosidl_typesupport_cpp/tensorrt_detect_msgs/msg/detection_box__type_support.cpp.o
[4.199s] [ 37%] Building CXX object CMakeFiles/tensorrt_detect_msgs__rosidl_typesupport_cpp.dir/rosidl_typesupport_cpp/tensorrt_detect_msgs/msg/detection_array__type_support.cpp.o
[4.204s] [ 41%] Building CXX object CMakeFiles/tensorrt_detect_msgs__rosidl_typesupport_cpp.dir/rosidl_typesupport_cpp/tensorrt_detect_msgs/msg/world_target_array__type_support.cpp.o
[4.204s] [ 41%] Building CXX object CMakeFiles/tensorrt_detect_msgs__rosidl_typesupport_cpp.dir/rosidl_typesupport_cpp/tensorrt_detect_msgs/msg/world_target__type_support.cpp.o
[4.204s] [ 41%] Building CXX object CMakeFiles/tensorrt_detect_msgs__rosidl_typesupport_cpp.dir/rosidl_typesupport_cpp/tensorrt_detect_msgs/msg/radar_map__type_support.cpp.o
[4.210s] [ 42%] Building CXX object CMakeFiles/tensorrt_detect_msgs__rosidl_typesupport_c.dir/rosidl_typesupport_c/tensorrt_detect_msgs/msg/detection_box__type_support.cpp.o
[4.210s] [ 44%] Building CXX object CMakeFiles/tensorrt_detect_msgs__rosidl_typesupport_c.dir/rosidl_typesupport_c/tensorrt_detect_msgs/msg/world_target__type_support.cpp.o
[4.211s] [ 45%] Building CXX object CMakeFiles/tensorrt_detect_msgs__rosidl_typesupport_c.dir/rosidl_typesupport_c/tensorrt_detect_msgs/msg/detection_array__type_support.cpp.o
[4.222s] [ 46%] Building CXX object CMakeFiles/tensorrt_detect_msgs__rosidl_typesupport_c.dir/rosidl_typesupport_c/tensorrt_detect_msgs/msg/world_target_array__type_support.cpp.o
[4.222s] [ 48%] Building CXX object CMakeFiles/tensorrt_detect_msgs__rosidl_typesupport_c.dir/rosidl_typesupport_c/tensorrt_detect_msgs/msg/radar_map__type_support.cpp.o
[4.240s] [ 49%] Building C object CMakeFiles/tensorrt_detect_msgs__rosidl_typesupport_introspection_c.dir/rosidl_typesupport_introspection_c/tensorrt_detect_msgs/msg/detail/detection_box__type_support.c.o
[4.240s] [ 50%] Building C object CMakeFiles/tensorrt_detect_msgs__rosidl_typesupport_introspection_c.dir/rosidl_typesupport_introspection_c/tensorrt_detect_msgs/msg/detail/world_target_array__type_support.c.o
[4.241s] [ 52%] Building C object CMakeFiles/tensorrt_detect_msgs__rosidl_typesupport_introspection_c.dir/rosidl_typesupport_introspection_c/tensorrt_detect_msgs/msg/detail/detection_array__type_support.c.o
[4.242s] [ 53%] Building C object CMakeFiles/tensorrt_detect_msgs__rosidl_typesupport_introspection_c.dir/rosidl_typesupport_introspection_c/tensorrt_detect_msgs/msg/detail/world_target__type_support.c.o
[4.243s] [ 54%] Building C object CMakeFiles/tensorrt_detect_msgs__rosidl_typesupport_introspection_c.dir/rosidl_typesupport_introspection_c/tensorrt_detect_msgs/msg/detail/radar_map__type_support.c.o
[4.254s] [ 56%] Building CXX object CMakeFiles/tensorrt_detect_msgs__rosidl_typesupport_introspection_cpp.dir/rosidl_typesupport_introspection_cpp/tensorrt_detect_msgs/msg/detail/detection_array__type_support.cpp.o
[4.254s] [ 57%] Building CXX object CMakeFiles/tensorrt_detect_msgs__rosidl_typesupport_introspection_cpp.dir/rosidl_typesupport_introspection_cpp/tensorrt_detect_msgs/msg/detail/world_target__type_support.cpp.o
[4.261s] [ 58%] Building CXX object CMakeFiles/tensorrt_detect_msgs__rosidl_typesupport_introspection_cpp.dir/rosidl_typesupport_introspection_cpp/tensorrt_detect_msgs/msg/detail/detection_box__type_support.cpp.o
[4.285s] [ 61%] Building CXX object CMakeFiles/tensorrt_detect_msgs__rosidl_typesupport_introspection_cpp.dir/rosidl_typesupport_introspection_cpp/tensorrt_detect_msgs/msg/detail/radar_map__type_support.cpp.o
[4.285s] [ 61%] Building CXX object CMakeFiles/tensorrt_detect_msgs__rosidl_typesupport_introspection_cpp.dir/rosidl_typesupport_introspection_cpp/tensorrt_detect_msgs/msg/detail/world_target_array__type_support.cpp.o
[4.294s] [ 62%] Linking CXX shared library libtensorrt_detect_msgs__rosidl_typesupport_c.so
[4.337s] [ 64%] Linking C shared library libtensorrt_detect_msgs__rosidl_typesupport_introspection_c.so
[4.349s] [ 64%] Built target tensorrt_detect_msgs__rosidl_typesupport_c
[4.353s] [ 66%] Building CXX object CMakeFiles/tensorrt_detect_msgs__rosidl_typesupport_fastrtps_cpp.dir/rosidl_typesupport_fastrtps_cpp/tensorrt_detect_msgs/msg/detail/dds_fastrtps/detection_array__type_support.cpp.o
[4.353s] [ 66%] Building CXX object CMakeFiles/tensorrt_detect_msgs__rosidl_typesupport_fastrtps_cpp.dir/rosidl_typesupport_fastrtps_cpp/tensorrt_detect_msgs/msg/detail/dds_fastrtps/detection_box__type_support.cpp.o
[4.353s] [ 68%] Building CXX object CMakeFiles/tensorrt_detect_msgs__rosidl_typesupport_fastrtps_cpp.dir/rosidl_typesupport_fastrtps_cpp/tensorrt_detect_msgs/msg/detail/dds_fastrtps/world_target__type_support.cpp.o
[4.353s] [ 69%] Building CXX object CMakeFiles/tensorrt_detect_msgs__rosidl_typesupport_fastrtps_cpp.dir/rosidl_typesupport_fastrtps_cpp/tensorrt_detect_msgs/msg/detail/dds_fastrtps/world_target_array__type_support.cpp.o
[4.358s] [ 70%] Building CXX object CMakeFiles/tensorrt_detect_msgs__rosidl_typesupport_fastrtps_cpp.dir/rosidl_typesupport_fastrtps_cpp/tensorrt_detect_msgs/msg/detail/dds_fastrtps/radar_map__type_support.cpp.o
[4.385s] [ 70%] Built target tensorrt_detect_msgs__rosidl_typesupport_introspection_c
[4.408s] [ 73%] Building CXX object CMakeFiles/tensorrt_detect_msgs__rosidl_typesupport_fastrtps_c.dir/rosidl_typesupport_fastrtps_c/tensorrt_detect_msgs/msg/detail/radar_map__type_support_c.cpp.o
[4.409s] [ 73%] Building CXX object CMakeFiles/tensorrt_detect_msgs__rosidl_typesupport_fastrtps_c.dir/rosidl_typesupport_fastrtps_c/tensorrt_detect_msgs/msg/detail/world_target__type_support_c.cpp.o
[4.409s] [ 74%] Building CXX object CMakeFiles/tensorrt_detect_msgs__rosidl_typesupport_fastrtps_c.dir/rosidl_typesupport_fastrtps_c/tensorrt_detect_msgs/msg/detail/detection_array__type_support_c.cpp.o
[4.418s] [ 77%] Building CXX object CMakeFiles/tensorrt_detect_msgs__rosidl_typesupport_fastrtps_c.dir/rosidl_typesupport_fastrtps_c/tensorrt_detect_msgs/msg/detail/world_target_array__type_support_c.cpp.o
[4.418s] [ 77%] Building CXX object CMakeFiles/tensorrt_detect_msgs__rosidl_typesupport_fastrtps_c.dir/rosidl_typesupport_fastrtps_c/tensorrt_detect_msgs/msg/detail/detection_box__type_support_c.cpp.o
[4.776s] [ 78%] Linking CXX shared library libtensorrt_detect_msgs__rosidl_typesupport_cpp.so
[4.845s] [ 78%] Built target tensorrt_detect_msgs__rosidl_typesupport_cpp
[4.985s] [ 80%] Linking CXX shared library libtensorrt_detect_msgs__rosidl_typesupport_introspection_cpp.so
[5.092s] [ 80%] Built target tensorrt_detect_msgs__rosidl_typesupport_introspection_cpp
[5.223s] [ 81%] Linking CXX shared library libtensorrt_detect_msgs__rosidl_typesupport_fastrtps_cpp.so
[5.275s] [ 82%] Linking CXX shared library libtensorrt_detect_msgs__rosidl_typesupport_fastrtps_c.so
[5.289s] [ 82%] Built target tensorrt_detect_msgs__rosidl_typesupport_fastrtps_cpp
[5.323s] [ 82%] Built target tensorrt_detect_msgs__rosidl_typesupport_fastrtps_c
[5.347s] [ 82%] Built target tensorrt_detect_msgs
[5.367s] [ 84%] Generating Python code for ROS interfaces
[5.904s] [ 84%] Built target tensorrt_detect_msgs__py
[5.923s] [ 86%] Building C object CMakeFiles/tensorrt_detect_msgs__rosidl_generator_py.dir/rosidl_generator_py/tensorrt_detect_msgs/msg/_detection_array_s.c.o
[5.923s] [ 86%] Building C object CMakeFiles/tensorrt_detect_msgs__rosidl_generator_py.dir/rosidl_generator_py/tensorrt_detect_msgs/msg/_detection_box_s.c.o
[5.923s] [ 88%] Building C object CMakeFiles/tensorrt_detect_msgs__rosidl_generator_py.dir/rosidl_generator_py/tensorrt_detect_msgs/msg/_world_target_array_s.c.o
[5.926s] [ 89%] Building C object CMakeFiles/tensorrt_detect_msgs__rosidl_generator_py.dir/rosidl_generator_py/tensorrt_detect_msgs/msg/_world_target_s.c.o
[5.926s] [ 90%] Building C object CMakeFiles/tensorrt_detect_msgs__rosidl_generator_py.dir/rosidl_generator_py/tensorrt_detect_msgs/msg/_radar_map_s.c.o
[6.114s] [ 92%] Linking C shared library libtensorrt_detect_msgs__rosidl_generator_py.so
[6.156s] [ 92%] Built target tensorrt_detect_msgs__rosidl_generator_py
[6.178s] [ 94%] Building C object CMakeFiles/tensorrt_detect_msgs_s__rosidl_typesupport_c.dir/rosidl_generator_py/tensorrt_detect_msgs/_tensorrt_detect_msgs_s.ep.rosidl_typesupport_c.c.o
[6.178s] [ 94%] Building C object CMakeFiles/tensorrt_detect_msgs_s__rosidl_typesupport_fastrtps_c.dir/rosidl_generator_py/tensorrt_detect_msgs/_tensorrt_detect_msgs_s.ep.rosidl_typesupport_fastrtps_c.c.o
[6.178s] [ 96%] Building C object CMakeFiles/tensorrt_detect_msgs_s__rosidl_typesupport_introspection_c.dir/rosidl_generator_py/tensorrt_detect_msgs/_tensorrt_detect_msgs_s.ep.rosidl_typesupport_introspection_c.c.o
[6.326s] [ 97%] Linking C shared module rosidl_generator_py/tensorrt_detect_msgs/tensorrt_detect_msgs_s__rosidl_typesupport_fastrtps_c.so
[6.329s] [ 98%] Linking C shared module rosidl_generator_py/tensorrt_detect_msgs/tensorrt_detect_msgs_s__rosidl_typesupport_c.so
[6.334s] [100%] Linking C shared module rosidl_generator_py/tensorrt_detect_msgs/tensorrt_detect_msgs_s__rosidl_typesupport_introspection_c.so
[6.355s] [100%] Built target tensorrt_detect_msgs_s__rosidl_typesupport_fastrtps_c
[6.357s] [100%] Built target tensorrt_detect_msgs_s__rosidl_typesupport_c
[6.367s] [100%] Built target tensorrt_detect_msgs_s__rosidl_typesupport_introspection_c
[6.377s] Invoked command in '/home/delphine/rm/tensorrt10_detect/build/tensorrt_detect_msgs' returned '0': CMAKE_PREFIX_PATH=${CMAKE_PREFIX_PATH}:/opt/ros/jazzy CONDA_PROMPT_MODIFIER=(base) DEBUGINFOD_URLS=https://debuginfod.ubuntu.com /usr/bin/cmake --build /home/delphine/rm/tensorrt10_detect/build/tensorrt_detect_msgs -- -j20 -l20
[6.388s] Invoking command in '/home/delphine/rm/tensorrt10_detect/build/tensorrt_detect_msgs': CMAKE_PREFIX_PATH=${CMAKE_PREFIX_PATH}:/opt/ros/jazzy CONDA_PROMPT_MODIFIER=(base) DEBUGINFOD_URLS=https://debuginfod.ubuntu.com /usr/bin/cmake --install /home/delphine/rm/tensorrt10_detect/build/tensorrt_detect_msgs
[6.396s] -- Install configuration: "RelWithDebInfo"
[6.396s] -- Installing: /home/delphine/rm/tensorrt10_detect/install/tensorrt_detect_msgs/share/ament_index/resource_index/rosidl_interfaces/tensorrt_detect_msgs
[6.396s] -- Installing: /home/delphine/rm/tensorrt10_detect/install/tensorrt_detect_msgs/share/tensorrt_detect_msgs/msg/DetectionBox.json
[6.396s] -- Installing: /home/delphine/rm/tensorrt10_detect/install/tensorrt_detect_msgs/share/tensorrt_detect_msgs/msg/DetectionArray.json
[6.396s] -- Installing: /home/delphine/rm/tensorrt10_detect/install/tensorrt_detect_msgs/share/tensorrt_detect_msgs/msg/WorldTarget.json
[6.396s] -- Installing: /home/delphine/rm/tensorrt10_detect/install/tensorrt_detect_msgs/share/tensorrt_detect_msgs/msg/WorldTargetArray.json
[6.396s] -- Installing: /home/delphine/rm/tensorrt10_detect/install/tensorrt_detect_msgs/share/tensorrt_detect_msgs/msg/RadarMap.json
[6.396s] -- Installing: /home/delphine/rm/tensorrt10_detect/install/tensorrt_detect_msgs/include/tensorrt_detect_msgs/tensorrt_detect_msgs
[6.396s] -- Installing: /home/delphine/rm/tensorrt10_detect/install/tensorrt_detect_msgs/include/tensorrt_detect_msgs/tensorrt_detect_msgs/msg
[6.397s] -- Installing: /home/delphine/rm/tensorrt10_detect/install/tensorrt_detect_msgs/include/tensorrt_detect_msgs/tensorrt_detect_msgs/msg/world_target_array.h
[6.397s] -- Installing: /home/delphine/rm/tensorrt10_detect/install/tensorrt_detect_msgs/include/tensorrt_detect_msgs/tensorrt_detect_msgs/msg/detection_box.h
[6.397s] -- Installing: /home/delphine/rm/tensorrt10_detect/install/tensorrt_detect_msgs/include/tensorrt_detect_msgs/tensorrt_detect_msgs/msg/world_target.h
[6.397s] -- Installing: /home/delphine/rm/tensorrt10_detect/install/tensorrt_detect_msgs/include/tensorrt_detect_msgs/tensorrt_detect_msgs/msg/rosidl_generator_c__visibility_control.h
[6.397s] -- Installing: /home/delphine/rm/tensorrt10_detect/install/tensorrt_detect_msgs/include/tensorrt_detect_msgs/tensorrt_detect_msgs/msg/radar_map.h
[6.397s] -- Installing: /home/delphine/rm/tensorrt10_detect/install/tensorrt_detect_msgs/include/tensorrt_detect_msgs/tensorrt_detect_msgs/msg/detection_array.h
[6.397s] -- Installing: /home/delphine/rm/tensorrt10_detect/install/tensorrt_detect_msgs/include/tensorrt_detect_msgs/tensorrt_detect_msgs/msg/detail
[6.397s] -- Installing: /home/delphine/rm/tensorrt10_detect/install/tensorrt_detect_msgs/include/tensorrt_detect_msgs/tensorrt_detect_msgs/msg/detail/detection_box__description.c
[6.397s] -- Installing: /home/delphine/rm/tensorrt10_detect/install/tensorrt_detect_msgs/include/tensorrt_detect_msgs/tensorrt_detect_msgs/msg/detail/detection_box__struct.h
[6.397s] -- Installing: /home/delphine/rm/tensorrt10_detect/install/tensorrt_detect_msgs/include/tensorrt_detect_msgs/tensorrt_detect_msgs/msg/detail/radar_map__description.c
[6.397s] -- Installing: /home/delphine/rm/tensorrt10_detect/install/tensorrt_detect_msgs/include/tensorrt_detect_msgs/tensorrt_detect_msgs/msg/detail/radar_map__type_support.c
[6.398s] -- Installing: /home/delphine/rm/tensorrt10_detect/install/tensorrt_detect_msgs/include/tensorrt_detect_msgs/tensorrt_detect_msgs/msg/detail/world_target__type_support.c
[6.398s] -- Installing: /home/delphine/rm/tensorrt10_detect/install/tensorrt_detect_msgs/include/tensorrt_detect_msgs/tensorrt_detect_msgs/msg/detail/detection_array__type_support.c
[6.398s] -- Installing: /home/delphine/rm/tensorrt10_detect/install/tensorrt_detect_msgs/include/tensorrt_detect_msgs/tensorrt_detect_msgs/msg/detail/world_target_array__type_support.h
[6.398s] -- Installing: /home/delphine/rm/tensorrt10_detect/install/tensorrt_detect_msgs/include/tensorrt_detect_msgs/tensorrt_detect_msgs/msg/detail/world_target__functions.h
[6.398s] -- Installing: /home/delphine/rm/tensorrt10_detect/install/tensorrt_detect_msgs/include/tensorrt_detect_msgs/tensorrt_detect_msgs/msg/detail/detection_box__functions.c
[6.398s] -- Installing: /home/delphine/rm/tensorrt10_detect/install/tensorrt_detect_msgs/include/tensorrt_detect_msgs/tensorrt_detect_msgs/msg/detail/world_target_array__type_support.c
[6.398s] -- Installing: /home/delphine/rm/tensorrt10_detect/install/tensorrt_detect_msgs/include/tensorrt_detect_msgs/tensorrt_detect_msgs/msg/detail/detection_box__type_support.c
[6.398s] -- Installing: /home/delphine/rm/tensorrt10_detect/install/tensorrt_detect_msgs/include/tensorrt_detect_msgs/tensorrt_detect_msgs/msg/detail/world_target__type_support.h
[6.399s] -- Installing: /home/delphine/rm/tensorrt10_detect/install/tensorrt_detect_msgs/include/tensorrt_detect_msgs/tensorrt_detect_msgs/msg/detail/detection_array__functions.h
[6.399s] -- Installing: /home/delphine/rm/tensorrt10_detect/install/tensorrt_detect_msgs/include/tensorrt_detect_msgs/tensorrt_detect_msgs/msg/detail/detection_box__type_support.h
[6.399s] -- Installing: /home/delphine/rm/tensorrt10_detect/install/tensorrt_detect_msgs/include/tensorrt_detect_msgs/tensorrt_detect_msgs/msg/detail/detection_array__struct.h
[6.399s] -- Installing: /home/delphine/rm/tensorrt10_detect/install/tensorrt_detect_msgs/include/tensorrt_detect_msgs/tensorrt_detect_msgs/msg/detail/world_target__functions.c
[6.399s] -- Installing: /home/delphine/rm/tensorrt10_detect/install/tensorrt_detect_msgs/include/tensorrt_detect_msgs/tensorrt_detect_msgs/msg/detail/world_target__description.c
[6.399s] -- Installing: /home/delphine/rm/tensorrt10_detect/install/tensorrt_detect_msgs/include/tensorrt_detect_msgs/tensorrt_detect_msgs/msg/detail/detection_array__functions.c
[6.399s] -- Installing: /home/delphine/rm/tensorrt10_detect/install/tensorrt_detect_msgs/include/tensorrt_detect_msgs/tensorrt_detect_msgs/msg/detail/detection_array__description.c
[6.400s] -- Installing: /home/delphine/rm/tensorrt10_detect/install/tensorrt_detect_msgs/include/tensorrt_detect_msgs/tensorrt_detect_msgs/msg/detail/radar_map__functions.h
[6.400s] -- Installing: /home/delphine/rm/tensorrt10_detect/install/tensorrt_detect_msgs/include/tensorrt_detect_msgs/tensorrt_detect_msgs/msg/detail/world_target_array__description.c
[6.400s] -- Installing: /home/delphine/rm/tensorrt10_detect/install/tensorrt_detect_msgs/include/tensorrt_detect_msgs/tensorrt_detect_msgs/msg/detail/detection_array__type_support.h
[6.400s] -- Installing: /home/delphine/rm/tensorrt10_detect/install/tensorrt_detect_msgs/include/tensorrt_detect_msgs/tensorrt_detect_msgs/msg/detail/radar_map__functions.c
[6.400s] -- Installing: /home/delphine/rm/tensorrt10_detect/install/tensorrt_detect_msgs/include/tensorrt_detect_msgs/tensorrt_detect_msgs/msg/detail/radar_map__type_support.h
[6.400s] -- Installing: /home/delphine/rm/tensorrt10_detect/install/tensorrt_detect_msgs/include/tensorrt_detect_msgs/tensorrt_detect_msgs/msg/detail/detection_box__functions.h
[6.400s] -- Installing: /home/delphine/rm/tensorrt10_detect/install/tensorrt_detect_msgs/include/tensorrt_detect_msgs/tensorrt_detect_msgs/msg/detail/world_target_array__functions.c
[6.400s] -- Installing: /home/delphine/rm/tensorrt10_detect/install/tensorrt_detect_msgs/include/tensorrt_detect_msgs/tensorrt_detect_msgs/msg/detail/world_target_array__functions.h
[6.400s] -- Installing: /home/delphine/rm/tensorrt10_detect/install/tensorrt_detect_msgs/include/tensorrt_detect_msgs/tensorrt_detect_msgs/msg/detail/world_target_array__struct.h
[6.400s] -- Installing: /home/delphine/rm/tensorrt10_detect/install/tensorrt_detect_msgs/include/tensorrt_detect_msgs/tensorrt_detect_msgs/msg/detail/world_target__struct.h
[6.400s] -- Installing: /home/delphine/rm/tensorrt10_detect/install/tensorrt_detect_msgs/include/tensorrt_detect_msgs/tensorrt_detect_msgs/msg/detail/radar_map__struct.h
[6.400s] -- Installing: /home/delphine/rm/tensorrt10_detect/install/tensorrt_detect_msgs/share/tensorrt_detect_msgs/environment/library_path.sh
[6.400s] -- Installing: /home/delphine/rm/tensorrt10_detect/install/tensorrt_detect_msgs/share/tensorrt_detect_msgs/environment/library_path.dsv
[6.400s] -- Installing: /home/delphine/rm/tensorrt10_detect/install/tensorrt_detect_msgs/lib/libtensorrt_detect_msgs__rosidl_generator_c.so
[6.401s] -- Set non-toolchain portion of runtime path of "/home/delphine/rm/tensorrt10_detect/install/tensorrt_detect_msgs/lib/libtensorrt_detect_msgs__rosidl_generator_c.so" to ""
[6.401s] -- Up-to-date: /home/delphine/rm/tensorrt10_detect/install/tensorrt_detect_msgs/include/tensorrt_detect_msgs/tensorrt_detect_msgs
[6.401s] -- Up-to-date: /home/delphine/rm/tensorrt10_detect/install/tensorrt_detect_msgs/include/tensorrt_detect_msgs/tensorrt_detect_msgs/msg
[6.401s] -- Installing: /home/delphine/rm/tensorrt10_detect/install/tensorrt_detect_msgs/include/tensorrt_detect_msgs/tensorrt_detect_msgs/msg/rosidl_typesupport_fastrtps_c__visibility_control.h
[6.401s] -- Up-to-date: /home/delphine/rm/tensorrt10_detect/install/tensorrt_detect_msgs/include/tensorrt_detect_msgs/tensorrt_detect_msgs/msg/detail
[6.401s] -- Installing: /home/delphine/rm/tensorrt10_detect/install/tensorrt_detect_msgs/include/tensorrt_detect_msgs/tensorrt_detect_msgs/msg/detail/detection_array__rosidl_typesupport_fastrtps_c.h
[6.401s] -- Installing: /home/delphine/rm/tensorrt10_detect/install/tensorrt_detect_msgs/include/tensorrt_detect_msgs/tensorrt_detect_msgs/msg/detail/radar_map__rosidl_typesupport_fastrtps_c.h
[6.401s] -- Installing: /home/delphine/rm/tensorrt10_detect/install/tensorrt_detect_msgs/include/tensorrt_detect_msgs/tensorrt_detect_msgs/msg/detail/world_target_array__rosidl_typesupport_fastrtps_c.h
[6.401s] -- Installing: /home/delphine/rm/tensorrt10_detect/install/tensorrt_detect_msgs/include/tensorrt_detect_msgs/tensorrt_detect_msgs/msg/detail/detection_box__rosidl_typesupport_fastrtps_c.h
[6.401s] -- Installing: /home/delphine/rm/tensorrt10_detect/install/tensorrt_detect_msgs/include/tensorrt_detect_msgs/tensorrt_detect_msgs/msg/detail/world_target__rosidl_typesupport_fastrtps_c.h
[6.401s] -- Installing: /home/delphine/rm/tensorrt10_detect/install/tensorrt_detect_msgs/lib/libtensorrt_detect_msgs__rosidl_typesupport_fastrtps_c.so
[6.402s] -- Set non-toolchain portion of runtime path of "/home/delphine/rm/tensorrt10_detect/install/tensorrt_detect_msgs/lib/libtensorrt_detect_msgs__rosidl_typesupport_fastrtps_c.so" to ""
[6.402s] -- Up-to-date: /home/delphine/rm/tensorrt10_detect/install/tensorrt_detect_msgs/include/tensorrt_detect_msgs/tensorrt_detect_msgs
[6.402s] -- Up-to-date: /home/delphine/rm/tensorrt10_detect/install/tensorrt_detect_msgs/include/tensorrt_detect_msgs/tensorrt_detect_msgs/msg
[6.402s] -- Installing: /home/delphine/rm/tensorrt10_detect/install/tensorrt_detect_msgs/include/tensorrt_detect_msgs/tensorrt_detect_msgs/msg/rosidl_typesupport_introspection_c__visibility_control.h
[6.402s] -- Up-to-date: /home/delphine/rm/tensorrt10_detect/install/tensorrt_detect_msgs/include/tensorrt_detect_msgs/tensorrt_detect_msgs/msg/detail
[6.402s] -- Installing: /home/delphine/rm/tensorrt10_detect/install/tensorrt_detect_msgs/include/tensorrt_detect_msgs/tensorrt_detect_msgs/msg/detail/world_target__rosidl_typesupport_introspection_c.h
[6.402s] -- Installing: /home/delphine/rm/tensorrt10_detect/install/tensorrt_detect_msgs/include/tensorrt_detect_msgs/tensorrt_detect_msgs/msg/detail/detection_box__rosidl_typesupport_introspection_c.h
[6.402s] -- Up-to-date: /home/delphine/rm/tensorrt10_detect/install/tensorrt_detect_msgs/include/tensorrt_detect_msgs/tensorrt_detect_msgs/msg/detail/radar_map__type_support.c
[6.402s] -- Up-to-date: /home/delphine/rm/tensorrt10_detect/install/tensorrt_detect_msgs/include/tensorrt_detect_msgs/tensorrt_detect_msgs/msg/detail/world_target__type_support.c
[6.402s] -- Up-to-date: /home/delphine/rm/tensorrt10_detect/install/tensorrt_detect_msgs/include/tensorrt_detect_msgs/tensorrt_detect_msgs/msg/detail/detection_array__type_support.c
[6.402s] -- Up-to-date: /home/delphine/rm/tensorrt10_detect/install/tensorrt_detect_msgs/include/tensorrt_detect_msgs/tensorrt_detect_msgs/msg/detail/world_target_array__type_support.c
[6.403s] -- Up-to-date: /home/delphine/rm/tensorrt10_detect/install/tensorrt_detect_msgs/include/tensorrt_detect_msgs/tensorrt_detect_msgs/msg/detail/detection_box__type_support.c
[6.403s] -- Installing: /home/delphine/rm/tensorrt10_detect/install/tensorrt_detect_msgs/include/tensorrt_detect_msgs/tensorrt_detect_msgs/msg/detail/radar_map__rosidl_typesupport_introspection_c.h
[6.403s] -- Installing: /home/delphine/rm/tensorrt10_detect/install/tensorrt_detect_msgs/include/tensorrt_detect_msgs/tensorrt_detect_msgs/msg/detail/world_target_array__rosidl_typesupport_introspection_c.h
[6.403s] -- Installing: /home/delphine/rm/tensorrt10_detect/install/tensorrt_detect_msgs/include/tensorrt_detect_msgs/tensorrt_detect_msgs/msg/detail/detection_array__rosidl_typesupport_introspection_c.h
[6.403s] -- Installing: /home/delphine/rm/tensorrt10_detect/install/tensorrt_detect_msgs/lib/libtensorrt_detect_msgs__rosidl_typesupport_introspection_c.so
[6.403s] -- Set non-toolchain portion of runtime path of "/home/delphine/rm/tensorrt10_detect/install/tensorrt_detect_msgs/lib/libtensorrt_detect_msgs__rosidl_typesupport_introspection_c.so" to ""
[6.403s] -- Installing: /home/delphine/rm/tensorrt10_detect/install/tensorrt_detect_msgs/lib/libtensorrt_detect_msgs__rosidl_typesupport_c.so
[6.403s] -- Set non-toolchain portion of runtime path of "/home/delphine/rm/tensorrt10_detect/install/tensorrt_detect_msgs/lib/libtensorrt_detect_msgs__rosidl_typesupport_c.so" to ""
[6.403s] -- Up-to-date: /home/delphine/rm/tensorrt10_detect/install/tensorrt_detect_msgs/include/tensorrt_detect_msgs/tensorrt_detect_msgs
[6.403s] -- Up-to-date: /home/delphine/rm/tensorrt10_detect/install/tensorrt_detect_msgs/include/tensorrt_detect_msgs/tensorrt_detect_msgs/msg
[6.403s] -- Installing: /home/delphine/rm/tensorrt10_detect/install/tensorrt_detect_msgs/include/tensorrt_detect_msgs/tensorrt_detect_msgs/msg/detection_array.hpp
[6.403s] -- Installing: /home/delphine/rm/tensorrt10_detect/install/tensorrt_detect_msgs/include/tensorrt_detect_msgs/tensorrt_detect_msgs/msg/world_target_array.hpp
[6.403s] -- Up-to-date: /home/delphine/rm/tensorrt10_detect/install/tensorrt_detect_msgs/include/tensorrt_detect_msgs/tensorrt_detect_msgs/msg/detail
[6.403s] -- Installing: /home/delphine/rm/tensorrt10_detect/install/tensorrt_detect_msgs/include/tensorrt_detect_msgs/tensorrt_detect_msgs/msg/detail/detection_box__type_support.hpp
[6.403s] -- Installing: /home/delphine/rm/tensorrt10_detect/install/tensorrt_detect_msgs/include/tensorrt_detect_msgs/tensorrt_detect_msgs/msg/detail/world_target__traits.hpp
[6.403s] -- Installing: /home/delphine/rm/tensorrt10_detect/install/tensorrt_detect_msgs/include/tensorrt_detect_msgs/tensorrt_detect_msgs/msg/detail/radar_map__struct.hpp
[6.403s] -- Installing: /home/delphine/rm/tensorrt10_detect/install/tensorrt_detect_msgs/include/tensorrt_detect_msgs/tensorrt_detect_msgs/msg/detail/radar_map__type_support.hpp
[6.404s] -- Installing: /home/delphine/rm/tensorrt10_detect/install/tensorrt_detect_msgs/include/tensorrt_detect_msgs/tensorrt_detect_msgs/msg/detail/world_target__struct.hpp
[6.404s] -- Installing: /home/delphine/rm/tensorrt10_detect/install/tensorrt_detect_msgs/include/tensorrt_detect_msgs/tensorrt_detect_msgs/msg/detail/detection_array__traits.hpp
[6.404s] -- Installing: /home/delphine/rm/tensorrt10_detect/install/tensorrt_detect_msgs/include/tensorrt_detect_msgs/tensorrt_detect_msgs/msg/detail/world_target_array__builder.hpp
[6.404s] -- Installing: /home/delphine/rm/tensorrt10_detect/install/tensorrt_detect_msgs/include/tensorrt_detect_msgs/tensorrt_detect_msgs/msg/detail/radar_map__traits.hpp
[6.404s] -- Installing: /home/delphine/rm/tensorrt10_detect/install/tensorrt_detect_msgs/include/tensorrt_detect_msgs/tensorrt_detect_msgs/msg/detail/detection_box__builder.hpp
[6.404s] -- Installing: /home/delphine/rm/tensorrt10_detect/install/tensorrt_detect_msgs/include/tensorrt_detect_msgs/tensorrt_detect_msgs/msg/detail/detection_array__type_support.hpp
[6.404s] -- Installing: /home/delphine/rm/tensorrt10_detect/install/tensorrt_detect_msgs/include/tensorrt_detect_msgs/tensorrt_detect_msgs/msg/detail/detection_array__struct.hpp
[6.404s] -- Installing: /home/delphine/rm/tensorrt10_detect/install/tensorrt_detect_msgs/include/tensorrt_detect_msgs/tensorrt_detect_msgs/msg/detail/world_target__type_support.hpp
[6.404s] -- Installing: /home/delphine/rm/tensorrt10_detect/install/tensorrt_detect_msgs/include/tensorrt_detect_msgs/tensorrt_detect_msgs/msg/detail/detection_box__traits.hpp
[6.404s] -- Installing: /home/delphine/rm/tensorrt10_detect/install/tensorrt_detect_msgs/include/tensorrt_detect_msgs/tensorrt_detect_msgs/msg/detail/world_target_array__struct.hpp
[6.404s] -- Installing: /home/delphine/rm/tensorrt10_detect/install/tensorrt_detect_msgs/include/tensorrt_detect_msgs/tensorrt_detect_msgs/msg/detail/world_target_array__type_support.hpp
[6.404s] -- Installing: /home/delphine/rm/tensorrt10_detect/install/tensorrt_detect_msgs/include/tensorrt_detect_msgs/tensorrt_detect_msgs/msg/detail/world_target__builder.hpp
[6.404s] -- Installing: /home/delphine/rm/tensorrt10_detect/install/tensorrt_detect_msgs/include/tensorrt_detect_msgs/tensorrt_detect_msgs/msg/detail/world_target_array__traits.hpp
[6.404s] -- Installing: /home/delphine/rm/tensorrt10_detect/install/tensorrt_detect_msgs/include/tensorrt_detect_msgs/tensorrt_detect_msgs/msg/detail/detection_box__struct.hpp
[6.404s] -- Installing: /home/delphine/rm/tensorrt10_detect/install/tensorrt_detect_msgs/include/tensorrt_detect_msgs/tensorrt_detect_msgs/msg/detail/radar_map__builder.hpp
[6.404s] -- Installing: /home/delphine/rm/tensorrt10_detect/install/tensorrt_detect_msgs/include/tensorrt_detect_msgs/tensorrt_detect_msgs/msg/detail/detection_array__builder.hpp
[6.404s] -- Installing: /home/delphine/rm/tensorrt10_detect/install/tensorrt_detect_msgs/include/tensorrt_detect_msgs/tensorrt_detect_msgs/msg/detection_box.hpp
[6.405s] -- Installing: /home/delphine/rm/tensorrt10_detect/install/tensorrt_detect_msgs/include/tensorrt_detect_msgs/tensorrt_detect_msgs/msg/rosidl_generator_cpp__visibility_control.hpp
[6.405s] -- Installing: /home/delphine/rm/tensorrt10_detect/install/tensorrt_detect_msgs/include/tensorrt_detect_msgs/tensorrt_detect_msgs/msg/world_target.hpp
[6.405s] -- Installing: /home/delphine/rm/tensorrt10_detect/install/tensorrt_detect_msgs/include/tensorrt_detect_msgs/tensorrt_detect_msgs/msg/radar_map.hpp
[6.405s] -- Up-to-date: /home/delphine/rm/tensorrt10_detect/install/tensorrt_detect_msgs/include/tensorrt_detect_msgs/tensorrt_detect_msgs
[6.405s] -- Up-to-date: /home/delphine/rm/tensorrt10_detect/install/tensorrt_detect_msgs/include/tensorrt_detect_msgs/tensorrt_detect_msgs/msg
[6.405s] -- Installing: /home/delphine/rm/tensorrt10_detect/install/tensorrt_detect_msgs/include/tensorrt_detect_msgs/tensorrt_detect_msgs/msg/rosidl_typesupport_fastrtps_cpp__visibility_control.h
[6.405s] -- Up-to-date: /home/delphine/rm/tensorrt10_detect/install/tensorrt_detect_msgs/include/tensorrt_detect_msgs/tensorrt_detect_msgs/msg/detail
[6.405s] -- Installing: /home/delphine/rm/tensorrt10_detect/install/tensorrt_detect_msgs/include/tensorrt_detect_msgs/tensorrt_detect_msgs/msg/detail/world_target_array__rosidl_typesupport_fastrtps_cpp.hpp
[6.405s] -- Installing: /home/delphine/rm/tensorrt10_detect/install/tensorrt_detect_msgs/include/tensorrt_detect_msgs/tensorrt_detect_msgs/msg/detail/radar_map__rosidl_typesupport_fastrtps_cpp.hpp
[6.405s] -- Installing: /home/delphine/rm/tensorrt10_detect/install/tensorrt_detect_msgs/include/tensorrt_detect_msgs/tensorrt_detect_msgs/msg/detail/world_target__rosidl_typesupport_fastrtps_cpp.hpp
[6.405s] -- Installing: /home/delphine/rm/tensorrt10_detect/install/tensorrt_detect_msgs/include/tensorrt_detect_msgs/tensorrt_detect_msgs/msg/detail/detection_box__rosidl_typesupport_fastrtps_cpp.hpp
[6.405s] -- Installing: /home/delphine/rm/tensorrt10_detect/install/tensorrt_detect_msgs/include/tensorrt_detect_msgs/tensorrt_detect_msgs/msg/detail/dds_fastrtps
[6.405s] -- Installing: /home/delphine/rm/tensorrt10_detect/install/tensorrt_detect_msgs/include/tensorrt_detect_msgs/tensorrt_detect_msgs/msg/detail/detection_array__rosidl_typesupport_fastrtps_cpp.hpp
[6.405s] -- Installing: /home/delphine/rm/tensorrt10_detect/install/tensorrt_detect_msgs/lib/libtensorrt_detect_msgs__rosidl_typesupport_fastrtps_cpp.so
[6.406s] -- Set non-toolchain portion of runtime path of "/home/delphine/rm/tensorrt10_detect/install/tensorrt_detect_msgs/lib/libtensorrt_detect_msgs__rosidl_typesupport_fastrtps_cpp.so" to ""
[6.406s] -- Up-to-date: /home/delphine/rm/tensorrt10_detect/install/tensorrt_detect_msgs/include/tensorrt_detect_msgs/tensorrt_detect_msgs
[6.406s] -- Up-to-date: /home/delphine/rm/tensorrt10_detect/install/tensorrt_detect_msgs/include/tensorrt_detect_msgs/tensorrt_detect_msgs/msg
[6.406s] -- Up-to-date: /home/delphine/rm/tensorrt10_detect/install/tensorrt_detect_msgs/include/tensorrt_detect_msgs/tensorrt_detect_msgs/msg/detail
[6.406s] -- Installing: /home/delphine/rm/tensorrt10_detect/install/tensorrt_detect_msgs/include/tensorrt_detect_msgs/tensorrt_detect_msgs/msg/detail/world_target_array__rosidl_typesupport_introspection_cpp.hpp
[6.406s] -- Installing: /home/delphine/rm/tensorrt10_detect/install/tensorrt_detect_msgs/include/tensorrt_detect_msgs/tensorrt_detect_msgs/msg/detail/radar_map__rosidl_typesupport_introspection_cpp.hpp
[6.406s] -- Installing: /home/delphine/rm/tensorrt10_detect/install/tensorrt_detect_msgs/include/tensorrt_detect_msgs/tensorrt_detect_msgs/msg/detail/detection_array__type_support.cpp
[6.406s] -- Installing: /home/delphine/rm/tensorrt10_detect/install/tensorrt_detect_msgs/include/tensorrt_detect_msgs/tensorrt_detect_msgs/msg/detail/world_target__rosidl_typesupport_introspection_cpp.hpp
[6.406s] -- Installing: /home/delphine/rm/tensorrt10_detect/install/tensorrt_detect_msgs/include/tensorrt_detect_msgs/tensorrt_detect_msgs/msg/detail/detection_array__rosidl_typesupport_introspection_cpp.hpp
[6.406s] -- Installing: /home/delphine/rm/tensorrt10_detect/install/tensorrt_detect_msgs/include/tensorrt_detect_msgs/tensorrt_detect_msgs/msg/detail/detection_box__rosidl_typesupport_introspection_cpp.hpp
[6.406s] -- Installing: /home/delphine/rm/tensorrt10_detect/install/tensorrt_detect_msgs/include/tensorrt_detect_msgs/tensorrt_detect_msgs/msg/detail/radar_map__type_support.cpp
[6.406s] -- Installing: /home/delphine/rm/tensorrt10_detect/install/tensorrt_detect_msgs/include/tensorrt_detect_msgs/tensorrt_detect_msgs/msg/detail/detection_box__type_support.cpp
[6.407s] -- Installing: /home/delphine/rm/tensorrt10_detect/install/tensorrt_detect_msgs/include/tensorrt_detect_msgs/tensorrt_detect_msgs/msg/detail/world_target_array__type_support.cpp
[6.407s] -- Installing: /home/delphine/rm/tensorrt10_detect/install/tensorrt_detect_msgs/include/tensorrt_detect_msgs/tensorrt_detect_msgs/msg/detail/world_target__type_support.cpp
[6.407s] -- Installing: /home/delphine/rm/tensorrt10_detect/install/tensorrt_detect_msgs/lib/libtensorrt_detect_msgs__rosidl_typesupport_introspection_cpp.so
[6.407s] -- Set non-toolchain portion of runtime path of "/home/delphine/rm/tensorrt10_detect/install/tensorrt_detect_msgs/lib/libtensorrt_detect_msgs__rosidl_typesupport_introspection_cpp.so" to ""
[6.407s] -- Installing: /home/delphine/rm/tensorrt10_detect/install/tensorrt_detect_msgs/lib/libtensorrt_detect_msgs__rosidl_typesupport_cpp.so
[6.407s] -- Set non-toolchain portion of runtime path of "/home/delphine/rm/tensorrt10_detect/install/tensorrt_detect_msgs/lib/libtensorrt_detect_msgs__rosidl_typesupport_cpp.so" to ""
[6.407s] -- Installing: /home/delphine/rm/tensorrt10_detect/install/tensorrt_detect_msgs/share/tensorrt_detect_msgs/environment/pythonpath.sh
[6.407s] -- Installing: /home/delphine/rm/tensorrt10_detect/install/tensorrt_detect_msgs/share/tensorrt_detect_msgs/environment/pythonpath.dsv
[6.407s] -- Installing: /home/delphine/rm/tensorrt10_detect/install/tensorrt_detect_msgs/lib/python3.13/site-packages/tensorrt_detect_msgs-0.0.1-py3.13.egg-info
[6.408s] -- Installing: /home/delphine/rm/tensorrt10_detect/install/tensorrt_detect_msgs/lib/python3.13/site-packages/tensorrt_detect_msgs-0.0.1-py3.13.egg-info/SOURCES.txt
[6.408s] -- Installing: /home/delphine/rm/tensorrt10_detect/install/tensorrt_detect_msgs/lib/python3.13/site-packages/tensorrt_detect_msgs-0.0.1-py3.13.egg-info/dependency_links.txt
[6.408s] -- Installing: /home/delphine/rm/tensorrt10_detect/install/tensorrt_detect_msgs/lib/python3.13/site-packages/tensorrt_detect_msgs-0.0.1-py3.13.egg-info/PKG-INFO
[6.408s] -- Installing: /home/delphine/rm/tensorrt10_detect/install/tensorrt_detect_msgs/lib/python3.13/site-packages/tensorrt_detect_msgs-0.0.1-py3.13.egg-info/top_level.txt
[6.408s] -- Installing: /home/delphine/rm/tensorrt10_detect/install/tensorrt_detect_msgs/lib/python3.13/site-packages/tensorrt_detect_msgs
[6.408s] -- Installing: /home/delphine/rm/tensorrt10_detect/install/tensorrt_detect_msgs/lib/python3.13/site-packages/tensorrt_detect_msgs/tensorrt_detect_msgs_s__rosidl_typesupport_introspection_c.so
[6.408s] -- Installing: /home/delphine/rm/tensorrt10_detect/install/tensorrt_detect_msgs/lib/python3.13/site-packages/tensorrt_detect_msgs/_tensorrt_detect_msgs_s.ep.rosidl_typesupport_introspection_c.c
[6.408s] -- Installing: /home/delphine/rm/tensorrt10_detect/install/tensorrt_detect_msgs/lib/python3.13/site-packages/tensorrt_detect_msgs/__init__.py
[6.408s] -- Installing: /home/delphine/rm/tensorrt10_detect/install/tensorrt_detect_msgs/lib/python3.13/site-packages/tensorrt_detect_msgs/tensorrt_detect_msgs_s__rosidl_typesupport_c.so
[6.408s] -- Installing: /home/delphine/rm/tensorrt10_detect/install/tensorrt_detect_msgs/lib/python3.13/site-packages/tensorrt_detect_msgs/msg
[6.408s] -- Installing: /home/delphine/rm/tensorrt10_detect/install/tensorrt_detect_msgs/lib/python3.13/site-packages/tensorrt_detect_msgs/msg/__init__.py
[6.408s] -- Installing: /home/delphine/rm/tensorrt10_detect/install/tensorrt_detect_msgs/lib/python3.13/site-packages/tensorrt_detect_msgs/msg/_detection_box_s.c
[6.408s] -- Installing: /home/delphine/rm/tensorrt10_detect/install/tensorrt_detect_msgs/lib/python3.13/site-packages/tensorrt_detect_msgs/msg/_world_target_s.c
[6.408s] -- Installing: /home/delphine/rm/tensorrt10_detect/install/tensorrt_detect_msgs/lib/python3.13/site-packages/tensorrt_detect_msgs/msg/_world_target_array.py
[6.408s] -- Installing: /home/delphine/rm/tensorrt10_detect/install/tensorrt_detect_msgs/lib/python3.13/site-packages/tensorrt_detect_msgs/msg/_world_target.py
[6.408s] -- Installing: /home/delphine/rm/tensorrt10_detect/install/tensorrt_detect_msgs/lib/python3.13/site-packages/tensorrt_detect_msgs/msg/_radar_map_s.c
[6.408s] -- Installing: /home/delphine/rm/tensorrt10_detect/install/tensorrt_detect_msgs/lib/python3.13/site-packages/tensorrt_detect_msgs/msg/_radar_map.py
[6.409s] -- Installing: /home/delphine/rm/tensorrt10_detect/install/tensorrt_detect_msgs/lib/python3.13/site-packages/tensorrt_detect_msgs/msg/_detection_box.py
[6.409s] -- Installing: /home/delphine/rm/tensorrt10_detect/install/tensorrt_detect_msgs/lib/python3.13/site-packages/tensorrt_detect_msgs/msg/_detection_array_s.c
[6.409s] -- Installing: /home/delphine/rm/tensorrt10_detect/install/tensorrt_detect_msgs/lib/python3.13/site-packages/tensorrt_detect_msgs/msg/_detection_array.py
[6.409s] -- Installing: /home/delphine/rm/tensorrt10_detect/install/tensorrt_detect_msgs/lib/python3.13/site-packages/tensorrt_detect_msgs/msg/_world_target_array_s.c
[6.409s] -- Installing: /home/delphine/rm/tensorrt10_detect/install/tensorrt_detect_msgs/lib/python3.13/site-packages/tensorrt_detect_msgs/tensorrt_detect_msgs_s__rosidl_typesupport_fastrtps_c.so
[6.409s] -- Installing: /home/delphine/rm/tensorrt10_detect/install/tensorrt_detect_msgs/lib/python3.13/site-packages/tensorrt_detect_msgs/_tensorrt_detect_msgs_s.ep.rosidl_typesupport_fastrtps_c.c
[6.409s] -- Installing: /home/delphine/rm/tensorrt10_detect/install/tensorrt_detect_msgs/lib/python3.13/site-packages/tensorrt_detect_msgs/_tensorrt_detect_msgs_s.ep.rosidl_typesupport_c.c
[6.447s] Listing '/home/delphine/rm/tensorrt10_detect/install/tensorrt_detect_msgs/lib/python3.13/site-packages/tensorrt_detect_msgs'...
[6.447s] Compiling '/home/delphine/rm/tensorrt10_detect/install/tensorrt_detect_msgs/lib/python3.13/site-packages/tensorrt_detect_msgs/__init__.py'...
[6.447s] Listing '/home/delphine/rm/tensorrt10_detect/install/tensorrt_detect_msgs/lib/python3.13/site-packages/tensorrt_detect_msgs/msg'...
[6.447s] Compiling '/home/delphine/rm/tensorrt10_detect/install/tensorrt_detect_msgs/lib/python3.13/site-packages/tensorrt_detect_msgs/msg/__init__.py'...
[6.447s] Compiling '/home/delphine/rm/tensorrt10_detect/install/tensorrt_detect_msgs/lib/python3.13/site-packages/tensorrt_detect_msgs/msg/_detection_array.py'...
[6.447s] Compiling '/home/delphine/rm/tensorrt10_detect/install/tensorrt_detect_msgs/lib/python3.13/site-packages/tensorrt_detect_msgs/msg/_detection_box.py'...
[6.447s] Compiling '/home/delphine/rm/tensorrt10_detect/install/tensorrt_detect_msgs/lib/python3.13/site-packages/tensorrt_detect_msgs/msg/_radar_map.py'...
[6.447s] Compiling '/home/delphine/rm/tensorrt10_detect/install/tensorrt_detect_msgs/lib/python3.13/site-packages/tensorrt_detect_msgs/msg/_world_target.py'...
[6.447s] Compiling '/home/delphine/rm/tensorrt10_detect/install/tensorrt_detect_msgs/lib/python3.13/site-packages/tensorrt_detect_msgs/msg/_world_target_array.py'...
[6.450s] -- Installing: /home/delphine/rm/tensorrt10_detect/install/tensorrt_detect_msgs/lib/python3.13/site-packages/tensorrt_detect_msgs/tensorrt_detect_msgs_s__rosidl_typesupport_fastrtps_c.so
[6.451s] -- Set non-toolchain portion of runtime path of "/home/delphine/rm/tensorrt10_detect/install/tensorrt_detect_msgs/lib/python3.13/site-packages/tensorrt_detect_msgs/tensorrt_detect_msgs_s__rosidl_typesupport_fastrtps_c.so" to ""
[6.451s] -- Installing: /home/delphine/rm/tensorrt10_detect/install/tensorrt_detect_msgs/lib/python3.13/site-packages/tensorrt_detect_msgs/tensorrt_detect_msgs_s__rosidl_typesupport_introspection_c.so
[6.451s] -- Set non-toolchain portion of runtime path of "/home/delphine/rm/tensorrt10_detect/install/tensorrt_detect_msgs/lib/python3.13/site-packages/tensorrt_detect_msgs/tensorrt_detect_msgs_s__rosidl_typesupport_introspection_c.so" to ""
[6.451s] -- Installing: /home/delphine/rm/tensorrt10_detect/install/tensorrt_detect_msgs/lib/python3.13/site-packages/tensorrt_detect_msgs/tensorrt_detect_msgs_s__rosidl_typesupport_c.so
[6.451s] -- Set non-toolchain portion of runtime path of "/home/delphine/rm/tensorrt10_detect/install/tensorrt_detect_msgs/lib/python3.13/site-packages/tensorrt_detect_msgs/tensorrt_detect_msgs_s__rosidl_typesupport_c.so" to ""
[6.451s] -- Installing: /home/delphine/rm/tensorrt10_detect/install/tensorrt_detect_msgs/lib/libtensorrt_detect_msgs__rosidl_generator_py.so
[6.451s] -- Set non-toolchain portion of runtime path of "/home/delphine/rm/tensorrt10_detect/install/tensorrt_detect_msgs/lib/libtensorrt_detect_msgs__rosidl_generator_py.so" to ""
[6.452s] -- Installing: /home/delphine/rm/tensorrt10_detect/install/tensorrt_detect_msgs/share/ament_index/resource_index/rust_packages/tensorrt_detect_msgs
[6.452s] -- Installing: /home/delphine/rm/tensorrt10_detect/install/tensorrt_detect_msgs/share/tensorrt_detect_msgs/rust
[6.452s] -- Installing: /home/delphine/rm/tensorrt10_detect/install/tensorrt_detect_msgs/share/tensorrt_detect_msgs/rust/build.rs
[6.452s] -- Installing: /home/delphine/rm/tensorrt10_detect/install/tensorrt_detect_msgs/share/tensorrt_detect_msgs/rust/src
[6.452s] -- Installing: /home/delphine/rm/tensorrt10_detect/install/tensorrt_detect_msgs/share/tensorrt_detect_msgs/rust/src/msg.rs
[6.452s] -- Installing: /home/delphine/rm/tensorrt10_detect/install/tensorrt_detect_msgs/share/tensorrt_detect_msgs/rust/src/msg
[6.452s] -- Installing: /home/delphine/rm/tensorrt10_detect/install/tensorrt_detect_msgs/share/tensorrt_detect_msgs/rust/src/msg/rmw.rs
[6.452s] -- Installing: /home/delphine/rm/tensorrt10_detect/install/tensorrt_detect_msgs/share/tensorrt_detect_msgs/rust/src/lib.rs
[6.452s] -- Installing: /home/delphine/rm/tensorrt10_detect/install/tensorrt_detect_msgs/share/tensorrt_detect_msgs/rust/Cargo.toml
[6.452s] -- Installing: /home/delphine/rm/tensorrt10_detect/install/tensorrt_detect_msgs/share/tensorrt_detect_msgs/msg/DetectionBox.idl
[6.453s] -- Installing: /home/delphine/rm/tensorrt10_detect/install/tensorrt_detect_msgs/share/tensorrt_detect_msgs/msg/DetectionArray.idl
[6.453s] -- Installing: /home/delphine/rm/tensorrt10_detect/install/tensorrt_detect_msgs/share/tensorrt_detect_msgs/msg/WorldTarget.idl
[6.453s] -- Installing: /home/delphine/rm/tensorrt10_detect/install/tensorrt_detect_msgs/share/tensorrt_detect_msgs/msg/WorldTargetArray.idl
[6.453s] -- Installing: /home/delphine/rm/tensorrt10_detect/install/tensorrt_detect_msgs/share/tensorrt_detect_msgs/msg/RadarMap.idl
[6.453s] -- Installing: /home/delphine/rm/tensorrt10_detect/install/tensorrt_detect_msgs/share/tensorrt_detect_msgs/msg/DetectionBox.msg
[6.453s] -- Installing: /home/delphine/rm/tensorrt10_detect/install/tensorrt_detect_msgs/share/tensorrt_detect_msgs/msg/DetectionArray.msg
[6.453s] -- Installing: /home/delphine/rm/tensorrt10_detect/install/tensorrt_detect_msgs/share/tensorrt_detect_msgs/msg/WorldTarget.msg
[6.453s] -- Installing: /home/delphine/rm/tensorrt10_detect/install/tensorrt_detect_msgs/share/tensorrt_detect_msgs/msg/WorldTargetArray.msg
[6.453s] -- Installing: /home/delphine/rm/tensorrt10_detect/install/tensorrt_detect_msgs/share/tensorrt_detect_msgs/msg/RadarMap.msg
[6.453s] -- Installing: /home/delphine/rm/tensorrt10_detect/install/tensorrt_detect_msgs/share/ament_index/resource_index/package_run_dependencies/tensorrt_detect_msgs
[6.453s] -- Installing: /home/delphine/rm/tensorrt10_detect/install/tensorrt_detect_msgs/share/ament_index/resource_index/parent_prefix_path/tensorrt_detect_msgs
[6.453s] -- Installing: /home/delphine/rm/tensorrt10_detect/install/tensorrt_detect_msgs/share/tensorrt_detect_msgs/environment/ament_prefix_path.sh
[6.453s] -- Installing: /home/delphine/rm/tensorrt10_detect/install/tensorrt_detect_msgs/share/tensorrt_detect_msgs/environment/ament_prefix_path.dsv
[6.453s] -- Installing: /home/delphine/rm/tensorrt10_detect/install/tensorrt_detect_msgs/share/tensorrt_detect_msgs/environment/path.sh
[6.453s] -- Installing: /home/delphine/rm/tensorrt10_detect/install/tensorrt_detect_msgs/share/tensorrt_detect_msgs/environment/path.dsv
[6.453s] -- Installing: /home/delphine/rm/tensorrt10_detect/install/tensorrt_detect_msgs/share/tensorrt_detect_msgs/local_setup.bash
[6.453s] -- Installing: /home/delphine/rm/tensorrt10_detect/install/tensorrt_detect_msgs/share/tensorrt_detect_msgs/local_setup.sh
[6.454s] -- Installing: /home/delphine/rm/tensorrt10_detect/install/tensorrt_detect_msgs/share/tensorrt_detect_msgs/local_setup.zsh
[6.454s] -- Installing: /home/delphine/rm/tensorrt10_detect/install/tensorrt_detect_msgs/share/tensorrt_detect_msgs/local_setup.dsv
[6.454s] -- Installing: /home/delphine/rm/tensorrt10_detect/install/tensorrt_detect_msgs/share/tensorrt_detect_msgs/package.dsv
[6.454s] -- Installing: /home/delphine/rm/tensorrt10_detect/install/tensorrt_detect_msgs/share/ament_index/resource_index/packages/tensorrt_detect_msgs
[6.454s] -- Installing: /home/delphine/rm/tensorrt10_detect/install/tensorrt_detect_msgs/share/tensorrt_detect_msgs/cmake/export_tensorrt_detect_msgs__rosidl_generator_cExport.cmake
[6.454s] -- Installing: /home/delphine/rm/tensorrt10_detect/install/tensorrt_detect_msgs/share/tensorrt_detect_msgs/cmake/export_tensorrt_detect_msgs__rosidl_generator_cExport-relwithdebinfo.cmake
[6.454s] -- Installing: /home/delphine/rm/tensorrt10_detect/install/tensorrt_detect_msgs/share/tensorrt_detect_msgs/cmake/export_tensorrt_detect_msgs__rosidl_typesupport_fastrtps_cExport.cmake
[6.454s] -- Installing: /home/delphine/rm/tensorrt10_detect/install/tensorrt_detect_msgs/share/tensorrt_detect_msgs/cmake/export_tensorrt_detect_msgs__rosidl_typesupport_fastrtps_cExport-relwithdebinfo.cmake
[6.454s] -- Installing: /home/delphine/rm/tensorrt10_detect/install/tensorrt_detect_msgs/share/tensorrt_detect_msgs/cmake/tensorrt_detect_msgs__rosidl_typesupport_introspection_cExport.cmake
[6.454s] -- Installing: /home/delphine/rm/tensorrt10_detect/install/tensorrt_detect_msgs/share/tensorrt_detect_msgs/cmake/tensorrt_detect_msgs__rosidl_typesupport_introspection_cExport-relwithdebinfo.cmake
[6.454s] -- Installing: /home/delphine/rm/tensorrt10_detect/install/tensorrt_detect_msgs/share/tensorrt_detect_msgs/cmake/tensorrt_detect_msgs__rosidl_typesupport_cExport.cmake
[6.454s] -- Installing: /home/delphine/rm/tensorrt10_detect/install/tensorrt_detect_msgs/share/tensorrt_detect_msgs/cmake/tensorrt_detect_msgs__rosidl_typesupport_cExport-relwithdebinfo.cmake
[6.454s] -- Installing: /home/delphine/rm/tensorrt10_detect/install/tensorrt_detect_msgs/share/tensorrt_detect_msgs/cmake/export_tensorrt_detect_msgs__rosidl_generator_cppExport.cmake
[6.454s] -- Installing: /home/delphine/rm/tensorrt10_detect/install/tensorrt_detect_msgs/share/tensorrt_detect_msgs/cmake/export_tensorrt_detect_msgs__rosidl_typesupport_fastrtps_cppExport.cmake
[6.454s] -- Installing: /home/delphine/rm/tensorrt10_detect/install/tensorrt_detect_msgs/share/tensorrt_detect_msgs/cmake/export_tensorrt_detect_msgs__rosidl_typesupport_fastrtps_cppExport-relwithdebinfo.cmake
[6.454s] -- Installing: /home/delphine/rm/tensorrt10_detect/install/tensorrt_detect_msgs/share/tensorrt_detect_msgs/cmake/tensorrt_detect_msgs__rosidl_typesupport_introspection_cppExport.cmake
[6.454s] -- Installing: /home/delphine/rm/tensorrt10_detect/install/tensorrt_detect_msgs/share/tensorrt_detect_msgs/cmake/tensorrt_detect_msgs__rosidl_typesupport_introspection_cppExport-relwithdebinfo.cmake
[6.454s] -- Installing: /home/delphine/rm/tensorrt10_detect/install/tensorrt_detect_msgs/share/tensorrt_detect_msgs/cmake/tensorrt_detect_msgs__rosidl_typesupport_cppExport.cmake
[6.455s] -- Installing: /home/delphine/rm/tensorrt10_detect/install/tensorrt_detect_msgs/share/tensorrt_detect_msgs/cmake/tensorrt_detect_msgs__rosidl_typesupport_cppExport-relwithdebinfo.cmake
[6.455s] -- Installing: /home/delphine/rm/tensorrt10_detect/install/tensorrt_detect_msgs/share/tensorrt_detect_msgs/cmake/export_tensorrt_detect_msgs__rosidl_generator_pyExport.cmake
[6.455s] -- Installing: /home/delphine/rm/tensorrt10_detect/install/tensorrt_detect_msgs/share/tensorrt_detect_msgs/cmake/export_tensorrt_detect_msgs__rosidl_generator_pyExport-relwithdebinfo.cmake
[6.455s] -- Installing: /home/delphine/rm/tensorrt10_detect/install/tensorrt_detect_msgs/share/tensorrt_detect_msgs/cmake/rosidl_cmake-extras.cmake
[6.455s] -- Installing: /home/delphine/rm/tensorrt10_detect/install/tensorrt_detect_msgs/share/tensorrt_detect_msgs/cmake/ament_cmake_export_dependencies-extras.cmake
[6.455s] -- Installing: /home/delphine/rm/tensorrt10_detect/install/tensorrt_detect_msgs/share/tensorrt_detect_msgs/cmake/ament_cmake_export_include_directories-extras.cmake
[6.455s] -- Installing: /home/delphine/rm/tensorrt10_detect/install/tensorrt_detect_msgs/share/tensorrt_detect_msgs/cmake/ament_cmake_export_libraries-extras.cmake
[6.455s] -- Installing: /home/delphine/rm/tensorrt10_detect/install/tensorrt_detect_msgs/share/tensorrt_detect_msgs/cmake/ament_cmake_export_targets-extras.cmake
[6.455s] -- Installing: /home/delphine/rm/tensorrt10_detect/install/tensorrt_detect_msgs/share/tensorrt_detect_msgs/cmake/rosidl_cmake_export_typesupport_targets-extras.cmake
[6.455s] -- Installing: /home/delphine/rm/tensorrt10_detect/install/tensorrt_detect_msgs/share/tensorrt_detect_msgs/cmake/rosidl_cmake_export_typesupport_libraries-extras.cmake
[6.455s] -- Installing: /home/delphine/rm/tensorrt10_detect/install/tensorrt_detect_msgs/share/tensorrt_detect_msgs/cmake/tensorrt_detect_msgsConfig.cmake
[6.455s] -- Installing: /home/delphine/rm/tensorrt10_detect/install/tensorrt_detect_msgs/share/tensorrt_detect_msgs/cmake/tensorrt_detect_msgsConfig-version.cmake
[6.455s] -- Installing: /home/delphine/rm/tensorrt10_detect/install/tensorrt_detect_msgs/share/tensorrt_detect_msgs/package.xml
[6.457s] Invoked command in '/home/delphine/rm/tensorrt10_detect/build/tensorrt_detect_msgs' returned '0': CMAKE_PREFIX_PATH=${CMAKE_PREFIX_PATH}:/opt/ros/jazzy CONDA_PROMPT_MODIFIER=(base) DEBUGINFOD_URLS=https://debuginfod.ubuntu.com /usr/bin/cmake --install /home/delphine/rm/tensorrt10_detect/build/tensorrt_detect_msgs
