[0.000000] (-) TimerEvent: {}
[0.000237] (-) JobUnselected: {'identifier': 'tensorrt_detect_msgs'}
[0.000293] (tensorrt_detect) JobQueued: {'identifier': 'tensorrt_detect', 'dependencies': OrderedDict({'tensorrt_detect_msgs': '/home/delphine/rm/tensorrt10_detect/install/tensorrt_detect_msgs'})}
[0.000596] (tensorrt_detect) JobStarted: {'identifier': 'tensorrt_detect'}
[0.012547] (tensorrt_detect) JobProgress: {'identifier': 'tensorrt_detect', 'progress': 'cmake'}
[0.014063] (tensorrt_detect) Command: {'cmd': ['/usr/bin/cmake', '/home/delphine/rm/tensorrt10_detect/src/tensorrt_detect', '-DCMAKE_BUILD_TYPE=Release', '-DCMAKE_INSTALL_PREFIX=/home/delphine/rm/tensorrt10_detect/install/tensorrt_detect'], 'cwd': '/home/delphine/rm/tensorrt10_detect/build/tensorrt_detect', 'env': OrderedDict({'GJS_DEBUG_TOPICS': 'JS ERROR;JS LOG', 'LESSOPEN': '| /usr/bin/lesspipe %s', 'VSCODE_CWD': '/home/delphine', 'VSCODE_ESM_ENTRYPOINT': 'vs/workbench/api/node/extensionHostProcess', 'CONDA_PROMPT_MODIFIER': '(base)', 'TENSORRT_PATH': '/opt/TensorRT/TensorRT-10.2.0.19', '_PYI_ARCHIVE_FILE': '/home/delphine/.config/Code/User/globalStorage/moonshot-ai.kimi-code/bin/kimi/kimi', 'USER': 'delphine', 'SNAP_COMMON': '/var/snap/code/common', 'VSCODE_NLS_CONFIG': '{"userLocale":"zh-cn","osLocale":"zh-cn","resolvedLanguage":"zh-cn","defaultMessagesFile":"/snap/code/235/usr/share/code/resources/app/out/nls.messages.json","languagePack":{"translationsConfigFile":"/home/delphine/.config/Code/clp/d0651a1affd1762543293c9208481d53.zh-cn/tcf.json","messagesFile":"/home/delphine/.config/Code/clp/d0651a1affd1762543293c9208481d53.zh-cn/10c8e557c8b9f9ed0a87f61f1c9a44bde731c409/nls.messages.json","corruptMarkerFile":"/home/delphine/.config/Code/clp/d0651a1affd1762543293c9208481d53.zh-cn/corrupted.info"},"locale":"zh-cn","availableLanguages":{"*":"zh-cn"},"_languagePackId":"d0651a1affd1762543293c9208481d53.zh-cn","_languagePackSupport":true,"_translationsConfigFile":"/home/delphine/.config/Code/clp/d0651a1affd1762543293c9208481d53.zh-cn/tcf.json","_cacheRoot":"/home/delphine/.config/Code/clp/d0651a1affd1762543293c9208481d53.zh-cn","_resolvedLanguagePackCoreLocation":"/home/delphine/.config/Code/clp/d0651a1affd1762543293c9208481d53.zh-cn/10c8e557c8b9f9ed0a87f61f1c9a44bde731c409","_corruptedFile":"/home/delphine/.config/Code/clp/d0651a1affd1762543293c9208481d53.zh-cn/corrupted.info"}', 'FONTCONFIG_PATH': '/etc/fonts', 'GIO_MODULE_DIR': '/home/delphine/snap/code/common/.cache/gio-modules', 'VSCODE_HANDLES_UNCAUGHT_ERRORS': 'true', 'XDG_SESSION_TYPE': 'x11', 'ALLUSERSPROFILE': '/opt/MVS/MVFG', 'SNAP_UID': '1000', 'CLUTTER_DISABLE_MIPMAPPED_TEXT': '1', 'SHLVL': '1', 'LD_LIBRARY_PATH': '/home/delphine/rm/tensorrt10_detect/install/tensorrt_detect_msgs/lib:/opt/MVS/lib/64:/opt/MVS/lib/32:/opt/ros/jazzy/opt/rviz_ogre_vendor/lib:/opt/ros/jazzy/lib/x86_64-linux-gnu:/opt/ros/jazzy/opt/gz_math_vendor/lib:/opt/ros/jazzy/opt/gz_utils_vendor/lib:/opt/ros/jazzy/opt/gz_cmake_vendor/lib:/opt/ros/jazzy/lib:/opt/MVS/lib/64:/opt/MVS/lib/32:/opt/TensorRT/TensorRT-10.2.0.19/lib:/opt/TensorRT/TensorRT-10.2.0/lib:/usr/local/cuda-12.6/lib64:/opt/MVS/lib/64:/opt/MVS/lib/32:/opt/MVS/lib/64:/opt/MVS/lib/32:/opt/MVS/lib/64:/opt/MVS/lib/32', 'HOME': '/home/delphine', 'CHROME_DESKTOP': 'code.desktop', 'CONDA_SHLVL': '1', 'SNAP_LIBRARY_PATH': '/var/lib/snapd/lib/gl:/var/lib/snapd/lib/gl32', 'DESKTOP_SESSION': 'ubuntu', 'SNAP_USER_DATA': '/home/delphine/snap/code/235', 'GTK_PATH': '/snap/code/235/usr/lib/x86_64-linux-gnu/gtk-3.0', 'VSCODE_IPC_HOOK': '/run/user/1000/vscode-93a8e15f-1.11-main.sock', 'GTK_IM_MODULE_FILE': '/home/delphine/snap/code/common/.cache/immodules/immodules.cache', 'GIO_LAUNCHED_DESKTOP_FILE': '/var/lib/snapd/desktop/applications/code_code.desktop', 'ROS_PYTHON_VERSION': '3', 'GNOME_SHELL_SESSION_MODE': 'ubuntu', 'GTK_MODULES': 'gail:atk-bridge', 'SDL_IM_MODULE': 'fcitx', '_PYI_PARENT_PROCESS_LEVEL': '1', 'COPILOT_OTEL_FILE_EXPORTER_PATH': '/dev/null', 'MANAGERPID': '4504', 'LC_CTYPE': 'C.UTF-8', 'SYSTEMD_EXEC_PID': '5004', 'GSM_SKIP_SSH_AGENT_WORKAROUND': 'true', 'DBUS_SESSION_BUS_ADDRESS': 'unix:path=/run/user/1000/bus', 'SNAP_REVISION': '235', '_CONDA_ROOT': '/home/delphine/miniconda3', 'GIO_LAUNCHED_DESKTOP_FILE_PID': '7028', 'VSCODE_CRASH_REPORTER_PROCESS_TYPE': 'extensionHost', 'DEBUGINFOD_URLS': 'https://debuginfod.ubuntu.com', 'IM_CONFIG_PHASE': '1', 'VSCODE_L10N_BUNDLE_LOCATION': 'file:///home/delphine/.vscode/extensions/ms-ceintl.vscode-language-pack-zh-hans-1.110.2026050117/translations/extensions/vscode.json-language-features.i18n.json', 'COLCON_PREFIX_PATH': '/home/delphine/rm/tensorrt10_detect/install', 'APPLICATION_INSIGHTS_NO_STATSBEAT': 'true', 'ROS_DISTRO': 'jazzy', 'GTK_IM_MODULE': 'fcitx', 'LOGNAME': 'delphine', 'LD_LIBRARY_PATH_ORIG': '/opt/MVS/lib/64:/opt/MVS/lib/32:/home/delphine/rm/tensorrt10_detect/install/tensorrt_detect_msgs/lib:/opt/ros/jazzy/opt/rviz_ogre_vendor/lib:/opt/ros/jazzy/lib/x86_64-linux-gnu:/opt/ros/jazzy/opt/gz_math_vendor/lib:/opt/ros/jazzy/opt/gz_utils_vendor/lib:/opt/ros/jazzy/opt/gz_cmake_vendor/lib:/opt/ros/jazzy/lib:/opt/MVS/lib/64:/opt/MVS/lib/32:/opt/TensorRT/TensorRT-10.2.0.19/lib:/opt/TensorRT/TensorRT-10.2.0/lib:/usr/local/cuda-12.6/lib64:/opt/MVS/lib/64:/opt/MVS/lib/32:/opt/MVS/lib/64:/opt/MVS/lib/32:/opt/MVS/lib/64:/opt/MVS/lib/32:', 'OTEL_INSTRUMENTATION_GENAI_CAPTURE_MESSAGE_CONTENT': 'true', '_': '/usr/bin/colcon', 'SNAP_CONTEXT': '4hthZVkfk3FmjmWELQ5WWj5SvvO2JkVAfH3laZGolRSGZZBDstYm', 'JOURNAL_STREAM': '9:29836', 'ROS_VERSION': '2', 'XDG_CONFIG_DIRS_VSCODE_SNAP_ORIG': '/etc/xdg/xdg-ubuntu:/etc/xdg', 'MEMORY_PRESSURE_WATCH': '/sys/fs/cgroup/user.slice/user-1000.slice/user@1000.service/session.slice/org.gnome.Shell@x11.service/memory.pressure', 'XDG_SESSION_CLASS': 'user', 'SNAP_VERSION': '10c8e557', 'XDG_DATA_DIRS_VSCODE_SNAP_ORIG': '/usr/share/ubuntu:/usr/share/gnome:/usr/local/share/:/usr/share/:/var/lib/snapd/desktop', 'USERNAME': 'delphine', 'GNOME_DESKTOP_SESSION_ID': 'this-is-deprecated', 'SNAP_INSTANCE_NAME': 'code', 'FC_FONTATIONS': '1', 'WINDOWPATH': '2', '_PYI_LINUX_PROCESS_NAME': 'kimi', 'MVCAM_SDK_PATH': '/opt/MVS', 'PATH': '/home/delphine/.local/bin:/opt/ros/jazzy/bin:/home/delphine/.npm-global/bin:/home/delphine/miniconda3/bin:/home/delphine/miniconda3/condabin:/opt/TensorRT/TensorRT-10.2.0.19/bin:/opt/TensorRT/TensorRT-10.2.0/bin:/usr/local/cuda-12.6/bin:/usr/bin:/home/delphine/.local/bin:/usr/local/sbin:/usr/local/bin:/usr/sbin:/usr/bin:/sbin:/bin:/usr/games:/usr/local/games:/snap/bin:/snap/bin:/opt/MVS/bin', 'SESSION_MANAGER': 'local/delphine-ASUS-TUF-Gaming-F16-FX607JV-FX607JV:@/tmp/.ICE-unix/4960,unix/delphine-ASUS-TUF-Gaming-F16-FX607JV-FX607JV:/tmp/.ICE-unix/4960', 'GTK_EXE_PREFIX': '/snap/code/235/usr', 'INVOCATION_ID': '51b8b0eb9c2f4e379f5d678ce9e614cd', 'MVCAM_GENICAM_CLPROTOCOL': '/opt/MVS/lib/CLProtocol', 'XDG_MENU_PREFIX': 'gnome-', 'SNAP_DATA': '/var/snap/code/235', 'XDG_RUNTIME_DIR': '/run/user/1000', 'GDK_BACKEND': 'x11', 'DISPLAY': ':1', 'LOCPATH': '/snap/code/235/usr/lib/locale', 'LANG': 'C', 'XDG_CURRENT_DESKTOP': 'ubuntu:GNOME', 'XDG_DATA_HOME': '/home/delphine/snap/code/235/.local/share', 'XMODIFIERS': '@im=fcitx', 'XDG_SESSION_DESKTOP': 'ubuntu', 'XAUTHORITY': '/run/user/1000/gdm/Xauthority', 'COPILOT_OTEL_ENABLED': 'true', 'SNAP_USER_COMMON': '/home/delphine/snap/code/common', 'SSH_AUTH_SOCK': '/run/user/1000/keyring/ssh', 'GSETTINGS_SCHEMA_DIR': '/home/delphine/snap/code/235/.local/share/glib-2.0/schemas', 'SNAP_ARCH': 'amd64', 'AMENT_PREFIX_PATH': '/home/delphine/rm/tensorrt10_detect/install/tensorrt_detect:/home/delphine/rm/tensorrt10_detect/install/tensorrt_detect_msgs:/opt/ros/jazzy', 'SNAP_COOKIE': '4hthZVkfk3FmjmWELQ5WWj5SvvO2JkVAfH3laZGolRSGZZBDstYm', 'CONDA_PYTHON_EXE': '/home/delphine/miniconda3/bin/python', 'SHELL': '/bin/bash', 'GDK_PIXBUF_MODULEDIR': '/snap/code/235/usr/lib/x86_64-linux-gnu/gdk-pixbuf-2.0/2.10.0/loaders', 'GIT_TERMINAL_PROMPT': '0', 'QT_ACCESSIBILITY': '1', 'ELECTRON_RUN_AS_NODE': '1', 'GDMSESSION': 'ubuntu', 'LESSCLOSE': '/usr/bin/lesspipe %s %s', 'CONDA_DEFAULT_ENV': 'base', 'SNAP_NAME': 'code', 'FONTCONFIG_FILE': '/etc/fonts/fonts.conf', 'GDK_PIXBUF_MODULE_FILE': '/home/delphine/snap/code/common/.cache/gdk-pixbuf-loaders.cache', 'GPG_AGENT_INFO': '/run/user/1000/gnupg/S.gpg-agent:0:1', 'GJS_DEBUG_OUTPUT': 'stderr', '_CONDA_EXE': '/home/delphine/miniconda3/bin/conda', 'ROS_AUTOMATIC_DISCOVERY_RANGE': 'SUBNET', 'SNAP_LAUNCHER_ARCH_TRIPLET': 'x86_64-linux-gnu', 'QT_IM_MODULE': 'fcitx', 'PWD': '/home/delphine/rm/tensorrt10_detect/build/tensorrt_detect', 'VSCODE_CLI': '1', 'XDG_CONFIG_DIRS': '/etc/xdg/xdg-ubuntu:/etc/xdg', 'CONDA_EXE': '/home/delphine/miniconda3/bin/conda', 'SNAP_REAL_HOME': '/home/delphine', 'VSCODE_CODE_CACHE_PATH': '/home/delphine/.config/Code/CachedData/10c8e557c8b9f9ed0a87f61f1c9a44bde731c409', 'CLUTTER_IM_MODULE': 'fcitx', 'XDG_DATA_DIRS': '/home/delphine/snap/code/235/.local/share:/home/delphine/snap/code/235:/snap/code/235/usr/share:/usr/share/ubuntu:/usr/share/gnome:/usr/local/share/:/usr/share/:/var/lib/snapd/desktop', 'SNAP_EUID': '1000', 'PYTHONPATH': '/home/delphine/rm/tensorrt10_detect/install/tensorrt_detect_msgs/lib/python3.13/site-packages:/opt/ros/jazzy/lib/python3.12/site-packages', 'SNAP': '/snap/code/235', 'CONDA_PREFIX': '/home/delphine/miniconda3', 'COLCON': '1', 'MEMORY_PRESSURE_WRITE': 'c29tZSAyMDAwMDAgMjAwMDAwMAA=', 'ELECTRON_NO_ATTACH_CONSOLE': '1', 'CMAKE_PREFIX_PATH': '/home/delphine/rm/tensorrt10_detect/install/tensorrt_detect_msgs:/home/delphine/rm/tensorrt10_detect/install/tensorrt_detect:/opt/ros/jazzy/opt/gz_math_vendor:/opt/ros/jazzy/opt/gz_utils_vendor:/opt/ros/jazzy/opt/gz_cmake_vendor:/opt/ros/jazzy', 'VSCODE_PID': '7081', 'MVCAM_COMMON_RUNENV': '/opt/MVS/lib', 'COPILOT_OTEL_EXPORTER_TYPE': 'file'}), 'shell': False}
[0.027166] (tensorrt_detect) StdoutLine: {'line': b'-- Found ament_cmake: 2.5.6 (/opt/ros/jazzy/share/ament_cmake/cmake)\n'}
[0.099569] (-) TimerEvent: {}
[0.199852] (-) TimerEvent: {}
[0.239023] (tensorrt_detect) StdoutLine: {'line': b'-- Override CMake install command with custom implementation using symlinks instead of copying resources\n'}
[0.245847] (tensorrt_detect) StdoutLine: {'line': b'-- Found rclcpp: 28.1.18 (/opt/ros/jazzy/share/rclcpp/cmake)\n'}
[0.272214] (tensorrt_detect) StdoutLine: {'line': b'-- Found rosidl_generator_c: 4.6.7 (/opt/ros/jazzy/share/rosidl_generator_c/cmake)\n'}
[0.281029] (tensorrt_detect) StdoutLine: {'line': b'-- Found rosidl_generator_cpp: 4.6.7 (/opt/ros/jazzy/share/rosidl_generator_cpp/cmake)\n'}
[0.291892] (tensorrt_detect) StdoutLine: {'line': b'-- Using all available rosidl_typesupport_c: rosidl_typesupport_fastrtps_c;rosidl_typesupport_introspection_c\n'}
[0.300148] (-) TimerEvent: {}
[0.304175] (tensorrt_detect) StdoutLine: {'line': b'-- Using all available rosidl_typesupport_cpp: rosidl_typesupport_fastrtps_cpp;rosidl_typesupport_introspection_cpp\n'}
[0.362344] (tensorrt_detect) StdoutLine: {'line': b'-- Found rmw_implementation_cmake: 7.3.3 (/opt/ros/jazzy/share/rmw_implementation_cmake/cmake)\n'}
[0.363597] (tensorrt_detect) StdoutLine: {'line': b'-- Found rmw_fastrtps_cpp: 8.4.3 (/opt/ros/jazzy/share/rmw_fastrtps_cpp/cmake)\n'}
[0.400317] (-) TimerEvent: {}
[0.435230] (tensorrt_detect) StdoutLine: {'line': b"-- Using RMW implementation 'rmw_fastrtps_cpp' as default\n"}
[0.500483] (-) TimerEvent: {}
[0.520281] (tensorrt_detect) StdoutLine: {'line': b'-- Found sensor_msgs: 5.3.7 (/opt/ros/jazzy/share/sensor_msgs/cmake)\n'}
[0.570778] (tensorrt_detect) StdoutLine: {'line': b'-- Found cv_bridge: 4.1.0 (/opt/ros/jazzy/share/cv_bridge/cmake)\n'}
[0.581187] (tensorrt_detect) StdoutLine: {'line': b'-- Found std_srvs: 5.3.7 (/opt/ros/jazzy/share/std_srvs/cmake)\n'}
[0.597333] (tensorrt_detect) StdoutLine: {'line': b'-- Found tensorrt_detect_msgs: 0.0.1 (/home/delphine/rm/tensorrt10_detect/install/tensorrt_detect_msgs/share/tensorrt_detect_msgs/cmake)\n'}
[0.600561] (-) TimerEvent: {}
[0.683023] (tensorrt_detect) StderrLine: {'line': b'CMake Deprecation Warning at /home/delphine/open3d-devel-linux-x86_64-cxx11-abi-cuda-0.19.0/lib/cmake/Open3D/Open3DConfig.cmake:18 (cmake_policy):\n'}
[0.683451] (tensorrt_detect) StderrLine: {'line': b'  The OLD behavior for policy CMP0072 will be removed from a future version\n'}
[0.683607] (tensorrt_detect) StderrLine: {'line': b'  of CMake.\n'}
[0.683728] (tensorrt_detect) StderrLine: {'line': b'\n'}
[0.683845] (tensorrt_detect) StderrLine: {'line': b'  The cmake-policies(7) manual explains that the OLD behaviors of all\n'}
[0.683957] (tensorrt_detect) StderrLine: {'line': b'  policies are deprecated and that a policy should be set to OLD only under\n'}
[0.684067] (tensorrt_detect) StderrLine: {'line': b'  specific short-term circumstances.  Projects should be ported to the NEW\n'}
[0.684175] (tensorrt_detect) StderrLine: {'line': b'  behavior and not rely on setting a policy to OLD.\n'}
[0.684305] (tensorrt_detect) StderrLine: {'line': b'Call Stack (most recent call first):\n'}
[0.684511] (tensorrt_detect) StderrLine: {'line': b'  CMakeLists.txt:29 (find_package)\n'}
[0.684585] (tensorrt_detect) StderrLine: {'line': b'\n'}
[0.684636] (tensorrt_detect) StderrLine: {'line': b'\n'}
[0.700725] (-) TimerEvent: {}
[0.800993] (-) TimerEvent: {}
[0.813268] (tensorrt_detect) StdoutLine: {'line': b'-- Configuring done (0.8s)\n'}
[0.891076] (tensorrt_detect) StdoutLine: {'line': b'-- Generating done (0.1s)\n'}
[0.901128] (-) TimerEvent: {}
[0.906306] (tensorrt_detect) StdoutLine: {'line': b'-- Build files have been written to: /home/delphine/rm/tensorrt10_detect/build/tensorrt_detect\n'}
[0.916952] (tensorrt_detect) CommandEnded: {'returncode': 0}
[0.917719] (tensorrt_detect) JobProgress: {'identifier': 'tensorrt_detect', 'progress': 'build'}
[0.918360] (tensorrt_detect) Command: {'cmd': ['/usr/bin/cmake', '--build', '/home/delphine/rm/tensorrt10_detect/build/tensorrt_detect', '--', '-j20', '-l20'], 'cwd': '/home/delphine/rm/tensorrt10_detect/build/tensorrt_detect', 'env': OrderedDict({'GJS_DEBUG_TOPICS': 'JS ERROR;JS LOG', 'LESSOPEN': '| /usr/bin/lesspipe %s', 'VSCODE_CWD': '/home/delphine', 'VSCODE_ESM_ENTRYPOINT': 'vs/workbench/api/node/extensionHostProcess', 'CONDA_PROMPT_MODIFIER': '(base)', 'TENSORRT_PATH': '/opt/TensorRT/TensorRT-10.2.0.19', '_PYI_ARCHIVE_FILE': '/home/delphine/.config/Code/User/globalStorage/moonshot-ai.kimi-code/bin/kimi/kimi', 'USER': 'delphine', 'SNAP_COMMON': '/var/snap/code/common', 'VSCODE_NLS_CONFIG': '{"userLocale":"zh-cn","osLocale":"zh-cn","resolvedLanguage":"zh-cn","defaultMessagesFile":"/snap/code/235/usr/share/code/resources/app/out/nls.messages.json","languagePack":{"translationsConfigFile":"/home/delphine/.config/Code/clp/d0651a1affd1762543293c9208481d53.zh-cn/tcf.json","messagesFile":"/home/delphine/.config/Code/clp/d0651a1affd1762543293c9208481d53.zh-cn/10c8e557c8b9f9ed0a87f61f1c9a44bde731c409/nls.messages.json","corruptMarkerFile":"/home/delphine/.config/Code/clp/d0651a1affd1762543293c9208481d53.zh-cn/corrupted.info"},"locale":"zh-cn","availableLanguages":{"*":"zh-cn"},"_languagePackId":"d0651a1affd1762543293c9208481d53.zh-cn","_languagePackSupport":true,"_translationsConfigFile":"/home/delphine/.config/Code/clp/d0651a1affd1762543293c9208481d53.zh-cn/tcf.json","_cacheRoot":"/home/delphine/.config/Code/clp/d0651a1affd1762543293c9208481d53.zh-cn","_resolvedLanguagePackCoreLocation":"/home/delphine/.config/Code/clp/d0651a1affd1762543293c9208481d53.zh-cn/10c8e557c8b9f9ed0a87f61f1c9a44bde731c409","_corruptedFile":"/home/delphine/.config/Code/clp/d0651a1affd1762543293c9208481d53.zh-cn/corrupted.info"}', 'FONTCONFIG_PATH': '/etc/fonts', 'GIO_MODULE_DIR': '/home/delphine/snap/code/common/.cache/gio-modules', 'VSCODE_HANDLES_UNCAUGHT_ERRORS': 'true', 'XDG_SESSION_TYPE': 'x11', 'ALLUSERSPROFILE': '/opt/MVS/MVFG', 'SNAP_UID': '1000', 'CLUTTER_DISABLE_MIPMAPPED_TEXT': '1', 'SHLVL': '1', 'LD_LIBRARY_PATH': '/home/delphine/rm/tensorrt10_detect/install/tensorrt_detect_msgs/lib:/opt/MVS/lib/64:/opt/MVS/lib/32:/opt/ros/jazzy/opt/rviz_ogre_vendor/lib:/opt/ros/jazzy/lib/x86_64-linux-gnu:/opt/ros/jazzy/opt/gz_math_vendor/lib:/opt/ros/jazzy/opt/gz_utils_vendor/lib:/opt/ros/jazzy/opt/gz_cmake_vendor/lib:/opt/ros/jazzy/lib:/opt/MVS/lib/64:/opt/MVS/lib/32:/opt/TensorRT/TensorRT-10.2.0.19/lib:/opt/TensorRT/TensorRT-10.2.0/lib:/usr/local/cuda-12.6/lib64:/opt/MVS/lib/64:/opt/MVS/lib/32:/opt/MVS/lib/64:/opt/MVS/lib/32:/opt/MVS/lib/64:/opt/MVS/lib/32', 'HOME': '/home/delphine', 'CHROME_DESKTOP': 'code.desktop', 'CONDA_SHLVL': '1', 'SNAP_LIBRARY_PATH': '/var/lib/snapd/lib/gl:/var/lib/snapd/lib/gl32', 'DESKTOP_SESSION': 'ubuntu', 'SNAP_USER_DATA': '/home/delphine/snap/code/235', 'GTK_PATH': '/snap/code/235/usr/lib/x86_64-linux-gnu/gtk-3.0', 'VSCODE_IPC_HOOK': '/run/user/1000/vscode-93a8e15f-1.11-main.sock', 'GTK_IM_MODULE_FILE': '/home/delphine/snap/code/common/.cache/immodules/immodules.cache', 'GIO_LAUNCHED_DESKTOP_FILE': '/var/lib/snapd/desktop/applications/code_code.desktop', 'ROS_PYTHON_VERSION': '3', 'GNOME_SHELL_SESSION_MODE': 'ubuntu', 'GTK_MODULES': 'gail:atk-bridge', 'SDL_IM_MODULE': 'fcitx', '_PYI_PARENT_PROCESS_LEVEL': '1', 'COPILOT_OTEL_FILE_EXPORTER_PATH': '/dev/null', 'MANAGERPID': '4504', 'LC_CTYPE': 'C.UTF-8', 'SYSTEMD_EXEC_PID': '5004', 'GSM_SKIP_SSH_AGENT_WORKAROUND': 'true', 'DBUS_SESSION_BUS_ADDRESS': 'unix:path=/run/user/1000/bus', 'SNAP_REVISION': '235', '_CONDA_ROOT': '/home/delphine/miniconda3', 'GIO_LAUNCHED_DESKTOP_FILE_PID': '7028', 'VSCODE_CRASH_REPORTER_PROCESS_TYPE': 'extensionHost', 'DEBUGINFOD_URLS': 'https://debuginfod.ubuntu.com', 'IM_CONFIG_PHASE': '1', 'VSCODE_L10N_BUNDLE_LOCATION': 'file:///home/delphine/.vscode/extensions/ms-ceintl.vscode-language-pack-zh-hans-1.110.2026050117/translations/extensions/vscode.json-language-features.i18n.json', 'COLCON_PREFIX_PATH': '/home/delphine/rm/tensorrt10_detect/install', 'APPLICATION_INSIGHTS_NO_STATSBEAT': 'true', 'ROS_DISTRO': 'jazzy', 'GTK_IM_MODULE': 'fcitx', 'LOGNAME': 'delphine', 'LD_LIBRARY_PATH_ORIG': '/opt/MVS/lib/64:/opt/MVS/lib/32:/home/delphine/rm/tensorrt10_detect/install/tensorrt_detect_msgs/lib:/opt/ros/jazzy/opt/rviz_ogre_vendor/lib:/opt/ros/jazzy/lib/x86_64-linux-gnu:/opt/ros/jazzy/opt/gz_math_vendor/lib:/opt/ros/jazzy/opt/gz_utils_vendor/lib:/opt/ros/jazzy/opt/gz_cmake_vendor/lib:/opt/ros/jazzy/lib:/opt/MVS/lib/64:/opt/MVS/lib/32:/opt/TensorRT/TensorRT-10.2.0.19/lib:/opt/TensorRT/TensorRT-10.2.0/lib:/usr/local/cuda-12.6/lib64:/opt/MVS/lib/64:/opt/MVS/lib/32:/opt/MVS/lib/64:/opt/MVS/lib/32:/opt/MVS/lib/64:/opt/MVS/lib/32:', 'OTEL_INSTRUMENTATION_GENAI_CAPTURE_MESSAGE_CONTENT': 'true', '_': '/usr/bin/colcon', 'SNAP_CONTEXT': '4hthZVkfk3FmjmWELQ5WWj5SvvO2JkVAfH3laZGolRSGZZBDstYm', 'JOURNAL_STREAM': '9:29836', 'ROS_VERSION': '2', 'XDG_CONFIG_DIRS_VSCODE_SNAP_ORIG': '/etc/xdg/xdg-ubuntu:/etc/xdg', 'MEMORY_PRESSURE_WATCH': '/sys/fs/cgroup/user.slice/user-1000.slice/user@1000.service/session.slice/org.gnome.Shell@x11.service/memory.pressure', 'XDG_SESSION_CLASS': 'user', 'SNAP_VERSION': '10c8e557', 'XDG_DATA_DIRS_VSCODE_SNAP_ORIG': '/usr/share/ubuntu:/usr/share/gnome:/usr/local/share/:/usr/share/:/var/lib/snapd/desktop', 'USERNAME': 'delphine', 'GNOME_DESKTOP_SESSION_ID': 'this-is-deprecated', 'SNAP_INSTANCE_NAME': 'code', 'FC_FONTATIONS': '1', 'WINDOWPATH': '2', '_PYI_LINUX_PROCESS_NAME': 'kimi', 'MVCAM_SDK_PATH': '/opt/MVS', 'PATH': '/home/delphine/.local/bin:/opt/ros/jazzy/bin:/home/delphine/.npm-global/bin:/home/delphine/miniconda3/bin:/home/delphine/miniconda3/condabin:/opt/TensorRT/TensorRT-10.2.0.19/bin:/opt/TensorRT/TensorRT-10.2.0/bin:/usr/local/cuda-12.6/bin:/usr/bin:/home/delphine/.local/bin:/usr/local/sbin:/usr/local/bin:/usr/sbin:/usr/bin:/sbin:/bin:/usr/games:/usr/local/games:/snap/bin:/snap/bin:/opt/MVS/bin', 'SESSION_MANAGER': 'local/delphine-ASUS-TUF-Gaming-F16-FX607JV-FX607JV:@/tmp/.ICE-unix/4960,unix/delphine-ASUS-TUF-Gaming-F16-FX607JV-FX607JV:/tmp/.ICE-unix/4960', 'GTK_EXE_PREFIX': '/snap/code/235/usr', 'INVOCATION_ID': '51b8b0eb9c2f4e379f5d678ce9e614cd', 'MVCAM_GENICAM_CLPROTOCOL': '/opt/MVS/lib/CLProtocol', 'XDG_MENU_PREFIX': 'gnome-', 'SNAP_DATA': '/var/snap/code/235', 'XDG_RUNTIME_DIR': '/run/user/1000', 'GDK_BACKEND': 'x11', 'DISPLAY': ':1', 'LOCPATH': '/snap/code/235/usr/lib/locale', 'LANG': 'C', 'XDG_CURRENT_DESKTOP': 'ubuntu:GNOME', 'XDG_DATA_HOME': '/home/delphine/snap/code/235/.local/share', 'XMODIFIERS': '@im=fcitx', 'XDG_SESSION_DESKTOP': 'ubuntu', 'XAUTHORITY': '/run/user/1000/gdm/Xauthority', 'COPILOT_OTEL_ENABLED': 'true', 'SNAP_USER_COMMON': '/home/delphine/snap/code/common', 'SSH_AUTH_SOCK': '/run/user/1000/keyring/ssh', 'GSETTINGS_SCHEMA_DIR': '/home/delphine/snap/code/235/.local/share/glib-2.0/schemas', 'SNAP_ARCH': 'amd64', 'AMENT_PREFIX_PATH': '/home/delphine/rm/tensorrt10_detect/install/tensorrt_detect:/home/delphine/rm/tensorrt10_detect/install/tensorrt_detect_msgs:/opt/ros/jazzy', 'SNAP_COOKIE': '4hthZVkfk3FmjmWELQ5WWj5SvvO2JkVAfH3laZGolRSGZZBDstYm', 'CONDA_PYTHON_EXE': '/home/delphine/miniconda3/bin/python', 'SHELL': '/bin/bash', 'GDK_PIXBUF_MODULEDIR': '/snap/code/235/usr/lib/x86_64-linux-gnu/gdk-pixbuf-2.0/2.10.0/loaders', 'GIT_TERMINAL_PROMPT': '0', 'QT_ACCESSIBILITY': '1', 'ELECTRON_RUN_AS_NODE': '1', 'GDMSESSION': 'ubuntu', 'LESSCLOSE': '/usr/bin/lesspipe %s %s', 'CONDA_DEFAULT_ENV': 'base', 'SNAP_NAME': 'code', 'FONTCONFIG_FILE': '/etc/fonts/fonts.conf', 'GDK_PIXBUF_MODULE_FILE': '/home/delphine/snap/code/common/.cache/gdk-pixbuf-loaders.cache', 'GPG_AGENT_INFO': '/run/user/1000/gnupg/S.gpg-agent:0:1', 'GJS_DEBUG_OUTPUT': 'stderr', '_CONDA_EXE': '/home/delphine/miniconda3/bin/conda', 'ROS_AUTOMATIC_DISCOVERY_RANGE': 'SUBNET', 'SNAP_LAUNCHER_ARCH_TRIPLET': 'x86_64-linux-gnu', 'QT_IM_MODULE': 'fcitx', 'PWD': '/home/delphine/rm/tensorrt10_detect/build/tensorrt_detect', 'VSCODE_CLI': '1', 'XDG_CONFIG_DIRS': '/etc/xdg/xdg-ubuntu:/etc/xdg', 'CONDA_EXE': '/home/delphine/miniconda3/bin/conda', 'SNAP_REAL_HOME': '/home/delphine', 'VSCODE_CODE_CACHE_PATH': '/home/delphine/.config/Code/CachedData/10c8e557c8b9f9ed0a87f61f1c9a44bde731c409', 'CLUTTER_IM_MODULE': 'fcitx', 'XDG_DATA_DIRS': '/home/delphine/snap/code/235/.local/share:/home/delphine/snap/code/235:/snap/code/235/usr/share:/usr/share/ubuntu:/usr/share/gnome:/usr/local/share/:/usr/share/:/var/lib/snapd/desktop', 'SNAP_EUID': '1000', 'PYTHONPATH': '/home/delphine/rm/tensorrt10_detect/install/tensorrt_detect_msgs/lib/python3.13/site-packages:/opt/ros/jazzy/lib/python3.12/site-packages', 'SNAP': '/snap/code/235', 'CONDA_PREFIX': '/home/delphine/miniconda3', 'COLCON': '1', 'MEMORY_PRESSURE_WRITE': 'c29tZSAyMDAwMDAgMjAwMDAwMAA=', 'ELECTRON_NO_ATTACH_CONSOLE': '1', 'CMAKE_PREFIX_PATH': '/home/delphine/rm/tensorrt10_detect/install/tensorrt_detect_msgs:/home/delphine/rm/tensorrt10_detect/install/tensorrt_detect:/opt/ros/jazzy/opt/gz_math_vendor:/opt/ros/jazzy/opt/gz_utils_vendor:/opt/ros/jazzy/opt/gz_cmake_vendor:/opt/ros/jazzy', 'VSCODE_PID': '7081', 'MVCAM_COMMON_RUNENV': '/opt/MVS/lib', 'COPILOT_OTEL_EXPORTER_TYPE': 'file'}), 'shell': False}
[0.987228] (tensorrt_detect) StdoutLine: {'line': b'[  7%] Built target display_node\n'}
[0.988984] (tensorrt_detect) StdoutLine: {'line': b'[ 14%] Built target video_node\n'}
[0.997883] (tensorrt_detect) StdoutLine: {'line': b'[ 50%] Built target tensorrt_detect_core\n'}
[1.001269] (-) TimerEvent: {}
[1.029479] (tensorrt_detect) StdoutLine: {'line': b'[ 53%] Building CXX object CMakeFiles/standard.dir/apps/standalone_main.cpp.o\n'}
[1.031368] (tensorrt_detect) StdoutLine: {'line': b'[ 60%] Built target calibrate_node\n'}
[1.034752] (tensorrt_detect) StdoutLine: {'line': b'[ 71%] Built target qt_display_node\n'}
[1.035266] (tensorrt_detect) StdoutLine: {'line': b'[ 71%] Building CXX object CMakeFiles/map_node.dir/src/nodes/map_node.cpp.o\n'}
[1.035405] (tensorrt_detect) StdoutLine: {'line': b'[ 78%] Built target pose_node\n'}
[1.035481] (tensorrt_detect) StdoutLine: {'line': b'[ 85%] Built target detect_node\n'}
[1.036495] (tensorrt_detect) StdoutLine: {'line': b'[ 92%] Built target roi_set_node\n'}
[1.101390] (-) TimerEvent: {}
[1.201620] (-) TimerEvent: {}
[1.301922] (-) TimerEvent: {}
[1.402149] (-) TimerEvent: {}
[1.502393] (-) TimerEvent: {}
[1.602637] (-) TimerEvent: {}
[1.702904] (-) TimerEvent: {}
[1.803149] (-) TimerEvent: {}
[1.903407] (-) TimerEvent: {}
[2.003715] (-) TimerEvent: {}
[2.104080] (-) TimerEvent: {}
[2.204274] (-) TimerEvent: {}
[2.304593] (-) TimerEvent: {}
[2.405005] (-) TimerEvent: {}
[2.505371] (-) TimerEvent: {}
[2.605656] (-) TimerEvent: {}
[2.643009] (tensorrt_detect) StderrLine: {'line': b'/home/delphine/rm/tensorrt10_detect/src/tensorrt_detect/apps/standalone_main.cpp: In function \xe2\x80\x98int main(int, const char**)\xe2\x80\x99:\n'}
[2.643363] (tensorrt_detect) StderrLine: {'line': b'/home/delphine/rm/tensorrt10_detect/src/tensorrt_detect/apps/standalone_main.cpp:196:50: error: \xe2\x80\x98robot_id\xe2\x80\x99 has not been declared\n'}
[2.643432] (tensorrt_detect) StderrLine: {'line': b'  196 |             if (result.idx == 0 || result.idx == robot_id::OUTPOST) continue;\n'}
[2.643490] (tensorrt_detect) StderrLine: {'line': b'      |                                                  ^~~~~~~~\n'}
[2.705932] (-) TimerEvent: {}
[2.806240] (-) TimerEvent: {}
[2.906475] (-) TimerEvent: {}
[3.006794] (-) TimerEvent: {}
[3.107140] (-) TimerEvent: {}
[3.207436] (-) TimerEvent: {}
[3.265502] (tensorrt_detect) StderrLine: {'line': b'gmake[2]: *** [CMakeFiles/standard.dir/build.make:76: CMakeFiles/standard.dir/apps/standalone_main.cpp.o] Error 1\n'}
[3.265745] (tensorrt_detect) StderrLine: {'line': b'gmake[1]: *** [CMakeFiles/Makefile2:181: CMakeFiles/standard.dir/all] Error 2\n'}
[3.265797] (tensorrt_detect) StderrLine: {'line': b'gmake[1]: *** Waiting for unfinished jobs....\n'}
[3.307608] (-) TimerEvent: {}
[3.407890] (-) TimerEvent: {}
[3.508112] (-) TimerEvent: {}
[3.608357] (-) TimerEvent: {}
[3.708645] (-) TimerEvent: {}
[3.808956] (-) TimerEvent: {}
[3.909260] (-) TimerEvent: {}
[4.009431] (-) TimerEvent: {}
[4.109678] (-) TimerEvent: {}
[4.210013] (-) TimerEvent: {}
[4.310397] (-) TimerEvent: {}
[4.410743] (-) TimerEvent: {}
[4.511079] (-) TimerEvent: {}
[4.611425] (-) TimerEvent: {}
[4.711708] (-) TimerEvent: {}
[4.812029] (-) TimerEvent: {}
[4.912400] (-) TimerEvent: {}
[5.012747] (-) TimerEvent: {}
[5.113118] (-) TimerEvent: {}
[5.213424] (-) TimerEvent: {}
[5.313846] (-) TimerEvent: {}
[5.414225] (-) TimerEvent: {}
[5.514604] (-) TimerEvent: {}
[5.614973] (-) TimerEvent: {}
[5.715351] (-) TimerEvent: {}
[5.815623] (-) TimerEvent: {}
[5.915840] (-) TimerEvent: {}
[6.016038] (-) TimerEvent: {}
[6.116537] (-) TimerEvent: {}
[6.216803] (-) TimerEvent: {}
[6.317028] (-) TimerEvent: {}
[6.417282] (-) TimerEvent: {}
[6.517512] (-) TimerEvent: {}
[6.617738] (-) TimerEvent: {}
[6.717936] (-) TimerEvent: {}
[6.818315] (-) TimerEvent: {}
[6.918804] (-) TimerEvent: {}
[7.019171] (-) TimerEvent: {}
[7.119508] (-) TimerEvent: {}
[7.219685] (-) TimerEvent: {}
[7.319950] (-) TimerEvent: {}
[7.420450] (-) TimerEvent: {}
[7.520775] (-) TimerEvent: {}
[7.621017] (-) TimerEvent: {}
[7.721237] (-) TimerEvent: {}
[7.821530] (-) TimerEvent: {}
[7.921824] (-) TimerEvent: {}
[8.022147] (-) TimerEvent: {}
[8.122505] (-) TimerEvent: {}
[8.222845] (-) TimerEvent: {}
[8.323216] (-) TimerEvent: {}
[8.423456] (-) TimerEvent: {}
[8.523707] (-) TimerEvent: {}
[8.623947] (-) TimerEvent: {}
[8.724242] (-) TimerEvent: {}
[8.824474] (-) TimerEvent: {}
[8.924712] (-) TimerEvent: {}
[9.024985] (-) TimerEvent: {}
[9.125304] (-) TimerEvent: {}
[9.225666] (-) TimerEvent: {}
[9.326048] (-) TimerEvent: {}
[9.426375] (-) TimerEvent: {}
[9.526727] (-) TimerEvent: {}
[9.626983] (-) TimerEvent: {}
[9.727275] (-) TimerEvent: {}
[9.827605] (-) TimerEvent: {}
[9.927889] (-) TimerEvent: {}
[10.028127] (-) TimerEvent: {}
[10.128375] (-) TimerEvent: {}
[10.228686] (-) TimerEvent: {}
[10.328974] (-) TimerEvent: {}
[10.429240] (-) TimerEvent: {}
[10.529483] (-) TimerEvent: {}
[10.629724] (-) TimerEvent: {}
[10.729982] (-) TimerEvent: {}
[10.830251] (-) TimerEvent: {}
[10.930565] (-) TimerEvent: {}
[11.030937] (-) TimerEvent: {}
[11.131196] (-) TimerEvent: {}
[11.231390] (-) TimerEvent: {}
[11.331577] (-) TimerEvent: {}
[11.431857] (-) TimerEvent: {}
[11.532227] (-) TimerEvent: {}
[11.632449] (-) TimerEvent: {}
[11.732685] (-) TimerEvent: {}
[11.832959] (-) TimerEvent: {}
[11.933152] (-) TimerEvent: {}
[12.033410] (-) TimerEvent: {}
[12.133605] (-) TimerEvent: {}
[12.233829] (-) TimerEvent: {}
[12.334116] (-) TimerEvent: {}
[12.434338] (-) TimerEvent: {}
[12.534548] (-) TimerEvent: {}
[12.634777] (-) TimerEvent: {}
[12.735040] (-) TimerEvent: {}
[12.835363] (-) TimerEvent: {}
[12.935637] (-) TimerEvent: {}
[13.036023] (-) TimerEvent: {}
[13.136329] (-) TimerEvent: {}
[13.236518] (-) TimerEvent: {}
[13.336816] (-) TimerEvent: {}
[13.437079] (-) TimerEvent: {}
[13.537328] (-) TimerEvent: {}
[13.637552] (-) TimerEvent: {}
[13.737775] (-) TimerEvent: {}
[13.838064] (-) TimerEvent: {}
[13.938340] (-) TimerEvent: {}
[14.038620] (-) TimerEvent: {}
[14.139081] (-) TimerEvent: {}
[14.239421] (-) TimerEvent: {}
[14.339703] (-) TimerEvent: {}
[14.439986] (-) TimerEvent: {}
[14.540223] (-) TimerEvent: {}
[14.640433] (-) TimerEvent: {}
[14.740706] (-) TimerEvent: {}
[14.840941] (-) TimerEvent: {}
[14.941332] (-) TimerEvent: {}
[15.041560] (-) TimerEvent: {}
[15.141870] (-) TimerEvent: {}
[15.242128] (-) TimerEvent: {}
[15.342357] (-) TimerEvent: {}
[15.442620] (-) TimerEvent: {}
[15.542965] (-) TimerEvent: {}
[15.643310] (-) TimerEvent: {}
[15.743511] (-) TimerEvent: {}
[15.843727] (-) TimerEvent: {}
[15.943927] (-) TimerEvent: {}
[16.044234] (-) TimerEvent: {}
[16.144475] (-) TimerEvent: {}
[16.244731] (-) TimerEvent: {}
[16.345071] (-) TimerEvent: {}
[16.445301] (-) TimerEvent: {}
[16.545510] (-) TimerEvent: {}
[16.645760] (-) TimerEvent: {}
[16.746037] (-) TimerEvent: {}
[16.846332] (-) TimerEvent: {}
[16.946540] (-) TimerEvent: {}
[17.046748] (-) TimerEvent: {}
[17.147025] (-) TimerEvent: {}
[17.247373] (-) TimerEvent: {}
[17.347615] (-) TimerEvent: {}
[17.447872] (-) TimerEvent: {}
[17.548173] (-) TimerEvent: {}
[17.648405] (-) TimerEvent: {}
[17.748672] (-) TimerEvent: {}
[17.848909] (-) TimerEvent: {}
[17.949112] (-) TimerEvent: {}
[18.049339] (-) TimerEvent: {}
[18.149512] (-) TimerEvent: {}
[18.249677] (-) TimerEvent: {}
[18.349861] (-) TimerEvent: {}
[18.450058] (-) TimerEvent: {}
[18.550226] (-) TimerEvent: {}
[18.650441] (-) TimerEvent: {}
[18.750670] (-) TimerEvent: {}
[18.850865] (-) TimerEvent: {}
[18.951032] (-) TimerEvent: {}
[19.051290] (-) TimerEvent: {}
[19.151514] (-) TimerEvent: {}
[19.251829] (-) TimerEvent: {}
[19.352061] (-) TimerEvent: {}
[19.452300] (-) TimerEvent: {}
[19.552561] (-) TimerEvent: {}
[19.652829] (-) TimerEvent: {}
[19.753040] (-) TimerEvent: {}
[19.853311] (-) TimerEvent: {}
[19.953578] (-) TimerEvent: {}
[20.053979] (-) TimerEvent: {}
[20.154195] (-) TimerEvent: {}
[20.254378] (-) TimerEvent: {}
[20.354635] (-) TimerEvent: {}
[20.454961] (-) TimerEvent: {}
[20.555260] (-) TimerEvent: {}
[20.655502] (-) TimerEvent: {}
[20.755747] (-) TimerEvent: {}
[20.855979] (-) TimerEvent: {}
[20.956221] (-) TimerEvent: {}
[21.056417] (-) TimerEvent: {}
[21.156561] (-) TimerEvent: {}
[21.256799] (-) TimerEvent: {}
[21.357036] (-) TimerEvent: {}
[21.457273] (-) TimerEvent: {}
[21.557537] (-) TimerEvent: {}
[21.657959] (-) TimerEvent: {}
[21.758366] (-) TimerEvent: {}
[21.858741] (-) TimerEvent: {}
[21.958932] (-) TimerEvent: {}
[22.059124] (-) TimerEvent: {}
[22.159306] (-) TimerEvent: {}
[22.259571] (-) TimerEvent: {}
[22.359883] (-) TimerEvent: {}
[22.460145] (-) TimerEvent: {}
[22.560369] (-) TimerEvent: {}
[22.660582] (-) TimerEvent: {}
[22.760804] (-) TimerEvent: {}
[22.861061] (-) TimerEvent: {}
[22.961339] (-) TimerEvent: {}
[23.061623] (-) TimerEvent: {}
[23.161872] (-) TimerEvent: {}
[23.262168] (-) TimerEvent: {}
[23.362477] (-) TimerEvent: {}
[23.462694] (-) TimerEvent: {}
[23.562899] (-) TimerEvent: {}
[23.663132] (-) TimerEvent: {}
[23.763481] (-) TimerEvent: {}
[23.863709] (-) TimerEvent: {}
[23.963936] (-) TimerEvent: {}
[24.064170] (-) TimerEvent: {}
[24.164411] (-) TimerEvent: {}
[24.264700] (-) TimerEvent: {}
[24.364874] (-) TimerEvent: {}
[24.465143] (-) TimerEvent: {}
[24.565376] (-) TimerEvent: {}
[24.665571] (-) TimerEvent: {}
[24.765840] (-) TimerEvent: {}
[24.866157] (-) TimerEvent: {}
[24.966459] (-) TimerEvent: {}
[25.066789] (-) TimerEvent: {}
[25.167167] (-) TimerEvent: {}
[25.267412] (-) TimerEvent: {}
[25.367745] (-) TimerEvent: {}
[25.468133] (-) TimerEvent: {}
[25.568597] (-) TimerEvent: {}
[25.669194] (-) TimerEvent: {}
[25.769536] (-) TimerEvent: {}
[25.869927] (-) TimerEvent: {}
[25.970382] (-) TimerEvent: {}
[26.070677] (-) TimerEvent: {}
[26.170917] (-) TimerEvent: {}
[26.271200] (-) TimerEvent: {}
[26.371451] (-) TimerEvent: {}
[26.471632] (-) TimerEvent: {}
[26.571856] (-) TimerEvent: {}
[26.672245] (-) TimerEvent: {}
[26.772435] (-) TimerEvent: {}
[26.872657] (-) TimerEvent: {}
[26.972926] (-) TimerEvent: {}
[27.073287] (-) TimerEvent: {}
[27.173620] (-) TimerEvent: {}
[27.273963] (-) TimerEvent: {}
[27.374272] (-) TimerEvent: {}
[27.474512] (-) TimerEvent: {}
[27.574807] (-) TimerEvent: {}
[27.675115] (-) TimerEvent: {}
[27.775355] (-) TimerEvent: {}
[27.779106] (tensorrt_detect) StdoutLine: {'line': b'[ 96%] Linking CXX executable map_node\n'}
[27.875547] (-) TimerEvent: {}
[27.975985] (-) TimerEvent: {}
[28.076306] (-) TimerEvent: {}
[28.176631] (-) TimerEvent: {}
[28.276892] (-) TimerEvent: {}
[28.377159] (-) TimerEvent: {}
[28.477436] (-) TimerEvent: {}
[28.486433] (tensorrt_detect) StdoutLine: {'line': b'[ 96%] Built target map_node\n'}
[28.487306] (tensorrt_detect) StderrLine: {'line': b'gmake: *** [Makefile:146: all] Error 2\n'}
[28.489512] (tensorrt_detect) CommandEnded: {'returncode': 2}
[28.498352] (tensorrt_detect) JobEnded: {'identifier': 'tensorrt_detect', 'rc': 2}
[28.508833] (-) EventReactorShutdown: {}
