[0.000000] (-) TimerEvent: {}
[0.000185] (-) JobUnselected: {'identifier': 'tensorrt_detect_msgs'}
[0.000364] (tensorrt_detect) JobQueued: {'identifier': 'tensorrt_detect', 'dependencies': OrderedDict({'tensorrt_detect_msgs': '/home/delphine/rm/tensorrt10_detect/install/tensorrt_detect_msgs'})}
[0.000453] (tensorrt_detect) JobStarted: {'identifier': 'tensorrt_detect'}
[0.012649] (tensorrt_detect) JobProgress: {'identifier': 'tensorrt_detect', 'progress': 'cmake'}
[0.013615] (tensorrt_detect) JobProgress: {'identifier': 'tensorrt_detect', 'progress': 'build'}
[0.014378] (tensorrt_detect) Command: {'cmd': ['/usr/bin/cmake', '--build', '/home/delphine/rm/tensorrt10_detect/build/tensorrt_detect', '--', '-j20', '-l20'], 'cwd': '/home/delphine/rm/tensorrt10_detect/build/tensorrt_detect', 'env': OrderedDict({'GJS_DEBUG_TOPICS': 'JS ERROR;JS LOG', 'LESSOPEN': '| /usr/bin/lesspipe %s', 'VSCODE_CWD': '/home/delphine', 'VSCODE_ESM_ENTRYPOINT': 'vs/workbench/api/node/extensionHostProcess', 'CONDA_PROMPT_MODIFIER': '(base)', 'TENSORRT_PATH': '/opt/TensorRT/TensorRT-10.2.0.19', '_PYI_ARCHIVE_FILE': '/home/delphine/.config/Code/User/globalStorage/moonshot-ai.kimi-code/bin/kimi/kimi', 'USER': 'delphine', 'SNAP_COMMON': '/var/snap/code/common', 'VSCODE_NLS_CONFIG': '{"userLocale":"zh-cn","osLocale":"zh-cn","resolvedLanguage":"zh-cn","defaultMessagesFile":"/snap/code/235/usr/share/code/resources/app/out/nls.messages.json","languagePack":{"translationsConfigFile":"/home/delphine/.config/Code/clp/d0651a1affd1762543293c9208481d53.zh-cn/tcf.json","messagesFile":"/home/delphine/.config/Code/clp/d0651a1affd1762543293c9208481d53.zh-cn/10c8e557c8b9f9ed0a87f61f1c9a44bde731c409/nls.messages.json","corruptMarkerFile":"/home/delphine/.config/Code/clp/d0651a1affd1762543293c9208481d53.zh-cn/corrupted.info"},"locale":"zh-cn","availableLanguages":{"*":"zh-cn"},"_languagePackId":"d0651a1affd1762543293c9208481d53.zh-cn","_languagePackSupport":true,"_translationsConfigFile":"/home/delphine/.config/Code/clp/d0651a1affd1762543293c9208481d53.zh-cn/tcf.json","_cacheRoot":"/home/delphine/.config/Code/clp/d0651a1affd1762543293c9208481d53.zh-cn","_resolvedLanguagePackCoreLocation":"/home/delphine/.config/Code/clp/d0651a1affd1762543293c9208481d53.zh-cn/10c8e557c8b9f9ed0a87f61f1c9a44bde731c409","_corruptedFile":"/home/delphine/.config/Code/clp/d0651a1affd1762543293c9208481d53.zh-cn/corrupted.info"}', 'FONTCONFIG_PATH': '/etc/fonts', 'GIO_MODULE_DIR': '/home/delphine/snap/code/common/.cache/gio-modules', 'VSCODE_HANDLES_UNCAUGHT_ERRORS': 'true', 'XDG_SESSION_TYPE': 'x11', 'ALLUSERSPROFILE': '/opt/MVS/MVFG', 'SNAP_UID': '1000', 'CLUTTER_DISABLE_MIPMAPPED_TEXT': '1', 'SHLVL': '1', 'LD_LIBRARY_PATH': '/home/delphine/rm/tensorrt10_detect/install/tensorrt_detect_msgs/lib:/opt/MVS/lib/64:/opt/MVS/lib/32:/opt/ros/jazzy/opt/rviz_ogre_vendor/lib:/opt/ros/jazzy/lib/x86_64-linux-gnu:/opt/ros/jazzy/opt/gz_math_vendor/lib:/opt/ros/jazzy/opt/gz_utils_vendor/lib:/opt/ros/jazzy/opt/gz_cmake_vendor/lib:/opt/ros/jazzy/lib:/opt/MVS/lib/64:/opt/MVS/lib/32:/opt/TensorRT/TensorRT-10.2.0.19/lib:/opt/TensorRT/TensorRT-10.2.0/lib:/usr/local/cuda-12.6/lib64:/opt/MVS/lib/64:/opt/MVS/lib/32:/opt/MVS/lib/64:/opt/MVS/lib/32:/opt/MVS/lib/64:/opt/MVS/lib/32', 'HOME': '/home/delphine', 'CHROME_DESKTOP': 'code.desktop', 'CONDA_SHLVL': '1', 'SNAP_LIBRARY_PATH': '/var/lib/snapd/lib/gl:/var/lib/snapd/lib/gl32', 'OLDPWD': '/home/delphine/rm/tensorrt10_detect', 'DESKTOP_SESSION': 'ubuntu', 'SNAP_USER_DATA': '/home/delphine/snap/code/235', 'GTK_PATH': '/snap/code/235/usr/lib/x86_64-linux-gnu/gtk-3.0', 'VSCODE_IPC_HOOK': '/run/user/1000/vscode-93a8e15f-1.11-main.sock', 'GTK_IM_MODULE_FILE': '/home/delphine/snap/code/common/.cache/immodules/immodules.cache', 'GIO_LAUNCHED_DESKTOP_FILE': '/var/lib/snapd/desktop/applications/code_code.desktop', 'ROS_PYTHON_VERSION': '3', 'GNOME_SHELL_SESSION_MODE': 'ubuntu', 'GTK_MODULES': 'gail:atk-bridge', 'SDL_IM_MODULE': 'fcitx', '_PYI_PARENT_PROCESS_LEVEL': '1', 'COPILOT_OTEL_FILE_EXPORTER_PATH': '/dev/null', 'MANAGERPID': '4504', 'LC_CTYPE': 'C.UTF-8', 'SYSTEMD_EXEC_PID': '5004', 'GSM_SKIP_SSH_AGENT_WORKAROUND': 'true', 'DBUS_SESSION_BUS_ADDRESS': 'unix:path=/run/user/1000/bus', 'SNAP_REVISION': '235', '_CONDA_ROOT': '/home/delphine/miniconda3', 'GIO_LAUNCHED_DESKTOP_FILE_PID': '7028', 'VSCODE_CRASH_REPORTER_PROCESS_TYPE': 'extensionHost', 'DEBUGINFOD_URLS': 'https://debuginfod.ubuntu.com', 'IM_CONFIG_PHASE': '1', 'VSCODE_L10N_BUNDLE_LOCATION': 'file:///home/delphine/.vscode/extensions/ms-ceintl.vscode-language-pack-zh-hans-1.110.2026050117/translations/extensions/vscode.json-language-features.i18n.json', 'COLCON_PREFIX_PATH': '/home/delphine/rm/tensorrt10_detect/install', 'APPLICATION_INSIGHTS_NO_STATSBEAT': 'true', 'ROS_DISTRO': 'jazzy', 'GTK_IM_MODULE': 'fcitx', 'LOGNAME': 'delphine', 'LD_LIBRARY_PATH_ORIG': '/opt/MVS/lib/64:/opt/MVS/lib/32:/home/delphine/rm/tensorrt10_detect/install/tensorrt_detect_msgs/lib:/opt/ros/jazzy/opt/rviz_ogre_vendor/lib:/opt/ros/jazzy/lib/x86_64-linux-gnu:/opt/ros/jazzy/opt/gz_math_vendor/lib:/opt/ros/jazzy/opt/gz_utils_vendor/lib:/opt/ros/jazzy/opt/gz_cmake_vendor/lib:/opt/ros/jazzy/lib:/opt/MVS/lib/64:/opt/MVS/lib/32:/opt/TensorRT/TensorRT-10.2.0.19/lib:/opt/TensorRT/TensorRT-10.2.0/lib:/usr/local/cuda-12.6/lib64:/opt/MVS/lib/64:/opt/MVS/lib/32:/opt/MVS/lib/64:/opt/MVS/lib/32:/opt/MVS/lib/64:/opt/MVS/lib/32:', 'OTEL_INSTRUMENTATION_GENAI_CAPTURE_MESSAGE_CONTENT': 'true', 'SNAP_CONTEXT': '4hthZVkfk3FmjmWELQ5WWj5SvvO2JkVAfH3laZGolRSGZZBDstYm', 'JOURNAL_STREAM': '9:29836', '_': '/usr/bin/colcon', 'ROS_VERSION': '2', 'XDG_CONFIG_DIRS_VSCODE_SNAP_ORIG': '/etc/xdg/xdg-ubuntu:/etc/xdg', 'MEMORY_PRESSURE_WATCH': '/sys/fs/cgroup/user.slice/user-1000.slice/user@1000.service/session.slice/org.gnome.Shell@x11.service/memory.pressure', 'XDG_SESSION_CLASS': 'user', 'SNAP_VERSION': '10c8e557', 'XDG_DATA_DIRS_VSCODE_SNAP_ORIG': '/usr/share/ubuntu:/usr/share/gnome:/usr/local/share/:/usr/share/:/var/lib/snapd/desktop', 'USERNAME': 'delphine', 'GNOME_DESKTOP_SESSION_ID': 'this-is-deprecated', 'SNAP_INSTANCE_NAME': 'code', 'FC_FONTATIONS': '1', 'WINDOWPATH': '2', '_PYI_LINUX_PROCESS_NAME': 'kimi', 'MVCAM_SDK_PATH': '/opt/MVS', 'PATH': '/home/delphine/.local/bin:/opt/ros/jazzy/bin:/home/delphine/.npm-global/bin:/home/delphine/miniconda3/bin:/home/delphine/miniconda3/condabin:/opt/TensorRT/TensorRT-10.2.0.19/bin:/opt/TensorRT/TensorRT-10.2.0/bin:/usr/local/cuda-12.6/bin:/usr/bin:/home/delphine/.local/bin:/usr/local/sbin:/usr/local/bin:/usr/sbin:/usr/bin:/sbin:/bin:/usr/games:/usr/local/games:/snap/bin:/snap/bin:/opt/MVS/bin', 'SESSION_MANAGER': 'local/delphine-ASUS-TUF-Gaming-F16-FX607JV-FX607JV:@/tmp/.ICE-unix/4960,unix/delphine-ASUS-TUF-Gaming-F16-FX607JV-FX607JV:/tmp/.ICE-unix/4960', 'GTK_EXE_PREFIX': '/snap/code/235/usr', 'INVOCATION_ID': '51b8b0eb9c2f4e379f5d678ce9e614cd', 'MVCAM_GENICAM_CLPROTOCOL': '/opt/MVS/lib/CLProtocol', 'XDG_MENU_PREFIX': 'gnome-', 'SNAP_DATA': '/var/snap/code/235', 'XDG_RUNTIME_DIR': '/run/user/1000', 'GDK_BACKEND': 'x11', 'DISPLAY': ':1', 'LOCPATH': '/snap/code/235/usr/lib/locale', 'LANG': 'C', 'XDG_CURRENT_DESKTOP': 'ubuntu:GNOME', 'XDG_DATA_HOME': '/home/delphine/snap/code/235/.local/share', 'XMODIFIERS': '@im=fcitx', 'XDG_SESSION_DESKTOP': 'ubuntu', 'XAUTHORITY': '/run/user/1000/gdm/Xauthority', 'COPILOT_OTEL_ENABLED': 'true', 'SNAP_USER_COMMON': '/home/delphine/snap/code/common', 'SSH_AUTH_SOCK': '/run/user/1000/keyring/ssh', 'GSETTINGS_SCHEMA_DIR': '/home/delphine/snap/code/235/.local/share/glib-2.0/schemas', 'SNAP_ARCH': 'amd64', 'AMENT_PREFIX_PATH': '/home/delphine/rm/tensorrt10_detect/install/tensorrt_detect:/home/delphine/rm/tensorrt10_detect/install/tensorrt_detect_msgs:/opt/ros/jazzy', 'SNAP_COOKIE': '4hthZVkfk3FmjmWELQ5WWj5SvvO2JkVAfH3laZGolRSGZZBDstYm', 'CONDA_PYTHON_EXE': '/home/delphine/miniconda3/bin/python', 'SHELL': '/bin/bash', 'GDK_PIXBUF_MODULEDIR': '/snap/code/235/usr/lib/x86_64-linux-gnu/gdk-pixbuf-2.0/2.10.0/loaders', 'GIT_TERMINAL_PROMPT': '0', 'QT_ACCESSIBILITY': '1', 'ELECTRON_RUN_AS_NODE': '1', 'GDMSESSION': 'ubuntu', 'LESSCLOSE': '/usr/bin/lesspipe %s %s', 'CONDA_DEFAULT_ENV': 'base', 'SNAP_NAME': 'code', 'FONTCONFIG_FILE': '/etc/fonts/fonts.conf', 'GDK_PIXBUF_MODULE_FILE': '/home/delphine/snap/code/common/.cache/gdk-pixbuf-loaders.cache', 'GPG_AGENT_INFO': '/run/user/1000/gnupg/S.gpg-agent:0:1', 'GJS_DEBUG_OUTPUT': 'stderr', '_CONDA_EXE': '/home/delphine/miniconda3/bin/conda', 'ROS_AUTOMATIC_DISCOVERY_RANGE': 'SUBNET', 'SNAP_LAUNCHER_ARCH_TRIPLET': 'x86_64-linux-gnu', 'QT_IM_MODULE': 'fcitx', 'PWD': '/home/delphine/rm/tensorrt10_detect/build/tensorrt_detect', 'VSCODE_CLI': '1', 'XDG_CONFIG_DIRS': '/etc/xdg/xdg-ubuntu:/etc/xdg', 'CONDA_EXE': '/home/delphine/miniconda3/bin/conda', 'SNAP_REAL_HOME': '/home/delphine', 'VSCODE_CODE_CACHE_PATH': '/home/delphine/.config/Code/CachedData/10c8e557c8b9f9ed0a87f61f1c9a44bde731c409', 'CLUTTER_IM_MODULE': 'fcitx', 'XDG_DATA_DIRS': '/home/delphine/snap/code/235/.local/share:/home/delphine/snap/code/235:/snap/code/235/usr/share:/usr/share/ubuntu:/usr/share/gnome:/usr/local/share/:/usr/share/:/var/lib/snapd/desktop', 'SNAP_EUID': '1000', 'PYTHONPATH': '/home/delphine/rm/tensorrt10_detect/install/tensorrt_detect_msgs/lib/python3.13/site-packages:/opt/ros/jazzy/lib/python3.12/site-packages', 'SNAP': '/snap/code/235', 'CONDA_PREFIX': '/home/delphine/miniconda3', 'COLCON': '1', 'MEMORY_PRESSURE_WRITE': 'c29tZSAyMDAwMDAgMjAwMDAwMAA=', 'ELECTRON_NO_ATTACH_CONSOLE': '1', 'CMAKE_PREFIX_PATH': '/home/delphine/rm/tensorrt10_detect/install/tensorrt_detect_msgs:/home/delphine/rm/tensorrt10_detect/install/tensorrt_detect:/opt/ros/jazzy/opt/gz_math_vendor:/opt/ros/jazzy/opt/gz_utils_vendor:/opt/ros/jazzy/opt/gz_cmake_vendor:/opt/ros/jazzy', 'VSCODE_PID': '7081', 'MVCAM_COMMON_RUNENV': '/opt/MVS/lib', 'COPILOT_OTEL_EXPORTER_TYPE': 'file'}), 'shell': False}
[0.045005] (tensorrt_detect) StdoutLine: {'line': b'-- Found ament_cmake: 2.5.6 (/opt/ros/jazzy/share/ament_cmake/cmake)\n'}
[0.099759] (-) TimerEvent: {}
[0.199974] (-) TimerEvent: {}
[0.228164] (tensorrt_detect) StdoutLine: {'line': b'-- Override CMake install command with custom implementation using symlinks instead of copying resources\n'}
[0.241133] (tensorrt_detect) StdoutLine: {'line': b'-- Found rclcpp: 28.1.18 (/opt/ros/jazzy/share/rclcpp/cmake)\n'}
[0.269564] (tensorrt_detect) StdoutLine: {'line': b'-- Found rosidl_generator_c: 4.6.7 (/opt/ros/jazzy/share/rosidl_generator_c/cmake)\n'}
[0.278149] (tensorrt_detect) StdoutLine: {'line': b'-- Found rosidl_generator_cpp: 4.6.7 (/opt/ros/jazzy/share/rosidl_generator_cpp/cmake)\n'}
[0.290149] (tensorrt_detect) StdoutLine: {'line': b'-- Using all available rosidl_typesupport_c: rosidl_typesupport_fastrtps_c;rosidl_typesupport_introspection_c\n'}
[0.300043] (-) TimerEvent: {}
[0.302839] (tensorrt_detect) StdoutLine: {'line': b'-- Using all available rosidl_typesupport_cpp: rosidl_typesupport_fastrtps_cpp;rosidl_typesupport_introspection_cpp\n'}
[0.364327] (tensorrt_detect) StdoutLine: {'line': b'-- Found rmw_implementation_cmake: 7.3.3 (/opt/ros/jazzy/share/rmw_implementation_cmake/cmake)\n'}
[0.366039] (tensorrt_detect) StdoutLine: {'line': b'-- Found rmw_fastrtps_cpp: 8.4.3 (/opt/ros/jazzy/share/rmw_fastrtps_cpp/cmake)\n'}
[0.400149] (-) TimerEvent: {}
[0.430796] (tensorrt_detect) StdoutLine: {'line': b"-- Using RMW implementation 'rmw_fastrtps_cpp' as default\n"}
[0.494083] (tensorrt_detect) StdoutLine: {'line': b'-- Found sensor_msgs: 5.3.7 (/opt/ros/jazzy/share/sensor_msgs/cmake)\n'}
[0.500370] (-) TimerEvent: {}
[0.545002] (tensorrt_detect) StdoutLine: {'line': b'-- Found cv_bridge: 4.1.0 (/opt/ros/jazzy/share/cv_bridge/cmake)\n'}
[0.554944] (tensorrt_detect) StdoutLine: {'line': b'-- Found std_srvs: 5.3.7 (/opt/ros/jazzy/share/std_srvs/cmake)\n'}
[0.572189] (tensorrt_detect) StdoutLine: {'line': b'-- Found tensorrt_detect_msgs: 0.0.1 (/home/delphine/rm/tensorrt10_detect/install/tensorrt_detect_msgs/share/tensorrt_detect_msgs/cmake)\n'}
[0.600540] (-) TimerEvent: {}
[0.650054] (tensorrt_detect) StderrLine: {'line': b'CMake Deprecation Warning at /home/delphine/open3d-devel-linux-x86_64-cxx11-abi-cuda-0.19.0/lib/cmake/Open3D/Open3DConfig.cmake:18 (cmake_policy):\n'}
[0.650302] (tensorrt_detect) StderrLine: {'line': b'  The OLD behavior for policy CMP0072 will be removed from a future version\n'}
[0.650406] (tensorrt_detect) StderrLine: {'line': b'  of CMake.\n'}
[0.650487] (tensorrt_detect) StderrLine: {'line': b'\n'}
[0.650571] (tensorrt_detect) StderrLine: {'line': b'  The cmake-policies(7) manual explains that the OLD behaviors of all\n'}
[0.650646] (tensorrt_detect) StderrLine: {'line': b'  policies are deprecated and that a policy should be set to OLD only under\n'}
[0.650722] (tensorrt_detect) StderrLine: {'line': b'  specific short-term circumstances.  Projects should be ported to the NEW\n'}
[0.650798] (tensorrt_detect) StderrLine: {'line': b'  behavior and not rely on setting a policy to OLD.\n'}
[0.650879] (tensorrt_detect) StderrLine: {'line': b'Call Stack (most recent call first):\n'}
[0.650959] (tensorrt_detect) StderrLine: {'line': b'  CMakeLists.txt:29 (find_package)\n'}
[0.651050] (tensorrt_detect) StderrLine: {'line': b'\n'}
[0.651138] (tensorrt_detect) StderrLine: {'line': b'\n'}
[0.700746] (-) TimerEvent: {}
[0.777847] (tensorrt_detect) StdoutLine: {'line': b'-- Configuring done (0.7s)\n'}
[0.800824] (-) TimerEvent: {}
[0.849371] (tensorrt_detect) StdoutLine: {'line': b'-- Generating done (0.1s)\n'}
[0.864067] (tensorrt_detect) StdoutLine: {'line': b'-- Build files have been written to: /home/delphine/rm/tensorrt10_detect/build/tensorrt_detect\n'}
[0.901048] (-) TimerEvent: {}
[0.910342] (tensorrt_detect) StdoutLine: {'line': b'[  7%] Built target video_node\n'}
[0.913294] (tensorrt_detect) StdoutLine: {'line': b'[ 14%] Built target display_node\n'}
[0.923589] (tensorrt_detect) StdoutLine: {'line': b'[ 50%] Built target tensorrt_detect_core\n'}
[0.948421] (tensorrt_detect) StdoutLine: {'line': b'[ 57%] Built target standard\n'}
[0.953147] (tensorrt_detect) StdoutLine: {'line': b'[ 64%] Built target roi_set_node\n'}
[0.954611] (tensorrt_detect) StdoutLine: {'line': b'[ 75%] Built target calibrate_node\n'}
[0.954782] (tensorrt_detect) StdoutLine: {'line': b'[ 75%] Building CXX object CMakeFiles/detect_node.dir/src/nodes/detect_node.cpp.o\n'}
[0.955730] (tensorrt_detect) StdoutLine: {'line': b'[ 82%] Built target pose_node\n'}
[0.959525] (tensorrt_detect) StdoutLine: {'line': b'[ 89%] Built target map_node\n'}
[0.959742] (tensorrt_detect) StdoutLine: {'line': b'[ 96%] Built target qt_display_node\n'}
[1.001176] (-) TimerEvent: {}
[1.101364] (-) TimerEvent: {}
[1.201556] (-) TimerEvent: {}
[1.301788] (-) TimerEvent: {}
[1.402025] (-) TimerEvent: {}
[1.502236] (-) TimerEvent: {}
[1.602491] (-) TimerEvent: {}
[1.702815] (-) TimerEvent: {}
[1.803055] (-) TimerEvent: {}
[1.903460] (-) TimerEvent: {}
[2.003711] (-) TimerEvent: {}
[2.103908] (-) TimerEvent: {}
[2.204125] (-) TimerEvent: {}
[2.304433] (-) TimerEvent: {}
[2.404756] (-) TimerEvent: {}
[2.505054] (-) TimerEvent: {}
[2.605273] (-) TimerEvent: {}
[2.705480] (-) TimerEvent: {}
[2.805775] (-) TimerEvent: {}
[2.905997] (-) TimerEvent: {}
[3.006223] (-) TimerEvent: {}
[3.106503] (-) TimerEvent: {}
[3.206883] (-) TimerEvent: {}
[3.307092] (-) TimerEvent: {}
[3.407308] (-) TimerEvent: {}
[3.507634] (-) TimerEvent: {}
[3.607941] (-) TimerEvent: {}
[3.681454] (tensorrt_detect) StderrLine: {'line': b'/home/delphine/rm/tensorrt10_detect/src/tensorrt_detect/src/nodes/detect_node.cpp: In member function \xe2\x80\x98void DetectNode::reloadROI(std_srvs::srv::Trigger_Request_<std::allocator<void> >::SharedPtr, std_srvs::srv::Trigger_Response_<std::allocator<void> >::SharedPtr)\xe2\x80\x99:\n'}
[3.681613] (tensorrt_detect) StderrLine: {'line': b'/home/delphine/rm/tensorrt10_detect/src/tensorrt_detect/src/nodes/detect_node.cpp:168:13: error: \xe2\x80\x98YAML\xe2\x80\x99 has not been declared\n'}
[3.681669] (tensorrt_detect) StderrLine: {'line': b'  168 |             YAML::Node cfg = YAML::LoadFile(model_yaml);\n'}
[3.681711] (tensorrt_detect) StderrLine: {'line': b'      |             ^~~~\n'}
[3.691660] (tensorrt_detect) StderrLine: {'line': b'/home/delphine/rm/tensorrt10_detect/src/tensorrt_detect/src/nodes/detect_node.cpp:169:42: error: \xe2\x80\x98cfg\xe2\x80\x99 was not declared in this scope; did you mean \xe2\x80\x98cfg_\xe2\x80\x99?\n'}
[3.691785] (tensorrt_detect) StderrLine: {'line': b'  169 |             cfg_->model.outpostEnabled = cfg["outpost_enabled"]\n'}
[3.691820] (tensorrt_detect) StderrLine: {'line': b'      |                                          ^~~\n'}
[3.691852] (tensorrt_detect) StderrLine: {'line': b'      |                                          cfg_\n'}
[3.691889] (tensorrt_detect) StderrLine: {'line': b'/home/delphine/rm/tensorrt10_detect/src/tensorrt_detect/src/nodes/detect_node.cpp:170:73: error: expected primary-expression before \xe2\x80\x98bool\xe2\x80\x99\n'}
[3.691921] (tensorrt_detect) StderrLine: {'line': b'  170 |                                             ? cfg["outpost_enabled"].as<bool>()\n'}
[3.691954] (tensorrt_detect) StderrLine: {'line': b'      |                                                                         ^~~~\n'}
[3.691989] (tensorrt_detect) StderrLine: {'line': b'/home/delphine/rm/tensorrt10_detect/src/tensorrt_detect/src/nodes/detect_node.cpp:170:73: error: expected \xe2\x80\x98:\xe2\x80\x99 before \xe2\x80\x98bool\xe2\x80\x99\n'}
[3.692026] (tensorrt_detect) StderrLine: {'line': b'/home/delphine/rm/tensorrt10_detect/src/tensorrt_detect/src/nodes/detect_node.cpp:170:73: error: expected primary-expression before \xe2\x80\x98bool\xe2\x80\x99\n'}
[3.692058] (tensorrt_detect) StderrLine: {'line': b'/home/delphine/rm/tensorrt10_detect/src/tensorrt_detect/src/nodes/detect_node.cpp:173:79: error: expected primary-expression before \xe2\x80\x98>\xe2\x80\x99 token\n'}
[3.692090] (tensorrt_detect) StderrLine: {'line': b'  173 |                 cfg_->model.outpostRoi = cfg["outpost_roi"].as<std::vector<int>>();\n'}
[3.692122] (tensorrt_detect) StderrLine: {'line': b'      |                                                                               ^~\n'}
[3.692154] (tensorrt_detect) StderrLine: {'line': b'/home/delphine/rm/tensorrt10_detect/src/tensorrt_detect/src/nodes/detect_node.cpp:173:82: error: expected primary-expression before \xe2\x80\x98)\xe2\x80\x99 token\n'}
[3.692189] (tensorrt_detect) StderrLine: {'line': b'  173 |                 cfg_->model.outpostRoi = cfg["outpost_roi"].as<std::vector<int>>();\n'}
[3.692223] (tensorrt_detect) StderrLine: {'line': b'      |                                                                                  ^\n'}
[3.692255] (tensorrt_detect) StderrLine: {'line': b'/home/delphine/rm/tensorrt10_detect/src/tensorrt_detect/src/nodes/detect_node.cpp:176:89: error: expected primary-expression before \xe2\x80\x98float\xe2\x80\x99\n'}
[3.692285] (tensorrt_detect) StderrLine: {'line': b'  176 |                                                     ? cfg["outpost_score_threshold"].as<float>()\n'}
[3.692315] (tensorrt_detect) StderrLine: {'line': b'      |                                                                                         ^~~~~\n'}
[3.692345] (tensorrt_detect) StderrLine: {'line': b'/home/delphine/rm/tensorrt10_detect/src/tensorrt_detect/src/nodes/detect_node.cpp:176:89: error: expected \xe2\x80\x98:\xe2\x80\x99 before \xe2\x80\x98float\xe2\x80\x99\n'}
[3.692377] (tensorrt_detect) StderrLine: {'line': b'/home/delphine/rm/tensorrt10_detect/src/tensorrt_detect/src/nodes/detect_node.cpp:176:89: error: expected primary-expression before \xe2\x80\x98float\xe2\x80\x99\n'}
[3.708108] (-) TimerEvent: {}
[3.808323] (-) TimerEvent: {}
[3.908531] (-) TimerEvent: {}
[4.008683] (-) TimerEvent: {}
[4.108881] (-) TimerEvent: {}
[4.209063] (-) TimerEvent: {}
[4.309217] (-) TimerEvent: {}
[4.409376] (-) TimerEvent: {}
[4.509560] (-) TimerEvent: {}
[4.609755] (-) TimerEvent: {}
[4.709923] (-) TimerEvent: {}
[4.810078] (-) TimerEvent: {}
[4.910306] (-) TimerEvent: {}
[5.010534] (-) TimerEvent: {}
[5.110814] (-) TimerEvent: {}
[5.211030] (-) TimerEvent: {}
[5.311224] (-) TimerEvent: {}
[5.411455] (-) TimerEvent: {}
[5.511661] (-) TimerEvent: {}
[5.554983] (tensorrt_detect) StderrLine: {'line': b'gmake[2]: *** [CMakeFiles/detect_node.dir/build.make:76: CMakeFiles/detect_node.dir/src/nodes/detect_node.cpp.o] Error 1\n'}
[5.555418] (tensorrt_detect) StderrLine: {'line': b'gmake[1]: *** [CMakeFiles/Makefile2:207: CMakeFiles/detect_node.dir/all] Error 2\n'}
[5.555617] (tensorrt_detect) StderrLine: {'line': b'gmake: *** [Makefile:146: all] Error 2\n'}
[5.557294] (tensorrt_detect) CommandEnded: {'returncode': 2}
[5.566678] (tensorrt_detect) JobEnded: {'identifier': 'tensorrt_detect', 'rc': 2}
[5.576982] (-) EventReactorShutdown: {}
