[0.111s] DEBUG:colcon:Command line arguments: ['/usr/bin/colcon', 'build', '--packages-select', 'tensorrt_detect']
[0.112s] DEBUG:colcon:Parsed command line arguments: Namespace(log_base=None, log_level=None, verb_name='build', build_base='build', install_base='install', merge_install=False, symlink_install=False, test_result_base=None, continue_on_error=False, executor='parallel', parallel_workers=20, event_handlers=None, ignore_user_meta=False, metas=['./colcon.meta'], base_paths=['.'], packages_ignore=None, packages_ignore_regex=None, paths=None, packages_up_to=None, packages_up_to_regex=None, packages_above=None, packages_above_and_dependencies=None, packages_above_depth=None, packages_select_by_dep=None, packages_skip_by_dep=None, packages_skip_up_to=None, packages_select_build_failed=False, packages_skip_build_finished=False, packages_select_test_failures=False, packages_skip_test_passed=False, packages_select=['tensorrt_detect'], packages_skip=None, packages_select_regex=None, packages_skip_regex=None, packages_start=None, packages_end=None, allow_overriding=[], cmake_args=None, cmake_target=None, cmake_target_skip_unavailable=False, cmake_clean_cache=False, cmake_clean_first=False, cmake_force_configure=False, ament_cmake_args=None, catkin_cmake_args=None, catkin_skip_building_tests=False, verb_parser=<colcon_defaults.argument_parser.defaults.DefaultArgumentsDecorator object at 0x787c9977e6f0>, verb_extension=<colcon_core.verb.build.BuildVerb object at 0x787c99754200>, main=<bound method BuildVerb.main of <colcon_core.verb.build.BuildVerb object at 0x787c99754200>>)
[0.165s] Level 1:colcon.colcon_core.package_discovery:discover_packages(colcon_meta) check parameters
[0.165s] Level 1:colcon.colcon_core.package_discovery:discover_packages(recursive) check parameters
[0.165s] Level 1:colcon.colcon_core.package_discovery:discover_packages(ignore) check parameters
[0.165s] Level 1:colcon.colcon_core.package_discovery:discover_packages(path) check parameters
[0.165s] Level 1:colcon.colcon_core.package_discovery:discover_packages(colcon_meta) discover
[0.165s] Level 1:colcon.colcon_core.package_discovery:discover_packages(recursive) discover
[0.165s] INFO:colcon.colcon_core.package_discovery:Crawling recursively for packages in '/home/delphine/rm/tensorrt10_detect'
[0.165s] Level 1:colcon.colcon_core.package_identification:_identify(.) by extensions ['ignore', 'ignore_ament_install']
[0.165s] Level 1:colcon.colcon_core.package_identification:_identify(.) by extension 'ignore'
[0.165s] Level 1:colcon.colcon_core.package_identification:_identify(.) by extension 'ignore_ament_install'
[0.165s] Level 1:colcon.colcon_core.package_identification:_identify(.) by extensions ['colcon_pkg']
[0.165s] Level 1:colcon.colcon_core.package_identification:_identify(.) by extension 'colcon_pkg'
[0.165s] Level 1:colcon.colcon_core.package_identification:_identify(.) by extensions ['colcon_meta']
[0.165s] Level 1:colcon.colcon_core.package_identification:_identify(.) by extension 'colcon_meta'
[0.165s] Level 1:colcon.colcon_core.package_identification:_identify(.) by extensions ['ros']
[0.165s] Level 1:colcon.colcon_core.package_identification:_identify(.) by extension 'ros'
[0.191s] Level 1:colcon.colcon_core.package_identification:_identify(.) by extensions ['cmake', 'python']
[0.191s] Level 1:colcon.colcon_core.package_identification:_identify(.) by extension 'cmake'
[0.191s] Level 1:colcon.colcon_core.package_identification:_identify(.) by extension 'python'
[0.191s] Level 1:colcon.colcon_core.package_identification:_identify(.) by extensions ['python_setup_py']
[0.191s] Level 1:colcon.colcon_core.package_identification:_identify(.) by extension 'python_setup_py'
[0.191s] Level 1:colcon.colcon_core.package_identification:_identify(build) by extensions ['ignore', 'ignore_ament_install']
[0.192s] Level 1:colcon.colcon_core.package_identification:_identify(build) by extension 'ignore'
[0.192s] Level 1:colcon.colcon_core.package_identification:_identify(build) ignored
[0.192s] Level 1:colcon.colcon_core.package_identification:_identify(configs) by extensions ['ignore', 'ignore_ament_install']
[0.192s] Level 1:colcon.colcon_core.package_identification:_identify(configs) by extension 'ignore'
[0.192s] Level 1:colcon.colcon_core.package_identification:_identify(configs) by extension 'ignore_ament_install'
[0.192s] Level 1:colcon.colcon_core.package_identification:_identify(configs) by extensions ['colcon_pkg']
[0.192s] Level 1:colcon.colcon_core.package_identification:_identify(configs) by extension 'colcon_pkg'
[0.192s] Level 1:colcon.colcon_core.package_identification:_identify(configs) by extensions ['colcon_meta']
[0.192s] Level 1:colcon.colcon_core.package_identification:_identify(configs) by extension 'colcon_meta'
[0.192s] Level 1:colcon.colcon_core.package_identification:_identify(configs) by extensions ['ros']
[0.192s] Level 1:colcon.colcon_core.package_identification:_identify(configs) by extension 'ros'
[0.192s] Level 1:colcon.colcon_core.package_identification:_identify(configs) by extensions ['cmake', 'python']
[0.192s] Level 1:colcon.colcon_core.package_identification:_identify(configs) by extension 'cmake'
[0.192s] Level 1:colcon.colcon_core.package_identification:_identify(configs) by extension 'python'
[0.192s] Level 1:colcon.colcon_core.package_identification:_identify(configs) by extensions ['python_setup_py']
[0.192s] Level 1:colcon.colcon_core.package_identification:_identify(configs) by extension 'python_setup_py'
[0.192s] Level 1:colcon.colcon_core.package_identification:_identify(docs) by extensions ['ignore', 'ignore_ament_install']
[0.192s] Level 1:colcon.colcon_core.package_identification:_identify(docs) by extension 'ignore'
[0.192s] Level 1:colcon.colcon_core.package_identification:_identify(docs) by extension 'ignore_ament_install'
[0.192s] Level 1:colcon.colcon_core.package_identification:_identify(docs) by extensions ['colcon_pkg']
[0.192s] Level 1:colcon.colcon_core.package_identification:_identify(docs) by extension 'colcon_pkg'
[0.192s] Level 1:colcon.colcon_core.package_identification:_identify(docs) by extensions ['colcon_meta']
[0.192s] Level 1:colcon.colcon_core.package_identification:_identify(docs) by extension 'colcon_meta'
[0.192s] Level 1:colcon.colcon_core.package_identification:_identify(docs) by extensions ['ros']
[0.192s] Level 1:colcon.colcon_core.package_identification:_identify(docs) by extension 'ros'
[0.192s] Level 1:colcon.colcon_core.package_identification:_identify(docs) by extensions ['cmake', 'python']
[0.192s] Level 1:colcon.colcon_core.package_identification:_identify(docs) by extension 'cmake'
[0.192s] Level 1:colcon.colcon_core.package_identification:_identify(docs) by extension 'python'
[0.193s] Level 1:colcon.colcon_core.package_identification:_identify(docs) by extensions ['python_setup_py']
[0.193s] Level 1:colcon.colcon_core.package_identification:_identify(docs) by extension 'python_setup_py'
[0.193s] Level 1:colcon.colcon_core.package_identification:_identify(install) by extensions ['ignore', 'ignore_ament_install']
[0.193s] Level 1:colcon.colcon_core.package_identification:_identify(install) by extension 'ignore'
[0.193s] Level 1:colcon.colcon_core.package_identification:_identify(install) ignored
[0.193s] Level 1:colcon.colcon_core.package_identification:_identify(log) by extensions ['ignore', 'ignore_ament_install']
[0.193s] Level 1:colcon.colcon_core.package_identification:_identify(log) by extension 'ignore'
[0.193s] Level 1:colcon.colcon_core.package_identification:_identify(log) ignored
[0.193s] Level 1:colcon.colcon_core.package_identification:_identify(models) by extensions ['ignore', 'ignore_ament_install']
[0.193s] Level 1:colcon.colcon_core.package_identification:_identify(models) by extension 'ignore'
[0.193s] Level 1:colcon.colcon_core.package_identification:_identify(models) by extension 'ignore_ament_install'
[0.193s] Level 1:colcon.colcon_core.package_identification:_identify(models) by extensions ['colcon_pkg']
[0.193s] Level 1:colcon.colcon_core.package_identification:_identify(models) by extension 'colcon_pkg'
[0.193s] Level 1:colcon.colcon_core.package_identification:_identify(models) by extensions ['colcon_meta']
[0.193s] Level 1:colcon.colcon_core.package_identification:_identify(models) by extension 'colcon_meta'
[0.193s] Level 1:colcon.colcon_core.package_identification:_identify(models) by extensions ['ros']
[0.193s] Level 1:colcon.colcon_core.package_identification:_identify(models) by extension 'ros'
[0.193s] Level 1:colcon.colcon_core.package_identification:_identify(models) by extensions ['cmake', 'python']
[0.193s] Level 1:colcon.colcon_core.package_identification:_identify(models) by extension 'cmake'
[0.193s] Level 1:colcon.colcon_core.package_identification:_identify(models) by extension 'python'
[0.193s] Level 1:colcon.colcon_core.package_identification:_identify(models) by extensions ['python_setup_py']
[0.193s] Level 1:colcon.colcon_core.package_identification:_identify(models) by extension 'python_setup_py'
[0.193s] Level 1:colcon.colcon_core.package_identification:_identify(src) by extensions ['ignore', 'ignore_ament_install']
[0.193s] Level 1:colcon.colcon_core.package_identification:_identify(src) by extension 'ignore'
[0.193s] Level 1:colcon.colcon_core.package_identification:_identify(src) by extension 'ignore_ament_install'
[0.193s] Level 1:colcon.colcon_core.package_identification:_identify(src) by extensions ['colcon_pkg']
[0.193s] Level 1:colcon.colcon_core.package_identification:_identify(src) by extension 'colcon_pkg'
[0.193s] Level 1:colcon.colcon_core.package_identification:_identify(src) by extensions ['colcon_meta']
[0.193s] Level 1:colcon.colcon_core.package_identification:_identify(src) by extension 'colcon_meta'
[0.194s] Level 1:colcon.colcon_core.package_identification:_identify(src) by extensions ['ros']
[0.194s] Level 1:colcon.colcon_core.package_identification:_identify(src) by extension 'ros'
[0.194s] Level 1:colcon.colcon_core.package_identification:_identify(src) by extensions ['cmake', 'python']
[0.194s] Level 1:colcon.colcon_core.package_identification:_identify(src) by extension 'cmake'
[0.194s] Level 1:colcon.colcon_core.package_identification:_identify(src) by extension 'python'
[0.194s] Level 1:colcon.colcon_core.package_identification:_identify(src) by extensions ['python_setup_py']
[0.194s] Level 1:colcon.colcon_core.package_identification:_identify(src) by extension 'python_setup_py'
[0.194s] Level 1:colcon.colcon_core.package_identification:_identify(src/tensorrt_detect) by extensions ['ignore', 'ignore_ament_install']
[0.194s] Level 1:colcon.colcon_core.package_identification:_identify(src/tensorrt_detect) by extension 'ignore'
[0.194s] Level 1:colcon.colcon_core.package_identification:_identify(src/tensorrt_detect) by extension 'ignore_ament_install'
[0.194s] Level 1:colcon.colcon_core.package_identification:_identify(src/tensorrt_detect) by extensions ['colcon_pkg']
[0.194s] Level 1:colcon.colcon_core.package_identification:_identify(src/tensorrt_detect) by extension 'colcon_pkg'
[0.194s] Level 1:colcon.colcon_core.package_identification:_identify(src/tensorrt_detect) by extensions ['colcon_meta']
[0.194s] Level 1:colcon.colcon_core.package_identification:_identify(src/tensorrt_detect) by extension 'colcon_meta'
[0.194s] Level 1:colcon.colcon_core.package_identification:_identify(src/tensorrt_detect) by extensions ['ros']
[0.194s] Level 1:colcon.colcon_core.package_identification:_identify(src/tensorrt_detect) by extension 'ros'
[0.197s] DEBUG:colcon.colcon_core.package_identification:Package 'src/tensorrt_detect' with type 'ros.ament_cmake' and name 'tensorrt_detect'
[0.197s] Level 1:colcon.colcon_core.package_identification:_identify(src/tensorrt_detect_msgs) by extensions ['ignore', 'ignore_ament_install']
[0.197s] Level 1:colcon.colcon_core.package_identification:_identify(src/tensorrt_detect_msgs) by extension 'ignore'
[0.197s] Level 1:colcon.colcon_core.package_identification:_identify(src/tensorrt_detect_msgs) by extension 'ignore_ament_install'
[0.197s] Level 1:colcon.colcon_core.package_identification:_identify(src/tensorrt_detect_msgs) by extensions ['colcon_pkg']
[0.197s] Level 1:colcon.colcon_core.package_identification:_identify(src/tensorrt_detect_msgs) by extension 'colcon_pkg'
[0.197s] Level 1:colcon.colcon_core.package_identification:_identify(src/tensorrt_detect_msgs) by extensions ['colcon_meta']
[0.197s] Level 1:colcon.colcon_core.package_identification:_identify(src/tensorrt_detect_msgs) by extension 'colcon_meta'
[0.197s] Level 1:colcon.colcon_core.package_identification:_identify(src/tensorrt_detect_msgs) by extensions ['ros']
[0.197s] Level 1:colcon.colcon_core.package_identification:_identify(src/tensorrt_detect_msgs) by extension 'ros'
[0.198s] DEBUG:colcon.colcon_core.package_identification:Package 'src/tensorrt_detect_msgs' with type 'ros.ament_cmake' and name 'tensorrt_detect_msgs'
[0.198s] Level 1:colcon.colcon_core.package_discovery:discover_packages(recursive) using defaults
[0.198s] Level 1:colcon.colcon_core.package_discovery:discover_packages(ignore) discover
[0.198s] Level 1:colcon.colcon_core.package_discovery:discover_packages(ignore) using defaults
[0.198s] Level 1:colcon.colcon_core.package_discovery:discover_packages(path) discover
[0.198s] Level 1:colcon.colcon_core.package_discovery:discover_packages(path) using defaults
[0.218s] INFO:colcon.colcon_core.package_selection:Skipping not selected package 'tensorrt_detect_msgs' in 'src/tensorrt_detect_msgs'
[0.218s] Level 1:colcon.colcon_core.package_discovery:discover_packages(prefix_path) check parameters
[0.218s] Level 1:colcon.colcon_core.package_discovery:discover_packages(prefix_path) discover
[0.220s] DEBUG:colcon.colcon_installed_package_information.package_discovery:Found 2 installed packages in /home/delphine/rm/tensorrt10_detect/install
[0.221s] DEBUG:colcon.colcon_installed_package_information.package_discovery:Found 287 installed packages in /opt/ros/jazzy
[0.222s] Level 1:colcon.colcon_core.package_discovery:discover_packages(prefix_path) using defaults
[0.247s] Level 5:colcon.colcon_core.verb:set package 'tensorrt_detect' build argument 'cmake_args' from command line to 'None'
[0.248s] Level 5:colcon.colcon_core.verb:set package 'tensorrt_detect' build argument 'cmake_target' from command line to 'None'
[0.248s] Level 5:colcon.colcon_core.verb:set package 'tensorrt_detect' build argument 'cmake_target_skip_unavailable' from command line to 'False'
[0.248s] Level 5:colcon.colcon_core.verb:set package 'tensorrt_detect' build argument 'cmake_clean_cache' from command line to 'False'
[0.248s] Level 5:colcon.colcon_core.verb:set package 'tensorrt_detect' build argument 'cmake_clean_first' from command line to 'False'
[0.248s] Level 5:colcon.colcon_core.verb:set package 'tensorrt_detect' build argument 'cmake_force_configure' from command line to 'False'
[0.248s] Level 5:colcon.colcon_core.verb:set package 'tensorrt_detect' build argument 'ament_cmake_args' from command line to 'None'
[0.248s] Level 5:colcon.colcon_core.verb:set package 'tensorrt_detect' build argument 'catkin_cmake_args' from command line to 'None'
[0.248s] Level 5:colcon.colcon_core.verb:set package 'tensorrt_detect' build argument 'catkin_skip_building_tests' from command line to 'False'
[0.248s] DEBUG:colcon.colcon_core.verb:Building package 'tensorrt_detect' with the following arguments: {'ament_cmake_args': None, 'build_base': '/home/delphine/rm/tensorrt10_detect/build/tensorrt_detect', 'catkin_cmake_args': None, 'catkin_skip_building_tests': False, 'cmake_args': None, 'cmake_clean_cache': False, 'cmake_clean_first': False, 'cmake_force_configure': False, 'cmake_target': None, 'cmake_target_skip_unavailable': False, 'install_base': '/home/delphine/rm/tensorrt10_detect/install/tensorrt_detect', 'merge_install': False, 'path': '/home/delphine/rm/tensorrt10_detect/src/tensorrt_detect', 'symlink_install': False, 'test_result_base': None}
[0.248s] INFO:colcon.colcon_core.executor:Executing jobs using 'parallel' executor
[0.249s] DEBUG:colcon.colcon_parallel_executor.executor.parallel:run_until_complete
[0.249s] INFO:colcon.colcon_ros.task.ament_cmake.build:Building ROS package in '/home/delphine/rm/tensorrt10_detect/src/tensorrt_detect' with build type 'ament_cmake'
[0.249s] INFO:colcon.colcon_cmake.task.cmake.build:Building CMake package in '/home/delphine/rm/tensorrt10_detect/src/tensorrt_detect'
[0.252s] INFO:colcon.colcon_core.plugin_system:Skipping extension 'colcon_core.shell.bat': Not used on non-Windows systems
[0.252s] INFO:colcon.colcon_core.shell:Skip shell extension 'powershell' for command environment: Not usable outside of PowerShell
[0.252s] DEBUG:colcon.colcon_core.shell:Skip shell extension 'dsv' for command environment
[0.264s] DEBUG:colcon.colcon_core.event_handler.log_command:Invoking command in '/home/delphine/rm/tensorrt10_detect/build/tensorrt_detect': CMAKE_PREFIX_PATH=/home/delphine/rm/tensorrt10_detect/install/tensorrt_detect_msgs:/home/delphine/rm/tensorrt10_detect/install/tensorrt_detect:/opt/ros/jazzy/opt/gz_math_vendor:/opt/ros/jazzy/opt/gz_utils_vendor:/opt/ros/jazzy/opt/gz_cmake_vendor:/opt/ros/jazzy CONDA_PROMPT_MODIFIER=(base) DEBUGINFOD_URLS=https://debuginfod.ubuntu.com LD_LIBRARY_PATH=/home/delphine/rm/tensorrt10_detect/install/tensorrt_detect_msgs/lib:/opt/MVS/lib/64:/opt/MVS/lib/32:/opt/ros/jazzy/opt/rviz_ogre_vendor/lib:/opt/ros/jazzy/lib/x86_64-linux-gnu:/opt/ros/jazzy/opt/gz_math_vendor/lib:/opt/ros/jazzy/opt/gz_utils_vendor/lib:/opt/ros/jazzy/opt/gz_cmake_vendor/lib:/opt/ros/jazzy/lib:/opt/MVS/lib/64:/opt/MVS/lib/32:/opt/TensorRT/TensorRT-10.2.0.19/lib:/opt/TensorRT/TensorRT-10.2.0/lib:/usr/local/cuda-12.6/lib64:/opt/MVS/lib/64:/opt/MVS/lib/32:/opt/MVS/lib/64:/opt/MVS/lib/32:/opt/MVS/lib/64:/opt/MVS/lib/32 /usr/bin/cmake --build /home/delphine/rm/tensorrt10_detect/build/tensorrt_detect -- -j20 -l20
[5.806s] DEBUG:colcon.colcon_core.event_handler.log_command:Invoked command in '/home/delphine/rm/tensorrt10_detect/build/tensorrt_detect' returned '2': CMAKE_PREFIX_PATH=/home/delphine/rm/tensorrt10_detect/install/tensorrt_detect_msgs:/home/delphine/rm/tensorrt10_detect/install/tensorrt_detect:/opt/ros/jazzy/opt/gz_math_vendor:/opt/ros/jazzy/opt/gz_utils_vendor:/opt/ros/jazzy/opt/gz_cmake_vendor:/opt/ros/jazzy CONDA_PROMPT_MODIFIER=(base) DEBUGINFOD_URLS=https://debuginfod.ubuntu.com LD_LIBRARY_PATH=/home/delphine/rm/tensorrt10_detect/install/tensorrt_detect_msgs/lib:/opt/MVS/lib/64:/opt/MVS/lib/32:/opt/ros/jazzy/opt/rviz_ogre_vendor/lib:/opt/ros/jazzy/lib/x86_64-linux-gnu:/opt/ros/jazzy/opt/gz_math_vendor/lib:/opt/ros/jazzy/opt/gz_utils_vendor/lib:/opt/ros/jazzy/opt/gz_cmake_vendor/lib:/opt/ros/jazzy/lib:/opt/MVS/lib/64:/opt/MVS/lib/32:/opt/TensorRT/TensorRT-10.2.0.19/lib:/opt/TensorRT/TensorRT-10.2.0/lib:/usr/local/cuda-12.6/lib64:/opt/MVS/lib/64:/opt/MVS/lib/32:/opt/MVS/lib/64:/opt/MVS/lib/32:/opt/MVS/lib/64:/opt/MVS/lib/32 /usr/bin/cmake --build /home/delphine/rm/tensorrt10_detect/build/tensorrt_detect -- -j20 -l20
[5.807s] Level 1:colcon.colcon_core.environment:create_environment_scripts_only(tensorrt_detect)
[5.809s] Level 1:colcon.colcon_core.environment:checking '/home/delphine/rm/tensorrt10_detect/install/tensorrt_detect' for CMake module files
[5.810s] Level 1:colcon.colcon_core.environment:checking '/home/delphine/rm/tensorrt10_detect/install/tensorrt_detect' for CMake config files
[5.810s] Level 1:colcon.colcon_core.shell:create_environment_hook('tensorrt_detect', 'cmake_prefix_path')
[5.810s] INFO:colcon.colcon_core.shell:Creating environment hook '/home/delphine/rm/tensorrt10_detect/install/tensorrt_detect/share/tensorrt_detect/hook/cmake_prefix_path.ps1'
[5.811s] INFO:colcon.colcon_core.shell:Creating environment descriptor '/home/delphine/rm/tensorrt10_detect/install/tensorrt_detect/share/tensorrt_detect/hook/cmake_prefix_path.dsv'
[5.811s] INFO:colcon.colcon_core.shell:Creating environment hook '/home/delphine/rm/tensorrt10_detect/install/tensorrt_detect/share/tensorrt_detect/hook/cmake_prefix_path.sh'
[5.812s] Level 1:colcon.colcon_core.environment:checking '/home/delphine/rm/tensorrt10_detect/install/tensorrt_detect/lib'
[5.812s] Level 1:colcon.colcon_core.environment:checking '/home/delphine/rm/tensorrt10_detect/install/tensorrt_detect/bin'
[5.812s] Level 1:colcon.colcon_core.environment:checking '/home/delphine/rm/tensorrt10_detect/install/tensorrt_detect/lib/pkgconfig/tensorrt_detect.pc'
[5.812s] Level 1:colcon.colcon_core.environment:checking '/home/delphine/rm/tensorrt10_detect/install/tensorrt_detect/lib/python3.12/site-packages'
[5.813s] Level 1:colcon.colcon_core.environment:checking '/home/delphine/rm/tensorrt10_detect/install/tensorrt_detect/bin'
[5.813s] INFO:colcon.colcon_core.shell:Creating package script '/home/delphine/rm/tensorrt10_detect/install/tensorrt_detect/share/tensorrt_detect/package.ps1'
[5.813s] INFO:colcon.colcon_core.shell:Creating package descriptor '/home/delphine/rm/tensorrt10_detect/install/tensorrt_detect/share/tensorrt_detect/package.dsv'
[5.814s] INFO:colcon.colcon_core.shell:Creating package script '/home/delphine/rm/tensorrt10_detect/install/tensorrt_detect/share/tensorrt_detect/package.sh'
[5.814s] INFO:colcon.colcon_core.shell:Creating package script '/home/delphine/rm/tensorrt10_detect/install/tensorrt_detect/share/tensorrt_detect/package.bash'
[5.815s] INFO:colcon.colcon_core.shell:Creating package script '/home/delphine/rm/tensorrt10_detect/install/tensorrt_detect/share/tensorrt_detect/package.zsh'
[5.815s] Level 1:colcon.colcon_core.environment:create_file_with_runtime_dependencies(/home/delphine/rm/tensorrt10_detect/install/tensorrt_detect/share/colcon-core/packages/tensorrt_detect)
[5.825s] DEBUG:colcon.colcon_parallel_executor.executor.parallel:closing loop
[5.826s] DEBUG:colcon.colcon_parallel_executor.executor.parallel:loop closed
[5.826s] DEBUG:colcon.colcon_parallel_executor.executor.parallel:run_until_complete finished with '2'
[5.826s] DEBUG:colcon.colcon_core.event_reactor:joining thread
[5.831s] INFO:colcon.colcon_core.plugin_system:Skipping extension 'colcon_notification.desktop_notification.terminal_notifier': Not used on non-Darwin systems
[5.831s] INFO:colcon.colcon_core.plugin_system:Skipping extension 'colcon_notification.desktop_notification.win32': Not used on non-Windows systems
[5.831s] INFO:colcon.colcon_notification.desktop_notification:Sending desktop notification using 'notify2'
[5.841s] DEBUG:colcon.colcon_core.event_reactor:joined thread
[5.841s] INFO:colcon.colcon_core.shell:Creating prefix script '/home/delphine/rm/tensorrt10_detect/install/local_setup.ps1'
[5.842s] INFO:colcon.colcon_core.shell:Creating prefix util module '/home/delphine/rm/tensorrt10_detect/install/_local_setup_util_ps1.py'
[5.842s] INFO:colcon.colcon_core.shell:Creating prefix chain script '/home/delphine/rm/tensorrt10_detect/install/setup.ps1'
[5.843s] INFO:colcon.colcon_core.shell:Creating prefix script '/home/delphine/rm/tensorrt10_detect/install/local_setup.sh'
[5.843s] INFO:colcon.colcon_core.shell:Creating prefix util module '/home/delphine/rm/tensorrt10_detect/install/_local_setup_util_sh.py'
[5.844s] INFO:colcon.colcon_core.shell:Creating prefix chain script '/home/delphine/rm/tensorrt10_detect/install/setup.sh'
[5.844s] INFO:colcon.colcon_core.shell:Creating prefix script '/home/delphine/rm/tensorrt10_detect/install/local_setup.bash'
[5.845s] INFO:colcon.colcon_core.shell:Creating prefix chain script '/home/delphine/rm/tensorrt10_detect/install/setup.bash'
[5.845s] INFO:colcon.colcon_core.shell:Creating prefix script '/home/delphine/rm/tensorrt10_detect/install/local_setup.zsh'
[5.845s] INFO:colcon.colcon_core.shell:Creating prefix chain script '/home/delphine/rm/tensorrt10_detect/install/setup.zsh'
