[0.000000] (-) TimerEvent: {}
[0.000058] (-) JobUnselected: {'identifier': 'tensorrt_detect_msgs'}
[0.000082] (tensorrt_detect) JobQueued: {'identifier': 'tensorrt_detect', 'dependencies': OrderedDict({'tensorrt_detect_msgs': '/home/delphine/rm/tensorrt10_detect/install/tensorrt_detect_msgs'})}
[0.000402] (tensorrt_detect) JobStarted: {'identifier': 'tensorrt_detect'}
[0.009729] (tensorrt_detect) JobProgress: {'identifier': 'tensorrt_detect', 'progress': 'cmake'}
[0.010677] (tensorrt_detect) Command: {'cmd': ['/usr/bin/cmake', '/home/delphine/rm/tensorrt10_detect/src/tensorrt_detect', '-DCMAKE_BUILD_TYPE=Release', '-DCMAKE_INSTALL_PREFIX=/home/delphine/rm/tensorrt10_detect/install/tensorrt_detect'], 'cwd': '/home/delphine/rm/tensorrt10_detect/build/tensorrt_detect', 'env': OrderedDict({'GJS_DEBUG_TOPICS': 'JS ERROR;JS LOG', 'LESSOPEN': '| /usr/bin/lesspipe %s', 'VSCODE_CWD': '/home/delphine', 'VSCODE_ESM_ENTRYPOINT': 'vs/workbench/api/node/extensionHostProcess', 'CONDA_PROMPT_MODIFIER': '(base)', 'TENSORRT_PATH': '/opt/TensorRT/TensorRT-10.2.0.19', '_PYI_ARCHIVE_FILE': '/home/delphine/.config/Code/User/globalStorage/moonshot-ai.kimi-code/bin/kimi/kimi', 'USER': 'delphine', 'SNAP_COMMON': '/var/snap/code/common', 'VSCODE_NLS_CONFIG': '{"userLocale":"zh-cn","osLocale":"zh-cn","resolvedLanguage":"zh-cn","defaultMessagesFile":"/snap/code/235/usr/share/code/resources/app/out/nls.messages.json","languagePack":{"translationsConfigFile":"/home/delphine/.config/Code/clp/b3d577d0e0e421f69f6e9379a6ee9c57.zh-cn/tcf.json","messagesFile":"/home/delphine/.config/Code/clp/b3d577d0e0e421f69f6e9379a6ee9c57.zh-cn/10c8e557c8b9f9ed0a87f61f1c9a44bde731c409/nls.messages.json","corruptMarkerFile":"/home/delphine/.config/Code/clp/b3d577d0e0e421f69f6e9379a6ee9c57.zh-cn/corrupted.info"},"locale":"zh-cn","availableLanguages":{"*":"zh-cn"},"_languagePackId":"b3d577d0e0e421f69f6e9379a6ee9c57.zh-cn","_languagePackSupport":true,"_translationsConfigFile":"/home/delphine/.config/Code/clp/b3d577d0e0e421f69f6e9379a6ee9c57.zh-cn/tcf.json","_cacheRoot":"/home/delphine/.config/Code/clp/b3d577d0e0e421f69f6e9379a6ee9c57.zh-cn","_resolvedLanguagePackCoreLocation":"/home/delphine/.config/Code/clp/b3d577d0e0e421f69f6e9379a6ee9c57.zh-cn/10c8e557c8b9f9ed0a87f61f1c9a44bde731c409","_corruptedFile":"/home/delphine/.config/Code/clp/b3d577d0e0e421f69f6e9379a6ee9c57.zh-cn/corrupted.info"}', 'FONTCONFIG_PATH': '/etc/fonts', 'GIO_MODULE_DIR': '/home/delphine/snap/code/common/.cache/gio-modules', 'VSCODE_HANDLES_UNCAUGHT_ERRORS': 'true', 'XDG_SESSION_TYPE': 'x11', 'ALLUSERSPROFILE': '/opt/MVS/MVFG', 'SNAP_UID': '1000', 'CLUTTER_DISABLE_MIPMAPPED_TEXT': '1', 'SHLVL': '1', 'LD_LIBRARY_PATH': '/home/delphine/rm/tensorrt10_detect/install/tensorrt_detect_msgs/lib:/opt/MVS/lib/64:/opt/MVS/lib/32:/opt/ros/jazzy/opt/rviz_ogre_vendor/lib:/opt/ros/jazzy/lib/x86_64-linux-gnu:/opt/ros/jazzy/opt/gz_math_vendor/lib:/opt/ros/jazzy/opt/gz_utils_vendor/lib:/opt/ros/jazzy/opt/gz_cmake_vendor/lib:/opt/ros/jazzy/lib:/opt/MVS/lib/64:/opt/MVS/lib/32:/opt/TensorRT/TensorRT-10.2.0.19/lib:/opt/TensorRT/TensorRT-10.2.0/lib:/usr/local/cuda-12.6/lib64:/opt/MVS/lib/64:/opt/MVS/lib/32:/opt/MVS/lib/64:/opt/MVS/lib/32:/opt/MVS/lib/64:/opt/MVS/lib/32', 'HOME': '/home/delphine', 'CHROME_DESKTOP': 'code.desktop', 'CONDA_SHLVL': '1', 'SNAP_LIBRARY_PATH': '/var/lib/snapd/lib/gl:/var/lib/snapd/lib/gl32', 'OLDPWD': '/home/delphine/rm/tensorrt10_detect', 'DESKTOP_SESSION': 'ubuntu', 'SNAP_USER_DATA': '/home/delphine/snap/code/235', 'GTK_PATH': '/snap/code/235/usr/lib/x86_64-linux-gnu/gtk-3.0', 'VSCODE_IPC_HOOK': '/run/user/1000/vscode-93a8e15f-1.11-main.sock', 'GTK_IM_MODULE_FILE': '/home/delphine/snap/code/common/.cache/immodules/immodules.cache', 'GIO_LAUNCHED_DESKTOP_FILE': '/var/lib/snapd/desktop/applications/code_code.desktop', 'ROS_PYTHON_VERSION': '3', 'GNOME_SHELL_SESSION_MODE': 'ubuntu', 'GTK_MODULES': 'gail:atk-bridge', 'SDL_IM_MODULE': 'fcitx', '_PYI_PARENT_PROCESS_LEVEL': '1', 'COPILOT_OTEL_FILE_EXPORTER_PATH': '/dev/null', 'MANAGERPID': '3628', 'LC_CTYPE': 'C.UTF-8', 'SYSTEMD_EXEC_PID': '4400', 'GSM_SKIP_SSH_AGENT_WORKAROUND': 'true', 'DBUS_SESSION_BUS_ADDRESS': 'unix:path=/run/user/1000/bus', 'SNAP_REVISION': '235', '_CONDA_ROOT': '/home/delphine/miniconda3', 'GIO_LAUNCHED_DESKTOP_FILE_PID': '6251', 'VSCODE_CRASH_REPORTER_PROCESS_TYPE': 'extensionHost', 'DEBUGINFOD_URLS': 'https://debuginfod.ubuntu.com', 'IM_CONFIG_PHASE': '1', 'VSCODE_L10N_BUNDLE_LOCATION': 'file:///home/delphine/.vscode/extensions/ms-ceintl.vscode-language-pack-zh-hans-1.110.2026041514/translations/extensions/vscode.markdown-language-features.i18n.json', 'COLCON_PREFIX_PATH': '/home/delphine/rm/tensorrt10_detect/install', 'APPLICATION_INSIGHTS_NO_STATSBEAT': 'true', 'ROS_DISTRO': 'jazzy', 'GTK_IM_MODULE': 'fcitx', 'LOGNAME': 'delphine', 'LD_LIBRARY_PATH_ORIG': '/opt/MVS/lib/64:/opt/MVS/lib/32:/home/delphine/rm/tensorrt10_detect/install/tensorrt_detect_msgs/lib:/opt/ros/jazzy/opt/rviz_ogre_vendor/lib:/opt/ros/jazzy/lib/x86_64-linux-gnu:/opt/ros/jazzy/opt/gz_math_vendor/lib:/opt/ros/jazzy/opt/gz_utils_vendor/lib:/opt/ros/jazzy/opt/gz_cmake_vendor/lib:/opt/ros/jazzy/lib:/opt/MVS/lib/64:/opt/MVS/lib/32:/opt/TensorRT/TensorRT-10.2.0.19/lib:/opt/TensorRT/TensorRT-10.2.0/lib:/usr/local/cuda-12.6/lib64:/opt/MVS/lib/64:/opt/MVS/lib/32:/opt/MVS/lib/64:/opt/MVS/lib/32:/opt/MVS/lib/64:/opt/MVS/lib/32:', 'OTEL_INSTRUMENTATION_GENAI_CAPTURE_MESSAGE_CONTENT': 'true', 'SNAP_CONTEXT': '4hthZVkfk3FmjmWELQ5WWj5SvvO2JkVAfH3laZGolRSGZZBDstYm', 'JOURNAL_STREAM': '9:17006', '_': '/usr/bin/colcon', 'ROS_VERSION': '2', 'XDG_CONFIG_DIRS_VSCODE_SNAP_ORIG': '/etc/xdg/xdg-ubuntu:/etc/xdg', 'MEMORY_PRESSURE_WATCH': '/sys/fs/cgroup/user.slice/user-1000.slice/user@1000.service/session.slice/org.gnome.Shell@x11.service/memory.pressure', 'XDG_SESSION_CLASS': 'user', 'SNAP_VERSION': '10c8e557', 'XDG_DATA_DIRS_VSCODE_SNAP_ORIG': '/usr/share/ubuntu:/usr/share/gnome:/usr/local/share/:/usr/share/:/var/lib/snapd/desktop', 'USERNAME': 'delphine', 'GNOME_DESKTOP_SESSION_ID': 'this-is-deprecated', 'SNAP_INSTANCE_NAME': 'code', 'FC_FONTATIONS': '1', 'WINDOWPATH': '2', '_PYI_LINUX_PROCESS_NAME': 'kimi', 'MVCAM_SDK_PATH': '/opt/MVS', 'PATH': '/home/delphine/.local/bin:/opt/ros/jazzy/bin:/home/delphine/.npm-global/bin:/home/delphine/miniconda3/bin:/home/delphine/miniconda3/condabin:/opt/TensorRT/TensorRT-10.2.0.19/bin:/opt/TensorRT/TensorRT-10.2.0/bin:/usr/local/cuda-12.6/bin:/usr/bin:/home/delphine/.local/bin:/usr/local/sbin:/usr/local/bin:/usr/sbin:/usr/bin:/sbin:/bin:/usr/games:/usr/local/games:/snap/bin:/snap/bin:/opt/MVS/bin', 'SESSION_MANAGER': 'local/delphine-ASUS-TUF-Gaming-F16-FX607JV-FX607JV:@/tmp/.ICE-unix/4369,unix/delphine-ASUS-TUF-Gaming-F16-FX607JV-FX607JV:/tmp/.ICE-unix/4369', 'GTK_EXE_PREFIX': '/snap/code/235/usr', 'INVOCATION_ID': 'aa57cbed88e74224ba10045fafaae067', 'MVCAM_GENICAM_CLPROTOCOL': '/opt/MVS/lib/CLProtocol', 'XDG_MENU_PREFIX': 'gnome-', 'SNAP_DATA': '/var/snap/code/235', 'XDG_RUNTIME_DIR': '/run/user/1000', 'GDK_BACKEND': 'x11', 'DISPLAY': ':1', 'LOCPATH': '/snap/code/235/usr/lib/locale', 'LANG': 'C', 'XDG_CURRENT_DESKTOP': 'ubuntu:GNOME', 'XDG_DATA_HOME': '/home/delphine/snap/code/235/.local/share', 'XMODIFIERS': '@im=fcitx', 'XDG_SESSION_DESKTOP': 'ubuntu', 'XAUTHORITY': '/run/user/1000/gdm/Xauthority', 'COPILOT_OTEL_ENABLED': 'true', 'SNAP_USER_COMMON': '/home/delphine/snap/code/common', 'SSH_AUTH_SOCK': '/run/user/1000/keyring/ssh', 'GSETTINGS_SCHEMA_DIR': '/home/delphine/snap/code/235/.local/share/glib-2.0/schemas', 'SNAP_ARCH': 'amd64', 'AMENT_PREFIX_PATH': '/home/delphine/rm/tensorrt10_detect/install/tensorrt_detect:/home/delphine/rm/tensorrt10_detect/install/tensorrt_detect_msgs:/opt/ros/jazzy', 'SNAP_COOKIE': '4hthZVkfk3FmjmWELQ5WWj5SvvO2JkVAfH3laZGolRSGZZBDstYm', 'CONDA_PYTHON_EXE': '/home/delphine/miniconda3/bin/python', 'SHELL': '/bin/bash', 'GDK_PIXBUF_MODULEDIR': '/snap/code/235/usr/lib/x86_64-linux-gnu/gdk-pixbuf-2.0/2.10.0/loaders', 'GIT_TERMINAL_PROMPT': '0', 'QT_ACCESSIBILITY': '1', 'ELECTRON_RUN_AS_NODE': '1', 'GDMSESSION': 'ubuntu', 'LESSCLOSE': '/usr/bin/lesspipe %s %s', 'CONDA_DEFAULT_ENV': 'base', 'SNAP_NAME': 'code', 'FONTCONFIG_FILE': '/etc/fonts/fonts.conf', 'GDK_PIXBUF_MODULE_FILE': '/home/delphine/snap/code/common/.cache/gdk-pixbuf-loaders.cache', 'GPG_AGENT_INFO': '/run/user/1000/gnupg/S.gpg-agent:0:1', 'GJS_DEBUG_OUTPUT': 'stderr', '_CONDA_EXE': '/home/delphine/miniconda3/bin/conda', 'ROS_AUTOMATIC_DISCOVERY_RANGE': 'SUBNET', 'SNAP_LAUNCHER_ARCH_TRIPLET': 'x86_64-linux-gnu', 'QT_IM_MODULE': 'fcitx', 'PWD': '/home/delphine/rm/tensorrt10_detect/build/tensorrt_detect', 'VSCODE_CLI': '1', 'XDG_CONFIG_DIRS': '/etc/xdg/xdg-ubuntu:/etc/xdg', 'CONDA_EXE': '/home/delphine/miniconda3/bin/conda', 'SNAP_REAL_HOME': '/home/delphine', 'VSCODE_CODE_CACHE_PATH': '/home/delphine/.config/Code/CachedData/10c8e557c8b9f9ed0a87f61f1c9a44bde731c409', 'CLUTTER_IM_MODULE': 'fcitx', 'XDG_DATA_DIRS': '/home/delphine/snap/code/235/.local/share:/home/delphine/snap/code/235:/snap/code/235/usr/share:/usr/share/ubuntu:/usr/share/gnome:/usr/local/share/:/usr/share/:/var/lib/snapd/desktop', 'SNAP_EUID': '1000', 'PYTHONPATH': '/home/delphine/rm/tensorrt10_detect/install/tensorrt_detect_msgs/lib/python3.12/site-packages:/opt/ros/jazzy/lib/python3.12/site-packages', 'SNAP': '/snap/code/235', 'CONDA_PREFIX': '/home/delphine/miniconda3', 'COLCON': '1', 'MEMORY_PRESSURE_WRITE': 'c29tZSAyMDAwMDAgMjAwMDAwMAA=', 'ELECTRON_NO_ATTACH_CONSOLE': '1', 'CMAKE_PREFIX_PATH': '/home/delphine/rm/tensorrt10_detect/install/tensorrt_detect_msgs:/home/delphine/rm/tensorrt10_detect/install/tensorrt_detect:/opt/ros/jazzy/opt/gz_math_vendor:/opt/ros/jazzy/opt/gz_utils_vendor:/opt/ros/jazzy/opt/gz_cmake_vendor:/opt/ros/jazzy', 'VSCODE_PID': '6308', 'MVCAM_COMMON_RUNENV': '/opt/MVS/lib', 'COPILOT_OTEL_EXPORTER_TYPE': 'file'}), 'shell': False}
[0.025861] (tensorrt_detect) StdoutLine: {'line': b'-- Found ament_cmake: 2.5.6 (/opt/ros/jazzy/share/ament_cmake/cmake)\n'}
[0.099803] (-) TimerEvent: {}
[0.199945] (-) TimerEvent: {}
[0.225423] (tensorrt_detect) StdoutLine: {'line': b'-- Found rclcpp: 28.1.18 (/opt/ros/jazzy/share/rclcpp/cmake)\n'}
[0.245916] (tensorrt_detect) StdoutLine: {'line': b'-- Found rosidl_generator_c: 4.6.7 (/opt/ros/jazzy/share/rosidl_generator_c/cmake)\n'}
[0.252202] (tensorrt_detect) StdoutLine: {'line': b'-- Found rosidl_generator_cpp: 4.6.7 (/opt/ros/jazzy/share/rosidl_generator_cpp/cmake)\n'}
[0.260861] (tensorrt_detect) StdoutLine: {'line': b'-- Using all available rosidl_typesupport_c: rosidl_typesupport_fastrtps_c;rosidl_typesupport_introspection_c\n'}
[0.271318] (tensorrt_detect) StdoutLine: {'line': b'-- Using all available rosidl_typesupport_cpp: rosidl_typesupport_fastrtps_cpp;rosidl_typesupport_introspection_cpp\n'}
[0.300059] (-) TimerEvent: {}
[0.318177] (tensorrt_detect) StdoutLine: {'line': b'-- Found rmw_implementation_cmake: 7.3.3 (/opt/ros/jazzy/share/rmw_implementation_cmake/cmake)\n'}
[0.319505] (tensorrt_detect) StdoutLine: {'line': b'-- Found rmw_fastrtps_cpp: 8.4.3 (/opt/ros/jazzy/share/rmw_fastrtps_cpp/cmake)\n'}
[0.384544] (tensorrt_detect) StdoutLine: {'line': b"-- Using RMW implementation 'rmw_fastrtps_cpp' as default\n"}
[0.400164] (-) TimerEvent: {}
[0.434303] (tensorrt_detect) StdoutLine: {'line': b'-- Found sensor_msgs: 5.3.7 (/opt/ros/jazzy/share/sensor_msgs/cmake)\n'}
[0.477167] (tensorrt_detect) StdoutLine: {'line': b'-- Found cv_bridge: 4.1.0 (/opt/ros/jazzy/share/cv_bridge/cmake)\n'}
[0.485212] (tensorrt_detect) StdoutLine: {'line': b'-- Found tensorrt_detect_msgs: 0.0.1 (/home/delphine/rm/tensorrt10_detect/install/tensorrt_detect_msgs/share/tensorrt_detect_msgs/cmake)\n'}
[0.500306] (-) TimerEvent: {}
[0.564600] (tensorrt_detect) StderrLine: {'line': b'CMake Deprecation Warning at /home/delphine/open3d-devel-linux-x86_64-cxx11-abi-cuda-0.19.0/lib/cmake/Open3D/Open3DConfig.cmake:18 (cmake_policy):\n'}
[0.564867] (tensorrt_detect) StderrLine: {'line': b'  The OLD behavior for policy CMP0072 will be removed from a future version\n'}
[0.564963] (tensorrt_detect) StderrLine: {'line': b'  of CMake.\n'}
[0.565049] (tensorrt_detect) StderrLine: {'line': b'\n'}
[0.565130] (tensorrt_detect) StderrLine: {'line': b'  The cmake-policies(7) manual explains that the OLD behaviors of all\n'}
[0.565215] (tensorrt_detect) StderrLine: {'line': b'  policies are deprecated and that a policy should be set to OLD only under\n'}
[0.565294] (tensorrt_detect) StderrLine: {'line': b'  specific short-term circumstances.  Projects should be ported to the NEW\n'}
[0.565371] (tensorrt_detect) StderrLine: {'line': b'  behavior and not rely on setting a policy to OLD.\n'}
[0.565446] (tensorrt_detect) StderrLine: {'line': b'Call Stack (most recent call first):\n'}
[0.565521] (tensorrt_detect) StderrLine: {'line': b'  CMakeLists.txt:28 (find_package)\n'}
[0.565614] (tensorrt_detect) StderrLine: {'line': b'\n'}
[0.565695] (tensorrt_detect) StderrLine: {'line': b'\n'}
[0.600382] (-) TimerEvent: {}
[0.700599] (-) TimerEvent: {}
[0.742859] (tensorrt_detect) StdoutLine: {'line': b'-- Configuring done (0.7s)\n'}
[0.789962] (tensorrt_detect) StdoutLine: {'line': b'-- Generating done (0.0s)\n'}
[0.800329] (tensorrt_detect) StdoutLine: {'line': b'-- Build files have been written to: /home/delphine/rm/tensorrt10_detect/build/tensorrt_detect\n'}
[0.800667] (-) TimerEvent: {}
[0.810370] (tensorrt_detect) CommandEnded: {'returncode': 0}
[0.811424] (tensorrt_detect) JobProgress: {'identifier': 'tensorrt_detect', 'progress': 'build'}
[0.811566] (tensorrt_detect) Command: {'cmd': ['/usr/bin/cmake', '--build', '/home/delphine/rm/tensorrt10_detect/build/tensorrt_detect', '--', '-j20', '-l20'], 'cwd': '/home/delphine/rm/tensorrt10_detect/build/tensorrt_detect', 'env': OrderedDict({'GJS_DEBUG_TOPICS': 'JS ERROR;JS LOG', 'LESSOPEN': '| /usr/bin/lesspipe %s', 'VSCODE_CWD': '/home/delphine', 'VSCODE_ESM_ENTRYPOINT': 'vs/workbench/api/node/extensionHostProcess', 'CONDA_PROMPT_MODIFIER': '(base)', 'TENSORRT_PATH': '/opt/TensorRT/TensorRT-10.2.0.19', '_PYI_ARCHIVE_FILE': '/home/delphine/.config/Code/User/globalStorage/moonshot-ai.kimi-code/bin/kimi/kimi', 'USER': 'delphine', 'SNAP_COMMON': '/var/snap/code/common', 'VSCODE_NLS_CONFIG': '{"userLocale":"zh-cn","osLocale":"zh-cn","resolvedLanguage":"zh-cn","defaultMessagesFile":"/snap/code/235/usr/share/code/resources/app/out/nls.messages.json","languagePack":{"translationsConfigFile":"/home/delphine/.config/Code/clp/b3d577d0e0e421f69f6e9379a6ee9c57.zh-cn/tcf.json","messagesFile":"/home/delphine/.config/Code/clp/b3d577d0e0e421f69f6e9379a6ee9c57.zh-cn/10c8e557c8b9f9ed0a87f61f1c9a44bde731c409/nls.messages.json","corruptMarkerFile":"/home/delphine/.config/Code/clp/b3d577d0e0e421f69f6e9379a6ee9c57.zh-cn/corrupted.info"},"locale":"zh-cn","availableLanguages":{"*":"zh-cn"},"_languagePackId":"b3d577d0e0e421f69f6e9379a6ee9c57.zh-cn","_languagePackSupport":true,"_translationsConfigFile":"/home/delphine/.config/Code/clp/b3d577d0e0e421f69f6e9379a6ee9c57.zh-cn/tcf.json","_cacheRoot":"/home/delphine/.config/Code/clp/b3d577d0e0e421f69f6e9379a6ee9c57.zh-cn","_resolvedLanguagePackCoreLocation":"/home/delphine/.config/Code/clp/b3d577d0e0e421f69f6e9379a6ee9c57.zh-cn/10c8e557c8b9f9ed0a87f61f1c9a44bde731c409","_corruptedFile":"/home/delphine/.config/Code/clp/b3d577d0e0e421f69f6e9379a6ee9c57.zh-cn/corrupted.info"}', 'FONTCONFIG_PATH': '/etc/fonts', 'GIO_MODULE_DIR': '/home/delphine/snap/code/common/.cache/gio-modules', 'VSCODE_HANDLES_UNCAUGHT_ERRORS': 'true', 'XDG_SESSION_TYPE': 'x11', 'ALLUSERSPROFILE': '/opt/MVS/MVFG', 'SNAP_UID': '1000', 'CLUTTER_DISABLE_MIPMAPPED_TEXT': '1', 'SHLVL': '1', 'LD_LIBRARY_PATH': '/home/delphine/rm/tensorrt10_detect/install/tensorrt_detect_msgs/lib:/opt/MVS/lib/64:/opt/MVS/lib/32:/opt/ros/jazzy/opt/rviz_ogre_vendor/lib:/opt/ros/jazzy/lib/x86_64-linux-gnu:/opt/ros/jazzy/opt/gz_math_vendor/lib:/opt/ros/jazzy/opt/gz_utils_vendor/lib:/opt/ros/jazzy/opt/gz_cmake_vendor/lib:/opt/ros/jazzy/lib:/opt/MVS/lib/64:/opt/MVS/lib/32:/opt/TensorRT/TensorRT-10.2.0.19/lib:/opt/TensorRT/TensorRT-10.2.0/lib:/usr/local/cuda-12.6/lib64:/opt/MVS/lib/64:/opt/MVS/lib/32:/opt/MVS/lib/64:/opt/MVS/lib/32:/opt/MVS/lib/64:/opt/MVS/lib/32', 'HOME': '/home/delphine', 'CHROME_DESKTOP': 'code.desktop', 'CONDA_SHLVL': '1', 'SNAP_LIBRARY_PATH': '/var/lib/snapd/lib/gl:/var/lib/snapd/lib/gl32', 'OLDPWD': '/home/delphine/rm/tensorrt10_detect', 'DESKTOP_SESSION': 'ubuntu', 'SNAP_USER_DATA': '/home/delphine/snap/code/235', 'GTK_PATH': '/snap/code/235/usr/lib/x86_64-linux-gnu/gtk-3.0', 'VSCODE_IPC_HOOK': '/run/user/1000/vscode-93a8e15f-1.11-main.sock', 'GTK_IM_MODULE_FILE': '/home/delphine/snap/code/common/.cache/immodules/immodules.cache', 'GIO_LAUNCHED_DESKTOP_FILE': '/var/lib/snapd/desktop/applications/code_code.desktop', 'ROS_PYTHON_VERSION': '3', 'GNOME_SHELL_SESSION_MODE': 'ubuntu', 'GTK_MODULES': 'gail:atk-bridge', 'SDL_IM_MODULE': 'fcitx', '_PYI_PARENT_PROCESS_LEVEL': '1', 'COPILOT_OTEL_FILE_EXPORTER_PATH': '/dev/null', 'MANAGERPID': '3628', 'LC_CTYPE': 'C.UTF-8', 'SYSTEMD_EXEC_PID': '4400', 'GSM_SKIP_SSH_AGENT_WORKAROUND': 'true', 'DBUS_SESSION_BUS_ADDRESS': 'unix:path=/run/user/1000/bus', 'SNAP_REVISION': '235', '_CONDA_ROOT': '/home/delphine/miniconda3', 'GIO_LAUNCHED_DESKTOP_FILE_PID': '6251', 'VSCODE_CRASH_REPORTER_PROCESS_TYPE': 'extensionHost', 'DEBUGINFOD_URLS': 'https://debuginfod.ubuntu.com', 'IM_CONFIG_PHASE': '1', 'VSCODE_L10N_BUNDLE_LOCATION': 'file:///home/delphine/.vscode/extensions/ms-ceintl.vscode-language-pack-zh-hans-1.110.2026041514/translations/extensions/vscode.markdown-language-features.i18n.json', 'COLCON_PREFIX_PATH': '/home/delphine/rm/tensorrt10_detect/install', 'APPLICATION_INSIGHTS_NO_STATSBEAT': 'true', 'ROS_DISTRO': 'jazzy', 'GTK_IM_MODULE': 'fcitx', 'LOGNAME': 'delphine', 'LD_LIBRARY_PATH_ORIG': '/opt/MVS/lib/64:/opt/MVS/lib/32:/home/delphine/rm/tensorrt10_detect/install/tensorrt_detect_msgs/lib:/opt/ros/jazzy/opt/rviz_ogre_vendor/lib:/opt/ros/jazzy/lib/x86_64-linux-gnu:/opt/ros/jazzy/opt/gz_math_vendor/lib:/opt/ros/jazzy/opt/gz_utils_vendor/lib:/opt/ros/jazzy/opt/gz_cmake_vendor/lib:/opt/ros/jazzy/lib:/opt/MVS/lib/64:/opt/MVS/lib/32:/opt/TensorRT/TensorRT-10.2.0.19/lib:/opt/TensorRT/TensorRT-10.2.0/lib:/usr/local/cuda-12.6/lib64:/opt/MVS/lib/64:/opt/MVS/lib/32:/opt/MVS/lib/64:/opt/MVS/lib/32:/opt/MVS/lib/64:/opt/MVS/lib/32:', 'OTEL_INSTRUMENTATION_GENAI_CAPTURE_MESSAGE_CONTENT': 'true', 'SNAP_CONTEXT': '4hthZVkfk3FmjmWELQ5WWj5SvvO2JkVAfH3laZGolRSGZZBDstYm', 'JOURNAL_STREAM': '9:17006', '_': '/usr/bin/colcon', 'ROS_VERSION': '2', 'XDG_CONFIG_DIRS_VSCODE_SNAP_ORIG': '/etc/xdg/xdg-ubuntu:/etc/xdg', 'MEMORY_PRESSURE_WATCH': '/sys/fs/cgroup/user.slice/user-1000.slice/user@1000.service/session.slice/org.gnome.Shell@x11.service/memory.pressure', 'XDG_SESSION_CLASS': 'user', 'SNAP_VERSION': '10c8e557', 'XDG_DATA_DIRS_VSCODE_SNAP_ORIG': '/usr/share/ubuntu:/usr/share/gnome:/usr/local/share/:/usr/share/:/var/lib/snapd/desktop', 'USERNAME': 'delphine', 'GNOME_DESKTOP_SESSION_ID': 'this-is-deprecated', 'SNAP_INSTANCE_NAME': 'code', 'FC_FONTATIONS': '1', 'WINDOWPATH': '2', '_PYI_LINUX_PROCESS_NAME': 'kimi', 'MVCAM_SDK_PATH': '/opt/MVS', 'PATH': '/home/delphine/.local/bin:/opt/ros/jazzy/bin:/home/delphine/.npm-global/bin:/home/delphine/miniconda3/bin:/home/delphine/miniconda3/condabin:/opt/TensorRT/TensorRT-10.2.0.19/bin:/opt/TensorRT/TensorRT-10.2.0/bin:/usr/local/cuda-12.6/bin:/usr/bin:/home/delphine/.local/bin:/usr/local/sbin:/usr/local/bin:/usr/sbin:/usr/bin:/sbin:/bin:/usr/games:/usr/local/games:/snap/bin:/snap/bin:/opt/MVS/bin', 'SESSION_MANAGER': 'local/delphine-ASUS-TUF-Gaming-F16-FX607JV-FX607JV:@/tmp/.ICE-unix/4369,unix/delphine-ASUS-TUF-Gaming-F16-FX607JV-FX607JV:/tmp/.ICE-unix/4369', 'GTK_EXE_PREFIX': '/snap/code/235/usr', 'INVOCATION_ID': 'aa57cbed88e74224ba10045fafaae067', 'MVCAM_GENICAM_CLPROTOCOL': '/opt/MVS/lib/CLProtocol', 'XDG_MENU_PREFIX': 'gnome-', 'SNAP_DATA': '/var/snap/code/235', 'XDG_RUNTIME_DIR': '/run/user/1000', 'GDK_BACKEND': 'x11', 'DISPLAY': ':1', 'LOCPATH': '/snap/code/235/usr/lib/locale', 'LANG': 'C', 'XDG_CURRENT_DESKTOP': 'ubuntu:GNOME', 'XDG_DATA_HOME': '/home/delphine/snap/code/235/.local/share', 'XMODIFIERS': '@im=fcitx', 'XDG_SESSION_DESKTOP': 'ubuntu', 'XAUTHORITY': '/run/user/1000/gdm/Xauthority', 'COPILOT_OTEL_ENABLED': 'true', 'SNAP_USER_COMMON': '/home/delphine/snap/code/common', 'SSH_AUTH_SOCK': '/run/user/1000/keyring/ssh', 'GSETTINGS_SCHEMA_DIR': '/home/delphine/snap/code/235/.local/share/glib-2.0/schemas', 'SNAP_ARCH': 'amd64', 'AMENT_PREFIX_PATH': '/home/delphine/rm/tensorrt10_detect/install/tensorrt_detect:/home/delphine/rm/tensorrt10_detect/install/tensorrt_detect_msgs:/opt/ros/jazzy', 'SNAP_COOKIE': '4hthZVkfk3FmjmWELQ5WWj5SvvO2JkVAfH3laZGolRSGZZBDstYm', 'CONDA_PYTHON_EXE': '/home/delphine/miniconda3/bin/python', 'SHELL': '/bin/bash', 'GDK_PIXBUF_MODULEDIR': '/snap/code/235/usr/lib/x86_64-linux-gnu/gdk-pixbuf-2.0/2.10.0/loaders', 'GIT_TERMINAL_PROMPT': '0', 'QT_ACCESSIBILITY': '1', 'ELECTRON_RUN_AS_NODE': '1', 'GDMSESSION': 'ubuntu', 'LESSCLOSE': '/usr/bin/lesspipe %s %s', 'CONDA_DEFAULT_ENV': 'base', 'SNAP_NAME': 'code', 'FONTCONFIG_FILE': '/etc/fonts/fonts.conf', 'GDK_PIXBUF_MODULE_FILE': '/home/delphine/snap/code/common/.cache/gdk-pixbuf-loaders.cache', 'GPG_AGENT_INFO': '/run/user/1000/gnupg/S.gpg-agent:0:1', 'GJS_DEBUG_OUTPUT': 'stderr', '_CONDA_EXE': '/home/delphine/miniconda3/bin/conda', 'ROS_AUTOMATIC_DISCOVERY_RANGE': 'SUBNET', 'SNAP_LAUNCHER_ARCH_TRIPLET': 'x86_64-linux-gnu', 'QT_IM_MODULE': 'fcitx', 'PWD': '/home/delphine/rm/tensorrt10_detect/build/tensorrt_detect', 'VSCODE_CLI': '1', 'XDG_CONFIG_DIRS': '/etc/xdg/xdg-ubuntu:/etc/xdg', 'CONDA_EXE': '/home/delphine/miniconda3/bin/conda', 'SNAP_REAL_HOME': '/home/delphine', 'VSCODE_CODE_CACHE_PATH': '/home/delphine/.config/Code/CachedData/10c8e557c8b9f9ed0a87f61f1c9a44bde731c409', 'CLUTTER_IM_MODULE': 'fcitx', 'XDG_DATA_DIRS': '/home/delphine/snap/code/235/.local/share:/home/delphine/snap/code/235:/snap/code/235/usr/share:/usr/share/ubuntu:/usr/share/gnome:/usr/local/share/:/usr/share/:/var/lib/snapd/desktop', 'SNAP_EUID': '1000', 'PYTHONPATH': '/home/delphine/rm/tensorrt10_detect/install/tensorrt_detect_msgs/lib/python3.12/site-packages:/opt/ros/jazzy/lib/python3.12/site-packages', 'SNAP': '/snap/code/235', 'CONDA_PREFIX': '/home/delphine/miniconda3', 'COLCON': '1', 'MEMORY_PRESSURE_WRITE': 'c29tZSAyMDAwMDAgMjAwMDAwMAA=', 'ELECTRON_NO_ATTACH_CONSOLE': '1', 'CMAKE_PREFIX_PATH': '/home/delphine/rm/tensorrt10_detect/install/tensorrt_detect_msgs:/home/delphine/rm/tensorrt10_detect/install/tensorrt_detect:/opt/ros/jazzy/opt/gz_math_vendor:/opt/ros/jazzy/opt/gz_utils_vendor:/opt/ros/jazzy/opt/gz_cmake_vendor:/opt/ros/jazzy', 'VSCODE_PID': '6308', 'MVCAM_COMMON_RUNENV': '/opt/MVS/lib', 'COPILOT_OTEL_EXPORTER_TYPE': 'file'}), 'shell': False}
[0.865063] (tensorrt_detect) StdoutLine: {'line': b'[  9%] Built target video_node\n'}
[0.871403] (tensorrt_detect) StdoutLine: {'line': b'[ 18%] Built target display_node\n'}
[0.881697] (tensorrt_detect) StdoutLine: {'line': b'[ 63%] Built target tensorrt_detect_core\n'}
[0.900904] (-) TimerEvent: {}
[0.912781] (tensorrt_detect) StdoutLine: {'line': b'[ 72%] Built target standard\n'}
[0.914725] (tensorrt_detect) StdoutLine: {'line': b'[ 77%] Building CXX object CMakeFiles/detect_node.dir/src/nodes/detect_node.cpp.o\n'}
[0.916040] (tensorrt_detect) StdoutLine: {'line': b'[ 86%] Built target map_node\n'}
[0.916281] (tensorrt_detect) StdoutLine: {'line': b'[ 95%] Built target pose_node\n'}
[1.001036] (-) TimerEvent: {}
[1.101431] (-) TimerEvent: {}
[1.201624] (-) TimerEvent: {}
[1.301870] (-) TimerEvent: {}
[1.402159] (-) TimerEvent: {}
[1.502353] (-) TimerEvent: {}
[1.602639] (-) TimerEvent: {}
[1.702890] (-) TimerEvent: {}
[1.803113] (-) TimerEvent: {}
[1.903341] (-) TimerEvent: {}
[2.003534] (-) TimerEvent: {}
[2.103816] (-) TimerEvent: {}
[2.204092] (-) TimerEvent: {}
[2.304375] (-) TimerEvent: {}
[2.404746] (-) TimerEvent: {}
[2.505011] (-) TimerEvent: {}
[2.605324] (-) TimerEvent: {}
[2.705635] (-) TimerEvent: {}
[2.805845] (-) TimerEvent: {}
[2.906045] (-) TimerEvent: {}
[3.006250] (-) TimerEvent: {}
[3.106449] (-) TimerEvent: {}
[3.206816] (-) TimerEvent: {}
[3.307060] (-) TimerEvent: {}
[3.407331] (-) TimerEvent: {}
[3.507525] (-) TimerEvent: {}
[3.607724] (-) TimerEvent: {}
[3.707889] (-) TimerEvent: {}
[3.808046] (-) TimerEvent: {}
[3.908292] (-) TimerEvent: {}
[4.008639] (-) TimerEvent: {}
[4.108818] (-) TimerEvent: {}
[4.209009] (-) TimerEvent: {}
[4.309292] (-) TimerEvent: {}
[4.409630] (-) TimerEvent: {}
[4.509914] (-) TimerEvent: {}
[4.610117] (-) TimerEvent: {}
[4.710289] (-) TimerEvent: {}
[4.810501] (-) TimerEvent: {}
[4.910744] (-) TimerEvent: {}
[5.010928] (-) TimerEvent: {}
[5.111191] (-) TimerEvent: {}
[5.211449] (-) TimerEvent: {}
[5.311696] (-) TimerEvent: {}
[5.411881] (-) TimerEvent: {}
[5.512071] (-) TimerEvent: {}
[5.612234] (-) TimerEvent: {}
[5.712584] (-) TimerEvent: {}
[5.812781] (-) TimerEvent: {}
[5.913085] (-) TimerEvent: {}
[6.013250] (-) TimerEvent: {}
[6.113496] (-) TimerEvent: {}
[6.213737] (-) TimerEvent: {}
[6.313915] (-) TimerEvent: {}
[6.414139] (-) TimerEvent: {}
[6.514297] (-) TimerEvent: {}
[6.614526] (-) TimerEvent: {}
[6.714707] (-) TimerEvent: {}
[6.814874] (-) TimerEvent: {}
[6.915033] (-) TimerEvent: {}
[7.015231] (-) TimerEvent: {}
[7.115456] (-) TimerEvent: {}
[7.215647] (-) TimerEvent: {}
[7.315801] (-) TimerEvent: {}
[7.415956] (-) TimerEvent: {}
[7.516164] (-) TimerEvent: {}
[7.616422] (-) TimerEvent: {}
[7.716649] (-) TimerEvent: {}
[7.816807] (-) TimerEvent: {}
[7.916970] (-) TimerEvent: {}
[8.017164] (-) TimerEvent: {}
[8.117320] (-) TimerEvent: {}
[8.217672] (-) TimerEvent: {}
[8.317899] (-) TimerEvent: {}
[8.418198] (-) TimerEvent: {}
[8.518472] (-) TimerEvent: {}
[8.618676] (-) TimerEvent: {}
[8.718875] (-) TimerEvent: {}
[8.819186] (-) TimerEvent: {}
[8.919451] (-) TimerEvent: {}
[9.019673] (-) TimerEvent: {}
[9.119899] (-) TimerEvent: {}
[9.220084] (-) TimerEvent: {}
[9.320296] (-) TimerEvent: {}
[9.420437] (-) TimerEvent: {}
[9.520664] (-) TimerEvent: {}
[9.620831] (-) TimerEvent: {}
[9.721013] (-) TimerEvent: {}
[9.821205] (-) TimerEvent: {}
[9.921389] (-) TimerEvent: {}
[10.021595] (-) TimerEvent: {}
[10.121873] (-) TimerEvent: {}
[10.222086] (-) TimerEvent: {}
[10.322269] (-) TimerEvent: {}
[10.422475] (-) TimerEvent: {}
[10.522829] (-) TimerEvent: {}
[10.622997] (-) TimerEvent: {}
[10.723191] (-) TimerEvent: {}
[10.823470] (-) TimerEvent: {}
[10.923722] (-) TimerEvent: {}
[11.023890] (-) TimerEvent: {}
[11.124106] (-) TimerEvent: {}
[11.224321] (-) TimerEvent: {}
[11.324496] (-) TimerEvent: {}
[11.424758] (-) TimerEvent: {}
[11.524955] (-) TimerEvent: {}
[11.625178] (-) TimerEvent: {}
[11.725387] (-) TimerEvent: {}
[11.825704] (-) TimerEvent: {}
[11.925915] (-) TimerEvent: {}
[12.026174] (-) TimerEvent: {}
[12.126375] (-) TimerEvent: {}
[12.226531] (-) TimerEvent: {}
[12.326746] (-) TimerEvent: {}
[12.426927] (-) TimerEvent: {}
[12.527346] (-) TimerEvent: {}
[12.627631] (-) TimerEvent: {}
[12.727840] (-) TimerEvent: {}
[12.828069] (-) TimerEvent: {}
[12.928230] (-) TimerEvent: {}
[13.028409] (-) TimerEvent: {}
[13.128649] (-) TimerEvent: {}
[13.228834] (-) TimerEvent: {}
[13.329158] (-) TimerEvent: {}
[13.429520] (-) TimerEvent: {}
[13.529778] (-) TimerEvent: {}
[13.629957] (-) TimerEvent: {}
[13.730138] (-) TimerEvent: {}
[13.830317] (-) TimerEvent: {}
[13.930521] (-) TimerEvent: {}
[14.030719] (-) TimerEvent: {}
[14.130920] (-) TimerEvent: {}
[14.231102] (-) TimerEvent: {}
[14.331279] (-) TimerEvent: {}
[14.431537] (-) TimerEvent: {}
[14.531738] (-) TimerEvent: {}
[14.631939] (-) TimerEvent: {}
[14.732132] (-) TimerEvent: {}
[14.832315] (-) TimerEvent: {}
[14.932565] (-) TimerEvent: {}
[15.032787] (-) TimerEvent: {}
[15.132976] (-) TimerEvent: {}
[15.233179] (-) TimerEvent: {}
[15.333445] (-) TimerEvent: {}
[15.433640] (-) TimerEvent: {}
[15.533842] (-) TimerEvent: {}
[15.634286] (-) TimerEvent: {}
[15.734741] (-) TimerEvent: {}
[15.834903] (-) TimerEvent: {}
[15.935176] (-) TimerEvent: {}
[16.035397] (-) TimerEvent: {}
[16.135822] (-) TimerEvent: {}
[16.236019] (-) TimerEvent: {}
[16.336222] (-) TimerEvent: {}
[16.436382] (-) TimerEvent: {}
[16.536579] (-) TimerEvent: {}
[16.636953] (-) TimerEvent: {}
[16.737159] (-) TimerEvent: {}
[16.837517] (-) TimerEvent: {}
[16.918403] (tensorrt_detect) StdoutLine: {'line': b'[100%] Linking CXX executable detect_node\n'}
[16.937768] (-) TimerEvent: {}
[17.038002] (-) TimerEvent: {}
[17.138259] (-) TimerEvent: {}
[17.238544] (-) TimerEvent: {}
[17.338836] (-) TimerEvent: {}
[17.439046] (-) TimerEvent: {}
[17.539384] (-) TimerEvent: {}
[17.605494] (tensorrt_detect) StdoutLine: {'line': b'[100%] Built target detect_node\n'}
[17.617663] (tensorrt_detect) CommandEnded: {'returncode': 0}
[17.618373] (tensorrt_detect) JobProgress: {'identifier': 'tensorrt_detect', 'progress': 'install'}
[17.627854] (tensorrt_detect) Command: {'cmd': ['/usr/bin/cmake', '--install', '/home/delphine/rm/tensorrt10_detect/build/tensorrt_detect'], 'cwd': '/home/delphine/rm/tensorrt10_detect/build/tensorrt_detect', 'env': OrderedDict({'GJS_DEBUG_TOPICS': 'JS ERROR;JS LOG', 'LESSOPEN': '| /usr/bin/lesspipe %s', 'VSCODE_CWD': '/home/delphine', 'VSCODE_ESM_ENTRYPOINT': 'vs/workbench/api/node/extensionHostProcess', 'CONDA_PROMPT_MODIFIER': '(base)', 'TENSORRT_PATH': '/opt/TensorRT/TensorRT-10.2.0.19', '_PYI_ARCHIVE_FILE': '/home/delphine/.config/Code/User/globalStorage/moonshot-ai.kimi-code/bin/kimi/kimi', 'USER': 'delphine', 'SNAP_COMMON': '/var/snap/code/common', 'VSCODE_NLS_CONFIG': '{"userLocale":"zh-cn","osLocale":"zh-cn","resolvedLanguage":"zh-cn","defaultMessagesFile":"/snap/code/235/usr/share/code/resources/app/out/nls.messages.json","languagePack":{"translationsConfigFile":"/home/delphine/.config/Code/clp/b3d577d0e0e421f69f6e9379a6ee9c57.zh-cn/tcf.json","messagesFile":"/home/delphine/.config/Code/clp/b3d577d0e0e421f69f6e9379a6ee9c57.zh-cn/10c8e557c8b9f9ed0a87f61f1c9a44bde731c409/nls.messages.json","corruptMarkerFile":"/home/delphine/.config/Code/clp/b3d577d0e0e421f69f6e9379a6ee9c57.zh-cn/corrupted.info"},"locale":"zh-cn","availableLanguages":{"*":"zh-cn"},"_languagePackId":"b3d577d0e0e421f69f6e9379a6ee9c57.zh-cn","_languagePackSupport":true,"_translationsConfigFile":"/home/delphine/.config/Code/clp/b3d577d0e0e421f69f6e9379a6ee9c57.zh-cn/tcf.json","_cacheRoot":"/home/delphine/.config/Code/clp/b3d577d0e0e421f69f6e9379a6ee9c57.zh-cn","_resolvedLanguagePackCoreLocation":"/home/delphine/.config/Code/clp/b3d577d0e0e421f69f6e9379a6ee9c57.zh-cn/10c8e557c8b9f9ed0a87f61f1c9a44bde731c409","_corruptedFile":"/home/delphine/.config/Code/clp/b3d577d0e0e421f69f6e9379a6ee9c57.zh-cn/corrupted.info"}', 'FONTCONFIG_PATH': '/etc/fonts', 'GIO_MODULE_DIR': '/home/delphine/snap/code/common/.cache/gio-modules', 'VSCODE_HANDLES_UNCAUGHT_ERRORS': 'true', 'XDG_SESSION_TYPE': 'x11', 'ALLUSERSPROFILE': '/opt/MVS/MVFG', 'SNAP_UID': '1000', 'CLUTTER_DISABLE_MIPMAPPED_TEXT': '1', 'SHLVL': '1', 'LD_LIBRARY_PATH': '/home/delphine/rm/tensorrt10_detect/install/tensorrt_detect_msgs/lib:/opt/MVS/lib/64:/opt/MVS/lib/32:/opt/ros/jazzy/opt/rviz_ogre_vendor/lib:/opt/ros/jazzy/lib/x86_64-linux-gnu:/opt/ros/jazzy/opt/gz_math_vendor/lib:/opt/ros/jazzy/opt/gz_utils_vendor/lib:/opt/ros/jazzy/opt/gz_cmake_vendor/lib:/opt/ros/jazzy/lib:/opt/MVS/lib/64:/opt/MVS/lib/32:/opt/TensorRT/TensorRT-10.2.0.19/lib:/opt/TensorRT/TensorRT-10.2.0/lib:/usr/local/cuda-12.6/lib64:/opt/MVS/lib/64:/opt/MVS/lib/32:/opt/MVS/lib/64:/opt/MVS/lib/32:/opt/MVS/lib/64:/opt/MVS/lib/32', 'HOME': '/home/delphine', 'CHROME_DESKTOP': 'code.desktop', 'CONDA_SHLVL': '1', 'SNAP_LIBRARY_PATH': '/var/lib/snapd/lib/gl:/var/lib/snapd/lib/gl32', 'OLDPWD': '/home/delphine/rm/tensorrt10_detect', 'DESKTOP_SESSION': 'ubuntu', 'SNAP_USER_DATA': '/home/delphine/snap/code/235', 'GTK_PATH': '/snap/code/235/usr/lib/x86_64-linux-gnu/gtk-3.0', 'VSCODE_IPC_HOOK': '/run/user/1000/vscode-93a8e15f-1.11-main.sock', 'GTK_IM_MODULE_FILE': '/home/delphine/snap/code/common/.cache/immodules/immodules.cache', 'GIO_LAUNCHED_DESKTOP_FILE': '/var/lib/snapd/desktop/applications/code_code.desktop', 'ROS_PYTHON_VERSION': '3', 'GNOME_SHELL_SESSION_MODE': 'ubuntu', 'GTK_MODULES': 'gail:atk-bridge', 'SDL_IM_MODULE': 'fcitx', '_PYI_PARENT_PROCESS_LEVEL': '1', 'COPILOT_OTEL_FILE_EXPORTER_PATH': '/dev/null', 'MANAGERPID': '3628', 'LC_CTYPE': 'C.UTF-8', 'SYSTEMD_EXEC_PID': '4400', 'GSM_SKIP_SSH_AGENT_WORKAROUND': 'true', 'DBUS_SESSION_BUS_ADDRESS': 'unix:path=/run/user/1000/bus', 'SNAP_REVISION': '235', '_CONDA_ROOT': '/home/delphine/miniconda3', 'GIO_LAUNCHED_DESKTOP_FILE_PID': '6251', 'VSCODE_CRASH_REPORTER_PROCESS_TYPE': 'extensionHost', 'DEBUGINFOD_URLS': 'https://debuginfod.ubuntu.com', 'IM_CONFIG_PHASE': '1', 'VSCODE_L10N_BUNDLE_LOCATION': 'file:///home/delphine/.vscode/extensions/ms-ceintl.vscode-language-pack-zh-hans-1.110.2026041514/translations/extensions/vscode.markdown-language-features.i18n.json', 'COLCON_PREFIX_PATH': '/home/delphine/rm/tensorrt10_detect/install', 'APPLICATION_INSIGHTS_NO_STATSBEAT': 'true', 'ROS_DISTRO': 'jazzy', 'GTK_IM_MODULE': 'fcitx', 'LOGNAME': 'delphine', 'LD_LIBRARY_PATH_ORIG': '/opt/MVS/lib/64:/opt/MVS/lib/32:/home/delphine/rm/tensorrt10_detect/install/tensorrt_detect_msgs/lib:/opt/ros/jazzy/opt/rviz_ogre_vendor/lib:/opt/ros/jazzy/lib/x86_64-linux-gnu:/opt/ros/jazzy/opt/gz_math_vendor/lib:/opt/ros/jazzy/opt/gz_utils_vendor/lib:/opt/ros/jazzy/opt/gz_cmake_vendor/lib:/opt/ros/jazzy/lib:/opt/MVS/lib/64:/opt/MVS/lib/32:/opt/TensorRT/TensorRT-10.2.0.19/lib:/opt/TensorRT/TensorRT-10.2.0/lib:/usr/local/cuda-12.6/lib64:/opt/MVS/lib/64:/opt/MVS/lib/32:/opt/MVS/lib/64:/opt/MVS/lib/32:/opt/MVS/lib/64:/opt/MVS/lib/32:', 'OTEL_INSTRUMENTATION_GENAI_CAPTURE_MESSAGE_CONTENT': 'true', 'SNAP_CONTEXT': '4hthZVkfk3FmjmWELQ5WWj5SvvO2JkVAfH3laZGolRSGZZBDstYm', 'JOURNAL_STREAM': '9:17006', '_': '/usr/bin/colcon', 'ROS_VERSION': '2', 'XDG_CONFIG_DIRS_VSCODE_SNAP_ORIG': '/etc/xdg/xdg-ubuntu:/etc/xdg', 'MEMORY_PRESSURE_WATCH': '/sys/fs/cgroup/user.slice/user-1000.slice/user@1000.service/session.slice/org.gnome.Shell@x11.service/memory.pressure', 'XDG_SESSION_CLASS': 'user', 'SNAP_VERSION': '10c8e557', 'XDG_DATA_DIRS_VSCODE_SNAP_ORIG': '/usr/share/ubuntu:/usr/share/gnome:/usr/local/share/:/usr/share/:/var/lib/snapd/desktop', 'USERNAME': 'delphine', 'GNOME_DESKTOP_SESSION_ID': 'this-is-deprecated', 'SNAP_INSTANCE_NAME': 'code', 'FC_FONTATIONS': '1', 'WINDOWPATH': '2', '_PYI_LINUX_PROCESS_NAME': 'kimi', 'MVCAM_SDK_PATH': '/opt/MVS', 'PATH': '/home/delphine/.local/bin:/opt/ros/jazzy/bin:/home/delphine/.npm-global/bin:/home/delphine/miniconda3/bin:/home/delphine/miniconda3/condabin:/opt/TensorRT/TensorRT-10.2.0.19/bin:/opt/TensorRT/TensorRT-10.2.0/bin:/usr/local/cuda-12.6/bin:/usr/bin:/home/delphine/.local/bin:/usr/local/sbin:/usr/local/bin:/usr/sbin:/usr/bin:/sbin:/bin:/usr/games:/usr/local/games:/snap/bin:/snap/bin:/opt/MVS/bin', 'SESSION_MANAGER': 'local/delphine-ASUS-TUF-Gaming-F16-FX607JV-FX607JV:@/tmp/.ICE-unix/4369,unix/delphine-ASUS-TUF-Gaming-F16-FX607JV-FX607JV:/tmp/.ICE-unix/4369', 'GTK_EXE_PREFIX': '/snap/code/235/usr', 'INVOCATION_ID': 'aa57cbed88e74224ba10045fafaae067', 'MVCAM_GENICAM_CLPROTOCOL': '/opt/MVS/lib/CLProtocol', 'XDG_MENU_PREFIX': 'gnome-', 'SNAP_DATA': '/var/snap/code/235', 'XDG_RUNTIME_DIR': '/run/user/1000', 'GDK_BACKEND': 'x11', 'DISPLAY': ':1', 'LOCPATH': '/snap/code/235/usr/lib/locale', 'LANG': 'C', 'XDG_CURRENT_DESKTOP': 'ubuntu:GNOME', 'XDG_DATA_HOME': '/home/delphine/snap/code/235/.local/share', 'XMODIFIERS': '@im=fcitx', 'XDG_SESSION_DESKTOP': 'ubuntu', 'XAUTHORITY': '/run/user/1000/gdm/Xauthority', 'COPILOT_OTEL_ENABLED': 'true', 'SNAP_USER_COMMON': '/home/delphine/snap/code/common', 'SSH_AUTH_SOCK': '/run/user/1000/keyring/ssh', 'GSETTINGS_SCHEMA_DIR': '/home/delphine/snap/code/235/.local/share/glib-2.0/schemas', 'SNAP_ARCH': 'amd64', 'AMENT_PREFIX_PATH': '/home/delphine/rm/tensorrt10_detect/install/tensorrt_detect:/home/delphine/rm/tensorrt10_detect/install/tensorrt_detect_msgs:/opt/ros/jazzy', 'SNAP_COOKIE': '4hthZVkfk3FmjmWELQ5WWj5SvvO2JkVAfH3laZGolRSGZZBDstYm', 'CONDA_PYTHON_EXE': '/home/delphine/miniconda3/bin/python', 'SHELL': '/bin/bash', 'GDK_PIXBUF_MODULEDIR': '/snap/code/235/usr/lib/x86_64-linux-gnu/gdk-pixbuf-2.0/2.10.0/loaders', 'GIT_TERMINAL_PROMPT': '0', 'QT_ACCESSIBILITY': '1', 'ELECTRON_RUN_AS_NODE': '1', 'GDMSESSION': 'ubuntu', 'LESSCLOSE': '/usr/bin/lesspipe %s %s', 'CONDA_DEFAULT_ENV': 'base', 'SNAP_NAME': 'code', 'FONTCONFIG_FILE': '/etc/fonts/fonts.conf', 'GDK_PIXBUF_MODULE_FILE': '/home/delphine/snap/code/common/.cache/gdk-pixbuf-loaders.cache', 'GPG_AGENT_INFO': '/run/user/1000/gnupg/S.gpg-agent:0:1', 'GJS_DEBUG_OUTPUT': 'stderr', '_CONDA_EXE': '/home/delphine/miniconda3/bin/conda', 'ROS_AUTOMATIC_DISCOVERY_RANGE': 'SUBNET', 'SNAP_LAUNCHER_ARCH_TRIPLET': 'x86_64-linux-gnu', 'QT_IM_MODULE': 'fcitx', 'PWD': '/home/delphine/rm/tensorrt10_detect/build/tensorrt_detect', 'VSCODE_CLI': '1', 'XDG_CONFIG_DIRS': '/etc/xdg/xdg-ubuntu:/etc/xdg', 'CONDA_EXE': '/home/delphine/miniconda3/bin/conda', 'SNAP_REAL_HOME': '/home/delphine', 'VSCODE_CODE_CACHE_PATH': '/home/delphine/.config/Code/CachedData/10c8e557c8b9f9ed0a87f61f1c9a44bde731c409', 'CLUTTER_IM_MODULE': 'fcitx', 'XDG_DATA_DIRS': '/home/delphine/snap/code/235/.local/share:/home/delphine/snap/code/235:/snap/code/235/usr/share:/usr/share/ubuntu:/usr/share/gnome:/usr/local/share/:/usr/share/:/var/lib/snapd/desktop', 'SNAP_EUID': '1000', 'PYTHONPATH': '/home/delphine/rm/tensorrt10_detect/install/tensorrt_detect_msgs/lib/python3.12/site-packages:/opt/ros/jazzy/lib/python3.12/site-packages', 'SNAP': '/snap/code/235', 'CONDA_PREFIX': '/home/delphine/miniconda3', 'COLCON': '1', 'MEMORY_PRESSURE_WRITE': 'c29tZSAyMDAwMDAgMjAwMDAwMAA=', 'ELECTRON_NO_ATTACH_CONSOLE': '1', 'CMAKE_PREFIX_PATH': '/home/delphine/rm/tensorrt10_detect/install/tensorrt_detect_msgs:/home/delphine/rm/tensorrt10_detect/install/tensorrt_detect:/opt/ros/jazzy/opt/gz_math_vendor:/opt/ros/jazzy/opt/gz_utils_vendor:/opt/ros/jazzy/opt/gz_cmake_vendor:/opt/ros/jazzy', 'VSCODE_PID': '6308', 'MVCAM_COMMON_RUNENV': '/opt/MVS/lib', 'COPILOT_OTEL_EXPORTER_TYPE': 'file'}), 'shell': False}
[17.635868] (tensorrt_detect) StdoutLine: {'line': b'-- Install configuration: "RelWithDebInfo"\n'}
[17.636160] (tensorrt_detect) StdoutLine: {'line': b'-- Up-to-date: /home/delphine/rm/tensorrt10_detect/install/tensorrt_detect/lib/tensorrt_detect/standard\n'}
[17.636230] (tensorrt_detect) StdoutLine: {'line': b'-- Installing: /home/delphine/rm/tensorrt10_detect/install/tensorrt_detect/lib/tensorrt_detect/detect_node\n'}
[17.639503] (-) TimerEvent: {}
[17.646236] (tensorrt_detect) StdoutLine: {'line': b'-- Set non-toolchain portion of runtime path of "/home/delphine/rm/tensorrt10_detect/install/tensorrt_detect/lib/tensorrt_detect/detect_node" to "/home/delphine/open3d-devel-linux-x86_64-cxx11-abi-cuda-0.19.0/lib:/opt/TensorRT/TensorRT-10.2.0.19/lib:/opt/ros/jazzy/lib:/home/delphine/rm/tensorrt10_detect/install/tensorrt_detect_msgs/lib"\n'}
[17.646454] (tensorrt_detect) StdoutLine: {'line': b'-- Up-to-date: /home/delphine/rm/tensorrt10_detect/install/tensorrt_detect/lib/tensorrt_detect/display_node\n'}
[17.646544] (tensorrt_detect) StdoutLine: {'line': b'-- Up-to-date: /home/delphine/rm/tensorrt10_detect/install/tensorrt_detect/lib/tensorrt_detect/video_node\n'}
[17.646602] (tensorrt_detect) StdoutLine: {'line': b'-- Up-to-date: /home/delphine/rm/tensorrt10_detect/install/tensorrt_detect/lib/tensorrt_detect/pose_node\n'}
[17.646748] (tensorrt_detect) StdoutLine: {'line': b'-- Up-to-date: /home/delphine/rm/tensorrt10_detect/install/tensorrt_detect/lib/tensorrt_detect/map_node\n'}
[17.646959] (tensorrt_detect) StdoutLine: {'line': b'-- Up-to-date: /home/delphine/rm/tensorrt10_detect/install/tensorrt_detect/share/tensorrt_detect/launch\n'}
[17.647503] (tensorrt_detect) StdoutLine: {'line': b'-- Up-to-date: /home/delphine/rm/tensorrt10_detect/install/tensorrt_detect/share/tensorrt_detect/launch/detect_pipeline.launch.py\n'}
[17.647574] (tensorrt_detect) StdoutLine: {'line': b'-- Up-to-date: /home/delphine/rm/tensorrt10_detect/install/tensorrt_detect/share/ament_index/resource_index/package_run_dependencies/tensorrt_detect\n'}
[17.647637] (tensorrt_detect) StdoutLine: {'line': b'-- Up-to-date: /home/delphine/rm/tensorrt10_detect/install/tensorrt_detect/share/ament_index/resource_index/parent_prefix_path/tensorrt_detect\n'}
[17.647692] (tensorrt_detect) StdoutLine: {'line': b'-- Up-to-date: /home/delphine/rm/tensorrt10_detect/install/tensorrt_detect/share/tensorrt_detect/environment/ament_prefix_path.sh\n'}
[17.647744] (tensorrt_detect) StdoutLine: {'line': b'-- Up-to-date: /home/delphine/rm/tensorrt10_detect/install/tensorrt_detect/share/tensorrt_detect/environment/ament_prefix_path.dsv\n'}
[17.647795] (tensorrt_detect) StdoutLine: {'line': b'-- Up-to-date: /home/delphine/rm/tensorrt10_detect/install/tensorrt_detect/share/tensorrt_detect/environment/path.sh\n'}
[17.647886] (tensorrt_detect) StdoutLine: {'line': b'-- Up-to-date: /home/delphine/rm/tensorrt10_detect/install/tensorrt_detect/share/tensorrt_detect/environment/path.dsv\n'}
[17.647943] (tensorrt_detect) StdoutLine: {'line': b'-- Up-to-date: /home/delphine/rm/tensorrt10_detect/install/tensorrt_detect/share/tensorrt_detect/local_setup.bash\n'}
[17.647990] (tensorrt_detect) StdoutLine: {'line': b'-- Up-to-date: /home/delphine/rm/tensorrt10_detect/install/tensorrt_detect/share/tensorrt_detect/local_setup.sh\n'}
[17.648036] (tensorrt_detect) StdoutLine: {'line': b'-- Up-to-date: /home/delphine/rm/tensorrt10_detect/install/tensorrt_detect/share/tensorrt_detect/local_setup.zsh\n'}
[17.648081] (tensorrt_detect) StdoutLine: {'line': b'-- Up-to-date: /home/delphine/rm/tensorrt10_detect/install/tensorrt_detect/share/tensorrt_detect/local_setup.dsv\n'}
[17.648126] (tensorrt_detect) StdoutLine: {'line': b'-- Installing: /home/delphine/rm/tensorrt10_detect/install/tensorrt_detect/share/tensorrt_detect/package.dsv\n'}
[17.648177] (tensorrt_detect) StdoutLine: {'line': b'-- Up-to-date: /home/delphine/rm/tensorrt10_detect/install/tensorrt_detect/share/ament_index/resource_index/packages/tensorrt_detect\n'}
[17.648217] (tensorrt_detect) StdoutLine: {'line': b'-- Up-to-date: /home/delphine/rm/tensorrt10_detect/install/tensorrt_detect/share/tensorrt_detect/cmake/tensorrt_detectConfig.cmake\n'}
[17.648268] (tensorrt_detect) StdoutLine: {'line': b'-- Up-to-date: /home/delphine/rm/tensorrt10_detect/install/tensorrt_detect/share/tensorrt_detect/cmake/tensorrt_detectConfig-version.cmake\n'}
[17.648313] (tensorrt_detect) StdoutLine: {'line': b'-- Up-to-date: /home/delphine/rm/tensorrt10_detect/install/tensorrt_detect/share/tensorrt_detect/package.xml\n'}
[17.649054] (tensorrt_detect) CommandEnded: {'returncode': 0}
[17.659906] (tensorrt_detect) JobEnded: {'identifier': 'tensorrt_detect', 'rc': 0}
[17.660284] (-) EventReactorShutdown: {}
