-- Found ament_cmake: 2.5.6 (/opt/ros/jazzy/share/ament_cmake/cmake)
-- Override CMake install command with custom implementation using symlinks instead of copying resources
-- Found rclcpp: 28.1.18 (/opt/ros/jazzy/share/rclcpp/cmake)
-- Found rosidl_generator_c: 4.6.7 (/opt/ros/jazzy/share/rosidl_generator_c/cmake)
-- Found rosidl_generator_cpp: 4.6.7 (/opt/ros/jazzy/share/rosidl_generator_cpp/cmake)
-- Using all available rosidl_typesupport_c: rosidl_typesupport_fastrtps_c;rosidl_typesupport_introspection_c
-- Using all available rosidl_typesupport_cpp: rosidl_typesupport_fastrtps_cpp;rosidl_typesupport_introspection_cpp
-- Found rmw_implementation_cmake: 7.3.3 (/opt/ros/jazzy/share/rmw_implementation_cmake/cmake)
-- Found rmw_fastrtps_cpp: 8.4.3 (/opt/ros/jazzy/share/rmw_fastrtps_cpp/cmake)
-- Using RMW implementation 'rmw_fastrtps_cpp' as default
-- Found sensor_msgs: 5.3.7 (/opt/ros/jazzy/share/sensor_msgs/cmake)
-- Found cv_bridge: 4.1.0 (/opt/ros/jazzy/share/cv_bridge/cmake)
-- Found std_srvs: 5.3.7 (/opt/ros/jazzy/share/std_srvs/cmake)
-- Found tensorrt_detect_msgs: 0.0.1 (/home/delphine/rm/tensorrt10_detect/install/tensorrt_detect_msgs/share/tensorrt_detect_msgs/cmake)
[0mCMake Deprecation Warning at /home/delphine/open3d-devel-linux-x86_64-cxx11-abi-cuda-0.19.0/lib/cmake/Open3D/Open3DConfig.cmake:18 (cmake_policy):
  The OLD behavior for policy CMP0072 will be removed from a future version
  of CMake.

  The cmake-policies(7) manual explains that the OLD behaviors of all
  policies are deprecated and that a policy should be set to OLD only under
  specific short-term circumstances.  Projects should be ported to the NEW
  behavior and not rely on setting a policy to OLD.
Call Stack (most recent call first):
  CMakeLists.txt:29 (find_package)

[0m
-- Configuring done (0.5s)
-- Generating done (0.0s)
-- Build files have been written to: /home/delphine/rm/tensorrt10_detect/build/tensorrt_detect
[  7%] Built target video_node
[ 14%] Built target display_node
[ 50%] Built target tensorrt_detect_core
[ 71%] Built target roi_set_node
[ 71%] Built target pose_node
[ 71%] Built target qt_display_node
[ 78%] Built target standard
[ 85%] Built target calibrate_node
[ 92%] Built target map_node
[100%] Built target detect_node
-- Install configuration: "RelWithDebInfo"
-- Execute custom install script
-- Up-to-date symlink: /home/delphine/rm/tensorrt10_detect/install/tensorrt_detect/lib/tensorrt_detect/standard
-- Up-to-date symlink: /home/delphine/rm/tensorrt10_detect/install/tensorrt_detect/lib/tensorrt_detect/detect_node
-- Up-to-date symlink: /home/delphine/rm/tensorrt10_detect/install/tensorrt_detect/lib/tensorrt_detect/display_node
-- Up-to-date symlink: /home/delphine/rm/tensorrt10_detect/install/tensorrt_detect/lib/tensorrt_detect/video_node
-- Up-to-date symlink: /home/delphine/rm/tensorrt10_detect/install/tensorrt_detect/lib/tensorrt_detect/pose_node
-- Up-to-date symlink: /home/delphine/rm/tensorrt10_detect/install/tensorrt_detect/lib/tensorrt_detect/map_node
-- Up-to-date symlink: /home/delphine/rm/tensorrt10_detect/install/tensorrt_detect/lib/tensorrt_detect/calibrate_node
-- Up-to-date symlink: /home/delphine/rm/tensorrt10_detect/install/tensorrt_detect/lib/tensorrt_detect/roi_set_node
-- Up-to-date symlink: /home/delphine/rm/tensorrt10_detect/install/tensorrt_detect/lib/tensorrt_detect/qt_display_node
-- Up-to-date symlink: /home/delphine/rm/tensorrt10_detect/install/tensorrt_detect/share/tensorrt_detect/launch/detect_pipeline.launch.py
-- Up-to-date symlink: /home/delphine/rm/tensorrt10_detect/install/tensorrt_detect/share/tensorrt_detect/config/ros2_params.yaml
-- Up-to-date symlink: /home/delphine/rm/tensorrt10_detect/install/tensorrt_detect/share/ament_index/resource_index/package_run_dependencies/tensorrt_detect
-- Up-to-date symlink: /home/delphine/rm/tensorrt10_detect/install/tensorrt_detect/share/ament_index/resource_index/parent_prefix_path/tensorrt_detect
-- Up-to-date symlink: /home/delphine/rm/tensorrt10_detect/install/tensorrt_detect/share/tensorrt_detect/environment/ament_prefix_path.sh
-- Up-to-date symlink: /home/delphine/rm/tensorrt10_detect/install/tensorrt_detect/share/tensorrt_detect/environment/ament_prefix_path.dsv
-- Up-to-date symlink: /home/delphine/rm/tensorrt10_detect/install/tensorrt_detect/share/tensorrt_detect/environment/path.sh
-- Up-to-date symlink: /home/delphine/rm/tensorrt10_detect/install/tensorrt_detect/share/tensorrt_detect/environment/path.dsv
-- Up-to-date symlink: /home/delphine/rm/tensorrt10_detect/install/tensorrt_detect/share/tensorrt_detect/local_setup.bash
-- Up-to-date symlink: /home/delphine/rm/tensorrt10_detect/install/tensorrt_detect/share/tensorrt_detect/local_setup.sh
-- Up-to-date symlink: /home/delphine/rm/tensorrt10_detect/install/tensorrt_detect/share/tensorrt_detect/local_setup.zsh
-- Up-to-date symlink: /home/delphine/rm/tensorrt10_detect/install/tensorrt_detect/share/tensorrt_detect/local_setup.dsv
-- Symlinking: /home/delphine/rm/tensorrt10_detect/install/tensorrt_detect/share/tensorrt_detect/package.dsv
-- Up-to-date symlink: /home/delphine/rm/tensorrt10_detect/install/tensorrt_detect/share/ament_index/resource_index/packages/tensorrt_detect
-- Up-to-date symlink: /home/delphine/rm/tensorrt10_detect/install/tensorrt_detect/share/tensorrt_detect/cmake/tensorrt_detectConfig.cmake
-- Up-to-date symlink: /home/delphine/rm/tensorrt10_detect/install/tensorrt_detect/share/tensorrt_detect/cmake/tensorrt_detectConfig-version.cmake
-- Up-to-date symlink: /home/delphine/rm/tensorrt10_detect/install/tensorrt_detect/share/tensorrt_detect/package.xml
