[0.000000] (-) TimerEvent: {}
[0.000176] (-) JobUnselected: {'identifier': 'tensorrt_detect_msgs'}
[0.000359] (tensorrt_detect) JobQueued: {'identifier': 'tensorrt_detect', 'dependencies': OrderedDict({'tensorrt_detect_msgs': '/home/delphine/rm/tensorrt10_detect/install/tensorrt_detect_msgs'})}
[0.000456] (tensorrt_detect) JobStarted: {'identifier': 'tensorrt_detect'}
[0.011793] (tensorrt_detect) JobProgress: {'identifier': 'tensorrt_detect', 'progress': 'cmake'}
[0.013536] (tensorrt_detect) JobProgress: {'identifier': 'tensorrt_detect', 'progress': 'build'}
[0.014237] (tensorrt_detect) Command: {'cmd': ['/usr/bin/cmake', '--build', '/home/delphine/rm/tensorrt10_detect/build/tensorrt_detect', '--', '-j20', '-l20'], 'cwd': '/home/delphine/rm/tensorrt10_detect/build/tensorrt_detect', 'env': OrderedDict({'GJS_DEBUG_TOPICS': 'JS ERROR;JS LOG', 'LESSOPEN': '| /usr/bin/lesspipe %s', 'VSCODE_CWD': '/home/delphine', 'VSCODE_ESM_ENTRYPOINT': 'vs/workbench/api/node/extensionHostProcess', 'CONDA_PROMPT_MODIFIER': '(base)', 'TENSORRT_PATH': '/opt/TensorRT/TensorRT-10.2.0.19', '_PYI_ARCHIVE_FILE': '/home/delphine/.config/Code/User/globalStorage/moonshot-ai.kimi-code/bin/kimi/kimi', 'USER': 'delphine', 'SNAP_COMMON': '/var/snap/code/common', 'VSCODE_NLS_CONFIG': '{"userLocale":"zh-cn","osLocale":"zh-cn","resolvedLanguage":"zh-cn","defaultMessagesFile":"/snap/code/235/usr/share/code/resources/app/out/nls.messages.json","languagePack":{"translationsConfigFile":"/home/delphine/.config/Code/clp/d0651a1affd1762543293c9208481d53.zh-cn/tcf.json","messagesFile":"/home/delphine/.config/Code/clp/d0651a1affd1762543293c9208481d53.zh-cn/10c8e557c8b9f9ed0a87f61f1c9a44bde731c409/nls.messages.json","corruptMarkerFile":"/home/delphine/.config/Code/clp/d0651a1affd1762543293c9208481d53.zh-cn/corrupted.info"},"locale":"zh-cn","availableLanguages":{"*":"zh-cn"},"_languagePackId":"d0651a1affd1762543293c9208481d53.zh-cn","_languagePackSupport":true,"_translationsConfigFile":"/home/delphine/.config/Code/clp/d0651a1affd1762543293c9208481d53.zh-cn/tcf.json","_cacheRoot":"/home/delphine/.config/Code/clp/d0651a1affd1762543293c9208481d53.zh-cn","_resolvedLanguagePackCoreLocation":"/home/delphine/.config/Code/clp/d0651a1affd1762543293c9208481d53.zh-cn/10c8e557c8b9f9ed0a87f61f1c9a44bde731c409","_corruptedFile":"/home/delphine/.config/Code/clp/d0651a1affd1762543293c9208481d53.zh-cn/corrupted.info"}', 'FONTCONFIG_PATH': '/etc/fonts', 'GIO_MODULE_DIR': '/home/delphine/snap/code/common/.cache/gio-modules', 'VSCODE_HANDLES_UNCAUGHT_ERRORS': 'true', 'XDG_SESSION_TYPE': 'x11', 'ALLUSERSPROFILE': '/opt/MVS/MVFG', 'SNAP_UID': '1000', 'CLUTTER_DISABLE_MIPMAPPED_TEXT': '1', 'SHLVL': '1', 'LD_LIBRARY_PATH': '/home/delphine/rm/tensorrt10_detect/install/tensorrt_detect_msgs/lib:/opt/MVS/lib/64:/opt/MVS/lib/32:/opt/ros/jazzy/opt/rviz_ogre_vendor/lib:/opt/ros/jazzy/lib/x86_64-linux-gnu:/opt/ros/jazzy/opt/gz_math_vendor/lib:/opt/ros/jazzy/opt/gz_utils_vendor/lib:/opt/ros/jazzy/opt/gz_cmake_vendor/lib:/opt/ros/jazzy/lib:/opt/MVS/lib/64:/opt/MVS/lib/32:/opt/TensorRT/TensorRT-10.2.0.19/lib:/opt/TensorRT/TensorRT-10.2.0/lib:/usr/local/cuda-12.6/lib64:/opt/MVS/lib/64:/opt/MVS/lib/32:/opt/MVS/lib/64:/opt/MVS/lib/32:/opt/MVS/lib/64:/opt/MVS/lib/32', 'HOME': '/home/delphine', 'CHROME_DESKTOP': 'code.desktop', 'CONDA_SHLVL': '1', 'SNAP_LIBRARY_PATH': '/var/lib/snapd/lib/gl:/var/lib/snapd/lib/gl32', 'OLDPWD': '/home/delphine/rm/tensorrt10_detect', 'DESKTOP_SESSION': 'ubuntu', 'SNAP_USER_DATA': '/home/delphine/snap/code/235', 'GTK_PATH': '/snap/code/235/usr/lib/x86_64-linux-gnu/gtk-3.0', 'VSCODE_IPC_HOOK': '/run/user/1000/vscode-93a8e15f-1.11-main.sock', 'GTK_IM_MODULE_FILE': '/home/delphine/snap/code/common/.cache/immodules/immodules.cache', 'GIO_LAUNCHED_DESKTOP_FILE': '/var/lib/snapd/desktop/applications/code_code.desktop', 'ROS_PYTHON_VERSION': '3', 'GNOME_SHELL_SESSION_MODE': 'ubuntu', 'GTK_MODULES': 'gail:atk-bridge', 'SDL_IM_MODULE': 'fcitx', '_PYI_PARENT_PROCESS_LEVEL': '1', 'COPILOT_OTEL_FILE_EXPORTER_PATH': '/dev/null', 'MANAGERPID': '4504', 'LC_CTYPE': 'C.UTF-8', 'SYSTEMD_EXEC_PID': '5004', 'GSM_SKIP_SSH_AGENT_WORKAROUND': 'true', 'DBUS_SESSION_BUS_ADDRESS': 'unix:path=/run/user/1000/bus', 'SNAP_REVISION': '235', '_CONDA_ROOT': '/home/delphine/miniconda3', 'GIO_LAUNCHED_DESKTOP_FILE_PID': '7028', 'VSCODE_CRASH_REPORTER_PROCESS_TYPE': 'extensionHost', 'DEBUGINFOD_URLS': 'https://debuginfod.ubuntu.com', 'IM_CONFIG_PHASE': '1', 'VSCODE_L10N_BUNDLE_LOCATION': 'file:///home/delphine/.vscode/extensions/ms-ceintl.vscode-language-pack-zh-hans-1.110.2026050117/translations/extensions/vscode.json-language-features.i18n.json', 'COLCON_PREFIX_PATH': '/home/delphine/rm/tensorrt10_detect/install', 'APPLICATION_INSIGHTS_NO_STATSBEAT': 'true', 'ROS_DISTRO': 'jazzy', 'GTK_IM_MODULE': 'fcitx', 'LOGNAME': 'delphine', 'LD_LIBRARY_PATH_ORIG': '/opt/MVS/lib/64:/opt/MVS/lib/32:/home/delphine/rm/tensorrt10_detect/install/tensorrt_detect_msgs/lib:/opt/ros/jazzy/opt/rviz_ogre_vendor/lib:/opt/ros/jazzy/lib/x86_64-linux-gnu:/opt/ros/jazzy/opt/gz_math_vendor/lib:/opt/ros/jazzy/opt/gz_utils_vendor/lib:/opt/ros/jazzy/opt/gz_cmake_vendor/lib:/opt/ros/jazzy/lib:/opt/MVS/lib/64:/opt/MVS/lib/32:/opt/TensorRT/TensorRT-10.2.0.19/lib:/opt/TensorRT/TensorRT-10.2.0/lib:/usr/local/cuda-12.6/lib64:/opt/MVS/lib/64:/opt/MVS/lib/32:/opt/MVS/lib/64:/opt/MVS/lib/32:/opt/MVS/lib/64:/opt/MVS/lib/32:', 'OTEL_INSTRUMENTATION_GENAI_CAPTURE_MESSAGE_CONTENT': 'true', 'SNAP_CONTEXT': '4hthZVkfk3FmjmWELQ5WWj5SvvO2JkVAfH3laZGolRSGZZBDstYm', 'JOURNAL_STREAM': '9:29836', '_': '/usr/bin/colcon', 'ROS_VERSION': '2', 'XDG_CONFIG_DIRS_VSCODE_SNAP_ORIG': '/etc/xdg/xdg-ubuntu:/etc/xdg', 'MEMORY_PRESSURE_WATCH': '/sys/fs/cgroup/user.slice/user-1000.slice/user@1000.service/session.slice/org.gnome.Shell@x11.service/memory.pressure', 'XDG_SESSION_CLASS': 'user', 'SNAP_VERSION': '10c8e557', 'XDG_DATA_DIRS_VSCODE_SNAP_ORIG': '/usr/share/ubuntu:/usr/share/gnome:/usr/local/share/:/usr/share/:/var/lib/snapd/desktop', 'USERNAME': 'delphine', 'GNOME_DESKTOP_SESSION_ID': 'this-is-deprecated', 'SNAP_INSTANCE_NAME': 'code', 'FC_FONTATIONS': '1', 'WINDOWPATH': '2', '_PYI_LINUX_PROCESS_NAME': 'kimi', 'MVCAM_SDK_PATH': '/opt/MVS', 'PATH': '/home/delphine/.local/bin:/opt/ros/jazzy/bin:/home/delphine/.npm-global/bin:/home/delphine/miniconda3/bin:/home/delphine/miniconda3/condabin:/opt/TensorRT/TensorRT-10.2.0.19/bin:/opt/TensorRT/TensorRT-10.2.0/bin:/usr/local/cuda-12.6/bin:/usr/bin:/home/delphine/.local/bin:/usr/local/sbin:/usr/local/bin:/usr/sbin:/usr/bin:/sbin:/bin:/usr/games:/usr/local/games:/snap/bin:/snap/bin:/opt/MVS/bin', 'SESSION_MANAGER': 'local/delphine-ASUS-TUF-Gaming-F16-FX607JV-FX607JV:@/tmp/.ICE-unix/4960,unix/delphine-ASUS-TUF-Gaming-F16-FX607JV-FX607JV:/tmp/.ICE-unix/4960', 'GTK_EXE_PREFIX': '/snap/code/235/usr', 'INVOCATION_ID': '51b8b0eb9c2f4e379f5d678ce9e614cd', 'MVCAM_GENICAM_CLPROTOCOL': '/opt/MVS/lib/CLProtocol', 'XDG_MENU_PREFIX': 'gnome-', 'SNAP_DATA': '/var/snap/code/235', 'XDG_RUNTIME_DIR': '/run/user/1000', 'GDK_BACKEND': 'x11', 'DISPLAY': ':1', 'LOCPATH': '/snap/code/235/usr/lib/locale', 'LANG': 'C', 'XDG_CURRENT_DESKTOP': 'ubuntu:GNOME', 'XDG_DATA_HOME': '/home/delphine/snap/code/235/.local/share', 'XMODIFIERS': '@im=fcitx', 'XDG_SESSION_DESKTOP': 'ubuntu', 'XAUTHORITY': '/run/user/1000/gdm/Xauthority', 'COPILOT_OTEL_ENABLED': 'true', 'SNAP_USER_COMMON': '/home/delphine/snap/code/common', 'SSH_AUTH_SOCK': '/run/user/1000/keyring/ssh', 'GSETTINGS_SCHEMA_DIR': '/home/delphine/snap/code/235/.local/share/glib-2.0/schemas', 'SNAP_ARCH': 'amd64', 'AMENT_PREFIX_PATH': '/home/delphine/rm/tensorrt10_detect/install/tensorrt_detect:/home/delphine/rm/tensorrt10_detect/install/tensorrt_detect_msgs:/opt/ros/jazzy', 'SNAP_COOKIE': '4hthZVkfk3FmjmWELQ5WWj5SvvO2JkVAfH3laZGolRSGZZBDstYm', 'CONDA_PYTHON_EXE': '/home/delphine/miniconda3/bin/python', 'SHELL': '/bin/bash', 'GDK_PIXBUF_MODULEDIR': '/snap/code/235/usr/lib/x86_64-linux-gnu/gdk-pixbuf-2.0/2.10.0/loaders', 'GIT_TERMINAL_PROMPT': '0', 'QT_ACCESSIBILITY': '1', 'ELECTRON_RUN_AS_NODE': '1', 'GDMSESSION': 'ubuntu', 'LESSCLOSE': '/usr/bin/lesspipe %s %s', 'CONDA_DEFAULT_ENV': 'base', 'SNAP_NAME': 'code', 'FONTCONFIG_FILE': '/etc/fonts/fonts.conf', 'GDK_PIXBUF_MODULE_FILE': '/home/delphine/snap/code/common/.cache/gdk-pixbuf-loaders.cache', 'GPG_AGENT_INFO': '/run/user/1000/gnupg/S.gpg-agent:0:1', 'GJS_DEBUG_OUTPUT': 'stderr', '_CONDA_EXE': '/home/delphine/miniconda3/bin/conda', 'ROS_AUTOMATIC_DISCOVERY_RANGE': 'SUBNET', 'SNAP_LAUNCHER_ARCH_TRIPLET': 'x86_64-linux-gnu', 'QT_IM_MODULE': 'fcitx', 'PWD': '/home/delphine/rm/tensorrt10_detect/build/tensorrt_detect', 'VSCODE_CLI': '1', 'XDG_CONFIG_DIRS': '/etc/xdg/xdg-ubuntu:/etc/xdg', 'CONDA_EXE': '/home/delphine/miniconda3/bin/conda', 'SNAP_REAL_HOME': '/home/delphine', 'VSCODE_CODE_CACHE_PATH': '/home/delphine/.config/Code/CachedData/10c8e557c8b9f9ed0a87f61f1c9a44bde731c409', 'CLUTTER_IM_MODULE': 'fcitx', 'XDG_DATA_DIRS': '/home/delphine/snap/code/235/.local/share:/home/delphine/snap/code/235:/snap/code/235/usr/share:/usr/share/ubuntu:/usr/share/gnome:/usr/local/share/:/usr/share/:/var/lib/snapd/desktop', 'SNAP_EUID': '1000', 'PYTHONPATH': '/home/delphine/rm/tensorrt10_detect/install/tensorrt_detect_msgs/lib/python3.13/site-packages:/opt/ros/jazzy/lib/python3.12/site-packages', 'SNAP': '/snap/code/235', 'CONDA_PREFIX': '/home/delphine/miniconda3', 'COLCON': '1', 'MEMORY_PRESSURE_WRITE': 'c29tZSAyMDAwMDAgMjAwMDAwMAA=', 'ELECTRON_NO_ATTACH_CONSOLE': '1', 'CMAKE_PREFIX_PATH': '/home/delphine/rm/tensorrt10_detect/install/tensorrt_detect_msgs:/home/delphine/rm/tensorrt10_detect/install/tensorrt_detect:/opt/ros/jazzy/opt/gz_math_vendor:/opt/ros/jazzy/opt/gz_utils_vendor:/opt/ros/jazzy/opt/gz_cmake_vendor:/opt/ros/jazzy', 'VSCODE_PID': '7081', 'MVCAM_COMMON_RUNENV': '/opt/MVS/lib', 'COPILOT_OTEL_EXPORTER_TYPE': 'file'}), 'shell': False}
[0.044772] (tensorrt_detect) StdoutLine: {'line': b'-- Found ament_cmake: 2.5.6 (/opt/ros/jazzy/share/ament_cmake/cmake)\n'}
[0.099879] (-) TimerEvent: {}
[0.200059] (-) TimerEvent: {}
[0.221909] (tensorrt_detect) StdoutLine: {'line': b'-- Override CMake install command with custom implementation using symlinks instead of copying resources\n'}
[0.238722] (tensorrt_detect) StdoutLine: {'line': b'-- Found rclcpp: 28.1.18 (/opt/ros/jazzy/share/rclcpp/cmake)\n'}
[0.274219] (tensorrt_detect) StdoutLine: {'line': b'-- Found rosidl_generator_c: 4.6.7 (/opt/ros/jazzy/share/rosidl_generator_c/cmake)\n'}
[0.283818] (tensorrt_detect) StdoutLine: {'line': b'-- Found rosidl_generator_cpp: 4.6.7 (/opt/ros/jazzy/share/rosidl_generator_cpp/cmake)\n'}
[0.297673] (tensorrt_detect) StdoutLine: {'line': b'-- Using all available rosidl_typesupport_c: rosidl_typesupport_fastrtps_c;rosidl_typesupport_introspection_c\n'}
[0.300179] (-) TimerEvent: {}
[0.316249] (tensorrt_detect) StdoutLine: {'line': b'-- Using all available rosidl_typesupport_cpp: rosidl_typesupport_fastrtps_cpp;rosidl_typesupport_introspection_cpp\n'}
[0.388637] (tensorrt_detect) StdoutLine: {'line': b'-- Found rmw_implementation_cmake: 7.3.3 (/opt/ros/jazzy/share/rmw_implementation_cmake/cmake)\n'}
[0.391579] (tensorrt_detect) StdoutLine: {'line': b'-- Found rmw_fastrtps_cpp: 8.4.3 (/opt/ros/jazzy/share/rmw_fastrtps_cpp/cmake)\n'}
[0.400279] (-) TimerEvent: {}
[0.462400] (tensorrt_detect) StdoutLine: {'line': b"-- Using RMW implementation 'rmw_fastrtps_cpp' as default\n"}
[0.500388] (-) TimerEvent: {}
[0.539395] (tensorrt_detect) StdoutLine: {'line': b'-- Found sensor_msgs: 5.3.7 (/opt/ros/jazzy/share/sensor_msgs/cmake)\n'}
[0.599027] (tensorrt_detect) StdoutLine: {'line': b'-- Found cv_bridge: 4.1.0 (/opt/ros/jazzy/share/cv_bridge/cmake)\n'}
[0.600479] (-) TimerEvent: {}
[0.610072] (tensorrt_detect) StdoutLine: {'line': b'-- Found std_srvs: 5.3.7 (/opt/ros/jazzy/share/std_srvs/cmake)\n'}
[0.629362] (tensorrt_detect) StdoutLine: {'line': b'-- Found tensorrt_detect_msgs: 0.0.1 (/home/delphine/rm/tensorrt10_detect/install/tensorrt_detect_msgs/share/tensorrt_detect_msgs/cmake)\n'}
[0.695707] (tensorrt_detect) StderrLine: {'line': b'CMake Deprecation Warning at /home/delphine/open3d-devel-linux-x86_64-cxx11-abi-cuda-0.19.0/lib/cmake/Open3D/Open3DConfig.cmake:18 (cmake_policy):\n'}
[0.695918] (tensorrt_detect) StderrLine: {'line': b'  The OLD behavior for policy CMP0072 will be removed from a future version\n'}
[0.695977] (tensorrt_detect) StderrLine: {'line': b'  of CMake.\n'}
[0.696025] (tensorrt_detect) StderrLine: {'line': b'\n'}
[0.696067] (tensorrt_detect) StderrLine: {'line': b'  The cmake-policies(7) manual explains that the OLD behaviors of all\n'}
[0.696113] (tensorrt_detect) StderrLine: {'line': b'  policies are deprecated and that a policy should be set to OLD only under\n'}
[0.696169] (tensorrt_detect) StderrLine: {'line': b'  specific short-term circumstances.  Projects should be ported to the NEW\n'}
[0.696215] (tensorrt_detect) StderrLine: {'line': b'  behavior and not rely on setting a policy to OLD.\n'}
[0.696257] (tensorrt_detect) StderrLine: {'line': b'Call Stack (most recent call first):\n'}
[0.696295] (tensorrt_detect) StderrLine: {'line': b'  CMakeLists.txt:29 (find_package)\n'}
[0.696334] (tensorrt_detect) StderrLine: {'line': b'\n'}
[0.696367] (tensorrt_detect) StderrLine: {'line': b'\n'}
[0.700562] (-) TimerEvent: {}
[0.800746] (-) TimerEvent: {}
[0.824073] (tensorrt_detect) StdoutLine: {'line': b'-- Configuring done (0.8s)\n'}
[0.893731] (tensorrt_detect) StdoutLine: {'line': b'-- Generating done (0.1s)\n'}
[0.900860] (-) TimerEvent: {}
[0.909270] (tensorrt_detect) StdoutLine: {'line': b'-- Build files have been written to: /home/delphine/rm/tensorrt10_detect/build/tensorrt_detect\n'}
[0.966068] (tensorrt_detect) StdoutLine: {'line': b'[  3%] Building CXX object CMakeFiles/tensorrt_detect_core.dir/src/core/pipeline.cpp.o\n'}
[0.968789] (tensorrt_detect) StdoutLine: {'line': b'[ 10%] Built target display_node\n'}
[0.969289] (tensorrt_detect) StdoutLine: {'line': b'[ 14%] Building CXX object CMakeFiles/tensorrt_detect_core.dir/src/core/mouseback.cpp.o\n'}
[0.969610] (tensorrt_detect) StdoutLine: {'line': b'[ 17%] Building CXX object CMakeFiles/tensorrt_detect_core.dir/src/core/radarmap.cpp.o\n'}
[0.971125] (tensorrt_detect) StdoutLine: {'line': b'[ 21%] Building CXX object CMakeFiles/tensorrt_detect_core.dir/src/config/ConfigManager.cpp.o\n'}
[0.971551] (tensorrt_detect) StdoutLine: {'line': b'[ 28%] Built target video_node\n'}
[1.000956] (-) TimerEvent: {}
[1.101144] (-) TimerEvent: {}
[1.201389] (-) TimerEvent: {}
[1.301628] (-) TimerEvent: {}
[1.401892] (-) TimerEvent: {}
[1.502102] (-) TimerEvent: {}
[1.602349] (-) TimerEvent: {}
[1.702552] (-) TimerEvent: {}
[1.802747] (-) TimerEvent: {}
[1.902968] (-) TimerEvent: {}
[2.003224] (-) TimerEvent: {}
[2.103473] (-) TimerEvent: {}
[2.203780] (-) TimerEvent: {}
[2.303993] (-) TimerEvent: {}
[2.404214] (-) TimerEvent: {}
[2.504450] (-) TimerEvent: {}
[2.604713] (-) TimerEvent: {}
[2.704989] (-) TimerEvent: {}
[2.805205] (-) TimerEvent: {}
[2.905439] (-) TimerEvent: {}
[3.005655] (-) TimerEvent: {}
[3.105917] (-) TimerEvent: {}
[3.206133] (-) TimerEvent: {}
[3.306371] (-) TimerEvent: {}
[3.406557] (-) TimerEvent: {}
[3.506754] (-) TimerEvent: {}
[3.606969] (-) TimerEvent: {}
[3.707198] (-) TimerEvent: {}
[3.807398] (-) TimerEvent: {}
[3.907576] (-) TimerEvent: {}
[4.007930] (-) TimerEvent: {}
[4.108143] (-) TimerEvent: {}
[4.208363] (-) TimerEvent: {}
[4.308641] (-) TimerEvent: {}
[4.408938] (-) TimerEvent: {}
[4.509142] (-) TimerEvent: {}
[4.609332] (-) TimerEvent: {}
[4.709516] (-) TimerEvent: {}
[4.809791] (-) TimerEvent: {}
[4.909989] (-) TimerEvent: {}
[5.010169] (-) TimerEvent: {}
[5.110408] (-) TimerEvent: {}
[5.210631] (-) TimerEvent: {}
[5.310926] (-) TimerEvent: {}
[5.411118] (-) TimerEvent: {}
[5.511335] (-) TimerEvent: {}
[5.539100] (tensorrt_detect) StdoutLine: {'line': b'[ 32%] Linking CXX static library libtensorrt_detect_core.a\n'}
[5.611474] (-) TimerEvent: {}
[5.632861] (tensorrt_detect) StdoutLine: {'line': b'[ 50%] Built target tensorrt_detect_core\n'}
[5.655057] (tensorrt_detect) StdoutLine: {'line': b'[ 53%] Building CXX object CMakeFiles/standard.dir/apps/standalone_main.cpp.o\n'}
[5.657340] (tensorrt_detect) StdoutLine: {'line': b'[ 57%] Building CXX object CMakeFiles/roi_set_node.dir/src/nodes/roi_set_node.cpp.o\n'}
[5.662398] (tensorrt_detect) StdoutLine: {'line': b'[ 64%] Building CXX object CMakeFiles/pose_node.dir/src/nodes/pose_node.cpp.o\n'}
[5.662705] (tensorrt_detect) StdoutLine: {'line': b'[ 64%] Linking CXX executable calibrate_node\n'}
[5.665229] (tensorrt_detect) StdoutLine: {'line': b'[ 67%] Building CXX object CMakeFiles/map_node.dir/src/nodes/map_node.cpp.o\n'}
[5.668291] (tensorrt_detect) StdoutLine: {'line': b'[ 71%] Building CXX object CMakeFiles/detect_node.dir/src/nodes/detect_node.cpp.o\n'}
[5.676093] (tensorrt_detect) StdoutLine: {'line': b'[ 75%] Linking CXX executable qt_display_node\n'}
[5.711619] (-) TimerEvent: {}
[5.811892] (-) TimerEvent: {}
[5.912112] (-) TimerEvent: {}
[6.012379] (-) TimerEvent: {}
[6.040165] (tensorrt_detect) StderrLine: {'line': b'/home/delphine/rm/tensorrt10_detect/src/tensorrt_detect/src/nodes/detect_node.cpp:5:10: fatal error: std_srvs/srv/trigger.hpp: No such file or directory\n'}
[6.040349] (tensorrt_detect) StderrLine: {'line': b'    5 | #include <std_srvs/srv/trigger.hpp>\n'}
[6.040404] (tensorrt_detect) StderrLine: {'line': b'      |          ^~~~~~~~~~~~~~~~~~~~~~~~~~\n'}
[6.040450] (tensorrt_detect) StderrLine: {'line': b'compilation terminated.\n'}
[6.044377] (tensorrt_detect) StderrLine: {'line': b'gmake[2]: *** [CMakeFiles/detect_node.dir/build.make:76: CMakeFiles/detect_node.dir/src/nodes/detect_node.cpp.o] Error 1\n'}
[6.044594] (tensorrt_detect) StderrLine: {'line': b'gmake[1]: *** [CMakeFiles/Makefile2:207: CMakeFiles/detect_node.dir/all] Error 2\n'}
[6.044649] (tensorrt_detect) StderrLine: {'line': b'gmake[1]: *** Waiting for unfinished jobs....\n'}
[6.112513] (-) TimerEvent: {}
[6.212760] (-) TimerEvent: {}
[6.313076] (-) TimerEvent: {}
[6.413457] (-) TimerEvent: {}
[6.513776] (-) TimerEvent: {}
[6.614164] (-) TimerEvent: {}
[6.714425] (-) TimerEvent: {}
[6.814670] (-) TimerEvent: {}
[6.836441] (tensorrt_detect) StdoutLine: {'line': b'[ 78%] Built target calibrate_node\n'}
[6.914793] (-) TimerEvent: {}
[7.001430] (tensorrt_detect) StdoutLine: {'line': b'[ 82%] Built target qt_display_node\n'}
[7.014946] (-) TimerEvent: {}
[7.115185] (-) TimerEvent: {}
[7.215455] (-) TimerEvent: {}
[7.315687] (-) TimerEvent: {}
[7.415887] (-) TimerEvent: {}
[7.516135] (-) TimerEvent: {}
[7.616382] (-) TimerEvent: {}
[7.716617] (-) TimerEvent: {}
[7.816837] (-) TimerEvent: {}
[7.917053] (-) TimerEvent: {}
[8.017289] (-) TimerEvent: {}
[8.117546] (-) TimerEvent: {}
[8.217795] (-) TimerEvent: {}
[8.318130] (-) TimerEvent: {}
[8.418312] (-) TimerEvent: {}
[8.518508] (-) TimerEvent: {}
[8.618754] (-) TimerEvent: {}
[8.719065] (-) TimerEvent: {}
[8.819295] (-) TimerEvent: {}
[8.919514] (-) TimerEvent: {}
[9.019760] (-) TimerEvent: {}
[9.120000] (-) TimerEvent: {}
[9.220233] (-) TimerEvent: {}
[9.320446] (-) TimerEvent: {}
[9.420678] (-) TimerEvent: {}
[9.520910] (-) TimerEvent: {}
[9.567355] (tensorrt_detect) StdoutLine: {'line': b'[ 85%] Linking CXX executable standard\n'}
[9.621022] (-) TimerEvent: {}
[9.721275] (-) TimerEvent: {}
[9.821496] (-) TimerEvent: {}
[9.921774] (-) TimerEvent: {}
[10.022014] (-) TimerEvent: {}
[10.122234] (-) TimerEvent: {}
[10.222505] (-) TimerEvent: {}
[10.322838] (-) TimerEvent: {}
[10.364448] (tensorrt_detect) StdoutLine: {'line': b'[ 85%] Built target standard\n'}
[10.422961] (-) TimerEvent: {}
[10.523249] (-) TimerEvent: {}
[10.623573] (-) TimerEvent: {}
[10.723780] (-) TimerEvent: {}
[10.824023] (-) TimerEvent: {}
[10.924258] (-) TimerEvent: {}
[11.024557] (-) TimerEvent: {}
[11.124831] (-) TimerEvent: {}
[11.225070] (-) TimerEvent: {}
[11.325277] (-) TimerEvent: {}
[11.425470] (-) TimerEvent: {}
[11.525648] (-) TimerEvent: {}
[11.625875] (-) TimerEvent: {}
[11.726093] (-) TimerEvent: {}
[11.826459] (-) TimerEvent: {}
[11.926664] (-) TimerEvent: {}
[12.026881] (-) TimerEvent: {}
[12.127112] (-) TimerEvent: {}
[12.227380] (-) TimerEvent: {}
[12.327643] (-) TimerEvent: {}
[12.427962] (-) TimerEvent: {}
[12.528171] (-) TimerEvent: {}
[12.628391] (-) TimerEvent: {}
[12.728637] (-) TimerEvent: {}
[12.828875] (-) TimerEvent: {}
[12.929103] (-) TimerEvent: {}
[13.029349] (-) TimerEvent: {}
[13.129582] (-) TimerEvent: {}
[13.229787] (-) TimerEvent: {}
[13.330086] (-) TimerEvent: {}
[13.430291] (-) TimerEvent: {}
[13.530476] (-) TimerEvent: {}
[13.630711] (-) TimerEvent: {}
[13.730900] (-) TimerEvent: {}
[13.831068] (-) TimerEvent: {}
[13.931265] (-) TimerEvent: {}
[14.031602] (-) TimerEvent: {}
[14.131866] (-) TimerEvent: {}
[14.232078] (-) TimerEvent: {}
[14.332292] (-) TimerEvent: {}
[14.432476] (-) TimerEvent: {}
[14.532763] (-) TimerEvent: {}
[14.633001] (-) TimerEvent: {}
[14.733125] (-) TimerEvent: {}
[14.833290] (-) TimerEvent: {}
[14.933522] (-) TimerEvent: {}
[15.033710] (-) TimerEvent: {}
[15.133979] (-) TimerEvent: {}
[15.234136] (-) TimerEvent: {}
[15.334304] (-) TimerEvent: {}
[15.434557] (-) TimerEvent: {}
[15.534857] (-) TimerEvent: {}
[15.635040] (-) TimerEvent: {}
[15.735378] (-) TimerEvent: {}
[15.835683] (-) TimerEvent: {}
[15.935980] (-) TimerEvent: {}
[16.036196] (-) TimerEvent: {}
[16.136420] (-) TimerEvent: {}
[16.236764] (-) TimerEvent: {}
[16.336982] (-) TimerEvent: {}
[16.437180] (-) TimerEvent: {}
[16.537360] (-) TimerEvent: {}
[16.637551] (-) TimerEvent: {}
[16.737747] (-) TimerEvent: {}
[16.837966] (-) TimerEvent: {}
[16.938152] (-) TimerEvent: {}
[17.038369] (-) TimerEvent: {}
[17.138576] (-) TimerEvent: {}
[17.238842] (-) TimerEvent: {}
[17.339044] (-) TimerEvent: {}
[17.439261] (-) TimerEvent: {}
[17.539460] (-) TimerEvent: {}
[17.639642] (-) TimerEvent: {}
[17.739839] (-) TimerEvent: {}
[17.840138] (-) TimerEvent: {}
[17.940373] (-) TimerEvent: {}
[18.040569] (-) TimerEvent: {}
[18.140763] (-) TimerEvent: {}
[18.240962] (-) TimerEvent: {}
[18.341153] (-) TimerEvent: {}
[18.441388] (-) TimerEvent: {}
[18.541597] (-) TimerEvent: {}
[18.641843] (-) TimerEvent: {}
[18.742053] (-) TimerEvent: {}
[18.842286] (-) TimerEvent: {}
[18.942470] (-) TimerEvent: {}
[19.042686] (-) TimerEvent: {}
[19.142885] (-) TimerEvent: {}
[19.243087] (-) TimerEvent: {}
[19.343309] (-) TimerEvent: {}
[19.443494] (-) TimerEvent: {}
[19.543698] (-) TimerEvent: {}
[19.643942] (-) TimerEvent: {}
[19.744202] (-) TimerEvent: {}
[19.844420] (-) TimerEvent: {}
[19.944605] (-) TimerEvent: {}
[20.044799] (-) TimerEvent: {}
[20.145010] (-) TimerEvent: {}
[20.245201] (-) TimerEvent: {}
[20.345392] (-) TimerEvent: {}
[20.445654] (-) TimerEvent: {}
[20.545877] (-) TimerEvent: {}
[20.646078] (-) TimerEvent: {}
[20.746274] (-) TimerEvent: {}
[20.846479] (-) TimerEvent: {}
[20.946738] (-) TimerEvent: {}
[21.046952] (-) TimerEvent: {}
[21.147176] (-) TimerEvent: {}
[21.247388] (-) TimerEvent: {}
[21.347601] (-) TimerEvent: {}
[21.447981] (-) TimerEvent: {}
[21.548214] (-) TimerEvent: {}
[21.648418] (-) TimerEvent: {}
[21.748622] (-) TimerEvent: {}
[21.848817] (-) TimerEvent: {}
[21.949026] (-) TimerEvent: {}
[22.049231] (-) TimerEvent: {}
[22.149481] (-) TimerEvent: {}
[22.249866] (-) TimerEvent: {}
[22.350082] (-) TimerEvent: {}
[22.450310] (-) TimerEvent: {}
[22.550529] (-) TimerEvent: {}
[22.610550] (tensorrt_detect) StdoutLine: {'line': b'[ 89%] Linking CXX executable pose_node\n'}
[22.650613] (-) TimerEvent: {}
[22.750891] (-) TimerEvent: {}
[22.851126] (-) TimerEvent: {}
[22.951372] (-) TimerEvent: {}
[23.051606] (-) TimerEvent: {}
[23.082108] (tensorrt_detect) StdoutLine: {'line': b'[ 89%] Built target pose_node\n'}
[23.151735] (-) TimerEvent: {}
[23.251969] (-) TimerEvent: {}
[23.352158] (-) TimerEvent: {}
[23.452403] (-) TimerEvent: {}
[23.552648] (-) TimerEvent: {}
[23.652925] (-) TimerEvent: {}
[23.753137] (-) TimerEvent: {}
[23.853418] (-) TimerEvent: {}
[23.953669] (-) TimerEvent: {}
[24.053940] (-) TimerEvent: {}
[24.154250] (-) TimerEvent: {}
[24.254496] (-) TimerEvent: {}
[24.354721] (-) TimerEvent: {}
[24.454957] (-) TimerEvent: {}
[24.555177] (-) TimerEvent: {}
[24.655561] (-) TimerEvent: {}
[24.755868] (-) TimerEvent: {}
[24.856064] (-) TimerEvent: {}
[24.956237] (-) TimerEvent: {}
[25.056439] (-) TimerEvent: {}
[25.156718] (-) TimerEvent: {}
[25.256897] (-) TimerEvent: {}
[25.357204] (-) TimerEvent: {}
[25.457409] (-) TimerEvent: {}
[25.557650] (-) TimerEvent: {}
[25.657850] (-) TimerEvent: {}
[25.758068] (-) TimerEvent: {}
[25.858311] (-) TimerEvent: {}
[25.958552] (-) TimerEvent: {}
[26.058916] (-) TimerEvent: {}
[26.159131] (-) TimerEvent: {}
[26.259427] (-) TimerEvent: {}
[26.265679] (tensorrt_detect) StdoutLine: {'line': b'[ 92%] Linking CXX executable roi_set_node\n'}
[26.359642] (-) TimerEvent: {}
[26.459868] (-) TimerEvent: {}
[26.560196] (-) TimerEvent: {}
[26.660475] (-) TimerEvent: {}
[26.760764] (-) TimerEvent: {}
[26.861039] (-) TimerEvent: {}
[26.938539] (tensorrt_detect) StdoutLine: {'line': b'[ 92%] Built target roi_set_node\n'}
[26.961137] (-) TimerEvent: {}
[27.061313] (-) TimerEvent: {}
[27.161526] (-) TimerEvent: {}
[27.261725] (-) TimerEvent: {}
[27.361939] (-) TimerEvent: {}
[27.462105] (-) TimerEvent: {}
[27.562271] (-) TimerEvent: {}
[27.662482] (-) TimerEvent: {}
[27.762652] (-) TimerEvent: {}
[27.862897] (-) TimerEvent: {}
[27.963158] (-) TimerEvent: {}
[28.063352] (-) TimerEvent: {}
[28.163535] (-) TimerEvent: {}
[28.263781] (-) TimerEvent: {}
[28.364043] (-) TimerEvent: {}
[28.464281] (-) TimerEvent: {}
[28.564533] (-) TimerEvent: {}
[28.584877] (tensorrt_detect) StdoutLine: {'line': b'[ 96%] Linking CXX executable map_node\n'}
[28.664624] (-) TimerEvent: {}
[28.764854] (-) TimerEvent: {}
[28.865110] (-) TimerEvent: {}
[28.965406] (-) TimerEvent: {}
[29.065694] (-) TimerEvent: {}
[29.094300] (tensorrt_detect) StdoutLine: {'line': b'[ 96%] Built target map_node\n'}
[29.095194] (tensorrt_detect) StderrLine: {'line': b'gmake: *** [Makefile:146: all] Error 2\n'}
[29.102073] (tensorrt_detect) CommandEnded: {'returncode': 2}
[29.117205] (tensorrt_detect) JobEnded: {'identifier': 'tensorrt_detect', 'rc': 2}
[29.127592] (-) EventReactorShutdown: {}
