[0.000000] (-) TimerEvent: {}
[0.000088] (-) JobUnselected: {'identifier': 'tensorrt_detect_msgs'}
[0.000177] (tensorrt_detect) JobQueued: {'identifier': 'tensorrt_detect', 'dependencies': OrderedDict({'tensorrt_detect_msgs': '/home/delphine/rm/tensorrt10_detect/install/tensorrt_detect_msgs'})}
[0.000645] (tensorrt_detect) JobStarted: {'identifier': 'tensorrt_detect'}
[0.008881] (tensorrt_detect) JobProgress: {'identifier': 'tensorrt_detect', 'progress': 'cmake'}
[0.009524] (tensorrt_detect) JobProgress: {'identifier': 'tensorrt_detect', 'progress': 'build'}
[0.010177] (tensorrt_detect) Command: {'cmd': ['/usr/bin/cmake', '--build', '/home/delphine/rm/tensorrt10_detect/build/tensorrt_detect', '--', '-j20', '-l20'], 'cwd': '/home/delphine/rm/tensorrt10_detect/build/tensorrt_detect', 'env': OrderedDict({'GJS_DEBUG_TOPICS': 'JS ERROR;JS LOG', 'LESSOPEN': '| /usr/bin/lesspipe %s', 'VSCODE_CWD': '/home/delphine', 'VSCODE_ESM_ENTRYPOINT': 'vs/workbench/api/node/extensionHostProcess', 'CONDA_PROMPT_MODIFIER': '(base)', 'TENSORRT_PATH': '/opt/TensorRT/TensorRT-10.2.0.19', '_PYI_ARCHIVE_FILE': '/home/delphine/.config/Code/User/globalStorage/moonshot-ai.kimi-code/bin/kimi/kimi', 'USER': 'delphine', 'SNAP_COMMON': '/var/snap/code/common', 'VSCODE_NLS_CONFIG': '{"userLocale":"zh-cn","osLocale":"zh-cn","resolvedLanguage":"zh-cn","defaultMessagesFile":"/snap/code/235/usr/share/code/resources/app/out/nls.messages.json","languagePack":{"translationsConfigFile":"/home/delphine/.config/Code/clp/b3d577d0e0e421f69f6e9379a6ee9c57.zh-cn/tcf.json","messagesFile":"/home/delphine/.config/Code/clp/b3d577d0e0e421f69f6e9379a6ee9c57.zh-cn/10c8e557c8b9f9ed0a87f61f1c9a44bde731c409/nls.messages.json","corruptMarkerFile":"/home/delphine/.config/Code/clp/b3d577d0e0e421f69f6e9379a6ee9c57.zh-cn/corrupted.info"},"locale":"zh-cn","availableLanguages":{"*":"zh-cn"},"_languagePackId":"b3d577d0e0e421f69f6e9379a6ee9c57.zh-cn","_languagePackSupport":true,"_translationsConfigFile":"/home/delphine/.config/Code/clp/b3d577d0e0e421f69f6e9379a6ee9c57.zh-cn/tcf.json","_cacheRoot":"/home/delphine/.config/Code/clp/b3d577d0e0e421f69f6e9379a6ee9c57.zh-cn","_resolvedLanguagePackCoreLocation":"/home/delphine/.config/Code/clp/b3d577d0e0e421f69f6e9379a6ee9c57.zh-cn/10c8e557c8b9f9ed0a87f61f1c9a44bde731c409","_corruptedFile":"/home/delphine/.config/Code/clp/b3d577d0e0e421f69f6e9379a6ee9c57.zh-cn/corrupted.info"}', 'FONTCONFIG_PATH': '/etc/fonts', 'GIO_MODULE_DIR': '/home/delphine/snap/code/common/.cache/gio-modules', 'VSCODE_HANDLES_UNCAUGHT_ERRORS': 'true', 'XDG_SESSION_TYPE': 'x11', 'ALLUSERSPROFILE': '/opt/MVS/MVFG', 'SNAP_UID': '1000', 'CLUTTER_DISABLE_MIPMAPPED_TEXT': '1', 'SHLVL': '1', 'LD_LIBRARY_PATH': '/home/delphine/rm/tensorrt10_detect/install/tensorrt_detect_msgs/lib:/opt/MVS/lib/64:/opt/MVS/lib/32:/opt/ros/jazzy/opt/rviz_ogre_vendor/lib:/opt/ros/jazzy/lib/x86_64-linux-gnu:/opt/ros/jazzy/opt/gz_math_vendor/lib:/opt/ros/jazzy/opt/gz_utils_vendor/lib:/opt/ros/jazzy/opt/gz_cmake_vendor/lib:/opt/ros/jazzy/lib:/opt/MVS/lib/64:/opt/MVS/lib/32:/opt/TensorRT/TensorRT-10.2.0.19/lib:/opt/TensorRT/TensorRT-10.2.0/lib:/usr/local/cuda-12.6/lib64:/opt/MVS/lib/64:/opt/MVS/lib/32:/opt/MVS/lib/64:/opt/MVS/lib/32:/opt/MVS/lib/64:/opt/MVS/lib/32', 'HOME': '/home/delphine', 'CHROME_DESKTOP': 'code.desktop', 'CONDA_SHLVL': '1', 'SNAP_LIBRARY_PATH': '/var/lib/snapd/lib/gl:/var/lib/snapd/lib/gl32', 'OLDPWD': '/home/delphine/rm/tensorrt10_detect', 'DESKTOP_SESSION': 'ubuntu', 'SNAP_USER_DATA': '/home/delphine/snap/code/235', 'GTK_PATH': '/snap/code/235/usr/lib/x86_64-linux-gnu/gtk-3.0', 'VSCODE_IPC_HOOK': '/run/user/1000/vscode-93a8e15f-1.11-main.sock', 'GTK_IM_MODULE_FILE': '/home/delphine/snap/code/common/.cache/immodules/immodules.cache', 'GIO_LAUNCHED_DESKTOP_FILE': '/var/lib/snapd/desktop/applications/code_code.desktop', 'ROS_PYTHON_VERSION': '3', 'GNOME_SHELL_SESSION_MODE': 'ubuntu', 'GTK_MODULES': 'gail:atk-bridge', 'SDL_IM_MODULE': 'fcitx', '_PYI_PARENT_PROCESS_LEVEL': '1', 'COPILOT_OTEL_FILE_EXPORTER_PATH': '/dev/null', 'MANAGERPID': '4578', 'LC_CTYPE': 'C.UTF-8', 'SYSTEMD_EXEC_PID': '4964', 'GSM_SKIP_SSH_AGENT_WORKAROUND': 'true', 'DBUS_SESSION_BUS_ADDRESS': 'unix:path=/run/user/1000/bus', 'SNAP_REVISION': '235', '_CONDA_ROOT': '/home/delphine/miniconda3', 'GIO_LAUNCHED_DESKTOP_FILE_PID': '6453', 'VSCODE_CRASH_REPORTER_PROCESS_TYPE': 'extensionHost', 'DEBUGINFOD_URLS': 'https://debuginfod.ubuntu.com', 'IM_CONFIG_PHASE': '1', 'VSCODE_L10N_BUNDLE_LOCATION': 'file:///home/delphine/.vscode/extensions/ms-ceintl.vscode-language-pack-zh-hans-1.110.2026041514/translations/extensions/vscode.json-language-features.i18n.json', 'COLCON_PREFIX_PATH': '/home/delphine/rm/tensorrt10_detect/install', 'APPLICATION_INSIGHTS_NO_STATSBEAT': 'true', 'ROS_DISTRO': 'jazzy', 'GTK_IM_MODULE': 'fcitx', 'LOGNAME': 'delphine', 'LD_LIBRARY_PATH_ORIG': '/opt/MVS/lib/64:/opt/MVS/lib/32:/home/delphine/rm/tensorrt10_detect/install/tensorrt_detect_msgs/lib:/opt/ros/jazzy/opt/rviz_ogre_vendor/lib:/opt/ros/jazzy/lib/x86_64-linux-gnu:/opt/ros/jazzy/opt/gz_math_vendor/lib:/opt/ros/jazzy/opt/gz_utils_vendor/lib:/opt/ros/jazzy/opt/gz_cmake_vendor/lib:/opt/ros/jazzy/lib:/opt/MVS/lib/64:/opt/MVS/lib/32:/opt/TensorRT/TensorRT-10.2.0.19/lib:/opt/TensorRT/TensorRT-10.2.0/lib:/usr/local/cuda-12.6/lib64:/opt/MVS/lib/64:/opt/MVS/lib/32:/opt/MVS/lib/64:/opt/MVS/lib/32:/opt/MVS/lib/64:/opt/MVS/lib/32:', 'OTEL_INSTRUMENTATION_GENAI_CAPTURE_MESSAGE_CONTENT': 'true', 'SNAP_CONTEXT': '4hthZVkfk3FmjmWELQ5WWj5SvvO2JkVAfH3laZGolRSGZZBDstYm', 'JOURNAL_STREAM': '9:32118', '_': '/usr/bin/colcon', 'ROS_VERSION': '2', 'XDG_CONFIG_DIRS_VSCODE_SNAP_ORIG': '/etc/xdg/xdg-ubuntu:/etc/xdg', 'MEMORY_PRESSURE_WATCH': '/sys/fs/cgroup/user.slice/user-1000.slice/user@1000.service/session.slice/org.gnome.Shell@x11.service/memory.pressure', 'XDG_SESSION_CLASS': 'user', 'SNAP_VERSION': '10c8e557', 'XDG_DATA_DIRS_VSCODE_SNAP_ORIG': '/usr/share/ubuntu:/usr/share/gnome:/usr/local/share/:/usr/share/:/var/lib/snapd/desktop', 'USERNAME': 'delphine', 'GNOME_DESKTOP_SESSION_ID': 'this-is-deprecated', 'SNAP_INSTANCE_NAME': 'code', 'FC_FONTATIONS': '1', 'WINDOWPATH': '2', '_PYI_LINUX_PROCESS_NAME': 'kimi', 'MVCAM_SDK_PATH': '/opt/MVS', 'PATH': '/home/delphine/.local/bin:/opt/ros/jazzy/bin:/home/delphine/.npm-global/bin:/home/delphine/miniconda3/bin:/home/delphine/miniconda3/condabin:/opt/TensorRT/TensorRT-10.2.0.19/bin:/opt/TensorRT/TensorRT-10.2.0/bin:/usr/local/cuda-12.6/bin:/usr/bin:/home/delphine/.local/bin:/usr/local/sbin:/usr/local/bin:/usr/sbin:/usr/bin:/sbin:/bin:/usr/games:/usr/local/games:/snap/bin:/snap/bin:/opt/MVS/bin', 'SESSION_MANAGER': 'local/delphine-ASUS-TUF-Gaming-F16-FX607JV-FX607JV:@/tmp/.ICE-unix/4931,unix/delphine-ASUS-TUF-Gaming-F16-FX607JV-FX607JV:/tmp/.ICE-unix/4931', 'GTK_EXE_PREFIX': '/snap/code/235/usr', 'INVOCATION_ID': '9ac5688cc7f14be082df9863f339e306', 'MVCAM_GENICAM_CLPROTOCOL': '/opt/MVS/lib/CLProtocol', 'XDG_MENU_PREFIX': 'gnome-', 'SNAP_DATA': '/var/snap/code/235', 'XDG_RUNTIME_DIR': '/run/user/1000', 'GDK_BACKEND': 'x11', 'DISPLAY': ':1', 'LOCPATH': '/snap/code/235/usr/lib/locale', 'LANG': 'C', 'XDG_CURRENT_DESKTOP': 'ubuntu:GNOME', 'XDG_DATA_HOME': '/home/delphine/snap/code/235/.local/share', 'XMODIFIERS': '@im=fcitx', 'XDG_SESSION_DESKTOP': 'ubuntu', 'XAUTHORITY': '/run/user/1000/gdm/Xauthority', 'COPILOT_OTEL_ENABLED': 'true', 'SNAP_USER_COMMON': '/home/delphine/snap/code/common', 'SSH_AUTH_SOCK': '/run/user/1000/keyring/ssh', 'GSETTINGS_SCHEMA_DIR': '/home/delphine/snap/code/235/.local/share/glib-2.0/schemas', 'SNAP_ARCH': 'amd64', 'AMENT_PREFIX_PATH': '/home/delphine/rm/tensorrt10_detect/install/tensorrt_detect:/home/delphine/rm/tensorrt10_detect/install/tensorrt_detect_msgs:/opt/ros/jazzy', 'SNAP_COOKIE': '4hthZVkfk3FmjmWELQ5WWj5SvvO2JkVAfH3laZGolRSGZZBDstYm', 'CONDA_PYTHON_EXE': '/home/delphine/miniconda3/bin/python', 'SHELL': '/bin/bash', 'GDK_PIXBUF_MODULEDIR': '/snap/code/235/usr/lib/x86_64-linux-gnu/gdk-pixbuf-2.0/2.10.0/loaders', 'GIT_TERMINAL_PROMPT': '0', 'QT_ACCESSIBILITY': '1', 'ELECTRON_RUN_AS_NODE': '1', 'GDMSESSION': 'ubuntu', 'LESSCLOSE': '/usr/bin/lesspipe %s %s', 'CONDA_DEFAULT_ENV': 'base', 'SNAP_NAME': 'code', 'FONTCONFIG_FILE': '/etc/fonts/fonts.conf', 'GDK_PIXBUF_MODULE_FILE': '/home/delphine/snap/code/common/.cache/gdk-pixbuf-loaders.cache', 'GPG_AGENT_INFO': '/run/user/1000/gnupg/S.gpg-agent:0:1', 'GJS_DEBUG_OUTPUT': 'stderr', '_CONDA_EXE': '/home/delphine/miniconda3/bin/conda', 'ROS_AUTOMATIC_DISCOVERY_RANGE': 'SUBNET', 'SNAP_LAUNCHER_ARCH_TRIPLET': 'x86_64-linux-gnu', 'QT_IM_MODULE': 'fcitx', 'PWD': '/home/delphine/rm/tensorrt10_detect/build/tensorrt_detect', 'VSCODE_CLI': '1', 'XDG_CONFIG_DIRS': '/etc/xdg/xdg-ubuntu:/etc/xdg', 'CONDA_EXE': '/home/delphine/miniconda3/bin/conda', 'SNAP_REAL_HOME': '/home/delphine', 'VSCODE_CODE_CACHE_PATH': '/home/delphine/.config/Code/CachedData/10c8e557c8b9f9ed0a87f61f1c9a44bde731c409', 'CLUTTER_IM_MODULE': 'fcitx', 'XDG_DATA_DIRS': '/home/delphine/snap/code/235/.local/share:/home/delphine/snap/code/235:/snap/code/235/usr/share:/usr/share/ubuntu:/usr/share/gnome:/usr/local/share/:/usr/share/:/var/lib/snapd/desktop', 'SNAP_EUID': '1000', 'PYTHONPATH': '/home/delphine/rm/tensorrt10_detect/install/tensorrt_detect_msgs/lib/python3.13/site-packages:/home/delphine/rm/tensorrt10_detect/install/tensorrt_detect_msgs/lib/python3.12/site-packages:/opt/ros/jazzy/lib/python3.12/site-packages', 'SNAP': '/snap/code/235', 'CONDA_PREFIX': '/home/delphine/miniconda3', 'COLCON': '1', 'MEMORY_PRESSURE_WRITE': 'c29tZSAyMDAwMDAgMjAwMDAwMAA=', 'ELECTRON_NO_ATTACH_CONSOLE': '1', 'CMAKE_PREFIX_PATH': '/home/delphine/rm/tensorrt10_detect/install/tensorrt_detect_msgs:/home/delphine/rm/tensorrt10_detect/install/tensorrt_detect:/opt/ros/jazzy/opt/gz_math_vendor:/opt/ros/jazzy/opt/gz_utils_vendor:/opt/ros/jazzy/opt/gz_cmake_vendor:/opt/ros/jazzy', 'VSCODE_PID': '6512', 'MVCAM_COMMON_RUNENV': '/opt/MVS/lib', 'COPILOT_OTEL_EXPORTER_TYPE': 'file'}), 'shell': False}
[0.029486] (tensorrt_detect) StdoutLine: {'line': b'-- Found ament_cmake: 2.5.6 (/opt/ros/jazzy/share/ament_cmake/cmake)\n'}
[0.099610] (-) TimerEvent: {}
[0.162885] (tensorrt_detect) StdoutLine: {'line': b'-- Override CMake install command with custom implementation using symlinks instead of copying resources\n'}
[0.168949] (tensorrt_detect) StdoutLine: {'line': b'-- Found rclcpp: 28.1.18 (/opt/ros/jazzy/share/rclcpp/cmake)\n'}
[0.187338] (tensorrt_detect) StdoutLine: {'line': b'-- Found rosidl_generator_c: 4.6.7 (/opt/ros/jazzy/share/rosidl_generator_c/cmake)\n'}
[0.192833] (tensorrt_detect) StdoutLine: {'line': b'-- Found rosidl_generator_cpp: 4.6.7 (/opt/ros/jazzy/share/rosidl_generator_cpp/cmake)\n'}
[0.199631] (tensorrt_detect) StdoutLine: {'line': b'-- Using all available rosidl_typesupport_c: rosidl_typesupport_fastrtps_c;rosidl_typesupport_introspection_c\n'}
[0.199713] (-) TimerEvent: {}
[0.207873] (tensorrt_detect) StdoutLine: {'line': b'-- Using all available rosidl_typesupport_cpp: rosidl_typesupport_fastrtps_cpp;rosidl_typesupport_introspection_cpp\n'}
[0.247420] (tensorrt_detect) StdoutLine: {'line': b'-- Found rmw_implementation_cmake: 7.3.3 (/opt/ros/jazzy/share/rmw_implementation_cmake/cmake)\n'}
[0.248415] (tensorrt_detect) StdoutLine: {'line': b'-- Found rmw_fastrtps_cpp: 8.4.3 (/opt/ros/jazzy/share/rmw_fastrtps_cpp/cmake)\n'}
[0.295602] (tensorrt_detect) StdoutLine: {'line': b"-- Using RMW implementation 'rmw_fastrtps_cpp' as default\n"}
[0.299791] (-) TimerEvent: {}
[0.343001] (tensorrt_detect) StdoutLine: {'line': b'-- Found sensor_msgs: 5.3.7 (/opt/ros/jazzy/share/sensor_msgs/cmake)\n'}
[0.385855] (tensorrt_detect) StdoutLine: {'line': b'-- Found cv_bridge: 4.1.0 (/opt/ros/jazzy/share/cv_bridge/cmake)\n'}
[0.394078] (tensorrt_detect) StdoutLine: {'line': b'-- Found std_srvs: 5.3.7 (/opt/ros/jazzy/share/std_srvs/cmake)\n'}
[0.400033] (-) TimerEvent: {}
[0.405970] (tensorrt_detect) StdoutLine: {'line': b'-- Found tensorrt_detect_msgs: 0.0.1 (/home/delphine/rm/tensorrt10_detect/install/tensorrt_detect_msgs/share/tensorrt_detect_msgs/cmake)\n'}
[0.463662] (tensorrt_detect) StderrLine: {'line': b'CMake Deprecation Warning at /home/delphine/open3d-devel-linux-x86_64-cxx11-abi-cuda-0.19.0/lib/cmake/Open3D/Open3DConfig.cmake:18 (cmake_policy):\n'}
[0.463821] (tensorrt_detect) StderrLine: {'line': b'  The OLD behavior for policy CMP0072 will be removed from a future version\n'}
[0.463865] (tensorrt_detect) StderrLine: {'line': b'  of CMake.\n'}
[0.463900] (tensorrt_detect) StderrLine: {'line': b'\n'}
[0.463930] (tensorrt_detect) StderrLine: {'line': b'  The cmake-policies(7) manual explains that the OLD behaviors of all\n'}
[0.463970] (tensorrt_detect) StderrLine: {'line': b'  policies are deprecated and that a policy should be set to OLD only under\n'}
[0.464003] (tensorrt_detect) StderrLine: {'line': b'  specific short-term circumstances.  Projects should be ported to the NEW\n'}
[0.464035] (tensorrt_detect) StderrLine: {'line': b'  behavior and not rely on setting a policy to OLD.\n'}
[0.464066] (tensorrt_detect) StderrLine: {'line': b'Call Stack (most recent call first):\n'}
[0.464098] (tensorrt_detect) StderrLine: {'line': b'  CMakeLists.txt:29 (find_package)\n'}
[0.464138] (tensorrt_detect) StderrLine: {'line': b'\n'}
[0.464173] (tensorrt_detect) StderrLine: {'line': b'\n'}
[0.500224] (-) TimerEvent: {}
[0.550517] (tensorrt_detect) StdoutLine: {'line': b'-- Configuring done (0.5s)\n'}
[0.600427] (-) TimerEvent: {}
[0.608366] (tensorrt_detect) StdoutLine: {'line': b'-- Generating done (0.0s)\n'}
[0.620505] (tensorrt_detect) StdoutLine: {'line': b'-- Build files have been written to: /home/delphine/rm/tensorrt10_detect/build/tensorrt_detect\n'}
[0.667236] (tensorrt_detect) StdoutLine: {'line': b'[ 11%] Built target display_node\n'}
[0.667482] (tensorrt_detect) StdoutLine: {'line': b'[ 11%] Building CXX object CMakeFiles/video_node.dir/src/nodes/video_node.cpp.o\n'}
[0.678381] (tensorrt_detect) StdoutLine: {'line': b'[ 50%] Built target tensorrt_detect_core\n'}
[0.700104] (tensorrt_detect) StdoutLine: {'line': b'[ 57%] Built target standard\n'}
[0.700490] (-) TimerEvent: {}
[0.706484] (tensorrt_detect) StdoutLine: {'line': b'[ 65%] Built target detect_node\n'}
[0.707498] (tensorrt_detect) StdoutLine: {'line': b'[ 80%] Built target qt_display_node\n'}
[0.707609] (tensorrt_detect) StdoutLine: {'line': b'[ 80%] Built target map_node\n'}
[0.710004] (tensorrt_detect) StdoutLine: {'line': b'[ 88%] Built target pose_node\n'}
[0.712709] (tensorrt_detect) StdoutLine: {'line': b'[ 92%] Building CXX object CMakeFiles/calibrate_node.dir/src/nodes/calibrate_node.cpp.o\n'}
[0.800683] (-) TimerEvent: {}
[0.900920] (-) TimerEvent: {}
[1.001122] (-) TimerEvent: {}
[1.101312] (-) TimerEvent: {}
[1.201537] (-) TimerEvent: {}
[1.301774] (-) TimerEvent: {}
[1.401963] (-) TimerEvent: {}
[1.502269] (-) TimerEvent: {}
[1.602525] (-) TimerEvent: {}
[1.702811] (-) TimerEvent: {}
[1.803014] (-) TimerEvent: {}
[1.903217] (-) TimerEvent: {}
[2.003627] (-) TimerEvent: {}
[2.103882] (-) TimerEvent: {}
[2.204221] (-) TimerEvent: {}
[2.304434] (-) TimerEvent: {}
[2.404606] (-) TimerEvent: {}
[2.504861] (-) TimerEvent: {}
[2.605115] (-) TimerEvent: {}
[2.705432] (-) TimerEvent: {}
[2.805603] (-) TimerEvent: {}
[2.905898] (-) TimerEvent: {}
[3.006154] (-) TimerEvent: {}
[3.106410] (-) TimerEvent: {}
[3.206675] (-) TimerEvent: {}
[3.306844] (-) TimerEvent: {}
[3.407027] (-) TimerEvent: {}
[3.426941] (tensorrt_detect) StderrLine: {'line': b'/home/delphine/rm/tensorrt10_detect/src/tensorrt_detect/src/nodes/calibrate_node.cpp: In member function \xe2\x80\x98bool CalibrateNode::callVideoPause(bool)\xe2\x80\x99:\n'}
[3.427086] (tensorrt_detect) StderrLine: {'line': b'/home/delphine/rm/tensorrt10_detect/src/tensorrt_detect/src/nodes/calibrate_node.cpp:328:58: error: \xe2\x80\x98SetBool\xe2\x80\x99 is not a member of \xe2\x80\x98std_srvs::srv\xe2\x80\x99\n'}
[3.427136] (tensorrt_detect) StderrLine: {'line': b'  328 |         auto client = this->create_client<std_srvs::srv::SetBool>("/video_node/set_pause");\n'}
[3.427176] (tensorrt_detect) StderrLine: {'line': b'      |                                                          ^~~~~~~\n'}
[3.427212] (tensorrt_detect) StderrLine: {'line': b'/home/delphine/rm/tensorrt10_detect/src/tensorrt_detect/src/nodes/calibrate_node.cpp:328:66: error: no matching function for call to \xe2\x80\x98CalibrateNode::create_client<<expression error> >(const char [22])\xe2\x80\x99\n'}
[3.427255] (tensorrt_detect) StderrLine: {'line': b'  328 |         auto client = this->create_client<std_srvs::srv::SetBool>("/video_node/set_pause");\n'}
[3.427291] (tensorrt_detect) StderrLine: {'line': b'      |                       ~~~~~~~~~~~~~~~~~~~~~~~~~~~~~~~~~~~~~~~~~~~^~~~~~~~~~~~~~~~~~~~~~~~~\n'}
[3.427333] (tensorrt_detect) StderrLine: {'line': b'In file included from /opt/ros/jazzy/include/rclcpp/rclcpp/executors/single_threaded_executor.hpp:28,\n'}
[3.427371] (tensorrt_detect) StderrLine: {'line': b'                 from /opt/ros/jazzy/include/rclcpp/rclcpp/executors.hpp:22,\n'}
[3.427410] (tensorrt_detect) StderrLine: {'line': b'                 from /opt/ros/jazzy/include/rclcpp/rclcpp/rclcpp.hpp:172,\n'}
[3.427444] (tensorrt_detect) StderrLine: {'line': b'                 from /home/delphine/rm/tensorrt10_detect/src/tensorrt_detect/src/nodes/calibrate_node.cpp:1:\n'}
[3.427478] (tensorrt_detect) StderrLine: {'line': b'/opt/ros/jazzy/include/rclcpp/rclcpp/node.hpp:271:3: note: candidate: \xe2\x80\x98template<class ServiceT> typename rclcpp::Client<ServiceT>::SharedPtr rclcpp::Node::create_client(const std::string&, const rmw_qos_profile_t&, rclcpp::CallbackGroup::SharedPtr)\xe2\x80\x99\n'}
[3.427515] (tensorrt_detect) StderrLine: {'line': b'  271 |   create_client(\n'}
[3.427550] (tensorrt_detect) StderrLine: {'line': b'      |   ^~~~~~~~~~~~~\n'}
[3.454621] (tensorrt_detect) StderrLine: {'line': b'/opt/ros/jazzy/include/rclcpp/rclcpp/node.hpp:271:3: note:   candidate expects 2 arguments, 1 provided\n'}
[3.454802] (tensorrt_detect) StderrLine: {'line': b'/opt/ros/jazzy/include/rclcpp/rclcpp/node.hpp:285:3: note: candidate: \xe2\x80\x98template<class ServiceT> typename rclcpp::Client<ServiceT>::SharedPtr rclcpp::Node::create_client(const std::string&, const rclcpp::QoS&, rclcpp::CallbackGroup::SharedPtr)\xe2\x80\x99\n'}
[3.454860] (tensorrt_detect) StderrLine: {'line': b'  285 |   create_client(\n'}
[3.454901] (tensorrt_detect) StderrLine: {'line': b'      |   ^~~~~~~~~~~~~\n'}
[3.454940] (tensorrt_detect) StderrLine: {'line': b'/opt/ros/jazzy/include/rclcpp/rclcpp/node.hpp:285:3: note:   template argument deduction/substitution failed:\n'}
[3.454978] (tensorrt_detect) StderrLine: {'line': b'/home/delphine/rm/tensorrt10_detect/src/tensorrt_detect/src/nodes/calibrate_node.cpp:328:66: error: template argument 1 is invalid\n'}
[3.455015] (tensorrt_detect) StderrLine: {'line': b'  328 |         auto client = this->create_client<std_srvs::srv::SetBool>("/video_node/set_pause");\n'}
[3.455051] (tensorrt_detect) StderrLine: {'line': b'      |                       ~~~~~~~~~~~~~~~~~~~~~~~~~~~~~~~~~~~~~~~~~~~^~~~~~~~~~~~~~~~~~~~~~~~~\n'}
[3.456133] (tensorrt_detect) StderrLine: {'line': b'/home/delphine/rm/tensorrt10_detect/src/tensorrt_detect/src/nodes/calibrate_node.cpp:335:56: error: \xe2\x80\x98SetBool\xe2\x80\x99 is not a member of \xe2\x80\x98std_srvs::srv\xe2\x80\x99\n'}
[3.456249] (tensorrt_detect) StderrLine: {'line': b'  335 |         auto request = std::make_shared<std_srvs::srv::SetBool::Request>();\n'}
[3.456298] (tensorrt_detect) StderrLine: {'line': b'      |                                                        ^~~~~~~\n'}
[3.456340] (tensorrt_detect) StderrLine: {'line': b'/home/delphine/rm/tensorrt10_detect/src/tensorrt_detect/src/nodes/calibrate_node.cpp:335:29: error: parse error in template argument list\n'}
[3.456381] (tensorrt_detect) StderrLine: {'line': b'  335 |         auto request = std::make_shared<std_srvs::srv::SetBool::Request>();\n'}
[3.456422] (tensorrt_detect) StderrLine: {'line': b'      |                             ^~~~~~~~~~~~~~~~~~~~~~~~~~~~~~~~~~~~~~~~~~~~\n'}
[3.456462] (tensorrt_detect) StderrLine: {'line': b'/home/delphine/rm/tensorrt10_detect/src/tensorrt_detect/src/nodes/calibrate_node.cpp:335:73: error: no matching function for call to \xe2\x80\x98make_shared<<expression error> >()\xe2\x80\x99\n'}
[3.456501] (tensorrt_detect) StderrLine: {'line': b'  335 |         auto request = std::make_shared<std_srvs::srv::SetBool::Request>();\n'}
[3.456545] (tensorrt_detect) StderrLine: {'line': b'      |                        ~~~~~~~~~~~~~~~~~~~~~~~~~~~~~~~~~~~~~~~~~~~~~~~~~^~\n'}
[3.456581] (tensorrt_detect) StderrLine: {'line': b'In file included from /usr/include/c++/13/memory:80,\n'}
[3.456616] (tensorrt_detect) StderrLine: {'line': b'                 from /opt/ros/jazzy/include/rclcpp/rclcpp/rclcpp.hpp:169:\n'}
[3.456655] (tensorrt_detect) StderrLine: {'line': b'/usr/include/c++/13/bits/shared_ptr.h:1005:5: note: candidate: \xe2\x80\x98template<class _Tp, class ... _Args> std::shared_ptr<typename std::enable_if<(! std::is_array< <template-parameter-1-1> >::value), _Tp>::type> std::make_shared(_Args&& ...)\xe2\x80\x99\n'}
[3.456696] (tensorrt_detect) StderrLine: {'line': b' 1005 |     make_shared(_Args&&... __args)\n'}
[3.456738] (tensorrt_detect) StderrLine: {'line': b'      |     ^~~~~~~~~~~\n'}
[3.456771] (tensorrt_detect) StderrLine: {'line': b'/usr/include/c++/13/bits/shared_ptr.h:1005:5: note:   template argument deduction/substitution failed:\n'}
[3.456805] (tensorrt_detect) StderrLine: {'line': b'/home/delphine/rm/tensorrt10_detect/src/tensorrt_detect/src/nodes/calibrate_node.cpp:335:73: error: template argument 1 is invalid\n'}
[3.456842] (tensorrt_detect) StderrLine: {'line': b'  335 |         auto request = std::make_shared<std_srvs::srv::SetBool::Request>();\n'}
[3.456878] (tensorrt_detect) StderrLine: {'line': b'      |                        ~~~~~~~~~~~~~~~~~~~~~~~~~~~~~~~~~~~~~~~~~~~~~~~~~^~\n'}
[3.507202] (-) TimerEvent: {}
[3.607555] (-) TimerEvent: {}
[3.707816] (-) TimerEvent: {}
[3.808032] (-) TimerEvent: {}
[3.908301] (-) TimerEvent: {}
[4.008586] (-) TimerEvent: {}
[4.108771] (-) TimerEvent: {}
[4.209046] (-) TimerEvent: {}
[4.309314] (-) TimerEvent: {}
[4.409495] (-) TimerEvent: {}
[4.509764] (-) TimerEvent: {}
[4.609962] (-) TimerEvent: {}
[4.710172] (-) TimerEvent: {}
[4.810463] (-) TimerEvent: {}
[4.910624] (-) TimerEvent: {}
[5.005783] (tensorrt_detect) StderrLine: {'line': b'/home/delphine/rm/tensorrt10_detect/src/tensorrt_detect/src/nodes/calibrate_node.cpp:353:5: warning: control reaches end of non-void function [-Wreturn-type]\n'}
[5.005933] (tensorrt_detect) StderrLine: {'line': b'  353 |     }\n'}
[5.005979] (tensorrt_detect) StderrLine: {'line': b'      |     ^\n'}
[5.010716] (-) TimerEvent: {}
[5.110865] (-) TimerEvent: {}
[5.179548] (tensorrt_detect) StderrLine: {'line': b'gmake[2]: *** [CMakeFiles/calibrate_node.dir/build.make:76: CMakeFiles/calibrate_node.dir/src/nodes/calibrate_node.cpp.o] Error 1\n'}
[5.179812] (tensorrt_detect) StderrLine: {'line': b'gmake[1]: *** [CMakeFiles/Makefile2:335: CMakeFiles/calibrate_node.dir/all] Error 2\n'}
[5.179858] (tensorrt_detect) StderrLine: {'line': b'gmake[1]: *** Waiting for unfinished jobs....\n'}
[5.211039] (-) TimerEvent: {}
[5.311301] (-) TimerEvent: {}
[5.411455] (-) TimerEvent: {}
[5.511696] (-) TimerEvent: {}
[5.611856] (-) TimerEvent: {}
[5.712046] (-) TimerEvent: {}
[5.812244] (-) TimerEvent: {}
[5.912424] (-) TimerEvent: {}
[6.012772] (-) TimerEvent: {}
[6.112997] (-) TimerEvent: {}
[6.213198] (-) TimerEvent: {}
[6.313373] (-) TimerEvent: {}
[6.413520] (-) TimerEvent: {}
[6.513721] (-) TimerEvent: {}
[6.613915] (-) TimerEvent: {}
[6.714085] (-) TimerEvent: {}
[6.814417] (-) TimerEvent: {}
[6.914579] (-) TimerEvent: {}
[7.014747] (-) TimerEvent: {}
[7.114894] (-) TimerEvent: {}
[7.215128] (-) TimerEvent: {}
[7.315370] (-) TimerEvent: {}
[7.415523] (-) TimerEvent: {}
[7.515697] (-) TimerEvent: {}
[7.615880] (-) TimerEvent: {}
[7.716020] (-) TimerEvent: {}
[7.816167] (-) TimerEvent: {}
[7.916340] (-) TimerEvent: {}
[8.016615] (-) TimerEvent: {}
[8.116837] (-) TimerEvent: {}
[8.217070] (-) TimerEvent: {}
[8.317244] (-) TimerEvent: {}
[8.417417] (-) TimerEvent: {}
[8.517574] (-) TimerEvent: {}
[8.617824] (-) TimerEvent: {}
[8.718062] (-) TimerEvent: {}
[8.818224] (-) TimerEvent: {}
[8.918412] (-) TimerEvent: {}
[9.018640] (-) TimerEvent: {}
[9.118823] (-) TimerEvent: {}
[9.218984] (-) TimerEvent: {}
[9.319205] (-) TimerEvent: {}
[9.419468] (-) TimerEvent: {}
[9.519687] (-) TimerEvent: {}
[9.619971] (-) TimerEvent: {}
[9.694044] (tensorrt_detect) StdoutLine: {'line': b'[ 96%] Linking CXX executable video_node\n'}
[9.720056] (-) TimerEvent: {}
[9.820266] (-) TimerEvent: {}
[9.920477] (-) TimerEvent: {}
[10.020684] (-) TimerEvent: {}
[10.120925] (-) TimerEvent: {}
[10.164851] (tensorrt_detect) StdoutLine: {'line': b'[ 96%] Built target video_node\n'}
[10.165918] (tensorrt_detect) StderrLine: {'line': b'gmake: *** [Makefile:146: all] Error 2\n'}
[10.167727] (tensorrt_detect) CommandEnded: {'returncode': 2}
[10.174381] (tensorrt_detect) JobEnded: {'identifier': 'tensorrt_detect', 'rc': 2}
[10.184790] (-) EventReactorShutdown: {}
