[0.006s] Invoking command in '/home/delphine/rm/tensorrt10_detect/build/tensorrt_detect': CMAKE_PREFIX_PATH=/home/delphine/rm/tensorrt10_detect/install/tensorrt_detect_msgs:/home/delphine/rm/tensorrt10_detect/install/tensorrt_detect:/opt/ros/jazzy/opt/gz_math_vendor:/opt/ros/jazzy/opt/gz_utils_vendor:/opt/ros/jazzy/opt/gz_cmake_vendor:/opt/ros/jazzy DEBUGINFOD_URLS=https://debuginfod.ubuntu.com LD_LIBRARY_PATH=/home/delphine/rm/tensorrt10_detect/install/tensorrt_detect_msgs/lib:/opt/ros/jazzy/opt/rviz_ogre_vendor/lib:/opt/ros/jazzy/lib/x86_64-linux-gnu:/opt/ros/jazzy/opt/gz_math_vendor/lib:/opt/ros/jazzy/opt/gz_utils_vendor/lib:/opt/ros/jazzy/opt/gz_cmake_vendor/lib:/opt/ros/jazzy/lib:/opt/MVS/lib/64:/opt/MVS/lib/32:/opt/TensorRT/TensorRT-10.2.0.19/lib:/opt/TensorRT/TensorRT-10.2.0/lib:/usr/local/cuda-12.6/lib64:/opt/MVS/lib/64:/opt/MVS/lib/32:/opt/MVS/lib/64:/opt/MVS/lib/32 /usr/bin/cmake /home/delphine/rm/tensorrt10_detect/src/tensorrt_detect -DCMAKE_INSTALL_PREFIX=/home/delphine/rm/tensorrt10_detect/install/tensorrt_detect
[0.017s] -- Found ament_cmake: 2.5.6 (/opt/ros/jazzy/share/ament_cmake/cmake)
[0.147s] -- Override CMake install command with custom implementation using symlinks instead of copying resources
[0.152s] -- Found rclcpp: 28.1.18 (/opt/ros/jazzy/share/rclcpp/cmake)
[0.171s] -- Found rosidl_generator_c: 4.6.7 (/opt/ros/jazzy/share/rosidl_generator_c/cmake)
[0.176s] -- Found rosidl_generator_cpp: 4.6.7 (/opt/ros/jazzy/share/rosidl_generator_cpp/cmake)
[0.183s] -- Using all available rosidl_typesupport_c: rosidl_typesupport_fastrtps_c;rosidl_typesupport_introspection_c
[0.190s] -- Using all available rosidl_typesupport_cpp: rosidl_typesupport_fastrtps_cpp;rosidl_typesupport_introspection_cpp
[0.235s] -- Found rmw_implementation_cmake: 7.3.3 (/opt/ros/jazzy/share/rmw_implementation_cmake/cmake)
[0.237s] -- Found rmw_fastrtps_cpp: 8.4.3 (/opt/ros/jazzy/share/rmw_fastrtps_cpp/cmake)
[0.286s] -- Using RMW implementation 'rmw_fastrtps_cpp' as default
[0.333s] -- Found sensor_msgs: 5.3.7 (/opt/ros/jazzy/share/sensor_msgs/cmake)
[0.370s] -- Found cv_bridge: 4.1.0 (/opt/ros/jazzy/share/cv_bridge/cmake)
[0.378s] -- Found tensorrt_detect_msgs: 0.0.1 (/home/delphine/rm/tensorrt10_detect/install/tensorrt_detect_msgs/share/tensorrt_detect_msgs/cmake)
[0.432s] [0mCMake Deprecation Warning at /home/delphine/open3d-devel-linux-x86_64-cxx11-abi-cuda-0.19.0/lib/cmake/Open3D/Open3DConfig.cmake:18 (cmake_policy):
[0.432s]   The OLD behavior for policy CMP0072 will be removed from a future version
[0.432s]   of CMake.
[0.432s] 
[0.432s]   The cmake-policies(7) manual explains that the OLD behaviors of all
[0.432s]   policies are deprecated and that a policy should be set to OLD only under
[0.432s]   specific short-term circumstances.  Projects should be ported to the NEW
[0.432s]   behavior and not rely on setting a policy to OLD.
[0.432s] Call Stack (most recent call first):
[0.432s]   CMakeLists.txt:28 (find_package)
[0.432s] 
[0.432s] [0m
[0.496s] -- Configuring done (0.5s)
[0.531s] -- Generating done (0.0s)
[0.538s] -- Build files have been written to: /home/delphine/rm/tensorrt10_detect/build/tensorrt_detect
[0.545s] Invoked command in '/home/delphine/rm/tensorrt10_detect/build/tensorrt_detect' returned '0': CMAKE_PREFIX_PATH=/home/delphine/rm/tensorrt10_detect/install/tensorrt_detect_msgs:/home/delphine/rm/tensorrt10_detect/install/tensorrt_detect:/opt/ros/jazzy/opt/gz_math_vendor:/opt/ros/jazzy/opt/gz_utils_vendor:/opt/ros/jazzy/opt/gz_cmake_vendor:/opt/ros/jazzy DEBUGINFOD_URLS=https://debuginfod.ubuntu.com LD_LIBRARY_PATH=/home/delphine/rm/tensorrt10_detect/install/tensorrt_detect_msgs/lib:/opt/ros/jazzy/opt/rviz_ogre_vendor/lib:/opt/ros/jazzy/lib/x86_64-linux-gnu:/opt/ros/jazzy/opt/gz_math_vendor/lib:/opt/ros/jazzy/opt/gz_utils_vendor/lib:/opt/ros/jazzy/opt/gz_cmake_vendor/lib:/opt/ros/jazzy/lib:/opt/MVS/lib/64:/opt/MVS/lib/32:/opt/TensorRT/TensorRT-10.2.0.19/lib:/opt/TensorRT/TensorRT-10.2.0/lib:/usr/local/cuda-12.6/lib64:/opt/MVS/lib/64:/opt/MVS/lib/32:/opt/MVS/lib/64:/opt/MVS/lib/32 /usr/bin/cmake /home/delphine/rm/tensorrt10_detect/src/tensorrt_detect -DCMAKE_INSTALL_PREFIX=/home/delphine/rm/tensorrt10_detect/install/tensorrt_detect
[0.546s] Invoking command in '/home/delphine/rm/tensorrt10_detect/build/tensorrt_detect': CMAKE_PREFIX_PATH=/home/delphine/rm/tensorrt10_detect/install/tensorrt_detect_msgs:/home/delphine/rm/tensorrt10_detect/install/tensorrt_detect:/opt/ros/jazzy/opt/gz_math_vendor:/opt/ros/jazzy/opt/gz_utils_vendor:/opt/ros/jazzy/opt/gz_cmake_vendor:/opt/ros/jazzy DEBUGINFOD_URLS=https://debuginfod.ubuntu.com LD_LIBRARY_PATH=/home/delphine/rm/tensorrt10_detect/install/tensorrt_detect_msgs/lib:/opt/ros/jazzy/opt/rviz_ogre_vendor/lib:/opt/ros/jazzy/lib/x86_64-linux-gnu:/opt/ros/jazzy/opt/gz_math_vendor/lib:/opt/ros/jazzy/opt/gz_utils_vendor/lib:/opt/ros/jazzy/opt/gz_cmake_vendor/lib:/opt/ros/jazzy/lib:/opt/MVS/lib/64:/opt/MVS/lib/32:/opt/TensorRT/TensorRT-10.2.0.19/lib:/opt/TensorRT/TensorRT-10.2.0/lib:/usr/local/cuda-12.6/lib64:/opt/MVS/lib/64:/opt/MVS/lib/32:/opt/MVS/lib/64:/opt/MVS/lib/32 /usr/bin/cmake --build /home/delphine/rm/tensorrt10_detect/build/tensorrt_detect -- -j20 -l20
[0.583s] [  9%] Built target display_node
[0.588s] [ 18%] Built target video_node
[0.597s] [ 63%] Built target tensorrt_detect_core
[0.615s] [ 72%] Built target standard
[0.618s] [ 77%] [32mBuilding CXX object CMakeFiles/detect_node.dir/src/nodes/detect_node.cpp.o[0m
[0.619s] [ 86%] Built target map_node
[0.621s] [ 95%] Built target pose_node
[2.740s] [01m[K/home/delphine/rm/tensorrt10_detect/src/tensorrt_detect/src/nodes/detect_node.cpp:[m[K In constructor ‘[01m[KDetectNode::[01;32m[KDetectNode[m[K()[m[K’:
[2.741s] [01m[K/home/delphine/rm/tensorrt10_detect/src/tensorrt_detect/src/nodes/detect_node.cpp:33:43:[m[K [01;31m[Kerror: [m[Kno matching function for call to ‘[01m[Kmax(int, int64_t)[m[K’
[2.741s]    33 |         debug_output_max_width_ = [01;31m[Kstd::max(1, this->get_parameter("debug_output_max_width").as_int())[m[K;
[2.741s]       |                                   [01;31m[K~~~~~~~~^~~~~~~~~~~~~~~~~~~~~~~~~~~~~~~~~~~~~~~~~~~~~~~~~~~~~~~~~~~[m[K
[2.741s] In file included from [01m[K/usr/include/c++/13/bits/stl_uninitialized.h:63[m[K,
[2.741s]                  from [01m[K/usr/include/c++/13/memory:69[m[K,
[2.741s]                  from [01m[K/opt/ros/jazzy/include/rclcpp/rclcpp/rclcpp.hpp:169[m[K,
[2.741s]                  from [01m[K/home/delphine/rm/tensorrt10_detect/src/tensorrt_detect/src/nodes/detect_node.cpp:1[m[K:
[2.741s] [01m[K/usr/include/c++/13/bits/stl_algobase.h:257:5:[m[K [01;36m[Knote: [m[Kcandidate: ‘[01m[Ktemplate<class _Tp> constexpr const _Tp& std::[01;32m[Kmax[m[K(const _Tp&, const _Tp&)[m[K’
[2.741s]   257 |     [01;36m[Kmax[m[K(const _Tp& __a, const _Tp& __b)
[2.741s]       |     [01;36m[K^~~[m[K
[2.741s] [01m[K/usr/include/c++/13/bits/stl_algobase.h:257:5:[m[K [01;36m[Knote: [m[K  template argument deduction/substitution failed:
[2.745s] [01m[K/home/delphine/rm/tensorrt10_detect/src/tensorrt_detect/src/nodes/detect_node.cpp:33:43:[m[K [01;36m[Knote: [m[K  deduced conflicting types for parameter ‘[01m[Kconst _Tp[m[K’ (‘[01m[Kint[m[K’ and ‘[01m[Kint64_t[m[K’ {aka ‘[01m[Klong int[m[K’})
[2.745s]    33 |         debug_output_max_width_ = [01;36m[Kstd::max(1, this->get_parameter("debug_output_max_width").as_int())[m[K;
[2.745s]       |                                   [01;36m[K~~~~~~~~^~~~~~~~~~~~~~~~~~~~~~~~~~~~~~~~~~~~~~~~~~~~~~~~~~~~~~~~~~~[m[K
[2.745s] [01m[K/usr/include/c++/13/bits/stl_algobase.h:303:5:[m[K [01;36m[Knote: [m[Kcandidate: ‘[01m[Ktemplate<class _Tp, class _Compare> constexpr const _Tp& std::[01;32m[Kmax[m[K(const _Tp&, const _Tp&, _Compare)[m[K’
[2.745s]   303 |     [01;36m[Kmax[m[K(const _Tp& __a, const _Tp& __b, _Compare __comp)
[2.745s]       |     [01;36m[K^~~[m[K
[2.745s] [01m[K/usr/include/c++/13/bits/stl_algobase.h:303:5:[m[K [01;36m[Knote: [m[K  template argument deduction/substitution failed:
[2.745s] [01m[K/home/delphine/rm/tensorrt10_detect/src/tensorrt_detect/src/nodes/detect_node.cpp:33:43:[m[K [01;36m[Knote: [m[K  deduced conflicting types for parameter ‘[01m[Kconst _Tp[m[K’ (‘[01m[Kint[m[K’ and ‘[01m[Kint64_t[m[K’ {aka ‘[01m[Klong int[m[K’})
[2.745s]    33 |         debug_output_max_width_ = [01;36m[Kstd::max(1, this->get_parameter("debug_output_max_width").as_int())[m[K;
[2.745s]       |                                   [01;36m[K~~~~~~~~^~~~~~~~~~~~~~~~~~~~~~~~~~~~~~~~~~~~~~~~~~~~~~~~~~~~~~~~~~~[m[K
[2.745s] In file included from [01m[K/usr/include/c++/13/algorithm:61[m[K,
[2.745s]                  from [01m[K/opt/ros/jazzy/include/rcl_interfaces/rcl_interfaces/srv/detail/list_parameters__struct.hpp:11[m[K,
[2.746s]                  from [01m[K/opt/ros/jazzy/include/rcl_interfaces/rcl_interfaces/srv/list_parameters.hpp:7[m[K,
[2.746s]                  from [01m[K/opt/ros/jazzy/include/rclcpp/rclcpp/copy_all_parameter_values.hpp:21[m[K,
[2.746s]                  from [01m[K/opt/ros/jazzy/include/rclcpp/rclcpp/rclcpp.hpp:171[m[K:
[2.746s] [01m[K/usr/include/c++/13/bits/stl_algo.h:5795:5:[m[K [01;36m[Knote: [m[Kcandidate: ‘[01m[Ktemplate<class _Tp> constexpr _Tp std::[01;32m[Kmax[m[K(initializer_list<_Tp>)[m[K’
[2.746s]  5795 |     [01;36m[Kmax[m[K(initializer_list<_Tp> __l)
[2.746s]       |     [01;36m[K^~~[m[K
[2.746s] [01m[K/usr/include/c++/13/bits/stl_algo.h:5795:5:[m[K [01;36m[Knote: [m[K  template argument deduction/substitution failed:
[2.746s] [01m[K/home/delphine/rm/tensorrt10_detect/src/tensorrt_detect/src/nodes/detect_node.cpp:33:43:[m[K [01;36m[Knote: [m[K  mismatched types ‘[01m[Kstd::initializer_list<_Tp>[m[K’ and ‘[01m[Kint[m[K’
[2.746s]    33 |         debug_output_max_width_ = [01;36m[Kstd::max(1, this->get_parameter("debug_output_max_width").as_int())[m[K;
[2.746s]       |                                   [01;36m[K~~~~~~~~^~~~~~~~~~~~~~~~~~~~~~~~~~~~~~~~~~~~~~~~~~~~~~~~~~~~~~~~~~~[m[K
[2.746s] [01m[K/usr/include/c++/13/bits/stl_algo.h:5805:5:[m[K [01;36m[Knote: [m[Kcandidate: ‘[01m[Ktemplate<class _Tp, class _Compare> constexpr _Tp std::[01;32m[Kmax[m[K(initializer_list<_Tp>, _Compare)[m[K’
[2.746s]  5805 |     [01;36m[Kmax[m[K(initializer_list<_Tp> __l, _Compare __comp)
[2.746s]       |     [01;36m[K^~~[m[K
[2.746s] [01m[K/usr/include/c++/13/bits/stl_algo.h:5805:5:[m[K [01;36m[Knote: [m[K  template argument deduction/substitution failed:
[2.746s] [01m[K/home/delphine/rm/tensorrt10_detect/src/tensorrt_detect/src/nodes/detect_node.cpp:33:43:[m[K [01;36m[Knote: [m[K  mismatched types ‘[01m[Kstd::initializer_list<_Tp>[m[K’ and ‘[01m[Kint[m[K’
[2.746s]    33 |         debug_output_max_width_ = [01;36m[Kstd::max(1, this->get_parameter("debug_output_max_width").as_int())[m[K;
[2.746s]       |                                   [01;36m[K~~~~~~~~^~~~~~~~~~~~~~~~~~~~~~~~~~~~~~~~~~~~~~~~~~~~~~~~~~~~~~~~~~~[m[K
[4.173s] gmake[2]: *** [CMakeFiles/detect_node.dir/build.make:76：CMakeFiles/detect_node.dir/src/nodes/detect_node.cpp.o] 错误 1
[4.173s] gmake[1]: *** [CMakeFiles/Makefile2:201：CMakeFiles/detect_node.dir/all] 错误 2
[4.173s] gmake: *** [Makefile:146：all] 错误 2
[4.175s] Invoked command in '/home/delphine/rm/tensorrt10_detect/build/tensorrt_detect' returned '2': CMAKE_PREFIX_PATH=/home/delphine/rm/tensorrt10_detect/install/tensorrt_detect_msgs:/home/delphine/rm/tensorrt10_detect/install/tensorrt_detect:/opt/ros/jazzy/opt/gz_math_vendor:/opt/ros/jazzy/opt/gz_utils_vendor:/opt/ros/jazzy/opt/gz_cmake_vendor:/opt/ros/jazzy DEBUGINFOD_URLS=https://debuginfod.ubuntu.com LD_LIBRARY_PATH=/home/delphine/rm/tensorrt10_detect/install/tensorrt_detect_msgs/lib:/opt/ros/jazzy/opt/rviz_ogre_vendor/lib:/opt/ros/jazzy/lib/x86_64-linux-gnu:/opt/ros/jazzy/opt/gz_math_vendor/lib:/opt/ros/jazzy/opt/gz_utils_vendor/lib:/opt/ros/jazzy/opt/gz_cmake_vendor/lib:/opt/ros/jazzy/lib:/opt/MVS/lib/64:/opt/MVS/lib/32:/opt/TensorRT/TensorRT-10.2.0.19/lib:/opt/TensorRT/TensorRT-10.2.0/lib:/usr/local/cuda-12.6/lib64:/opt/MVS/lib/64:/opt/MVS/lib/32:/opt/MVS/lib/64:/opt/MVS/lib/32 /usr/bin/cmake --build /home/delphine/rm/tensorrt10_detect/build/tensorrt_detect -- -j20 -l20
